76.0000 0.05 1
202.133
118.933
158.933
0
0
0
0
0
0
0
0
0
0
0
0
0
0
0
0
0
0
0
0
0
0
0
0
0
0
0
0
0
0
0
0
0
0
0
0
0
0
0
0
0
0
0
0
0
0
0
0
0
0
0
0
0
0
0
0
0
0
0
0
0
0
0
0
0
0
0
0
0
0
0
0
0
0
0
0
0
0
0
0
0
0
0
0
0
0
0
0
0
0
0
0
0
0
0
0
0
0
0
0
0
0
0
0
0
0
0
0
0
0
0
0
0
0
0
0
0
0
0
0
0
0
0
0
0
0
0
0
0
0
0
0
0
0
0
0
0
0
0
0
0
0
0
0
0
0
0
0
0
0
0
0
0
0
0
0
0
0
0
0
0
0
0
0
0
0
0
0
0
0
0
0
0
0
0
0
0
0
0
0
0
0
0
0
0
0
0
0
0
0
0
0
0
0
0
0
0
0
0
0
0
0
0
0
0
0
0
0
0
0
0
0
0
0
0
0
0
0
0
0
0
0
0
0
0
0
0
0
0
0
0
0
0
0
0
0
0
0
0
0
0
0
0
0
0
0
0
0
0
0
0
0
0
0
0
0
0
0
0
0
0
0
0
0
0
0
0
0
0
0
0
0
0
0
0
0
0
0
0
0
0
0
0
0
0
0
0
0
0
0
0
0
0
0
0
0
0
0
0
0
0
0
0
0
0
0
0
0
0
0
0
0
0
0
0
0
0
0
0
0
0
0
0
0
0
0
0
0
0
0
0
0
0
0
0
0
0
0
0
0
0
0
0
0
0
0
0
0
0
0
0
0
0
0
0
0
0
0
0
0
0
0
0
0
0
0
0
0
0
0
0
0
0
0
0
0
0
0
0
0
0
0
0
0
0
0
0
0
0
0
0
0
0
0
0
0
0
0
0
0
0
0
0
0
0
0
0
0
0
0
0
0
0
0
0
0
0
0
0
0
0
0
0
0
0
0
0
0
0
0
0
0
0
0
0
0
0
0
0
0
0
0
0
0
0
0
0
0
0
0
0
0
0
0
0
0
0
0
0
0
0
0
0
0
0
0
0
0
0
0
0
0
0
0
0
0
0
0
0
0
0
0
0
0
0
0
0
0
0
0
0
0
0
0
0
0
0
0
0
0
0
0
0
0
0
0
0
0
0
0
0
0
0
0
0
0
0
0
0
0
0
0
0
0
0
0
0
0
0
0
0
0
0
0
0
0
0
0
0
0
0
0
0
0
0
0
0
0
0
0
0
0
0
0
0
0
0
0
0
0
0
0
0
0
0
0
0
0
0
0
0
0
0
0
0
0
0
0
0
0
0
0
0
0
0
0
0
0
0
0
0
0
0
0
0
0
0
0
0
0
0
0
0
0
0
0
0
0
0
0
0
0
0
0
0
0
0
0
0
0
0
0
0
0
0
0
0
0
0
0
0
0
0
0
0
0
0
0
0
0
0
0
0
0
0
0
0
0
0
0
0
0
0
0
0
0
0
0
0
0
0
0
0
0
0
0
0
0
0
0
0
0
0
0
0
0
0
0
0
0
0
0
0
0
0
0
0
0
0
0
0
0
0
0
0
0
0
0
0
0
0
0
0
0
0
0
0
0
0
0
0
0
0
0
0
0
0
0
0
0
0
0
0
0
0
0
0
0
0
0
0
0
0
0
0
0
0
0
0
0
0
0
0
0
0
0
0
0
0
0
0
0
0
0
0
0
0
0
0
0
0
0
0
0
0
0
0
0
0
0
0
0
0
0
0
0
0
0
0
0
0
0
0
0
0
0
0
0
0
0
0
0
0
0
0
0
0
0
0
0
0
0
0
0
0
0
0
0
0
0
0
0
0
0
0
0
0
0
0
0
0
0
0
0
0
0
0
0
0
0
0
0
0
0
0
0
0
0
0
0
0
0
0
0
0
0
0
0
0
0
0
0
0
0
0
0
0
0
0
0
0
0
0
0
0
0
0
0
0
0
0
0
0
0
0
0
0
0
0
0
0
0
0
0
0
0
0
0
0
0
0
0
0
0
0
0
0
0
0
0
0
0
0
0
0
0
0
0
0
0
0
0
0
0
0
0
0
0
0
0
0
0
0
0
0
0
0
0
0
0
0
0
0
0
0
0
0
0
0
0
0
0
0
0
0
0
0
0
0
0
0
0
0
0
0
0
0
0
0
0
0
0
0
0
0
0
0
0
0
0
0
0
0
0
0
0
0
0
0
0
0
0
0
0
0
0
0
0
0
0
0
0
0
0
0
0
0
0
0
0
0
0
0
0
0
0
0
0
0
0
0
0
0
0
0
0
0
0
0
0
0
0
0
0
0
0
0
0
0
0
0
0
0
0
0
0
0
0
0
0
0
0
0
0
0
0
0
0
0
0
0.266667
0
0
0
0
0.533333
1.06667
1.06667
0
1.06667
0
0
0
1.06667
0
0.533333
0
0.533333
2.13333
1.06667
1.06667
0
1.06667
0.533333
1.06667
1.06667
1.6
1.06667
0
1.6
0
1.6
0
0
1.06667
1.6
1.06667
1.6
0
1.6
2.13333
0
1.6
1.6
1.6
0
2.13333
0
0
0
1.6
3.2
0.533333
0
1.06667
4.26667
0.533333
2.13333
1.06667
1.06667
0.533333
0
0.533333
0
2.66667
0
3.2
2.66667
1.06667
0.533333
2.13333
2.13333
1.06667
1.06667
0
1.06667
2.13333
0
6.4
0.533333
0
1.6
2.13333
2.13333
1.6
2.66667
0
2.13333
0
2.66667
3.2
3.2
1.06667
2.13333
0
1.06667
2.13333
0.533333
3.73333
0
3.2
0.533333
2.13333
4.8
3.73333
0
2.13333
2.66667
1.6
1.6
2.13333
1.06667
0
2.4
3.2
5.33333
3.2
2.66667
2.4
3.73333
3.2
2.66667
1.06667
2.66667
0.533333
1.06667
5.33333
1.6
4.8
5.06667
2.66667
1.06667
5.06667
2.66667
3.73333
3.2
4.26667
4.26667
1.6
5.33333
7.46667
2.66667
8
3.73333
5.86667
2.66667
9.06667
5.33333
6.4
2.93333
12.8
7.46667
6.93333
7.73333
5.86667
4.8
5.33333
11.4667
14.9333
8
15.4667
8.53333
17.3333
20.8
22.9333
9.86667
13.8667
13.0667
15.4667
18.1333
10.1333
10.6667
17.0667
9.6
11.2
18.4
19.4667
10.1333
10.4
11.2
11.7333
12.2667
22.9333
11.7333
15.4667
8.53333
21.6
18.1333
17.6
19.4667
23.7333
23.7333
20.5333
21.6
13.3333
13.8667
17.6
5.33333
6.4
5.33333
8
6.4
6.93333
4.8
2.66667
4
4.26667
5.33333
6.13333
5.86667
5.6
3.2
4.26667
5.86667
3.73333
1.6
7.46667
1.86667
4.26667
6.4
1.6
1.6
5.86667
0
1.6
5.86667
4.26667
2.66667
0
1.6
2.66667
4.26667
1.06667
1.06667
2.13333
2.13333
2.13333
0
1.06667
0
1.06667
3.46667
2.13333
3.73333
2.13333
2.4
3.73333
1.6
1.6
1.6
3.73333
4.26667
4.26667
4.26667
2.13333
1.06667
3.73333
3.73333
1.6
3.2
1.06667
2.13333
5.33333
2.66667
3.73333
6.93333
2.13333
4.8
3.2
2.66667
2.93333
1.6
3.73333
1.6
0
3.2
3.2
2.13333
2.66667
2.13333
1.06667
3.2
0
2.66667
2.13333
1.6
3.2
2.13333
6.13333
2.66667
2.66667
1.6
2.66667
6.4
3.2
2.4
0
2.4
2.13333
2.66667
1.06667
6.4
2.66667
3.2
6.13333
0.533333
3.2
2.13333
3.73333
2.13333
3.73333
1.6
6.4
1.06667
2.13333
2.13333
1.06667
3.2
2.13333
4.26667
0.533333
2.66667
1.6
5.33333
5.33333
3.73333
2.66667
1.6
3.73333
1.06667
2.66667
1.6
3.73333
3.2
4.8
4.8
2.13333
4.26667
5.86667
5.33333
1.6
5.86667
3.2
1.6
3.2
0
3.2
6.93333
2.13333
3.73333
4.8
1.06667
2.13333
1.6
6.93333
4.26667
3.73333
1.6
2.66667
2.13333
4.26667
2.13333
3.2
1.6
5.33333
4.8
0
1.6
2.66667
3.2
2.13333
4.26667
3.2
3.73333
2.66667
3.2
4.26667
1.6
1.6
4.8
5.06667
3.2
5.33333
4
5.86667
3.2
1.6
3.46667
1.6
2.13333
3.73333
4
3.2
3.73333
3.2
3.73333
2.66667
2.13333
2.66667
1.06667
1.06667
1.6
1.6
1.6
0
1.06667
4.26667
1.06667
1.06667
1.06667
2.66667
1.06667
0
1.06667
1.06667
0
0.533333
1.33333
0
0
1.06667
1.06667
0.533333
0
0
0.533333
0
0
0
0
0
0
0
0
0
0.533333
0
