38.0000 0.05 1
80
37.9009
115.219
6.88047
0
0
0
0
0
0
0
0
0
0
0
0
0
0
0
0
0
0
0
0
0
0
0
0
0
0
0
0
0
0
0
0
0
0
0
0
0
0
0
0
0
0
0
0
0
0
0
0
0
0
0
0
0
0
0
0
0
0
0
0
0
0
0
0
0
0
0
0
0
0
0
0
0
0
0
0
0
0
0
0
0
0
0
0
0
0
0
0
0
0
0
0
0
0
0
0
0
0
0
0
0
0
0
0
0
0
0
0
0
0
0
0
0
0
0
0
0
0
0
0
0
0
0
0
0
0
0
0
0
0
0
0
0
0
0
0
0
0
0
0
0
0
0
0
0
0
0
0
0
0
0
0
0
0
0
0
0
0
0
0
0
0
0
0
0
0
0
0
0
0
0
0
0
0
0
0
0
0
0
0
0
0
0
0
0
0
0
0
0
0
0
0
0
0
0
0
0
0
0
0
0
0
0
0
0
0
0
0
0
0
0
0
0
0
0
0
0
0
0
0
0
0
0
0
0
0
0
0
0
0
0
0
0
0
0
0
0
0
0
0
0
0
0
0
0
0
0
0
0
0
0
0
0
0
0
0
0
0
0
0
0
0
0
0
0
0
0
0
0
0
0
0
0
0
0
0
0
0
0
0
0
0
0
0
0
0
0
0
0
0
0
0
0
0
0
0
0
0
0
0
0
0
0
0
0
0
0
0
0
0
0
0
0
0
0
0
0
0
0
0
0
0
0
0
0
0
0
0
0
0
0
0
0
0
0
0
0
0
0
0
0
0
0
0
0
0
0
0
0
0
0
0
0
0
0
0
0
0
0
0
0
0
0
0
0
0
0
0
0
0
0
0
0
0
0
0
0
0
0
0
0
0
0
0
0
0
0
0
0
0
0
0
0
0
0
0
0
0
0
0
0
0
0
0
0
0
0
0
0
0
0
0
0
0
0
0
0
0
0
0
0
0
0
0
0
0
0
0
0
0
0
0
0
0
0
0
0
0
0
0
0
0
0
0
0
0
0
0
0
0
0
0
0
0
0
0
0
0
0
0
0
0
0
0
0
0
0
0
0
0
0
0
0
0
0
0
0
0
0
0
0
0
0
0
0
0
0
0
0
0
0
0
0
0
0
0
0
0
0
0
0
0
0
0
0
0
0
0
0
0
0
0
0
0
0
0
0
0
0
0
0
0
0
0
0
0
0
0
0
0
0
0
0
0
0
0
0
0
0
0
0
0
0
0
0
0
0
0
0
0
0
0
0
0
0
0
0
0
0
0
0
0
0
0
0
0
0
0
0
0
0
0
0
0
0
0
0
0
0
0
0
0
0
0
0
0
0
0
0
0
0
0
0
0
0
0
0
0
0
0
0
0
0
0
0
0
0
0
0
0
0
0
0
0
0
0
0
0
0
0
0
0
0
0
0
0
0
0
0
0
0
0
0
0
0
0
0
0
0
0
0
0
0
0
0
0
0
0
0
0
0
0
0
0
0
0
0
0
0
0
0
0
0
0
0
0
0
0
0
0
0
0
0
0
0
0
0
0
0
0
0
0
0
0
0
0
0
0
0
0
0
0
0
0
0
0
0
0
0
0
0
0
0
0
0
0
0
0
0
0
0
0
0
0
0
0
0
0
0
0
0
0
0
0
0
0
0
0
0
0
0
0
0
0
0
0
0
0
0
0
0
0
0
0
0
0
0
0
0
0
0
0
0
0
0
0
0
0
0
0
0
0
0
0
0
0
0
0
0
0
0
0
0
0
0
0
0
0
0
0
0
0
0
0
0
0
0
0
0
0
0
0
0
0
0
0
0
0
0
0
0
0
0
0
0
0
0
0
0
0
0
0
0
0
0
0
0
0
0
0
0
0
0
0
0
0
0
0
0
0
0
0
0
0
0
0
0
0
0
0
0
0
0
0
0
0
0
0
0
0
0
0
0
0
0
0
0
0
0
0
0
0
0
0
0
0
0
0
0
0
0
0
0
0
0
0
0
0
0
0
0
0
0
0
0
0
0
0
0
0
0
0
0
0
0
0
0
0
0
0
0
0
0
0
0
0
0
0
0
0
0
0
0
0
0
0
0
0
0
0
0
0
0
0
0
0
0
0
0
0
0
0
0
0
0
0
0
0
0
0
0
0
0
0
0
0
0
0
0
0
0
0
0
0
0
0
0
0
0
0
0
0
0
0
0
0
0
0
0
0
0
0
0
0
0
0
0
0
0
0
0
0
0
0
0
0
0
0
0
0
0
0
0
0
0
0
0
0
0
0
0
0
0
0
0
0
0
0
0
0
0
0
0
0
0
0
0
0
0
0
0
0
0
0
0
0
0
0
0
0
0
0
0
0
0
0
0
0
0
0
0
0
0
0
0
0
0
0
0
0.116618
0
0
0
0.466472
0
0.233236
0
0
0.466472
0.233236
0
0.466472
0
0.932945
0.233236
0.699708
0.466472
0
0
0
0.233236
0.699708
0.699708
0
0.466472
0.466472
0
0.466472
0.699708
0.233236
0.233236
0.233236
0
0.932945
0.932945
0.699708
0.699708
0.466472
0.699708
0.932945
0
0.233236
0
1.39942
1.16618
0.699708
0.466472
0
0.466472
0
0.932945
0.699708
1.16618
0.699708
0
0
0.233236
0.932945
0.932945
0.932945
0
1.16618
0.699708
0.466472
0.699708
0.466472
0.466472
1.39942
1.16618
0
0.699708
0.699708
1.39942
1.16618
0.932945
0
0.466472
0.932945
0.466472
0.932945
1.16618
1.16618
0.932945
0.932945
0.932945
0.932945
0.466472
0.466472
0.932945
0.233236
1.63265
1.63265
0.932945
0.932945
0
0.932945
1.63265
1.16618
0.932945
0.466472
0.699708
0.233236
2.09913
1.39942
0.466472
1.63265
0.466472
0.699708
0.932945
0.466472
2.33236
0.466472
2.33236
0.932945
0.699708
1.63265
1.39942
0.466472
2.09913
1.98251
0.699708
1.63265
1.16618
4.19825
0
0.466472
1.39942
1.16618
3.26531
3.26531
0.466472
0.932945
1.39942
1.16618
3.26531
0.699708
2.33236
3.26531
1.39942
2.5656
0.699708
0.466472
1.39942
3.49854
3.03207
3.8484
4.43149
4.19825
3.03207
2.33236
2.79883
1.63265
2.79883
5.1312
2.09913
6.53061
3.73178
4.43149
6.76385
7.46356
6.06414
7.46356
6.76385
4.19825
5.1312
6.29738
9.44606
6.76385
5.59767
8.16327
9.79592
4.66472
4.89796
6.99708
6.29738
13.1778
11.4286
9.32945
8.51312
12.1283
11.895
10.7289
6.88047
10.379
13.2945
6.76385
7.93003
8.86297
10.7289
6.88047
3.03207
2.09913
4.31487
2.5656
5.1312
3.73178
7.93003
7.93003
4.66472
3.49854
3.03207
4.19825
2.09913
2.33236
2.5656
3.49854
2.33236
0.116618
2.33236
1.86589
4.89796
0.466472
2.09913
3.26531
2.79883
1.16618
1.39942
2.5656
1.39942
0.932945
1.16618
0.466472
0
0.466472
0.932945
2.5656
0.699708
1.39942
0.699708
1.16618
1.86589
1.39942
0
0.699708
2.33236
0.466472
0.466472
1.39942
0.116618
1.39942
1.39942
0.699708
0.466472
1.16618
1.39942
0.932945
1.63265
0.699708
0.466472
2.33236
0.932945
1.63265
1.63265
1.63265
1.2828
0.699708
1.63265
0.699708
1.16618
1.16618
2.5656
1.16618
0.932945
2.09913
1.39942
2.09913
0
1.04956
0.699708
2.79883
0.932945
3.26531
2.09913
1.39942
1.63265
0.932945
0.932945
0.233236
1.63265
0.699708
0.932945
1.39942
1.86589
2.33236
1.39942
0.699708
2.33236
1.16618
3.03207
0.932945
1.63265
1.39942
2.33236
0.466472
2.33236
1.63265
2.5656
0.466472
0.466472
1.39942
0.932945
2.5656
0.932945
0.932945
0.699708
1.86589
2.79883
1.39942
1.39942
2.33236
2.5656
0.816327
0.466472
1.86589
1.16618
0.466472
1.39942
0.466472
2.33236
1.86589
0.233236
0.233236
1.39942
2.5656
1.39942
0.932945
3.03207
0.932945
2.79883
1.16618
2.79883
2.09913
0.932945
1.39942
2.09913
0.932945
2.33236
1.16618
1.16618
2.09913
1.86589
0.699708
2.33236
1.39942
0.699708
1.16618
1.39942
1.39942
0.932945
3.73178
0.466472
1.63265
0.932945
3.03207
2.5656
0.699708
1.86589
1.39942
1.39942
1.39942
1.63265
2.09913
2.33236
1.16618
1.39942
1.16618
1.39942
1.39942
1.63265
1.39942
1.86589
1.39942
1.16618
0.466472
2.5656
0.932945
1.63265
1.16618
1.39942
0.466472
2.33236
2.09913
2.33236
3.73178
1.39942
1.16618
1.86589
3.49854
0.699708
1.86589
0.932945
1.39942
2.09913
2.79883
1.63265
0.699708
1.39942
1.98251
1.16618
3.03207
3.61516
2.09913
0.932945
0.466472
1.86589
1.39942
2.09913
3.03207
0.932945
0.233236
0.932945
1.86589
1.16618
0.699708
2.79883
0.699708
0.466472
1.86589
1.63265
0.932945
0.699708
1.16618
0.466472
1.16618
1.39942
0.932945
2.79883
2.68222
0.932945
0.932945
2.09913
1.16618
1.39942
1.86589
0.699708
1.16618
1.86589
2.33236
2.79883
1.86589
0.932945
1.16618
1.16618
1.98251
1.16618
0.932945
1.2828
0.699708
1.39942
1.39942
3.03207
0.699708
0.466472
1.16618
1.16618
0.466472
1.39942
1.63265
0.699708
1.16618
0.466472
0
0
0.466472
1.16618
0.699708
0.466472
0.466472
1.16618
0
0
0.466472
0.466472
0.233236
0.233236
0
0
0.466472
0.466472
0.699708
0
0.233236
0.466472
0
0
0
0.699708
0
0
0.466472
0
0.466472
0
