89.0000 0.05 1
154.286
161.905
123.81
0
40
0
0
40
40
0
40
0
0
0
0
0
0
0
0
0
0
0
0
0
0
0
0
0
0
0
0
0
0
0
0
0
0
0
0
0
0
0
0
0
0
0
0
0
0
0
0
0
0
0
0
0
0
0
0
0
0
0
0
0
0
0
0
0
0
0
0
0
0
0
0
0
0
0
0
0
0
0
0
0
0
0
0
0
0
0
0
0
0
0
0
0
0
0
0
0
0
0
0
0
0
0
0
0
0
0
0
0
0
0
0
0
0
0
0
0
0
0
0
0
0
0
0
0
0
0
0
0
0
0
0
0
0
0
0
0
0
0
0
0
0
0
0
0
0
0
0
0
0
0
0
0
0
0
0
0
0
0
0
0
0
0
0
0
0
0
0
0
0
0
0
0
0
0
0
0
0
0
0
0
0
0
0
0
0
0
0
0
0
0
0
0
0
0
0
0
0
0
0
0
0
0
0
0
0
0
0
0
0
0
0
0
0
0
0
0
0
0
0
0
0
0
0
0
0
0
0
0
0
0
0
0
0
0
0
0
0
0
0
0
0
0
0
0
0
0
0
0
0
0
0
0
0
0
0
0
0
0
0
0
0
0
0
0
0
0
0
0
0
0
0
0
0
0
0
0
0
0
0
0
0
0
0
0
0
0
0
0
0
0
0
0
0
0
0
0
0
0
0
0
0
0
0
0
0
0
0
0
0
0
0
0
0
0
0
0
0
0
0
0
0
0
0
0
0
0
0
0
0
0
0
0
0
0
0
0
0
0
0
0
0
0
0
0
0
0
0
0
0
0
0
0
0
0
0
0
0
0
0
0
0
0
0
0
0
0
0
0
0
0
0
0
0
0
0
0
0
0
0
0
0
0
0
0
0
0
0
0
0
0
0
0
0
0
0
0
0
0
0
0
0
0
0
0
0
0
0
0
0
0
0
0
0
0
0
0
0
0
0
0
0
0
0
0
0
0
0
0
0
0
0
0
0
0
0
0
0
0
0
0
0
0
0
0
0
0
0
0
0
0
0
0
0
0
0
0
0
0
0
0
0
0
0
0
0
0
0
0
0
0
0
0
0
0
0
0
0
0
0
0
0
0
0
0
0
0
0
0
0
0
0
0
0
0
0
0
0
0
0
0
0
0
0
0
0
0
0
0
0
0
0
0
0
0
0
0
0
0
0
0
0
0
0
0
0
0
0
0
0
0
0
0
0
0
0
0
0
0
0
0
0
0
0
0
0
0
0
0
0
0
0
0
0
0
0
0
0
0
0
0
0
0
0
0
0
0
0
0
0
0
0
0
0
0
0
0
0
0
0
0
0
0
0
0
0
0
0
0
0
0
0
0
0
0
0
0
0
0
0
0
0
0
0
0
0
0
0
0
0
0
0
0
0
0
0
0
0
0
0
0
0
0
0
0
0
0
0
0
0
0
0
0
0
0
0
0
0
0
0
0
0
0
0
0
0
0
0
0
0
0
0
0
0
0
0
0
0
0
0
0
0
0
0
0
0
0
0
0
0
0
0
0
0
0
0
0
0
0
0
0
0
0
0
0
0
0
0
0
0
0
0
0
0
0
0
0
0
0
0
0
0
0
0
0
0
0
0
0
0
0
0
0
0
0
0
0
0
0
0
0
0
0
0
0
0
0
0
0
0
0
0
0
0
0
0
0
0
0
0
0
0
0
0
0
0
0
0
0
0
0
0
0
0
0
0
0
0
0
0
0
0
0
0
0
0
0
0
0
0
0
0
0
0
0
0
0
0
0
0
0
0
0
0
0
0
0
0
0
0
0
0
0
0
0
0
0
0
0
0
0
0
0
0
0
0
0
0
0
0
0
0
0
0
0
0
0
0
0
0
0
0
0
0
0
0
0
0
0
0
0
0
0
0
0
0
0
0
0
0
0
0
0
0
0
0
0
0
0
0
0
0
0
0
0
0
0
0
0
0
0
0
0
0
0
0
0
0
0
0
0
0
0
0
0
0
0
0
0
0
0
0
0
0
0
0
0
0
0
0
0
0
0
0
0
0
0
0
0
0
0
0
0
0
0
0
0
0
0
0
0
0
0
0
0
0
0
0
0
0
0
0
0
0
0
0
0
0
0
0
0
0
0
0
0
0
0
0
0
0
0
0
0
0
0
0
0
0
0
0
0
0
0
0
0
0
0
0
0
0
0
0
0
0
0
0
0
0
0
0
0
0
0
0
0
0
0
0
0
0
0
0
0
0
0
0
0
0
0
0
0
0
0
0
0
0
0
0
0
0
0
0
0
0
0
0
0
0
0
0
0
0
0
0
0
0
0
0
0
0
0
0
0
0
0
0
0
0
0
0
0
0
0
0
0
0
0
0
0
0
0
0
0
0
0
0
0
0
0
0
0
0
0
0
0
0
0.272109
0
0
0
0.544218
1.08844
0
0
0
1.08844
2.17687
0
0
0
0
2.17687
0
0.544218
0
0
0
0.544218
1.08844
1.08844
0
1.08844
1.63265
0
2.17687
0
2.17687
1.08844
1.08844
0
0
0
2.17687
0
1.08844
0.544218
0
0
2.17687
1.08844
2.17687
0
0.544218
1.08844
4.35374
0.272109
2.17687
2.17687
0
0.544218
2.72109
0
0
0
2.44898
0
0
1.08844
5.98639
0.544218
2.17687
0.544218
0
4.35374
0
2.17687
0
2.17687
0
3.80952
0
0
0
2.72109
2.17687
2.17687
0
4.35374
2.17687
1.63265
0.544218
0
0.544218
1.08844
4.35374
1.63265
1.08844
0
3.80952
2.17687
2.17687
2.17687
4.89796
1.08844
3.26531
4.35374
0
2.17687
0.544218
2.17687
1.08844
0
5.98639
0
4.35374
4.35374
1.08844
0
0
4.35374
1.08844
1.08844
1.08844
2.72109
6.53061
1.08844
7.61905
2.17687
4.35374
4.35374
2.72109
3.26531
4.08163
1.08844
8.16327
5.44218
3.26531
4.35374
4.35374
4.89796
1.08844
4.89796
3.80952
5.44218
7.89116
5.44218
7.61905
4.89796
15.2381
4.89796
12.7891
3.26531
16.5986
9.79592
8.70748
6.53061
12.517
8.70748
15.7823
18.7755
16.3265
18.5034
20.4082
8.43537
14.1497
15.7823
15.7823
19.5918
12.517
17.9592
14.6939
23.1293
17.1429
9.2517
4.08163
13.8776
10.8844
11.4286
8.70748
10.3401
12.7891
5.98639
13.6054
14.966
19.5918
15.7823
17.415
27.7551
22.0408
21.7687
31.0204
14.6939
15.2381
10.8844
15.7823
9.79592
12.517
18.2313
15.7823
16.0544
24.4898
18.5034
13.3333
6.80272
21.2245
13.6054
8.97959
8.16327
17.9592
4.62585
8.16327
5.44218
0
3.26531
2.17687
5.98639
3.80952
1.08844
4.35374
0
0.544218
6.2585
4.35374
3.26531
7.61905
8.16327
3.26531
2.17687
1.08844
3.26531
5.44218
4.35374
4.35374
4.89796
6.53061
4.89796
4.35374
0
0
0.544218
1.08844
4.35374
4.35374
0
0.544218
3.26531
1.90476
2.17687
1.63265
1.08844
0
2.17687
2.72109
2.72109
4.35374
2.17687
2.72109
3.80952
0
2.72109
0
1.08844
2.72109
2.17687
0
1.08844
2.17687
1.08844
0
0
3.80952
1.08844
2.17687
5.44218
0
2.17687
3.26531
5.44218
0.544218
1.63265
2.17687
1.08844
3.80952
7.61905
1.90476
2.17687
7.89116
7.61905
1.08844
2.72109
3.26531
2.17687
3.26531
2.17687
3.80952
0
1.08844
3.80952
1.90476
4.89796
2.72109
2.72109
0
2.17687
1.08844
1.63265
3.26531
2.17687
0
1.36054
1.63265
4.89796
5.44218
4.89796
0
2.72109
2.17687
1.08844
0
3.26531
0
3.80952
1.36054
5.44218
5.71429
2.9932
4.35374
3.26531
0.544218
2.17687
3.26531
4.35374
1.63265
1.08844
4.35374
1.08844
1.08844
2.72109
5.17007
0
4.89796
2.72109
2.72109
3.26531
6.53061
2.72109
2.17687
3.26531
6.53061
1.08844
2.17687
1.08844
2.17687
2.17687
6.53061
3.80952
0
3.80952
2.72109
0
3.26531
2.17687
2.17687
4.89796
1.08844
4.62585
0
7.61905
2.17687
6.53061
1.08844
2.17687
2.9932
0.544218
2.72109
6.53061
0
2.17687
2.17687
4.89796
5.98639
3.80952
1.08844
4.35374
4.89796
3.26531
3.26531
1.08844
9.2517
3.26531
4.35374
0.544218
3.80952
1.08844
1.08844
2.17687
0.544218
3.80952
2.17687
2.17687
4.35374
2.72109
2.17687
1.08844
1.08844
3.80952
1.08844
5.44218
1.36054
3.80952
0.544218
2.72109
3.80952
5.98639
4.62585
2.9932
8.70748
1.63265
0.544218
2.17687
2.72109
0
5.98639
1.08844
3.26531
2.72109
3.26531
8.70748
0
0
0
7.61905
0
3.26531
0
0.544218
3.53741
1.08844
1.08844
1.08844
0.544218
0
1.08844
1.08844
0
2.17687
0
0
0
0
0
2.17687
2.17687
0
0
0
0
0
0
1.08844
1.08844
0
0
0
0
0
2.17687
2.17687
0
