108.0000 0.05 1
160
240
80
80
6.66667
33.3333
0
0
80
0
0
40
0
0
0
0
0
0
0
0
0
0
0
0
0
0
0
0
0
0
0
0
0
0
0
0
0
0
0
0
0
0
0
0
0
0
0
0
0
0
0
0
0
0
0
0
0
0
0
0
0
0
0
0
0
0
0
0
0
0
0
0
0
0
0
0
0
0
0
0
0
0
0
0
0
0
0
0
0
0
0
0
0
0
0
0
0
0
0
0
0
0
0
0
0
0
0
0
0
0
0
0
0
0
0
0
0
0
0
0
0
0
0
0
0
0
0
0
0
0
0
0
0
0
0
0
0
0
0
0
0
0
0
0
0
0
0
0
0
0
0
0
0
0
0
0
0
0
0
0
0
0
0
0
0
0
0
0
0
0
0
0
0
0
0
0
0
0
0
0
0
0
0
0
0
0
0
0
0
0
0
0
0
0
0
0
0
0
0
0
0
0
0
0
0
0
0
0
0
0
0
0
0
0
0
0
0
0
0
0
0
0
0
0
0
0
0
0
0
0
0
0
0
0
0
0
0
0
0
0
0
0
0
0
0
0
0
0
0
0
0
0
0
0
0
0
0
0
0
0
0
0
0
0
0
0
0
0
0
0
0
0
0
0
0
0
0
0
0
0
0
0
0
0
0
0
0
0
0
0
0
0
0
0
0
0
0
0
0
0
0
0
0
0
0
0
0
0
0
0
0
0
0
0
0
0
0
0
0
0
0
0
0
0
0
0
0
0
0
0
0
0
0
0
0
0
0
0
0
0
0
0
0
0
0
0
0
0
0
0
0
0
0
0
0
0
0
0
0
0
0
0
0
0
0
0
0
0
0
0
0
0
0
0
0
0
0
0
0
0
0
0
0
0
0
0
0
0
0
0
0
0
0
0
0
0
0
0
0
0
0
0
0
0
0
0
0
0
0
0
0
0
0
0
0
0
0
0
0
0
0
0
0
0
0
0
0
0
0
0
0
0
0
0
0
0
0
0
0
0
0
0
0
0
0
0
0
0
0
0
0
0
0
0
0
0
0
0
0
0
0
0
0
0
0
0
0
0
0
0
0
0
0
0
0
0
0
0
0
0
0
0
0
0
0
0
0
0
0
0
0
0
0
0
0
0
0
0
0
0
0
0
0
0
0
0
0
0
0
0
0
0
0
0
0
0
0
0
0
0
0
0
0
0
0
0
0
0
0
0
0
0
0
0
0
0
0
0
0
0
0
0
0
0
0
0
0
0
0
0
0
0
0
0
0
0
0
0
0
0
0
0
0
0
0
0
0
0
0
0
0
0
0
0
0
0
0
0
0
0
0
0
0
0
0
0
0
0
0
0
0
0
0
0
0
0
0
0
0
0
0
0
0
0
0
0
0
0
0
0
0
0
0
0
0
0
0
0
0
0
0
0
0
0
0
0
0
0
0
0
0
0
0
0
0
0
0
0
0
0
0
0
0
0
0
0
0
0
0
0
0
0
0
0
0
0
0
0
0
0
0
0
0
0
0
0
0
0
0
0
0
0
0
0
0
0
0
0
0
0
0
0
0
0
0
0
0
0
0
0
0
0
0
0
0
0
0
0
0
0
0
0
0
0
0
0
0
0
0
0
0
0
0
0
0
0
0
0
0
0
0
0
0
0
0
0
0
0
0
0
0
0
0
0
0
0
0
0
0
0
0
0
0
0
0
0
0
0
0
0
0
0
0
0
0
0
0
0
0
0
0
0
0
0
0
0
0
0
0
0
0
0
0
0
0
0
0
0
0
0
0
0
0
0
0
0
0
0
0
0
0
0
0
0
0
0
0
0
0
0
0
0
0
0
0
0
0
0
0
0
0
0
0
0
0
0
0
0
0
0
0
0
0
0
0
0
0
0
0
0
0
0
0
0
0
0
0
0
0
0
0
0
0
0
0
0
0
0
0
0
0
0
0
0
0
0
0
0
0
0
0
0
0
0
0
0
0
0
0
0
0
0
0
0
0
0
0
0
0
0
0
0
0
0
0
0
0
0
0
0
0
0
0
0
0
0
0
0
0
0
0
0
0
0
0
0
0
0
0
0
0
0
0
0
0
0
0
0
0
0
0
0
0
0
0
0
0
0
0
0
0
0
0
0
0
0
0
0
0
0
0
0
0
0
0
0
0
0
0
0
0
0
0
0
0
0
0
0
0
0
0
0
0
0
0
0
0
0
0
0
0
0
0
0
0
0
0
0
0
0
0
0
0
0
0
0
0
0
0
0
0
0
0
0
0
0
0
0
0
0
0
0
0
0
0
0
0
0
0
0
0
0
0
0
0
0
0
0
0
0
0
0
0
0
0
0
0
0
0
0
0
0
0
0
0
0
0
0
0
0
0
0
0
0
0
0
0
0
0
0
0
0
0
0
0
0
0
0
0.266667
0
0
0.533333
1.06667
0
0
0
0
1.6
0
2.13333
0
0.533333
1.06667
2.66667
0
0.533333
0.533333
0
0
2.13333
1.06667
1.06667
1.06667
0
1.6
0
0
0.533333
1.86667
1.06667
0.533333
0
1.6
1.06667
2.4
2.13333
0
1.06667
2.66667
1.06667
0
2.13333
1.6
1.6
2.66667
2.13333
1.06667
1.06667
1.6
0
1.06667
1.6
0.533333
0.533333
0.533333
2.13333
0
3.2
2.13333
3.2
0.533333
1.6
1.06667
2.13333
0.533333
2.13333
3.73333
1.6
1.06667
1.6
1.33333
3.46667
1.06667
0.533333
1.33333
2.13333
2.66667
4.53333
1.6
0
2.66667
2.66667
1.06667
4.26667
4.26667
3.2
0
2.66667
1.6
5.33333
1.6
2.66667
2.13333
0.533333
1.06667
1.06667
4.26667
0.533333
4.8
1.6
3.2
3.2
3.2
3.73333
2.66667
2.13333
1.6
3.2
3.73333
3.2
2.66667
4.26667
2.66667
5.33333
1.6
1.6
1.06667
5.86667
5.6
2.66667
8.53333
3.2
3.73333
1.33333
2.13333
6.4
5.33333
4
6.4
4.53333
5.33333
6.4
3.2
4.8
2.66667
10.6667
7.73333
6.4
10.1333
11.4667
10.6667
11.7333
7.46667
11.7333
9.86667
9.06667
11.2
8.53333
13.3333
14.6667
14.1333
14.6667
17.3333
13.8667
17.8667
25.8667
13.0667
17.0667
13.6
22.9333
19.4667
20
12.2667
14.1333
15.7333
25.8667
29.0667
18.6667
18.1333
25.6
18.1333
14.4
7.2
16.5333
10.1333
20.2667
24.2667
28.2667
29.6
30.1333
25.8667
27.7333
23.4667
28.8
16.8
14.9333
12.8
25.0667
19.7333
13.3333
19.2
20.5333
12.8
16.2667
19.2
17.3333
13.8667
12.2667
6.13333
13.6
8.8
13.3333
7.46667
6.66667
4.8
5.33333
4.26667
5.33333
2.66667
2.66667
6.4
3.73333
6.93333
3.2
6.93333
5.6
3.73333
8.53333
4.8
4.26667
3.2
3.73333
5.33333
3.2
4.8
7.2
2.66667
5.86667
3.2
1.06667
1.06667
5.86667
2.93333
3.2
1.6
2.4
3.73333
3.73333
1.06667
0.533333
2.13333
2.66667
0.533333
0.533333
1.06667
2.13333
4.26667
3.2
1.06667
3.2
0.8
7.2
0.533333
2.13333
1.6
1.06667
2.13333
2.66667
2.13333
1.06667
0.533333
4.26667
0.533333
1.86667
1.06667
3.2
3.73333
2.13333
2.66667
3.2
5.86667
5.86667
5.33333
2.66667
2.13333
2.13333
7.2
1.06667
4.8
3.73333
3.2
5.6
3.73333
2.66667
6.93333
3.2
6.4
2.13333
5.33333
2.13333
4.8
3.2
2.13333
1.86667
3.2
1.6
5.33333
4.8
4.8
2.66667
3.73333
3.46667
5.86667
2.66667
1.06667
1.6
6.13333
4.8
3.73333
2.66667
3.73333
2.66667
3.73333
2.13333
1.6
2.13333
4.26667
5.86667
2.93333
1.06667
3.2
3.73333
6.4
4.8
1.6
1.06667
2.13333
6.66667
4.8
2.13333
1.6
4.26667
5.33333
4
6.4
3.73333
4.8
1.06667
5.86667
4.26667
1.86667
2.93333
7.46667
0
3.2
4.8
3.2
1.06667
5.33333
1.6
6.4
2.66667
4.26667
4.8
3.73333
4.26667
2.66667
3.73333
2.4
1.86667
8
4.8
1.6
1.6
8.53333
3.2
4.8
2.13333
3.2
4
1.6
9.6
4.26667
4.26667
3.73333
3.73333
3.73333
2.4
5.6
1.06667
2.13333
6.93333
3.73333
6.13333
6.93333
2.66667
4.8
3.46667
4.26667
5.86667
2.13333
0.533333
2.4
6.93333
1.6
7.46667
4.8
1.6
1.06667
5.33333
1.6
2.66667
2.13333
2.66667
1.6
2.66667
3.73333
0
3.73333
1.6
2.13333
4.8
3.2
2.13333
3.73333
0
2.13333
1.06667
2.13333
1.6
2.13333
2.13333
0
1.6
0
0
0
1.06667
0.533333
3.2
1.06667
1.06667
1.06667
0
1.06667
0
0
0
0
1.06667
0
0
0
0
1.06667
0
