70.0000 0.05 1
111.852
8.14815
91.2963
75
107.407
86.2963
0
0
0
0
0
0
0
0
0
0
0
0
0
0
0
0
0
0
0
0
0
0
0
0
0
0
0
0
0
0
0
0
0
0
0
0
0
0
0
0
0
0
0
0
0
0
0
0
0
0
0
0
0
0
0
0
0
0
0
0
0
0
0
0
0
0
0
0
0
0
0
0
0
0
0
0
0
0
0
0
0
0
0
0
0
0
0
0
0
0
0
0
0
0
0
0
0
0
0
0
0
0
0
0
0
0
0
0
0
0
0
0
0
0
0
0
0
0
0
0
0
0
0
0
0
0
0
0
0
0
0
0
0
0
0
0
0
0
0
0
0
0
0
0
0
0
0
0
0
0
0
0
0
0
0
0
0
0
0
0
0
0
0
0
0
0
0
0
0
0
0
0
0
0
0
0
0
0
0
0
0
0
0
0
0
0
0
0
0
0
0
0
0
0
0
0
0
0
0
0
0
0
0
0
0
0
0
0
0
0
0
0
0
0
0
0
0
0
0
0
0
0
0
0
0
0
0
0
0
0
0
0
0
0
0
0
0
0
0
0
0
0
0
0
0
0
0
0
0
0
0
0
0
0
0
0
0
0
0
0
0
0
0
0
0
0
0
0
0
0
0
0
0
0
0
0
0
0
0
0
0
0
0
0
0
0
0
0
0
0
0
0
0
0
0
0
0
0
0
0
0
0
0
0
0
0
0
0
0
0
0
0
0
0
0
0
0
0
0
0
0
0
0
0
0
0
0
0
0
0
0
0
0
0
0
0
0
0
0
0
0
0
0
0
0
0
0
0
0
0
0
0
0
0
0
0
0
0
0
0
0
0
0
0
0
0
0
0
0
0
0
0
0
0
0
0
0
0
0
0
0
0
0
0
0
0
0
0
0
0
0
0
0
0
0
0
0
0
0
0
0
0
0
0
0
0
0
0
0
0
0
0
0
0
0
0
0
0
0
0
0
0
0
0
0
0
0
0
0
0
0
0
0
0
0
0
0
0
0
0
0
0
0
0
0
0
0
0
0
0
0
0
0
0
0
0
0
0
0
0
0
0
0
0
0
0
0
0
0
0
0
0
0
0
0
0
0
0
0
0
0
0
0
0
0
0
0
0
0
0
0
0
0
0
0
0
0
0
0
0
0
0
0
0
0
0
0
0
0
0
0
0
0
0
0
0
0
0
0
0
0
0
0
0
0
0
0
0
0
0
0
0
0
0
0
0
0
0
0
0
0
0
0
0
0
0
0
0
0
0
0
0
0
0
0
0
0
0
0
0
0
0
0
0
0
0
0
0
0
0
0
0
0
0
0
0
0
0
0
0
0
0
0
0
0
0
0
0
0
0
0
0
0
0
0
0
0
0
0
0
0
0
0
0
0
0
0
0
0
0
0
0
0
0
0
0
0
0
0
0
0
0
0
0
0
0
0
0
0
0
0
0
0
0
0
0
0
0
0
0
0
0
0
0
0
0
0
0
0
0
0
0
0
0
0
0
0
0
0
0
0
0
0
0
0
0
0
0
0
0
0
0
0
0
0
0
0
0
0
0
0
0
0
0
0
0
0
0
0
0
0
0
0
0
0
0
0
0
0
0
0
0
0
0
0
0
0
0
0
0
0
0
0
0
0
0
0
0
0
0
0
0
0
0
0
0
0
0
0
0
0
0
0
0
0
0
0
0
0
0
0
0
0
0
0
0
0
0
0
0
0
0
0
0
0
0
0
0
0
0
0
0
0
0
0
0
0
0
0
0
0
0
0
0
0
0
0
0
0
0
0
0
0
0
0
0
0
0
0
0
0
0
0
0
0
0
0
0
0
0
0
0
0
0
0
0
0
0
0
0
0
0
0
0
0
0
0
0
0
0
0
0
0
0
0
0
0
0
0
0
0
0
0
0
0
0
0
0
0
0
0
0
0
0
0
0
0
0
0
0
0
0
0
0
0
0
0
0
0
0
0
0
0
0
0
0
0
0
0
0
0
0
0
0
0
0
0
0
0
0
0
0
0
0
0
0
0
0
0
0
0
0
0
0
0
0
0
0
0
0
0
0
0
0
0
0
0
0
0
0
0
0
0
0
0
0
0
0
0
0
0
0
0
0
0
0
0
0
0
0
0
0
0
0
0
0
0
0
0
0
0
0
0
0
0
0
0
0
0
0
0
0
0
0
0
0
0
0
0
0
0
0
0
0
0
0
0
0
0
0
0
0
0
0
0
0
0
0
0
0
0
0
0
0
0
0
0
0
0
0
0
0
0
0
0
0
0
0
0
0
0
0
0
0
0
0
0
0
0
0
0
0
0
0
0
0
0
0
0
0
0
0
0
0
0
0
0
0
0
0
0
0
0
0
0
0
0
0
0
0
0
0
0
0
0
0
0
0
0
0
0
0
0
0
0.185185
0
0
0
0
0.740741
0.740741
0
0.740741
0
0.740741
0
0
0
0.740741
0
0
1.11111
0.740741
1.48148
0
0.37037
0.740741
0
1.48148
1.11111
0.740741
0
0
1.11111
1.48148
0
0
0.185185
0.740741
0.740741
0
1.11111
1.48148
2.22222
1.11111
0
1.48148
0.185185
0
3.33333
0
1.11111
0.37037
2.22222
0
1.11111
0
0.925926
0.740741
0
0
1.11111
1.48148
0.740741
0.740741
0.740741
1.85185
0.740741
0.185185
0.37037
0.740741
0
2.22222
2.40741
0
1.48148
2.22222
0.740741
0.740741
1.11111
0
0
1.48148
0.555556
1.85185
1.11111
2.22222
1.85185
1.48148
1.11111
0
1.48148
1.48148
2.96296
0
0
0
0.740741
0.37037
1.11111
1.48148
1.11111
2.22222
2.22222
3.7037
1.66667
2.59259
1.48148
0.740741
1.48148
3.7037
1.85185
1.48148
0.740741
0
1.11111
1.11111
3.33333
3.7037
2.22222
1.66667
1.48148
4.44444
1.66667
3.51852
4.07407
1.85185
3.33333
2.59259
1.85185
2.03704
3.14815
2.77778
1.85185
6.2963
5.18519
2.59259
2.22222
4.44444
1.48148
4.44444
5
2.96296
4.44444
7.77778
4.07407
3.7037
8.33333
6.85185
1.85185
7.59259
10.5556
12.2222
10.5556
6.85185
13.3333
10.9259
16.1111
15.9259
7.59259
8.7037
11.8519
11.8519
9.81481
12.963
14.2593
17.4074
19.6296
11.1111
8.14815
10.5556
11.1111
6.85185
11.2963
7.03704
12.5926
10.7407
8.88889
15.7407
10.3704
8.7037
11.6667
8.51852
10.7407
11.2963
13.3333
13.3333
20
11.6667
19.4444
12.2222
13.3333
11.1111
8.88889
12.963
19.4444
17.5926
14.8148
7.77778
15.5556
7.77778
8.88889
9.44444
5.74074
5.92593
7.77778
10.1852
3.7037
7.59259
8.7037
11.1111
6.11111
2.96296
1.48148
3.33333
2.59259
6.66667
1.85185
2.59259
4.07407
5.18519
5.18519
3.7037
2.96296
1.66667
2.22222
2.22222
0.740741
1.11111
1.85185
2.96296
1.11111
2.40741
8.51852
1.2963
1.85185
1.11111
2.77778
0.740741
2.96296
0.37037
1.48148
0.37037
1.48148
1.2963
1.66667
2.03704
1.48148
2.22222
0.555556
1.66667
1.66667
1.48148
2.22222
1.48148
1.48148
2.22222
1.48148
0.37037
0
1.85185
2.03704
1.11111
1.48148
2.96296
0.925926
0.555556
1.48148
0.185185
2.03704
1.48148
2.59259
2.22222
4.81481
2.59259
2.22222
3.33333
2.96296
1.85185
0.925926
2.59259
0.555556
2.22222
2.22222
0.740741
0
1.48148
1.48148
1.48148
2.96296
2.22222
2.96296
2.59259
0.740741
2.22222
0.740741
2.22222
1.48148
0.740741
2.96296
1.48148
1.48148
0.740741
1.11111
1.85185
1.11111
3.33333
2.59259
1.48148
2.40741
1.66667
2.59259
5.18519
2.22222
3.33333
0.740741
0
0.740741
2.22222
1.11111
0.37037
0.740741
1.11111
0
2.22222
0.740741
1.85185
2.96296
2.96296
2.77778
0.37037
0.37037
2.59259
3.7037
0.740741
4.07407
1.48148
1.2963
3.14815
2.96296
1.48148
3.33333
3.7037
0.740741
1.85185
0.740741
1.85185
1.48148
3.7037
3.33333
1.48148
3.33333
2.59259
1.11111
1.48148
2.96296
2.22222
0
1.48148
2.59259
2.40741
1.48148
2.22222
4.07407
2.22222
1.48148
1.48148
1.85185
1.48148
1.11111
1.48148
3.7037
0.740741
2.03704
2.22222
2.22222
0.740741
2.59259
2.96296
2.22222
2.96296
2.59259
2.03704
0.740741
2.96296
2.59259
2.96296
5.55556
3.7037
4.44444
4.07407
1.48148
1.48148
2.96296
1.85185
3.51852
5.18519
1.66667
3.7037
0.740741
0.740741
2.59259
3.33333
0.740741
2.22222
2.22222
2.22222
2.77778
0.740741
3.88889
1.85185
1.11111
1.48148
2.96296
0.740741
0
3.51852
4.44444
0.925926
0.740741
0.740741
4.44444
1.85185
1.48148
1.48148
1.11111
2.22222
0.740741
1.48148
3.33333
2.96296
5.92593
4.44444
1.66667
2.22222
1.85185
2.22222
3.7037
2.03704
1.48148
2.59259
5.92593
1.85185
1.85185
0.740741
2.59259
3.33333
0.925926
0
0.37037
2.22222
2.59259
1.85185
1.48148
1.48148
1.48148
0.740741
4.07407
0
0.740741
1.2963
0.740741
1.11111
0
0
0.185185
0
1.11111
0
1.11111
0
0
0
0.37037
0
0
0
0
0.740741
0
0
0
0.37037
0
