89.0000 0.05 1
160
71.1111
248.889
0
0
0
0
0
0
0
40
0
80
0
0
0
0
0
0
0
0
0
0
0
0
0
0
0
0
0
0
0
0
0
0
0
0
0
0
0
0
0
0
0
0
0
0
0
0
0
0
0
0
0
0
0
0
0
0
0
0
0
0
0
0
0
0
0
0
0
0
0
0
0
0
0
0
0
0
0
0
0
0
0
0
0
0
0
0
0
0
0
0
0
0
0
0
0
0
0
0
0
0
0
0
0
0
0
0
0
0
0
0
0
0
0
0
0
0
0
0
0
0
0
0
0
0
0
0
0
0
0
0
0
0
0
0
0
0
0
0
0
0
0
0
0
0
0
0
0
0
0
0
0
0
0
0
0
0
0
0
0
0
0
0
0
0
0
0
0
0
0
0
0
0
0
0
0
0
0
0
0
0
0
0
0
0
0
0
0
0
0
0
0
0
0
0
0
0
0
0
0
0
0
0
0
0
0
0
0
0
0
0
0
0
0
0
0
0
0
0
0
0
0
0
0
0
0
0
0
0
0
0
0
0
0
0
0
0
0
0
0
0
0
0
0
0
0
0
0
0
0
0
0
0
0
0
0
0
0
0
0
0
0
0
0
0
0
0
0
0
0
0
0
0
0
0
0
0
0
0
0
0
0
0
0
0
0
0
0
0
0
0
0
0
0
0
0
0
0
0
0
0
0
0
0
0
0
0
0
0
0
0
0
0
0
0
0
0
0
0
0
0
0
0
0
0
0
0
0
0
0
0
0
0
0
0
0
0
0
0
0
0
0
0
0
0
0
0
0
0
0
0
0
0
0
0
0
0
0
0
0
0
0
0
0
0
0
0
0
0
0
0
0
0
0
0
0
0
0
0
0
0
0
0
0
0
0
0
0
0
0
0
0
0
0
0
0
0
0
0
0
0
0
0
0
0
0
0
0
0
0
0
0
0
0
0
0
0
0
0
0
0
0
0
0
0
0
0
0
0
0
0
0
0
0
0
0
0
0
0
0
0
0
0
0
0
0
0
0
0
0
0
0
0
0
0
0
0
0
0
0
0
0
0
0
0
0
0
0
0
0
0
0
0
0
0
0
0
0
0
0
0
0
0
0
0
0
0
0
0
0
0
0
0
0
0
0
0
0
0
0
0
0
0
0
0
0
0
0
0
0
0
0
0
0
0
0
0
0
0
0
0
0
0
0
0
0
0
0
0
0
0
0
0
0
0
0
0
0
0
0
0
0
0
0
0
0
0
0
0
0
0
0
0
0
0
0
0
0
0
0
0
0
0
0
0
0
0
0
0
0
0
0
0
0
0
0
0
0
0
0
0
0
0
0
0
0
0
0
0
0
0
0
0
0
0
0
0
0
0
0
0
0
0
0
0
0
0
0
0
0
0
0
0
0
0
0
0
0
0
0
0
0
0
0
0
0
0
0
0
0
0
0
0
0
0
0
0
0
0
0
0
0
0
0
0
0
0
0
0
0
0
0
0
0
0
0
0
0
0
0
0
0
0
0
0
0
0
0
0
0
0
0
0
0
0
0
0
0
0
0
0
0
0
0
0
0
0
0
0
0
0
0
0
0
0
0
0
0
0
0
0
0
0
0
0
0
0
0
0
0
0
0
0
0
0
0
0
0
0
0
0
0
0
0
0
0
0
0
0
0
0
0
0
0
0
0
0
0
0
0
0
0
0
0
0
0
0
0
0
0
0
0
0
0
0
0
0
0
0
0
0
0
0
0
0
0
0
0
0
0
0
0
0
0
0
0
0
0
0
0
0
0
0
0
0
0
0
0
0
0
0
0
0
0
0
0
0
0
0
0
0
0
0
0
0
0
0
0
0
0
0
0
0
0
0
0
0
0
0
0
0
0
0
0
0
0
0
0
0
0
0
0
0
0
0
0
0
0
0
0
0
0
0
0
0
0
0
0
0
0
0
0
0
0
0
0
0
0
0
0
0
0
0
0
0
0
0
0
0
0
0
0
0
0
0
0
0
0
0
0
0
0
0
0
0
0
0
0
0
0
0
0
0
0
0
0
0
0
0
0
0
0
0
0
0
0
0
0
0
0
0
0
0
0
0
0
0
0
0
0
0
0
0
0
0
0
0
0
0
0
0
0
0
0
0
0
0
0
0
0
0
0
0
0
0
0
0
0
0
0
0
0
0
0
0
0
0
0
0
0
0
0
0
0
0
0
0
0
0
0
0
0
0
0
0
0
0
0
0
0
0
0
0
0
0
0
0
0
0
0
0
0
0
0
0
0
0
0
0
0
0
0
0
0
0
0
0
0
0
0
0
0
0
0
0
0
0
0
0
0
0
0
0
0
0
0
0
0
0
0
0
0
0
0
0
0
0
0
0
0
0
0
0
0
0
0
0
0
0
0
0
0
0
0
0
0.277778
0
0
0
0
0.555556
1.11111
0.555556
0
0
0
2.22222
1.11111
0
0
0
0
0.555556
1.11111
0.555556
0.555556
0
1.38889
2.22222
1.11111
0
3.33333
0.555556
0
0
0.277778
0.555556
0
0
0
0.555556
2.22222
2.22222
2.22222
0.555556
0
0.555556
2.22222
0.555556
1.11111
0
0
0
0
3.88889
1.11111
0
0
0
1.11111
4.44444
0
1.11111
3.33333
4.44444
3.33333
0
0
0.555556
0
0
0
0
0
0
3.05556
2.77778
1.11111
2.22222
1.11111
4.44444
0.555556
0
1.38889
5.83333
1.11111
0.555556
0.277778
0
1.11111
0.555556
3.33333
0
4.44444
2.22222
5.55556
2.22222
1.11111
2.22222
0.555556
0.555556
2.22222
0.277778
1.94444
2.77778
0
0.555556
1.66667
2.22222
4.44444
2.22222
1.11111
0
5
2.77778
0
1.11111
5
1.38889
3.33333
3.88889
3.33333
2.77778
4.44444
5.27778
4.44444
1.11111
1.66667
3.61111
2.22222
1.11111
0.555556
7.77778
2.22222
2.22222
6.66667
1.11111
3.88889
6.11111
5
2.22222
6.11111
9.44444
4.44444
4.44444
7.77778
6.66667
9.44444
8.05556
7.77778
4.72222
8.88889
12.5
3.33333
3.88889
11.1111
13.3333
12.5
9.44444
10.5556
11.6667
12.7778
20.2778
11.9444
14.4444
13.3333
22.5
17.2222
10.5556
14.7222
11.6667
8.05556
18.0556
16.1111
19.4444
8.05556
16.1111
10.5556
15.8333
22.2222
22.7778
20.5556
13.3333
15.5556
20.5556
21.6667
21.9444
21.3889
16.3889
19.4444
21.1111
17.7778
13.8889
14.1667
13.3333
12.2222
15.8333
13.6111
13.6111
9.72222
7.22222
14.4444
3.33333
13.6111
12.7778
10.5556
10.8333
8.88889
13.8889
8.33333
14.4444
8.88889
6.11111
8.05556
5.27778
6.66667
6.66667
8.33333
7.22222
2.77778
4.44444
5
6.38889
4.44444
2.22222
1.11111
1.66667
2.77778
10
5
1.11111
3.88889
2.77778
3.33333
3.33333
2.22222
1.11111
5
2.77778
0.555556
2.22222
7.22222
2.22222
0
3.33333
1.11111
2.22222
0.555556
2.22222
1.66667
0
2.22222
0
3.88889
3.33333
0
6.11111
7.22222
0
1.11111
0
0
1.11111
4.44444
2.22222
0
0
2.77778
0
1.38889
1.66667
3.33333
1.38889
1.11111
0.555556
1.11111
2.22222
3.33333
1.94444
5.27778
2.22222
2.22222
1.66667
4.44444
2.77778
0
0
2.77778
0
0
7.22222
1.11111
3.33333
3.88889
1.66667
4.16667
2.77778
7.77778
9.44444
5
1.11111
5
0
2.22222
5.55556
2.77778
2.22222
1.11111
1.66667
3.33333
0.555556
3.33333
4.44444
3.88889
1.11111
0.277778
5.55556
0.555556
2.77778
3.88889
2.77778
2.77778
0
1.11111
3.33333
0.555556
8.05556
1.11111
5
0
0.833333
4.44444
5.55556
2.22222
4.44444
3.33333
1.11111
1.66667
1.11111
2.77778
1.11111
3.33333
5.55556
5.55556
1.11111
1.11111
2.77778
1.66667
0.555556
4.72222
6.66667
7.5
0.555556
5.55556
0
3.33333
2.22222
1.66667
1.66667
5
3.88889
3.05556
2.77778
2.22222
5.55556
1.11111
3.33333
2.77778
3.33333
0.555556
4.44444
1.11111
2.77778
1.66667
3.05556
1.11111
5.55556
3.33333
1.11111
4.44444
1.66667
3.33333
5.55556
0.555556
1.11111
7.22222
6.66667
1.11111
2.77778
2.77778
3.33333
3.33333
3.33333
3.88889
7.77778
2.77778
2.22222
1.66667
2.22222
3.88889
2.77778
3.33333
5
3.05556
3.61111
1.11111
0.277778
2.77778
2.22222
0.555556
1.94444
4.72222
5
0.277778
2.22222
0.555556
2.77778
1.66667
2.22222
2.22222
0.555556
1.11111
6.11111
3.33333
1.66667
4.44444
0.277778
0.555556
3.88889
6.66667
1.11111
0.555556
0
0.555556
4.72222
0
1.11111
2.22222
3.88889
1.94444
1.11111
0
0
2.22222
0
0
0
0
0.555556
4.44444
1.66667
1.11111
0
1.11111
1.11111
0
0
2.22222
0
1.66667
1.66667
0.833333
0.555556
0
1.38889
1.11111
0.555556
0.555556
0
0
0
0
1.11111
0
0
0
0
0.555556
0
0
0
0
0
0
0.277778
0
0.277778
0
