57.0000 0.05 1
160
53.3333
26.6667
0
0
40
0
0
66.6667
13.3333
0
0
0
0
0
0
0
0
0
0
0
0
0
0
0
0
0
0
0
0
0
0
0
0
0
0
0
0
0
0
0
0
0
0
0
0
0
0
0
0
0
0
0
0
0
0
0
0
0
0
0
0
0
0
0
0
0
0
0
0
0
0
0
0
0
0
0
0
0
0
0
0
0
0
0
0
0
0
0
0
0
0
0
0
0
0
0
0
0
0
0
0
0
0
0
0
0
0
0
0
0
0
0
0
0
0
0
0
0
0
0
0
0
0
0
0
0
0
0
0
0
0
0
0
0
0
0
0
0
0
0
0
0
0
0
0
0
0
0
0
0
0
0
0
0
0
0
0
0
0
0
0
0
0
0
0
0
0
0
0
0
0
0
0
0
0
0
0
0
0
0
0
0
0
0
0
0
0
0
0
0
0
0
0
0
0
0
0
0
0
0
0
0
0
0
0
0
0
0
0
0
0
0
0
0
0
0
0
0
0
0
0
0
0
0
0
0
0
0
0
0
0
0
0
0
0
0
0
0
0
0
0
0
0
0
0
0
0
0
0
0
0
0
0
0
0
0
0
0
0
0
0
0
0
0
0
0
0
0
0
0
0
0
0
0
0
0
0
0
0
0
0
0
0
0
0
0
0
0
0
0
0
0
0
0
0
0
0
0
0
0
0
0
0
0
0
0
0
0
0
0
0
0
0
0
0
0
0
0
0
0
0
0
0
0
0
0
0
0
0
0
0
0
0
0
0
0
0
0
0
0
0
0
0
0
0
0
0
0
0
0
0
0
0
0
0
0
0
0
0
0
0
0
0
0
0
0
0
0
0
0
0
0
0
0
0
0
0
0
0
0
0
0
0
0
0
0
0
0
0
0
0
0
0
0
0
0
0
0
0
0
0
0
0
0
0
0
0
0
0
0
0
0
0
0
0
0
0
0
0
0
0
0
0
0
0
0
0
0
0
0
0
0
0
0
0
0
0
0
0
0
0
0
0
0
0
0
0
0
0
0
0
0
0
0
0
0
0
0
0
0
0
0
0
0
0
0
0
0
0
0
0
0
0
0
0
0
0
0
0
0
0
0
0
0
0
0
0
0
0
0
0
0
0
0
0
0
0
0
0
0
0
0
0
0
0
0
0
0
0
0
0
0
0
0
0
0
0
0
0
0
0
0
0
0
0
0
0
0
0
0
0
0
0
0
0
0
0
0
0
0
0
0
0
0
0
0
0
0
0
0
0
0
0
0
0
0
0
0
0
0
0
0
0
0
0
0
0
0
0
0
0
0
0
0
0
0
0
0
0
0
0
0
0
0
0
0
0
0
0
0
0
0
0
0
0
0
0
0
0
0
0
0
0
0
0
0
0
0
0
0
0
0
0
0
0
0
0
0
0
0
0
0
0
0
0
0
0
0
0
0
0
0
0
0
0
0
0
0
0
0
0
0
0
0
0
0
0
0
0
0
0
0
0
0
0
0
0
0
0
0
0
0
0
0
0
0
0
0
0
0
0
0
0
0
0
0
0
0
0
0
0
0
0
0
0
0
0
0
0
0
0
0
0
0
0
0
0
0
0
0
0
0
0
0
0
0
0
0
0
0
0
0
0
0
0
0
0
0
0
0
0
0
0
0
0
0
0
0
0
0
0
0
0
0
0
0
0
0
0
0
0
0
0
0
0
0
0
0
0
0
0
0
0
0
0
0
0
0
0
0
0
0
0
0
0
0
0
0
0
0
0
0
0
0
0
0
0
0
0
0
0
0
0
0
0
0
0
0
0
0
0
0
0
0
0
0
0
0
0
0
0
0
0
0
0
0
0
0
0
0
0
0
0
0
0
0
0
0
0
0
0
0
0
0
0
0
0
0
0
0
0
0
0
0
0
0
0
0
0
0
0
0
0
0
0
0
0
0
0
0
0
0
0
0
0
0
0
0
0
0
0
0
0
0
0
0
0
0
0
0
0
0
0
0
0
0
0
0
0
0
0
0
0
0
0
0
0
0
0
0
0
0
0
0
0
0
0
0
0
0
0
0
0
0
0
0
0
0
0
0
0
0
0
0
0
0
0
0
0
0
0
0
0
0
0
0
0
0
0
0
0
0
0
0
0
0
0
0
0
0
0
0
0
0
0
0
0
0
0
0
0
0
0
0
0
0
0
0
0
0
0
0
0
0
0
0
0
0
0
0
0
0
0
0
0
0
0
0
0
0
0
0
0
0
0
0
0
0
0
0
0
0
0
0
0
0
0
0
0
0
0
0
0
0
0
0
0
0
0
0
0
0
0
0
0
0
0
0
0
0
0
0
0
0
0
0
0
0
0
0
0
0
0
0
0
0
0
0
0
0
0
0
0
0
0
0.21164
0
0.42328
0
0
0.846561
0
1.69312
0
0
0.846561
0
1.69312
0
0
0
0
0
0.42328
0
1.26984
0
0.846561
0.846561
0.846561
1.69312
1.69312
0
0
0
0
0
0
0
0
0
0
1.26984
0
1.69312
0
1.26984
0.846561
1.26984
0
1.69312
1.69312
1.69312
0.846561
0
1.90476
0
0
0
0.846561
0.846561
0.846561
0
0
1.69312
1.69312
4.2328
0
1.69312
0
0
0
0.42328
0.42328
0
0
1.26984
0.846561
0.846561
1.90476
0
2.1164
2.53968
0
0.846561
1.69312
2.53968
1.69312
1.69312
2.53968
0.846561
0
0.42328
0
0.846561
2.1164
1.26984
0.846561
2.1164
2.53968
1.69312
0.846561
0
1.26984
0
0
0
1.69312
0.846561
0
0.846561
1.69312
0.846561
0.846561
4.65608
0.846561
1.69312
1.69312
6.34921
0.42328
1.26984
1.69312
1.69312
2.53968
2.53968
1.69312
4.2328
1.69312
0
0
2.53968
0.846561
1.69312
1.69312
0
2.53968
1.69312
1.69312
0
3.38624
1.69312
2.53968
2.1164
0.846561
2.53968
4.65608
6.34921
0
2.1164
2.96296
2.53968
1.69312
5.50265
4.2328
1.0582
5.92593
2.96296
4.2328
4.2328
5.92593
0.846561
7.61905
6.13757
2.1164
6.77249
6.56085
7.19577
5.92593
10.1587
6.77249
11.0053
8.46561
10.582
8.88889
7.40741
10.1587
10.1587
6.98413
5.50265
7.19577
5.07937
10.582
14.8148
14.3915
9.31217
12.0635
6.77249
8.46561
10.1587
8.04233
8.25397
13.1217
14.3915
13.7566
11.8519
11.0053
7.83069
9.73545
12.6984
10.582
7.83069
11.8519
9.10053
12.0635
9.31217
11.0053
7.61905
13.3333
9.31217
7.19577
8.04233
9.94709
5.50265
11.0053
8.46561
8.46561
13.1217
5.50265
8.25397
11.4286
7.19577
6.56085
5.92593
4.2328
2.53968
1.69312
5.07937
4.2328
6.77249
5.07937
0.42328
2.1164
5.07937
3.38624
0.846561
2.96296
0.846561
2.75132
0
3.38624
4.2328
0.42328
0
4.2328
1.69312
2.53968
3.38624
3.38624
0.846561
2.96296
0
2.53968
5.29101
2.1164
0
0.846561
2.1164
2.1164
6.34921
3.38624
2.53968
2.53968
4.02116
5.07937
1.69312
4.2328
0.42328
1.69312
0
0.846561
0.846561
1.69312
0
2.53968
0.42328
0
1.69312
3.38624
0
0
2.96296
0
4.2328
0
0.846561
2.53968
4.02116
4.2328
1.69312
0.42328
1.69312
2.96296
4.2328
1.0582
3.80952
0.846561
0.42328
2.96296
0
3.38624
2.96296
1.69312
1.69312
0
1.69312
4.2328
4.65608
0.846561
1.69312
0.846561
2.96296
3.38624
2.53968
4.2328
2.53968
1.69312
0
0
0
3.38624
2.1164
0.846561
3.38624
0.846561
0
4.02116
4.65608
1.69312
2.53968
1.69312
5.07937
1.69312
1.69312
5.07937
4.65608
4.2328
3.38624
0.846561
1.69312
0
0
0
1.69312
0.846561
1.69312
0
3.38624
5.92593
1.69312
3.80952
2.96296
3.38624
1.69312
1.69312
3.38624
0.42328
0
2.53968
1.69312
2.1164
1.69312
0.846561
0.42328
2.96296
3.38624
1.69312
2.1164
6.77249
0
2.1164
0
2.53968
2.96296
0
4.65608
1.69312
2.75132
2.53968
1.26984
5.50265
4.2328
3.80952
2.53968
1.90476
2.53968
2.96296
1.26984
3.38624
0.42328
2.1164
5.92593
0.846561
4.65608
7.19577
0.846561
1.69312
0
0.42328
2.1164
3.38624
2.53968
2.1164
0
5.92593
0.846561
1.26984
0
5.07937
0.846561
2.1164
1.69312
1.69312
3.38624
0
2.1164
1.69312
1.0582
0.846561
0
0.21164
0.846561
1.26984
1.26984
0.846561
1.69312
1.69312
2.53968
3.38624
0
0.846561
0.21164
0.846561
0
2.96296
0.42328
0.21164
2.53968
1.69312
0
1.69312
1.26984
0.42328
2.53968
1.69312
0
0
1.26984
1.26984
0
0.846561
0
1.69312
0
0
0
0.846561
0
0.42328
0
0
0.846561
0.42328
0
0.42328
0
0
0
0.42328
0
