57.0000 0.05 1
40
93.3333
66.6667
6.66667
73.3333
0
60
20
0
0
0
0
0
0
0
0
0
0
0
0
0
0
0
0
0
0
0
0
0
0
0
0
0
0
0
0
0
0
0
0
0
0
0
0
0
0
0
0
0
0
0
0
0
0
0
0
0
0
0
0
0
0
0
0
0
0
0
0
0
0
0
0
0
0
0
0
0
0
0
0
0
0
0
0
0
0
0
0
0
0
0
0
0
0
0
0
0
0
0
0
0
0
0
0
0
0
0
0
0
0
0
0
0
0
0
0
0
0
0
0
0
0
0
0
0
0
0
0
0
0
0
0
0
0
0
0
0
0
0
0
0
0
0
0
0
0
0
0
0
0
0
0
0
0
0
0
0
0
0
0
0
0
0
0
0
0
0
0
0
0
0
0
0
0
0
0
0
0
0
0
0
0
0
0
0
0
0
0
0
0
0
0
0
0
0
0
0
0
0
0
0
0
0
0
0
0
0
0
0
0
0
0
0
0
0
0
0
0
0
0
0
0
0
0
0
0
0
0
0
0
0
0
0
0
0
0
0
0
0
0
0
0
0
0
0
0
0
0
0
0
0
0
0
0
0
0
0
0
0
0
0
0
0
0
0
0
0
0
0
0
0
0
0
0
0
0
0
0
0
0
0
0
0
0
0
0
0
0
0
0
0
0
0
0
0
0
0
0
0
0
0
0
0
0
0
0
0
0
0
0
0
0
0
0
0
0
0
0
0
0
0
0
0
0
0
0
0
0
0
0
0
0
0
0
0
0
0
0
0
0
0
0
0
0
0
0
0
0
0
0
0
0
0
0
0
0
0
0
0
0
0
0
0
0
0
0
0
0
0
0
0
0
0
0
0
0
0
0
0
0
0
0
0
0
0
0
0
0
0
0
0
0
0
0
0
0
0
0
0
0
0
0
0
0
0
0
0
0
0
0
0
0
0
0
0
0
0
0
0
0
0
0
0
0
0
0
0
0
0
0
0
0
0
0
0
0
0
0
0
0
0
0
0
0
0
0
0
0
0
0
0
0
0
0
0
0
0
0
0
0
0
0
0
0
0
0
0
0
0
0
0
0
0
0
0
0
0
0
0
0
0
0
0
0
0
0
0
0
0
0
0
0
0
0
0
0
0
0
0
0
0
0
0
0
0
0
0
0
0
0
0
0
0
0
0
0
0
0
0
0
0
0
0
0
0
0
0
0
0
0
0
0
0
0
0
0
0
0
0
0
0
0
0
0
0
0
0
0
0
0
0
0
0
0
0
0
0
0
0
0
0
0
0
0
0
0
0
0
0
0
0
0
0
0
0
0
0
0
0
0
0
0
0
0
0
0
0
0
0
0
0
0
0
0
0
0
0
0
0
0
0
0
0
0
0
0
0
0
0
0
0
0
0
0
0
0
0
0
0
0
0
0
0
0
0
0
0
0
0
0
0
0
0
0
0
0
0
0
0
0
0
0
0
0
0
0
0
0
0
0
0
0
0
0
0
0
0
0
0
0
0
0
0
0
0
0
0
0
0
0
0
0
0
0
0
0
0
0
0
0
0
0
0
0
0
0
0
0
0
0
0
0
0
0
0
0
0
0
0
0
0
0
0
0
0
0
0
0
0
0
0
0
0
0
0
0
0
0
0
0
0
0
0
0
0
0
0
0
0
0
0
0
0
0
0
0
0
0
0
0
0
0
0
0
0
0
0
0
0
0
0
0
0
0
0
0
0
0
0
0
0
0
0
0
0
0
0
0
0
0
0
0
0
0
0
0
0
0
0
0
0
0
0
0
0
0
0
0
0
0
0
0
0
0
0
0
0
0
0
0
0
0
0
0
0
0
0
0
0
0
0
0
0
0
0
0
0
0
0
0
0
0
0
0
0
0
0
0
0
0
0
0
0
0
0
0
0
0
0
0
0
0
0
0
0
0
0
0
0
0
0
0
0
0
0
0
0
0
0
0
0
0
0
0
0
0
0
0
0
0
0
0
0
0
0
0
0
0
0
0
0
0
0
0
0
0
0
0
0
0
0
0
0
0
0
0
0
0
0
0
0
0
0
0
0
0
0
0
0
0
0
0
0
0
0
0
0
0
0
0
0
0
0
0
0
0
0
0
0
0
0
0
0
0
0
0
0
0
0
0
0
0
0
0
0
0
0
0
0
0
0
0
0
0
0
0
0
0
0
0
0
0
0
0
0
0
0
0
0
0
0
0
0
0
0
0
0
0
0
0
0
0
0
0
0
0
0
0
0
0
0
0
0
0
0
0
0
0
0
0
0
0
0
0
0
0
0
0
0
0
0
0
0
0
0
0
0
0
0
0
0
0
0
0
0
0
0
0
0
0
0
0
0
0
0
0
0
0
0
0
0
0
0
0
0
0
0
0
0
0
0
0
0.185185
0
0
0.740741
0.37037
0
0
0.37037
0
0
0
1.48148
0.37037
1.11111
0
0.740741
0
0.37037
2.22222
0
0.185185
0.740741
0.37037
0.925926
1.85185
0
0
0
0.740741
1.85185
0
0.740741
0.740741
0.740741
1.66667
0
0.185185
0
0.37037
0.185185
0
0
1.66667
1.11111
0
2.59259
1.11111
0.37037
0.37037
0.740741
0.37037
0
2.96296
0.740741
3.33333
0.740741
1.11111
0
0.740741
1.48148
0.37037
1.48148
1.85185
0.37037
1.11111
0.37037
0.740741
0.740741
2.77778
0
0.740741
0.37037
0.740741
0.37037
0.37037
0.740741
1.48148
0.740741
0.740741
1.85185
0.37037
1.85185
1.11111
1.48148
1.85185
1.48148
1.85185
1.11111
0.740741
0.555556
0.740741
0.740741
1.48148
2.59259
0.740741
0.555556
0.740741
0.37037
3.14815
1.66667
1.85185
0.740741
1.11111
1.85185
2.59259
2.22222
2.40741
3.7037
2.22222
1.2963
1.11111
0.925926
2.22222
1.85185
0.740741
2.59259
1.11111
1.66667
1.48148
2.22222
3.7037
0.925926
2.22222
1.11111
2.96296
2.22222
0.740741
2.22222
1.11111
2.96296
0.740741
0
4.07407
1.48148
5.92593
1.85185
2.22222
4.25926
1.85185
1.85185
2.96296
2.96296
2.22222
3.88889
5
1.85185
4.07407
4.44444
5.55556
5.18519
6.66667
6.2963
3.7037
2.22222
6.85185
9.62963
10
5.55556
5.37037
7.96296
9.62963
13.1481
7.59259
12.4074
8.51852
7.40741
10.1852
13.5185
9.81481
12.963
7.22222
3.7037
2.96296
3.33333
10.7407
8.51852
8.88889
5.74074
9.25926
16.8519
15.3704
11.8519
18.3333
19.6296
17.7778
13.5185
15.5556
8.14815
12.5926
11.1111
7.96296
7.40741
12.5926
10.7407
7.77778
9.25926
11.1111
6.11111
4.25926
7.77778
8.33333
9.44444
10.9259
7.96296
3.51852
4.07407
4.81481
6.66667
2.96296
2.59259
5.55556
4.25926
8.14815
2.96296
5.55556
4.07407
0.740741
2.96296
4.07407
4.07407
1.48148
4.44444
0
2.59259
3.7037
3.7037
2.59259
2.59259
0.37037
2.77778
2.22222
1.48148
2.22222
2.22222
1.48148
3.7037
1.85185
1.48148
0.37037
0.37037
3.7037
2.03704
0.740741
0.740741
0.37037
2.22222
0.185185
3.33333
2.59259
1.11111
0.740741
0
4.44444
2.77778
0.740741
1.11111
2.77778
1.2963
1.85185
4.44444
0.37037
2.22222
0.925926
1.85185
2.22222
2.22222
4.07407
1.48148
2.22222
2.59259
1.66667
2.59259
1.85185
3.33333
2.96296
0.740741
2.22222
2.03704
1.48148
5.92593
2.96296
0
1.85185
1.2963
4.44444
1.85185
3.7037
1.85185
1.48148
1.11111
1.85185
5.92593
1.11111
3.7037
1.85185
1.85185
0.185185
0.740741
2.96296
0.740741
0.555556
4.44444
2.03704
1.11111
2.59259
2.96296
7.03704
2.22222
3.7037
1.48148
2.96296
1.85185
0.740741
1.48148
2.96296
0.740741
0
2.77778
0.740741
2.22222
1.85185
2.22222
2.22222
0.740741
1.48148
1.48148
2.40741
3.33333
3.33333
2.59259
1.66667
1.48148
2.59259
0.740741
0.740741
0.740741
2.40741
3.7037
2.96296
2.22222
1.48148
1.48148
5.18519
0.740741
1.48148
2.22222
2.96296
2.40741
4.44444
1.85185
2.40741
4.07407
1.11111
3.33333
2.96296
1.48148
3.33333
3.33333
0.37037
2.59259
5.18519
1.66667
2.22222
3.33333
3.7037
1.85185
1.2963
3.7037
1.11111
2.59259
1.48148
1.85185
0.740741
2.59259
2.59259
2.59259
1.48148
2.22222
1.85185
0
1.85185
1.66667
2.59259
3.7037
1.85185
1.85185
2.40741
2.22222
4.44444
4.81481
5.55556
2.59259
1.85185
4.44444
1.11111
1.48148
2.59259
0.555556
2.40741
1.48148
6.11111
0.555556
2.22222
0
0.37037
2.03704
1.48148
2.96296
1.66667
1.85185
2.96296
1.48148
1.48148
1.48148
1.11111
1.85185
0.37037
1.48148
0.925926
2.59259
0.37037
2.40741
0.740741
1.2963
0.740741
1.85185
2.22222
1.2963
1.11111
1.48148
2.22222
0.37037
2.40741
0.740741
2.22222
0.185185
0.37037
0.185185
0.185185
0.740741
1.11111
0.37037
0.740741
1.11111
0.37037
0
0.37037
1.11111
0
0
0
0
0
0.555556
0
0
0.185185
0.37037
0
0
0
0
0
0
0
0
0
0.185185
0
