19.0000 0.05 1
120
0
0
0
0
0
0
0
0
0
0
0
0
0
0
0
0
0
0
0
0
0
0
0
0
0
0
0
0
0
0
0
0
0
0
0
0
0
0
0
0
0
0
0
0
0
0
0
0
0
0
0
0
0
0
0
0
0
0
0
0
0
0
0
0
0
0
0
0
0
0
0
0
0
0
0
0
0
0
0
0
0
0
0
0
0
0
0
0
0
0
0
0
0
0
0
0
0
0
0
0
0
0
0
0
0
0
0
0
0
0
0
0
0
0
0
0
0
0
0
0
0
0
0
0
0
0
0
0
0
0
0
0
0
0
0
0
0
0
0
0
0
0
0
0
0
0
0
0
0
0
0
0
0
0
0
0
0
0
0
0
0
0
0
0
0
0
0
0
0
0
0
0
0
0
0
0
0
0
0
0
0
0
0
0
0
0
0
0
0
0
0
0
0
0
0
0
0
0
0
0
0
0
0
0
0
0
0
0
0
0
0
0
0
0
0
0
0
0
0
0
0
0
0
0
0
0
0
0
0
0
0
0
0
0
0
0
0
0
0
0
0
0
0
0
0
0
0
0
0
0
0
0
0
0
0
0
0
0
0
0
0
0
0
0
0
0
0
0
0
0
0
0
0
0
0
0
0
0
0
0
0
0
0
0
0
0
0
0
0
0
0
0
0
0
0
0
0
0
0
0
0
0
0
0
0
0
0
0
0
0
0
0
0
0
0
0
0
0
0
0
0
0
0
0
0
0
0
0
0
0
0
0
0
0
0
0
0
0
0
0
0
0
0
0
0
0
0
0
0
0
0
0
0
0
0
0
0
0
0
0
0
0
0
0
0
0
0
0
0
0
0
0
0
0
0
0
0
0
0
0
0
0
0
0
0
0
0
0
0
0
0
0
0
0
0
0
0
0
0
0
0
0
0
0
0
0
0
0
0
0
0
0
0
0
0
0
0
0
0
0
0
0
0
0
0
0
0
0
0
0
0
0
0
0
0
0
0
0
0
0
0
0
0
0
0
0
0
0
0
0
0
0
0
0
0
0
0
0
0
0
0
0
0
0
0
0
0
0
0
0
0
0
0
0
0
0
0
0
0
0
0
0
0
0
0
0
0
0
0
0
0
0
0
0
0
0
0
0
0
0
0
0
0
0
0
0
0
0
0
0
0
0
0
0
0
0
0
0
0
0
0
0
0
0
0
0
0
0
0
0
0
0
0
0
0
0
0
0
0
0
0
0
0
0
0
0
0
0
0
0
0
0
0
0
0
0
0
0
0
0
0
0
0
0
0
0
0
0
0
0
0
0
0
0
0
0
0
0
0
0
0
0
0
0
0
0
0
0
0
0
0
0
0
0
0
0
0
0
0
0
0
0
0
0
0
0
0
0
0
0
0
0
0
0
0
0
0
0
0
0
0
0
0
0
0
0
0
0
0
0
0
0
0
0
0
0
0
0
0
0
0
0
0
0
0
0
0
0
0
0
0
0
0
0
0
0
0
0
0
0
0
0
0
0
0
0
0
0
0
0
0
0
0
0
0
0
0
0
0
0
0
0
0
0
0
0
0
0
0
0
0
0
0
0
0
0
0
0
0
0
0
0
0
0
0
0
0
0
0
0
0
0
0
0
0
0
0
0
0
0
0
0
0
0
0
0
0
0
0
0
0
0
0
0
0
0
0
0
0
0
0
0
0
0
0
0
0
0
0
0
0
0
0
0
0
0
0
0
0
0
0
0
0
0
0
0
0
0
0
0
0
0
0
0
0
0
0
0
0
0
0
0
0
0
0
0
0
0
0
0
0
0
0
0
0
0
0
0
0
0
0
0
0
0
0
0
0
0
0
0
0
0
0
0
0
0
0
0
0
0
0
0
0
0
0
0
0
0
0
0
0
0
0
0
0
0
0
0
0
0
0
0
0
0
0
0
0
0
0
0
0
0
0
0
0
0
0
0
0
0
0
0
0
0
0
0
0
0
0
0
0
0
0
0
0
0
0
0
0
0
0
0
0
0
0
0
0
0
0
0
0
0
0
0
0
0
0
0
0
0
0
0
0
0
0
0
0
0
0
0
0
0
0
0
0
0
0
0
0
0
0
0
0
0
0
0
0
0
0
0
0
0
0
0
0
0
0
0
0
0
0
0
0
0
0
0
0
0
0
0
0
0
0
0
0
0
0
0
0
0
0
0
0
0
0
0
0
0
0
0
0
0
0
0
0
0
0
0
0
0
0
0
0
0
0
0
0
0
0
0
0
0
0
0
0
0
0
0
0
0
0
0
0
0
0
0
0
0
0
0
0
0
0
0
0
0
0
0
0
0
0
0
0
0
0
0
0
0
0
0
0
0
0
0
0
0
0
0
0
0
0
0
0
0
0
0
0
0
0.0705467
0
0
0
0
0.282187
0
0.141093
0
0
0.282187
0
0.564374
0
0
0
0
0.564374
0
0.282187
0
0
0
0
0.564374
0
0.564374
0.141093
0
0
1.12875
0.564374
0
0
0
0
0.564374
0
0.282187
0
0
0
0.282187
0
0.564374
0.564374
0
0.564374
0
1.69312
0
0
0
1.12875
0
0
0
0
0.141093
0
0.564374
0
1.12875
0
0
0
2.2575
0
0
0
1.12875
0
0
0.282187
0.564374
0
0
0.564374
1.12875
0.564374
0
0.282187
1.12875
1.12875
0
0
0.564374
0
0
1.12875
0
0
0.564374
0.564374
1.12875
1.12875
0
1.12875
0
0
0.705467
0
0
0
1.69312
0.564374
0
1.69312
0.282187
1.69312
0
0
1.69312
0.564374
0
0.564374
1.12875
0
1.69312
1.41093
1.12875
0
0.564374
0.564374
0
0
1.69312
0
0.564374
1.12875
1.69312
0.564374
0
0
1.12875
0
0.564374
1.12875
0.705467
1.12875
0.564374
1.41093
0
2.82187
0.564374
2.2575
3.95062
1.12875
1.69312
2.2575
1.69312
2.2575
1.12875
2.2575
0.564374
0.141093
2.53968
2.2575
4.02116
3.1746
1.41093
1.55203
3.95062
3.95062
3.52734
3.38624
2.68078
1.97531
1.12875
4.79718
1.12875
0.564374
1.97531
3.10406
4.51499
2.82187
5.36155
3.95062
5.36155
1.97531
3.95062
5.07937
2.82187
5.36155
8.46561
6.20811
5.92593
8.46561
8.7478
3.66843
7.05467
3.38624
4.09171
1.69312
3.38624
2.2575
1.34039
0.282187
1.69312
0.564374
0
0
0.564374
1.69312
1.83422
1.12875
1.12875
2.2575
0
1.41093
0
0.564374
0.564374
1.12875
0.564374
0
5.50265
2.2575
1.12875
1.12875
0.564374
1.12875
0
0.564374
0
0.564374
0.282187
0.564374
0.846561
1.69312
0
3.38624
1.69312
0
0
0.564374
0.564374
1.12875
0
0
1.12875
0
0
0.564374
0
1.12875
0
0
0
0
0
0
0
0
0
0
0.564374
0.705467
1.12875
0.282187
0
0.846561
2.2575
0.564374
0.564374
0.564374
1.12875
1.69312
1.12875
0.846561
0.564374
1.69312
0.564374
0
0
0
0.564374
0.564374
1.12875
1.41093
0.564374
0.564374
0
1.69312
0
2.2575
1.12875
0
1.69312
1.12875
1.12875
0.282187
0
2.82187
0.282187
2.2575
0.0705467
0.564374
0
0.564374
0
0
0.564374
0.282187
2.2575
0
1.12875
0
0.846561
0
0.282187
0.282187
2.2575
0.564374
1.12875
0
0
2.2575
1.12875
1.69312
0.564374
0.564374
1.41093
0
1.69312
0.282187
0
1.12875
1.69312
1.69312
0.564374
1.12875
2.82187
0
1.12875
0.564374
1.12875
0.564374
0
0
0
0.564374
1.12875
0
1.12875
0
0.846561
0
0
0.282187
0
0.564374
0
1.12875
2.39859
3.38624
0.564374
1.12875
0.282187
1.12875
2.53968
1.12875
1.12875
0.846561
0.564374
1.12875
0
0
3.38624
0
0
1.69312
1.69312
0
0.0705467
0
1.41093
1.97531
0
0.282187
0
0.282187
0.282187
0.564374
1.69312
0.846561
0.282187
1.41093
0.564374
0
1.26984
0.141093
1.83422
1.76367
0.564374
0
0.846561
1.12875
1.12875
0.846561
1.12875
0.564374
0.282187
0
0.564374
0.564374
0.564374
1.69312
2.2575
0
4.51499
0.564374
1.69312
1.12875
0
0.564374
0.564374
0
1.12875
0.141093
0
0
0.282187
0
0.846561
1.12875
0
0.564374
0
1.41093
1.12875
1.69312
1.69312
0
0.846561
0.564374
0.564374
2.2575
1.12875
1.69312
0.282187
1.12875
1.12875
1.12875
0.564374
0.564374
0.282187
0
1.69312
0
1.69312
0.846561
0
0.564374
1.69312
0.846561
0
0
0
2.82187
1.12875
0.564374
0
0.564374
0.564374
0
0.564374
1.12875
0.846561
0
0.705467
2.2575
0.846561
0.282187
1.41093
0
0
1.41093
0.564374
0.564374
0
0.564374
2.2575
1.69312
1.12875
0.564374
1.69312
0.564374
2.53968
0.564374
1.41093
0
1.12875
0.282187
1.12875
0.282187
1.69312
0.564374
1.69312
0
1.12875
0.564374
0.564374
0.705467
1.69312
2.32804
1.97531
1.69312
0
1.69312
0.564374
0
0
0
0
0
0.564374
0
0.42328
0
0
1.41093
0.282187
0
2.2575
1.69312
2.53968
0.282187
1.12875
2.2575
0
0.564374
0.564374
1.12875
1.41093
0
1.12875
3.38624
0
0
0
1.97531
1.12875
0
0.846561
0
1.12875
0.564374
0
1.12875
0.564374
0
0.564374
1.12875
0
0
2.2575
0
0
0.564374
0
0
0
0
0
0
0
0
0
1.12875
0
0
0
0.282187
0
0
0
0.564374
0
0
0
0
0
0.141093
0.564374
0
0
0
0
0
0
0
0.564374
0
0
0
0
0
0
0
0
0
0
0
0
0
0
0
0
0
0
0
0
0
0
0
0
0
0
0
0
0
0
0
0
0
0
0
0
0
0
0.0705467
0
