67.0000 0.05 1
152.778
87.2222
31.1111
72.2222
67.7778
68.8889
0
0
0
0
0
0
0
0
0
0
0
0
0
0
0
0
0
0
0
0
0
0
0
0
0
0
0
0
0
0
0
0
0
0
0
0
0
0
0
0
0
0
0
0
0
0
0
0
0
0
0
0
0
0
0
0
0
0
0
0
0
0
0
0
0
0
0
0
0
0
0
0
0
0
0
0
0
0
0
0
0
0
0
0
0
0
0
0
0
0
0
0
0
0
0
0
0
0
0
0
0
0
0
0
0
0
0
0
0
0
0
0
0
0
0
0
0
0
0
0
0
0
0
0
0
0
0
0
0
0
0
0
0
0
0
0
0
0
0
0
0
0
0
0
0
0
0
0
0
0
0
0
0
0
0
0
0
0
0
0
0
0
0
0
0
0
0
0
0
0
0
0
0
0
0
0
0
0
0
0
0
0
0
0
0
0
0
0
0
0
0
0
0
0
0
0
0
0
0
0
0
0
0
0
0
0
0
0
0
0
0
0
0
0
0
0
0
0
0
0
0
0
0
0
0
0
0
0
0
0
0
0
0
0
0
0
0
0
0
0
0
0
0
0
0
0
0
0
0
0
0
0
0
0
0
0
0
0
0
0
0
0
0
0
0
0
0
0
0
0
0
0
0
0
0
0
0
0
0
0
0
0
0
0
0
0
0
0
0
0
0
0
0
0
0
0
0
0
0
0
0
0
0
0
0
0
0
0
0
0
0
0
0
0
0
0
0
0
0
0
0
0
0
0
0
0
0
0
0
0
0
0
0
0
0
0
0
0
0
0
0
0
0
0
0
0
0
0
0
0
0
0
0
0
0
0
0
0
0
0
0
0
0
0
0
0
0
0
0
0
0
0
0
0
0
0
0
0
0
0
0
0
0
0
0
0
0
0
0
0
0
0
0
0
0
0
0
0
0
0
0
0
0
0
0
0
0
0
0
0
0
0
0
0
0
0
0
0
0
0
0
0
0
0
0
0
0
0
0
0
0
0
0
0
0
0
0
0
0
0
0
0
0
0
0
0
0
0
0
0
0
0
0
0
0
0
0
0
0
0
0
0
0
0
0
0
0
0
0
0
0
0
0
0
0
0
0
0
0
0
0
0
0
0
0
0
0
0
0
0
0
0
0
0
0
0
0
0
0
0
0
0
0
0
0
0
0
0
0
0
0
0
0
0
0
0
0
0
0
0
0
0
0
0
0
0
0
0
0
0
0
0
0
0
0
0
0
0
0
0
0
0
0
0
0
0
0
0
0
0
0
0
0
0
0
0
0
0
0
0
0
0
0
0
0
0
0
0
0
0
0
0
0
0
0
0
0
0
0
0
0
0
0
0
0
0
0
0
0
0
0
0
0
0
0
0
0
0
0
0
0
0
0
0
0
0
0
0
0
0
0
0
0
0
0
0
0
0
0
0
0
0
0
0
0
0
0
0
0
0
0
0
0
0
0
0
0
0
0
0
0
0
0
0
0
0
0
0
0
0
0
0
0
0
0
0
0
0
0
0
0
0
0
0
0
0
0
0
0
0
0
0
0
0
0
0
0
0
0
0
0
0
0
0
0
0
0
0
0
0
0
0
0
0
0
0
0
0
0
0
0
0
0
0
0
0
0
0
0
0
0
0
0
0
0
0
0
0
0
0
0
0
0
0
0
0
0
0
0
0
0
0
0
0
0
0
0
0
0
0
0
0
0
0
0
0
0
0
0
0
0
0
0
0
0
0
0
0
0
0
0
0
0
0
0
0
0
0
0
0
0
0
0
0
0
0
0
0
0
0
0
0
0
0
0
0
0
0
0
0
0
0
0
0
0
0
0
0
0
0
0
0
0
0
0
0
0
0
0
0
0
0
0
0
0
0
0
0
0
0
0
0
0
0
0
0
0
0
0
0
0
0
0
0
0
0
0
0
0
0
0
0
0
0
0
0
0
0
0
0
0
0
0
0
0
0
0
0
0
0
0
0
0
0
0
0
0
0
0
0
0
0
0
0
0
0
0
0
0
0
0
0
0
0
0
0
0
0
0
0
0
0
0
0
0
0
0
0
0
0
0
0
0
0
0
0
0
0
0
0
0
0
0
0
0
0
0
0
0
0
0
0
0
0
0
0
0
0
0
0
0
0
0
0
0
0
0
0
0
0
0
0
0
0
0
0
0
0
0
0
0
0
0
0
0
0
0
0
0
0
0
0
0
0
0
0
0
0
0
0
0
0
0
0
0
0
0
0
0
0
0
0
0
0
0
0
0
0
0
0
0
0
0
0
0
0
0
0
0
0
0
0
0
0
0
0
0
0
0
0
0
0
0
0
0
0
0
0
0
0
0
0
0
0
0
0
0
0
0
0
0
0
0
0
0
0
0
0
0
0
0
0
0
0
0
0
0
0
0
0
0
0
0
0
0
0
0
0
0
0.185185
0
0.37037
0
0
0
0.37037
0
0.925926
0
0
0.740741
0
0.740741
0.740741
0
0.740741
0
0
0
1.48148
1.48148
0
0
0
1.48148
0
0.740741
0.37037
0.740741
0
0
0.740741
0
0.37037
0
0
0
0
0
1.66667
0
1.48148
0
0
1.48148
0
0.37037
0.37037
1.48148
0
0
0.740741
0
3.7037
0
1.48148
0
0
1.48148
1.48148
0.37037
0
2.22222
0
0.740741
1.48148
0
0
0.37037
0.740741
1.48148
0
1.11111
2.22222
0.740741
0.740741
0
0
1.66667
0
2.40741
0
0
2.22222
0.740741
0
0.37037
2.22222
1.48148
0
0.740741
0
0.37037
2.96296
1.11111
0.740741
0
0.37037
2.22222
4.81481
1.85185
1.11111
1.11111
0
2.22222
0.740741
4.07407
1.11111
2.96296
5.92593
5.18519
0.740741
1.11111
1.48148
0.740741
0.37037
4.44444
0
1.48148
2.96296
5.55556
0.740741
6.11111
7.22222
2.59259
4.44444
5.18519
3.14815
6.66667
4.07407
4.44444
4.62963
2.96296
5
9.62963
2.96296
11.8519
7.40741
8.51852
10.9259
4.81481
11.1111
10.3704
10.7407
7.96296
7.77778
15.1852
6.66667
7.59259
12.4074
8.88889
6.66667
5.55556
7.03704
10.3704
8.51852
5.92593
7.96296
12.963
17.7778
13.3333
12.7778
13.7037
12.5926
8.33333
10.1852
7.22222
6.66667
5.92593
7.59259
9.62963
16.2963
13.1481
13.7037
12.963
7.40741
7.03704
15.9259
10.5556
10.7407
14.4444
8.88889
17.037
10.7407
7.22222
15.1852
13.7037
11.8519
14.2593
9.44444
12.037
8.33333
7.03704
10.3704
5.18519
6.85185
15.1852
10.7407
15.5556
11.8519
9.62963
10
3.33333
4.62963
1.48148
5.18519
3.33333
2.96296
2.22222
2.59259
7.03704
0.740741
0
1.48148
1.48148
0.37037
0.740741
3.7037
1.85185
5.18519
0.740741
0
2.22222
2.96296
4.81481
1.11111
3.14815
3.33333
2.22222
0.37037
0.740741
0
0.37037
2.22222
0.740741
0
2.96296
3.7037
1.48148
0.740741
1.66667
0
0.740741
2.96296
2.96296
1.11111
1.2963
0.740741
0.740741
1.85185
2.96296
0.740741
1.48148
1.48148
0
2.22222
1.85185
0
2.22222
1.48148
0.37037
0
0
1.85185
2.22222
0.740741
0.37037
0
1.48148
0.37037
2.22222
1.48148
0
2.22222
0.925926
0
1.48148
0
1.48148
2.22222
2.22222
1.48148
1.48148
0.740741
0
0.37037
0
2.77778
0.740741
5.55556
2.22222
0
1.48148
1.48148
0
0
0.740741
5.18519
0
0
1.11111
1.48148
0.37037
2.22222
2.22222
0.740741
1.48148
0
0
2.22222
0.740741
0
1.48148
1.11111
2.22222
0
0.740741
0.740741
2.59259
0.740741
2.96296
4.44444
0.740741
0
2.40741
0.555556
2.59259
4.81481
2.22222
4.07407
0
4.44444
2.22222
4.44444
0
0.37037
1.48148
1.48148
1.66667
0.37037
0.185185
0
0.740741
1.48148
2.96296
0
0.740741
0.925926
0.740741
1.48148
1.85185
2.22222
3.7037
0.740741
0.740741
3.7037
0
0.740741
1.48148
5.92593
2.22222
0.37037
3.33333
1.48148
0
0.740741
0.185185
0.740741
0
1.48148
0.740741
2.59259
3.7037
1.85185
1.11111
2.22222
2.22222
3.7037
1.11111
2.22222
2.59259
0
1.48148
2.96296
2.22222
2.22222
0
1.85185
0.740741
1.48148
2.96296
0
3.33333
2.96296
0
2.22222
1.11111
1.48148
1.48148
2.22222
1.48148
2.96296
2.22222
2.96296
0
0
1.48148
1.48148
0.740741
0
0.37037
0.925926
3.7037
1.48148
1.85185
6.66667
1.66667
0.37037
2.22222
0
1.48148
1.48148
0.925926
2.96296
1.85185
0.740741
0.925926
3.7037
0
0
2.59259
1.48148
1.85185
0.740741
1.2963
4.44444
0
0.740741
0.555556
0.740741
0.740741
0
2.22222
1.48148
0.740741
2.22222
3.7037
0
0
1.48148
1.85185
0
1.11111
0
0.37037
1.85185
0.740741
2.22222
0.555556
0
2.96296
1.2963
0
0
1.48148
0
0.740741
2.22222
0
0
0
0
0
0
0.740741
0
1.48148
0
0
0
0
0
0
0
1.11111
0
0.37037
0
0.37037
0
0
0.740741
0
0
0
0.37037
0
0
0
0
0
0
0
0.740741
0
0
0
0
0.740741
0
0
0
0.37037
0
