28.0000 0.05 1
68.5714
11.4286
0
40
0
0
0
0
0
0
0
0
0
0
0
0
0
0
0
0
0
0
0
0
0
0
0
0
0
0
0
0
0
0
0
0
0
0
0
0
0
0
0
0
0
0
0
0
0
0
0
0
0
0
0
0
0
0
0
0
0
0
0
0
0
0
0
0
0
0
0
0
0
0
0
0
0
0
0
0
0
0
0
0
0
0
0
0
0
0
0
0
0
0
0
0
0
0
0
0
0
0
0
0
0
0
0
0
0
0
0
0
0
0
0
0
0
0
0
0
0
0
0
0
0
0
0
0
0
0
0
0
0
0
0
0
0
0
0
0
0
0
0
0
0
0
0
0
0
0
0
0
0
0
0
0
0
0
0
0
0
0
0
0
0
0
0
0
0
0
0
0
0
0
0
0
0
0
0
0
0
0
0
0
0
0
0
0
0
0
0
0
0
0
0
0
0
0
0
0
0
0
0
0
0
0
0
0
0
0
0
0
0
0
0
0
0
0
0
0
0
0
0
0
0
0
0
0
0
0
0
0
0
0
0
0
0
0
0
0
0
0
0
0
0
0
0
0
0
0
0
0
0
0
0
0
0
0
0
0
0
0
0
0
0
0
0
0
0
0
0
0
0
0
0
0
0
0
0
0
0
0
0
0
0
0
0
0
0
0
0
0
0
0
0
0
0
0
0
0
0
0
0
0
0
0
0
0
0
0
0
0
0
0
0
0
0
0
0
0
0
0
0
0
0
0
0
0
0
0
0
0
0
0
0
0
0
0
0
0
0
0
0
0
0
0
0
0
0
0
0
0
0
0
0
0
0
0
0
0
0
0
0
0
0
0
0
0
0
0
0
0
0
0
0
0
0
0
0
0
0
0
0
0
0
0
0
0
0
0
0
0
0
0
0
0
0
0
0
0
0
0
0
0
0
0
0
0
0
0
0
0
0
0
0
0
0
0
0
0
0
0
0
0
0
0
0
0
0
0
0
0
0
0
0
0
0
0
0
0
0
0
0
0
0
0
0
0
0
0
0
0
0
0
0
0
0
0
0
0
0
0
0
0
0
0
0
0
0
0
0
0
0
0
0
0
0
0
0
0
0
0
0
0
0
0
0
0
0
0
0
0
0
0
0
0
0
0
0
0
0
0
0
0
0
0
0
0
0
0
0
0
0
0
0
0
0
0
0
0
0
0
0
0
0
0
0
0
0
0
0
0
0
0
0
0
0
0
0
0
0
0
0
0
0
0
0
0
0
0
0
0
0
0
0
0
0
0
0
0
0
0
0
0
0
0
0
0
0
0
0
0
0
0
0
0
0
0
0
0
0
0
0
0
0
0
0
0
0
0
0
0
0
0
0
0
0
0
0
0
0
0
0
0
0
0
0
0
0
0
0
0
0
0
0
0
0
0
0
0
0
0
0
0
0
0
0
0
0
0
0
0
0
0
0
0
0
0
0
0
0
0
0
0
0
0
0
0
0
0
0
0
0
0
0
0
0
0
0
0
0
0
0
0
0
0
0
0
0
0
0
0
0
0
0
0
0
0
0
0
0
0
0
0
0
0
0
0
0
0
0
0
0
0
0
0
0
0
0
0
0
0
0
0
0
0
0
0
0
0
0
0
0
0
0
0
0
0
0
0
0
0
0
0
0
0
0
0
0
0
0
0
0
0
0
0
0
0
0
0
0
0
0
0
0
0
0
0
0
0
0
0
0
0
0
0
0
0
0
0
0
0
0
0
0
0
0
0
0
0
0
0
0
0
0
0
0
0
0
0
0
0
0
0
0
0
0
0
0
0
0
0
0
0
0
0
0
0
0
0
0
0
0
0
0
0
0
0
0
0
0
0
0
0
0
0
0
0
0
0
0
0
0
0
0
0
0
0
0
0
0
0
0
0
0
0
0
0
0
0
0
0
0
0
0
0
0
0
0
0
0
0
0
0
0
0
0
0
0
0
0
0
0
0
0
0
0
0
0
0
0
0
0
0
0
0
0
0
0
0
0
0
0
0
0
0
0
0
0
0
0
0
0
0
0
0
0
0
0
0
0
0
0
0
0
0
0
0
0
0
0
0
0
0
0
0
0
0
0
0
0
0
0
0
0
0
0
0
0
0
0
0
0
0
0
0
0
0
0
0
0
0
0
0
0
0
0
0
0
0
0
0
0
0
0
0
0
0
0
0
0
0
0
0
0
0
0
0
0
0
0
0
0
0
0
0
0
0
0
0
0
0
0
0
0
0
0
0
0
0
0
0
0
0
0
0
0
0
0
0
0
0
0
0
0
0
0
0
0
0
0
0
0
0
0
0
0
0
0
0
0
0
0
0
0
0
0
0
0
0
0
0
0
0
0
0
0
0
0
0
0
0
0
0
0
0
0
0
0
0
0.163265
0
0
0.326531
0.653061
0
0
0
0.653061
0
0.979592
0.326531
0.326531
0
1.63265
0.326531
0.979592
0
0
1.30612
0
0
0
0.326531
0
0.979592
1.30612
1.30612
0.653061
0.326531
0
0.653061
0.979592
2.28571
0
1.63265
0
0
0
0
0.653061
1.95918
0.653061
0.979592
1.63265
1.63265
0.979592
0.326531
0.326531
0.326531
0.653061
1.30612
1.30612
0
0.653061
0
1.30612
2.28571
0.326531
0.326531
0.326531
2.28571
0.653061
0
0.653061
0.653061
0.326531
0.653061
0.979592
0.653061
0
1.63265
1.95918
1.95918
2.61224
0.979592
1.95918
2.28571
0.979592
0.326531
1.63265
0
0
1.30612
0.653061
1.95918
0.816327
0.653061
1.46939
1.95918
0
0.979592
1.30612
1.30612
0.326531
1.30612
0.653061
1.30612
1.63265
0.653061
2.93878
1.63265
1.63265
1.30612
0
1.30612
2.61224
1.95918
0
3.26531
0
1.30612
2.61224
0.326531
0
1.30612
0.653061
0
3.26531
0.979592
0.979592
0.326531
0.653061
2.93878
1.95918
2.28571
2.61224
3.26531
1.63265
1.63265
2.61224
1.30612
1.30612
1.95918
1.30612
2.61224
2.61224
1.79592
1.30612
2.61224
1.95918
1.95918
1.95918
0.653061
2.93878
2.93878
2.93878
0.653061
0.979592
1.95918
1.30612
1.95918
1.95918
0.653061
1.63265
1.63265
3.7551
4.89796
2.28571
0.979592
2.61224
4.73469
3.59184
5.22449
3.26531
3.91837
1.95918
1.63265
4.57143
5.22449
4.2449
5.87755
5.22449
9.79592
6.20408
4.57143
10.449
8.4898
6.69388
4.57143
7.18367
6.20408
1.63265
4.57143
3.59184
7.5102
4.57143
3.91837
4.57143
7.5102
11.2653
4.89796
6.85714
5.87755
2.61224
3.42857
1.30612
2.93878
1.63265
3.91837
1.30612
2.93878
1.95918
2.93878
1.95918
2.61224
4.57143
2.61224
0
2.61224
3.26531
2.61224
4.2449
3.91837
0
3.91837
1.95918
3.91837
1.63265
2.61224
1.95918
0.653061
3.26531
0.979592
0.653061
0.979592
0.653061
1.63265
1.63265
2.61224
0.326531
2.61224
2.93878
1.30612
3.91837
2.12245
0.979592
1.63265
2.61224
0.979592
1.30612
0.653061
1.63265
1.63265
3.91837
0.979592
0.653061
1.95918
1.95918
2.93878
0
2.93878
3.26531
1.63265
2.61224
1.95918
1.30612
2.28571
1.95918
1.95918
3.91837
1.95918
1.95918
1.95918
1.63265
1.63265
2.93878
3.26531
1.95918
3.59184
0.653061
1.95918
1.30612
3.26531
1.95918
0.653061
0.979592
1.63265
0.816327
3.26531
3.26531
3.91837
1.63265
1.30612
1.30612
0.653061
2.28571
3.26531
1.30612
2.28571
3.26531
0.653061
3.26531
4.89796
0.979592
1.95918
2.61224
0
1.30612
1.95918
3.7551
0.979592
2.28571
1.95918
3.91837
1.95918
2.28571
0.653061
1.95918
2.93878
2.28571
2.61224
3.26531
1.30612
2.93878
0.653061
3.26531
0.979592
2.61224
0.326531
2.61224
4.2449
2.61224
1.30612
0.979592
2.28571
4.2449
3.59184
0.653061
3.26531
2.93878
0.653061
2.61224
1.95918
2.28571
2.28571
1.30612
2.93878
2.61224
1.95918
0.979592
1.63265
2.93878
4.57143
2.61224
2.93878
1.30612
2.28571
1.63265
3.42857
0.979592
4.57143
3.26531
1.30612
3.26531
4.08163
2.28571
0.653061
1.63265
1.95918
3.26531
4.2449
2.93878
0.653061
1.63265
2.61224
3.26531
3.26531
4.89796
1.30612
1.95918
0.326531
2.28571
3.26531
2.93878
1.63265
1.30612
0.979592
3.59184
2.28571
1.95918
2.12245
1.95918
0.979592
1.14286
2.61224
1.30612
1.95918
1.30612
0.979592
2.28571
1.63265
1.95918
1.95918
0
2.61224
2.44898
1.95918
3.59184
2.28571
1.63265
1.63265
1.30612
1.95918
3.26531
0.326531
0.816327
0
0.326531
1.30612
2.28571
1.30612
0.979592
0.489796
0.979592
0
0.326531
0.653061
0.653061
0.979592
0.979592
0.653061
0.326531
0.653061
0.326531
0
0.653061
0
0.979592
0.326531
0
0
0.653061
0
0
0
0.326531
0.326531
0
