51.0000 0.05 1
59.4752
85.481
96.3265
69.0379
49.6793
0
0
0
0
0
0
0
0
0
0
0
0
0
0
0
0
0
0
0
0
0
0
0
0
0
0
0
0
0
0
0
0
0
0
0
0
0
0
0
0
0
0
0
0
0
0
0
0
0
0
0
0
0
0
0
0
0
0
0
0
0
0
0
0
0
0
0
0
0
0
0
0
0
0
0
0
0
0
0
0
0
0
0
0
0
0
0
0
0
0
0
0
0
0
0
0
0
0
0
0
0
0
0
0
0
0
0
0
0
0
0
0
0
0
0
0
0
0
0
0
0
0
0
0
0
0
0
0
0
0
0
0
0
0
0
0
0
0
0
0
0
0
0
0
0
0
0
0
0
0
0
0
0
0
0
0
0
0
0
0
0
0
0
0
0
0
0
0
0
0
0
0
0
0
0
0
0
0
0
0
0
0
0
0
0
0
0
0
0
0
0
0
0
0
0
0
0
0
0
0
0
0
0
0
0
0
0
0
0
0
0
0
0
0
0
0
0
0
0
0
0
0
0
0
0
0
0
0
0
0
0
0
0
0
0
0
0
0
0
0
0
0
0
0
0
0
0
0
0
0
0
0
0
0
0
0
0
0
0
0
0
0
0
0
0
0
0
0
0
0
0
0
0
0
0
0
0
0
0
0
0
0
0
0
0
0
0
0
0
0
0
0
0
0
0
0
0
0
0
0
0
0
0
0
0
0
0
0
0
0
0
0
0
0
0
0
0
0
0
0
0
0
0
0
0
0
0
0
0
0
0
0
0
0
0
0
0
0
0
0
0
0
0
0
0
0
0
0
0
0
0
0
0
0
0
0
0
0
0
0
0
0
0
0
0
0
0
0
0
0
0
0
0
0
0
0
0
0
0
0
0
0
0
0
0
0
0
0
0
0
0
0
0
0
0
0
0
0
0
0
0
0
0
0
0
0
0
0
0
0
0
0
0
0
0
0
0
0
0
0
0
0
0
0
0
0
0
0
0
0
0
0
0
0
0
0
0
0
0
0
0
0
0
0
0
0
0
0
0
0
0
0
0
0
0
0
0
0
0
0
0
0
0
0
0
0
0
0
0
0
0
0
0
0
0
0
0
0
0
0
0
0
0
0
0
0
0
0
0
0
0
0
0
0
0
0
0
0
0
0
0
0
0
0
0
0
0
0
0
0
0
0
0
0
0
0
0
0
0
0
0
0
0
0
0
0
0
0
0
0
0
0
0
0
0
0
0
0
0
0
0
0
0
0
0
0
0
0
0
0
0
0
0
0
0
0
0
0
0
0
0
0
0
0
0
0
0
0
0
0
0
0
0
0
0
0
0
0
0
0
0
0
0
0
0
0
0
0
0
0
0
0
0
0
0
0
0
0
0
0
0
0
0
0
0
0
0
0
0
0
0
0
0
0
0
0
0
0
0
0
0
0
0
0
0
0
0
0
0
0
0
0
0
0
0
0
0
0
0
0
0
0
0
0
0
0
0
0
0
0
0
0
0
0
0
0
0
0
0
0
0
0
0
0
0
0
0
0
0
0
0
0
0
0
0
0
0
0
0
0
0
0
0
0
0
0
0
0
0
0
0
0
0
0
0
0
0
0
0
0
0
0
0
0
0
0
0
0
0
0
0
0
0
0
0
0
0
0
0
0
0
0
0
0
0
0
0
0
0
0
0
0
0
0
0
0
0
0
0
0
0
0
0
0
0
0
0
0
0
0
0
0
0
0
0
0
0
0
0
0
0
0
0
0
0
0
0
0
0
0
0
0
0
0
0
0
0
0
0
0
0
0
0
0
0
0
0
0
0
0
0
0
0
0
0
0
0
0
0
0
0
0
0
0
0
0
0
0
0
0
0
0
0
0
0
0
0
0
0
0
0
0
0
0
0
0
0
0
0
0
0
0
0
0
0
0
0
0
0
0
0
0
0
0
0
0
0
0
0
0
0
0
0
0
0
0
0
0
0
0
0
0
0
0
0
0
0
0
0
0
0
0
0
0
0
0
0
0
0
0
0
0
0
0
0
0
0
0
0
0
0
0
0
0
0
0
0
0
0
0
0
0
0
0
0
0
0
0
0
0
0
0
0
0
0
0
0
0
0
0
0
0
0
0
0
0
0
0
0
0
0
0
0
0
0
0
0
0
0
0
0
0
0
0
0
0
0
0
0
0
0
0
0
0
0
0
0
0
0
0
0
0
0
0
0
0
0
0
0
0
0
0
0
0
0
0
0
0
0
0
0
0
0
0
0
0
0
0
0
0
0
0
0
0
0
0
0
0
0
0
0
0
0
0
0
0
0
0
0
0
0
0
0
0
0
0
0
0
0
0
0
0
0
0
0
0
0
0
0
0
0
0
0
0
0
0
0
0
0
0
0
0
0
0
0
0
0
0
0
0
0
0
0
0
0
0
0
0
0
0
0.116618
0
0
0.233236
0.233236
0.233236
0
0
0
0.699708
0
0
0.466472
0
1.16618
0.233236
0.466472
0.466472
0
0
0
0.466472
0.699708
0.466472
0
0.466472
0.466472
0
0.233236
1.16618
0.233236
0.233236
0
0.233236
0.699708
1.16618
0.466472
1.63265
0.466472
0.466472
0.233236
0.466472
0.932945
0
0.466472
0.233236
2.33236
0
1.39942
0
0
0.233236
1.39942
0
0
0
0.932945
0
0.466472
0.932945
0.466472
0
0
2.09913
1.16618
0
0
0.233236
0
0
0.466472
1.63265
1.16618
0.466472
0.932945
0.932945
0.699708
0.466472
0.466472
0.466472
0
1.16618
0.932945
1.39942
1.86589
0.233236
1.39942
0.233236
0.466472
0.699708
2.09913
0.932945
0.932945
1.39942
2.79883
1.16618
0.466472
0.466472
1.16618
1.86589
0.932945
0.699708
0.466472
0.466472
1.39942
0.466472
1.86589
1.63265
0.233236
1.63265
0
1.16618
1.16618
1.86589
1.86589
2.5656
2.44898
2.09913
3.49854
5.1312
1.86589
3.26531
2.5656
1.39942
3.49854
3.14869
2.33236
2.5656
3.03207
1.39942
4.19825
3.49854
6.53061
3.8484
3.73178
2.79883
4.66472
6.29738
3.96501
6.29738
9.56268
8.97959
4.19825
6.06414
9.32945
7.23032
4.19825
3.73178
7.46356
3.03207
7.93003
9.56268
7.46356
9.09621
9.56268
12.1283
12.0117
6.29738
6.64723
10.4956
8.16327
8.86297
7.46356
10.0292
9.44606
10.0292
9.79592
6.29738
4.5481
7.34694
4.19825
5.36443
8.62974
7.93003
9.6793
9.09621
10.8455
10.0292
5.1312
7.69679
8.3965
8.62974
10.9621
10.2624
9.32945
8.3965
10.9621
12.1283
9.32945
10.8455
6.53061
7.69679
5.1312
10.0292
6.99708
7.58017
9.79592
8.16327
4.43149
7.69679
6.99708
3.49854
3.03207
5.94752
1.63265
1.86589
0.699708
1.86589
0.932945
2.5656
1.39942
3.03207
2.33236
4.19825
0.699708
2.09913
4.19825
1.63265
1.86589
0.932945
2.09913
1.86589
2.09913
0.233236
0.932945
0.466472
1.86589
0.932945
1.39942
2.68222
1.86589
0.932945
1.39942
1.16618
0
0
2.33236
0.699708
0.116618
1.63265
0.466472
1.86589
0.233236
1.39942
0.699708
0.932945
2.09913
1.86589
1.39942
0
0
0.466472
0.699708
0
0
1.16618
1.39942
1.86589
1.86589
0
1.39942
0.466472
1.39942
1.63265
0.466472
0.466472
0.466472
0.466472
0.932945
0.466472
0.932945
0.466472
0
1.39942
0.932945
2.33236
0.932945
0.233236
0.116618
0.699708
0.466472
0.932945
1.16618
0.466472
1.63265
0.932945
2.09913
1.39942
1.16618
2.5656
1.63265
2.33236
2.09913
1.63265
1.39942
1.63265
0.932945
2.33236
0.932945
0.932945
0.699708
0.466472
0.932945
0.233236
0
0.699708
1.04956
1.86589
2.09913
1.86589
0.932945
1.16618
0.932945
2.33236
0.932945
1.39942
0.466472
1.63265
1.39942
0
1.39942
1.39942
0.932945
1.63265
0.466472
1.86589
1.16618
1.39942
0.699708
0.699708
3.03207
0.932945
1.39942
2.33236
1.39942
0.932945
1.86589
0.349854
1.16618
0.932945
1.63265
1.16618
1.16618
1.86589
2.33236
2.79883
0.932945
1.39942
2.79883
1.16618
0.466472
1.63265
1.16618
2.33236
0.932945
0.466472
1.63265
0
0.932945
0.466472
0.932945
1.86589
0.932945
1.16618
2.09913
1.86589
0.932945
2.09913
0.932945
0.466472
3.26531
0.466472
1.63265
0.466472
1.16618
0.466472
0.932945
0.466472
0
1.63265
0.932945
1.39942
0.932945
0.932945
0.233236
0
1.86589
0.233236
0
0.466472
0
0.466472
1.63265
0.466472
0
0.932945
1.63265
1.86589
0.699708
0.466472
0
0.699708
0
0.932945
1.16618
0
0.466472
0.699708
0
1.16618
0.233236
0.699708
1.39942
0.932945
0.233236
1.16618
0.932945
0
0
0.233236
0.233236
0.699708
0.932945
0.466472
0
0
0
0.466472
1.16618
0.233236
0.233236
0.466472
0.932945
0
0
0.233236
0.233236
0
0
0
0.233236
0
0.349854
0
0.233236
0
0
0
0
0
0
0
0.233236
0.233236
0
