44.0000 0.05 1
160
80
0
0
0
0
0
0
0
0
0
0
0
0
0
0
0
0
0
0
0
0
0
0
0
0
0
0
0
0
0
0
0
0
0
0
0
0
0
0
0
0
0
0
0
0
0
0
0
0
0
0
0
0
0
0
0
0
0
0
0
0
0
0
0
0
0
0
0
0
0
0
0
0
0
0
0
0
0
0
0
0
0
0
0
0
0
0
0
0
0
0
0
0
0
0
0
0
0
0
0
0
0
0
0
0
0
0
0
0
0
0
0
0
0
0
0
0
0
0
0
0
0
0
0
0
0
0
0
0
0
0
0
0
0
0
0
0
0
0
0
0
0
0
0
0
0
0
0
0
0
0
0
0
0
0
0
0
0
0
0
0
0
0
0
0
0
0
0
0
0
0
0
0
0
0
0
0
0
0
0
0
0
0
0
0
0
0
0
0
0
0
0
0
0
0
0
0
0
0
0
0
0
0
0
0
0
0
0
0
0
0
0
0
0
0
0
0
0
0
0
0
0
0
0
0
0
0
0
0
0
0
0
0
0
0
0
0
0
0
0
0
0
0
0
0
0
0
0
0
0
0
0
0
0
0
0
0
0
0
0
0
0
0
0
0
0
0
0
0
0
0
0
0
0
0
0
0
0
0
0
0
0
0
0
0
0
0
0
0
0
0
0
0
0
0
0
0
0
0
0
0
0
0
0
0
0
0
0
0
0
0
0
0
0
0
0
0
0
0
0
0
0
0
0
0
0
0
0
0
0
0
0
0
0
0
0
0
0
0
0
0
0
0
0
0
0
0
0
0
0
0
0
0
0
0
0
0
0
0
0
0
0
0
0
0
0
0
0
0
0
0
0
0
0
0
0
0
0
0
0
0
0
0
0
0
0
0
0
0
0
0
0
0
0
0
0
0
0
0
0
0
0
0
0
0
0
0
0
0
0
0
0
0
0
0
0
0
0
0
0
0
0
0
0
0
0
0
0
0
0
0
0
0
0
0
0
0
0
0
0
0
0
0
0
0
0
0
0
0
0
0
0
0
0
0
0
0
0
0
0
0
0
0
0
0
0
0
0
0
0
0
0
0
0
0
0
0
0
0
0
0
0
0
0
0
0
0
0
0
0
0
0
0
0
0
0
0
0
0
0
0
0
0
0
0
0
0
0
0
0
0
0
0
0
0
0
0
0
0
0
0
0
0
0
0
0
0
0
0
0
0
0
0
0
0
0
0
0
0
0
0
0
0
0
0
0
0
0
0
0
0
0
0
0
0
0
0
0
0
0
0
0
0
0
0
0
0
0
0
0
0
0
0
0
0
0
0
0
0
0
0
0
0
0
0
0
0
0
0
0
0
0
0
0
0
0
0
0
0
0
0
0
0
0
0
0
0
0
0
0
0
0
0
0
0
0
0
0
0
0
0
0
0
0
0
0
0
0
0
0
0
0
0
0
0
0
0
0
0
0
0
0
0
0
0
0
0
0
0
0
0
0
0
0
0
0
0
0
0
0
0
0
0
0
0
0
0
0
0
0
0
0
0
0
0
0
0
0
0
0
0
0
0
0
0
0
0
0
0
0
0
0
0
0
0
0
0
0
0
0
0
0
0
0
0
0
0
0
0
0
0
0
0
0
0
0
0
0
0
0
0
0
0
0
0
0
0
0
0
0
0
0
0
0
0
0
0
0
0
0
0
0
0
0
0
0
0
0
0
0
0
0
0
0
0
0
0
0
0
0
0
0
0
0
0
0
0
0
0
0
0
0
0
0
0
0
0
0
0
0
0
0
0
0
0
0
0
0
0
0
0
0
0
0
0
0
0
0
0
0
0
0
0
0
0
0
0
0
0
0
0
0
0
0
0
0
0
0
0
0
0
0
0
0
0
0
0
0
0
0
0
0
0
0
0
0
0
0
0
0
0
0
0
0
0
0
0
0
0
0
0
0
0
0
0
0
0
0
0
0
0
0
0
0
0
0
0
0
0
0
0
0
0
0
0
0
0
0
0
0
0
0
0
0
0
0
0
0
0
0
0
0
0
0
0
0
0
0
0
0
0
0
0
0
0
0
0
0
0
0
0
0
0
0
0
0
0
0
0
0
0
0
0
0
0
0
0
0
0
0
0
0
0
0
0
0
0
0
0
0
0
0
0
0
0
0
0
0
0
0
0
0
0
0
0
0
0
0
0
0
0
0
0
0
0
0
0
0
0
0
0
0
0
0
0
0
0
0
0
0
0
0
0
0
0
0
0
0
0
0
0
0
0
0
0
0
0
0
0
0
0
0
0
0
0
0
0
0
0
0
0
0
0
0
0
0
0
0
0
0
0
0
0
0
0
0
0
0
0
0
0
0
0
0
0
0
0
0
0
0
0
0
0
0
0
0
0
0.222222
0
0
0
0.444444
0.444444
0
1.33333
0
0
0.888889
0
0.444444
0.888889
0
0
0
0.888889
1.77778
0
0.444444
1.33333
0
0.444444
0
0
3.11111
1.33333
0.888889
0
1.33333
0
0
0
0
1.77778
0
0
1.77778
2.22222
0.444444
1.77778
1.11111
0.888889
0.888889
0.444444
0
0
1.77778
1.77778
0.222222
0.444444
3.55556
0.444444
0
0.888889
0
0.888889
0.444444
0.444444
0
2.66667
1.33333
4
0
0.888889
1.33333
0.888889
0.888889
3.11111
0.888889
0
2.22222
0
0.444444
0.888889
0
0.888889
0.444444
1.77778
1.77778
0.888889
3.11111
1.33333
2.66667
0
0.888889
0.444444
0.888889
0
0.888889
3.11111
0.888889
2.22222
2.66667
0
0.888889
0.888889
0.888889
2.88889
0
1.77778
0.888889
1.33333
2.66667
1.33333
0.888889
2.66667
2.66667
2.44444
2.66667
2.88889
0
1.77778
0.888889
2
0.444444
1.77778
2.66667
0.888889
2.22222
2.66667
1.33333
1.33333
1.77778
1.33333
0.444444
1.77778
0.888889
1.77778
1.77778
0.888889
0.444444
2.66667
1.33333
4
3.11111
8.44444
0
0.888889
2.22222
2.66667
3.11111
2.66667
4
3.11111
3.11111
2.44444
0.888889
1.77778
1.33333
1.55556
3.11111
4.88889
8
4.44444
3.11111
4.44444
6.22222
3.55556
3.11111
5.77778
2.88889
4.44444
8
4.88889
9.55556
8.88889
4
4.44444
12.2222
6.44444
7.55556
9.33333
10.4444
14
6.66667
9.11111
8
6.66667
8.44444
10.8889
12.8889
13.7778
15.5556
11.5556
7.11111
5.77778
7.33333
4
16.4444
10
12.6667
13.3333
6.22222
7.33333
4.44444
4.22222
2.88889
5.33333
2
9.77778
5.33333
4.44444
4.88889
4.88889
4
1.33333
4.88889
2
1.33333
1.77778
4.44444
4.44444
4
2.22222
1.33333
1.33333
0.888889
2.66667
2.66667
0.888889
0.888889
3.11111
1.77778
0.888889
2.22222
2.66667
2.66667
0.888889
1.77778
3.77778
3.11111
3.11111
3.55556
2.22222
4.44444
2.66667
3.55556
4
1.77778
0.888889
0.888889
1.33333
4.88889
1.33333
1.33333
4
2.66667
2.88889
1.11111
1.33333
1.33333
2.66667
2.22222
1.33333
4.22222
0
2.22222
2.22222
1.77778
1.77778
2.22222
3.55556
3.11111
2.66667
0.888889
4
0.666667
1.33333
2.22222
5.55556
0
1.77778
2.66667
1.33333
3.11111
0.888889
3.11111
4.44444
2.22222
3.55556
2.88889
3.11111
1.33333
0
0
2.22222
2.66667
1.33333
2.44444
4
4
1.77778
3.55556
1.77778
0.444444
2.66667
1.77778
3.11111
2.66667
2.44444
4
3.55556
2.22222
2.66667
0.888889
4.44444
0
1.77778
3.55556
3.55556
3.55556
2.22222
0
1.33333
4.66667
4.66667
3.55556
1.77778
0.888889
0.666667
3.55556
3.11111
3.11111
1.33333
3.55556
4
3.11111
0.888889
0
2.44444
2.66667
2.66667
1.77778
2.22222
3.11111
0.888889
2.66667
1.77778
1.33333
1.77778
0.888889
3.33333
2.66667
5.33333
4
3.11111
1.77778
2.22222
3.11111
4.88889
2.22222
2.66667
2.44444
1.33333
4
1.33333
4.44444
2.66667
0.444444
2.66667
1.33333
1.33333
3.55556
1.77778
0.444444
1.77778
1.11111
3.11111
2.66667
2.22222
2
3.11111
3.11111
5.11111
3.77778
1.33333
1.33333
1.77778
3.55556
0.444444
1.33333
1.33333
2.22222
0
2.22222
3.11111
1.11111
0.888889
0.888889
2.88889
0.888889
1.77778
0.444444
1.77778
0.888889
0.888889
0
0.888889
2.22222
0
0
0
0.888889
0.444444
1.33333
0.888889
0
0.888889
2.22222
0
0
0
0
0
0
0
0
0
0
0
0
0
0
0
0
0
0
0
0
0
0
0.888889
0
