54.0000 0.05 1
120
0
0
0
52.2222
72.2222
100.741
14.8148
0
0
0
0
0
0
0
0
0
0
0
0
0
0
0
0
0
0
0
0
0
0
0
0
0
0
0
0
0
0
0
0
0
0
0
0
0
0
0
0
0
0
0
0
0
0
0
0
0
0
0
0
0
0
0
0
0
0
0
0
0
0
0
0
0
0
0
0
0
0
0
0
0
0
0
0
0
0
0
0
0
0
0
0
0
0
0
0
0
0
0
0
0
0
0
0
0
0
0
0
0
0
0
0
0
0
0
0
0
0
0
0
0
0
0
0
0
0
0
0
0
0
0
0
0
0
0
0
0
0
0
0
0
0
0
0
0
0
0
0
0
0
0
0
0
0
0
0
0
0
0
0
0
0
0
0
0
0
0
0
0
0
0
0
0
0
0
0
0
0
0
0
0
0
0
0
0
0
0
0
0
0
0
0
0
0
0
0
0
0
0
0
0
0
0
0
0
0
0
0
0
0
0
0
0
0
0
0
0
0
0
0
0
0
0
0
0
0
0
0
0
0
0
0
0
0
0
0
0
0
0
0
0
0
0
0
0
0
0
0
0
0
0
0
0
0
0
0
0
0
0
0
0
0
0
0
0
0
0
0
0
0
0
0
0
0
0
0
0
0
0
0
0
0
0
0
0
0
0
0
0
0
0
0
0
0
0
0
0
0
0
0
0
0
0
0
0
0
0
0
0
0
0
0
0
0
0
0
0
0
0
0
0
0
0
0
0
0
0
0
0
0
0
0
0
0
0
0
0
0
0
0
0
0
0
0
0
0
0
0
0
0
0
0
0
0
0
0
0
0
0
0
0
0
0
0
0
0
0
0
0
0
0
0
0
0
0
0
0
0
0
0
0
0
0
0
0
0
0
0
0
0
0
0
0
0
0
0
0
0
0
0
0
0
0
0
0
0
0
0
0
0
0
0
0
0
0
0
0
0
0
0
0
0
0
0
0
0
0
0
0
0
0
0
0
0
0
0
0
0
0
0
0
0
0
0
0
0
0
0
0
0
0
0
0
0
0
0
0
0
0
0
0
0
0
0
0
0
0
0
0
0
0
0
0
0
0
0
0
0
0
0
0
0
0
0
0
0
0
0
0
0
0
0
0
0
0
0
0
0
0
0
0
0
0
0
0
0
0
0
0
0
0
0
0
0
0
0
0
0
0
0
0
0
0
0
0
0
0
0
0
0
0
0
0
0
0
0
0
0
0
0
0
0
0
0
0
0
0
0
0
0
0
0
0
0
0
0
0
0
0
0
0
0
0
0
0
0
0
0
0
0
0
0
0
0
0
0
0
0
0
0
0
0
0
0
0
0
0
0
0
0
0
0
0
0
0
0
0
0
0
0
0
0
0
0
0
0
0
0
0
0
0
0
0
0
0
0
0
0
0
0
0
0
0
0
0
0
0
0
0
0
0
0
0
0
0
0
0
0
0
0
0
0
0
0
0
0
0
0
0
0
0
0
0
0
0
0
0
0
0
0
0
0
0
0
0
0
0
0
0
0
0
0
0
0
0
0
0
0
0
0
0
0
0
0
0
0
0
0
0
0
0
0
0
0
0
0
0
0
0
0
0
0
0
0
0
0
0
0
0
0
0
0
0
0
0
0
0
0
0
0
0
0
0
0
0
0
0
0
0
0
0
0
0
0
0
0
0
0
0
0
0
0
0
0
0
0
0
0
0
0
0
0
0
0
0
0
0
0
0
0
0
0
0
0
0
0
0
0
0
0
0
0
0
0
0
0
0
0
0
0
0
0
0
0
0
0
0
0
0
0
0
0
0
0
0
0
0
0
0
0
0
0
0
0
0
0
0
0
0
0
0
0
0
0
0
0
0
0
0
0
0
0
0
0
0
0
0
0
0
0
0
0
0
0
0
0
0
0
0
0
0
0
0
0
0
0
0
0
0
0
0
0
0
0
0
0
0
0
0
0
0
0
0
0
0
0
0
0
0
0
0
0
0
0
0
0
0
0
0
0
0
0
0
0
0
0
0
0
0
0
0
0
0
0
0
0
0
0
0
0
0
0
0
0
0
0
0
0
0
0
0
0
0
0
0
0
0
0
0
0
0
0
0
0
0
0
0
0
0
0
0
0
0
0
0
0
0
0
0
0
0
0
0
0
0
0
0
0
0
0
0
0
0
0
0
0
0
0
0
0
0
0
0
0
0
0
0
0
0
0
0
0
0
0
0
0
0
0
0
0
0
0
0
0
0
0
0
0
0
0
0
0
0
0
0
0
0
0
0
0
0
0
0
0
0
0
0
0
0
0
0
0
0
0
0
0
0
0
0
0
0
0
0
0
0
0
0
0
0
0
0
0
0
0
0
0
0
0
0
0
0
0
0
0
0
0
0
0
0
0
0
0
0
0
0
0
0
0.185185
0
0.37037
0
0
0
0.37037
0
0
0.740741
0
0.925926
0.740741
0
0
0.740741
0
0
0.740741
0
1.48148
1.48148
0
0.185185
0
0
1.48148
0
0
0.740741
0.37037
0
0
0
1.11111
0
1.48148
0
0
0
0.740741
0
0.740741
0.37037
1.48148
2.22222
0
0.740741
2.22222
1.48148
0
1.48148
1.85185
0
1.66667
0
0.37037
0
2.22222
0
0.740741
1.48148
0.740741
0
0
0.37037
0
0
1.48148
0.740741
0.740741
0
1.11111
1.48148
3.14815
0
1.48148
0
1.48148
2.59259
0
1.48148
1.85185
0
0.740741
1.48148
1.11111
0.37037
0.740741
0
0
2.96296
2.59259
0.740741
0
1.48148
1.48148
2.22222
1.48148
2.22222
0
2.96296
0.740741
2.22222
2.59259
0
0.37037
0
1.85185
2.22222
1.11111
0
1.48148
0.740741
3.51852
0.37037
2.59259
1.48148
2.22222
2.96296
2.59259
0.740741
4.44444
1.48148
2.96296
1.48148
0
2.59259
0
3.33333
2.59259
0.740741
2.96296
4.81481
0
0
2.22222
3.33333
5.37037
3.7037
2.96296
0.37037
6.2963
1.85185
9.25926
8.51852
6.85185
5.74074
7.03704
5
5.92593
3.14815
4.44444
2.59259
10.3704
6.48148
5.74074
7.40741
12.037
14.4444
9.62963
10.3704
13.7037
12.5926
5.92593
4.81481
8.33333
11.8519
6.48148
5.92593
7.77778
5.55556
13.5185
4.44444
10.3704
7.03704
7.03704
15.1852
20.5556
16.2963
5.74074
9.81481
6.11111
14.0741
20.3704
14.2593
9.62963
8.51852
5.74074
10.3704
7.40741
1.11111
1.48148
4.62963
10.1852
4.07407
5.55556
9.44444
13.3333
13.7037
16.6667
10
3.7037
5.18519
4.44444
4.44444
3.14815
2.22222
5.37037
3.33333
5.18519
4.07407
2.22222
6.66667
1.85185
0.37037
3.7037
2.22222
0.37037
2.22222
3.7037
3.33333
1.85185
0.740741
0
0.925926
0.740741
2.22222
2.22222
1.48148
4.07407
0
1.48148
1.85185
0
3.7037
1.48148
1.85185
0
1.48148
0
2.22222
2.96296
0.740741
0.740741
2.59259
0.740741
1.85185
0.740741
0
0
1.48148
4.44444
2.96296
0
0.37037
0.740741
0
1.48148
0
2.96296
0
0
0
0
2.59259
1.48148
1.11111
0.37037
2.96296
2.22222
0
1.11111
2.22222
0
2.22222
0.740741
0
0.740741
2.22222
1.48148
0.37037
0.185185
1.85185
1.85185
2.96296
1.48148
1.85185
2.96296
2.22222
1.85185
3.7037
1.48148
3.7037
1.48148
5.55556
2.22222
4.07407
0
1.85185
0
2.22222
1.48148
2.22222
0.740741
1.85185
4.44444
2.22222
1.66667
1.48148
2.96296
0.740741
1.11111
1.85185
1.48148
1.85185
3.7037
0.185185
0.740741
1.11111
2.96296
0.740741
1.11111
5.18519
0.740741
1.85185
0.37037
0.740741
2.96296
0
3.33333
1.85185
1.48148
2.22222
1.48148
1.48148
1.85185
0.740741
2.96296
0.740741
5.18519
1.85185
4.44444
1.48148
2.22222
0.37037
3.7037
1.48148
1.11111
1.85185
3.7037
1.48148
0.740741
2.22222
0
0.37037
1.48148
1.48148
0
1.48148
4.44444
5.18519
0.37037
0.740741
0.740741
0.740741
2.96296
1.66667
1.11111
2.59259
1.85185
2.22222
0.740741
2.77778
6.11111
0.555556
2.22222
2.22222
0.740741
3.7037
0.740741
0
3.14815
0.740741
1.48148
1.48148
0.740741
0
2.96296
0.740741
2.59259
2.96296
1.85185
0.740741
3.14815
2.22222
0
1.48148
0.37037
0
0
2.22222
2.22222
1.48148
1.11111
0.37037
0
2.22222
1.48148
0.740741
0.740741
0.740741
2.59259
0
1.48148
0.925926
2.22222
0.37037
1.85185
0.37037
0
1.48148
1.48148
2.22222
0
4.81481
0.740741
0
0.740741
0
0
1.48148
0.740741
1.2963
0
1.48148
0
0
0
0
0
1.48148
1.48148
0
0.37037
0
0
0
0.740741
0
0
0
0
0.740741
0.740741
0.37037
0
0.37037
0
1.11111
0
