115.0000 0.05 1
20
16.8
49.6
33.6
71.36
69.44
84.96
14.24
14.4
28.8
22.56
77.92
76.8
130.4
108.32
20.8
0
0
0
0
0
0
0
0
0
0
0
0
0
0
0
0
0
0
0
0
0
0
0
0
0
0
0
0
0
0
0
0
0
0
0
0
0
0
0
0
0
0
0
0
0
0
0
0
0
0
0
0
0
0
0
0
0
0
0
0
0
0
0
0
0
0
0
0
0
0
0
0
0
0
0
0
0
0
0
0
0
0
0
0
0
0
0
0
0
0
0
0
0
0
0
0
0
0
0
0
0
0
0
0
0
0
0
0
0
0
0
0
0
0
0
0
0
0
0
0
0
0
0
0
0
0
0
0
0
0
0
0
0
0
0
0
0
0
0
0
0
0
0
0
0
0
0
0
0
0
0
0
0
0
0
0
0
0
0
0
0
0
0
0
0
0
0
0
0
0
0
0
0
0
0
0
0
0
0
0
0
0
0
0
0
0
0
0
0
0
0
0
0
0
0
0
0
0
0
0
0
0
0
0
0
0
0
0
0
0
0
0
0
0
0
0
0
0
0
0
0
0
0
0
0
0
0
0
0
0
0
0
0
0
0
0
0
0
0
0
0
0
0
0
0
0
0
0
0
0
0
0
0
0
0
0
0
0
0
0
0
0
0
0
0
0
0
0
0
0
0
0
0
0
0
0
0
0
0
0
0
0
0
0
0
0
0
0
0
0
0
0
0
0
0
0
0
0
0
0
0
0
0
0
0
0
0
0
0
0
0
0
0
0
0
0
0
0
0
0
0
0
0
0
0
0
0
0
0
0
0
0
0
0
0
0
0
0
0
0
0
0
0
0
0
0
0
0
0
0
0
0
0
0
0
0
0
0
0
0
0
0
0
0
0
0
0
0
0
0
0
0
0
0
0
0
0
0
0
0
0
0
0
0
0
0
0
0
0
0
0
0
0
0
0
0
0
0
0
0
0
0
0
0
0
0
0
0
0
0
0
0
0
0
0
0
0
0
0
0
0
0
0
0
0
0
0
0
0
0
0
0
0
0
0
0
0
0
0
0
0
0
0
0
0
0
0
0
0
0
0
0
0
0
0
0
0
0
0
0
0
0
0
0
0
0
0
0
0
0
0
0
0
0
0
0
0
0
0
0
0
0
0
0
0
0
0
0
0
0
0
0
0
0
0
0
0
0
0
0
0
0
0
0
0
0
0
0
0
0
0
0
0
0
0
0
0
0
0
0
0
0
0
0
0
0
0
0
0
0
0
0
0
0
0
0
0
0
0
0
0
0
0
0
0
0
0
0
0
0
0
0
0
0
0
0
0
0
0
0
0
0
0
0
0
0
0
0
0
0
0
0
0
0
0
0
0
0
0
0
0
0
0
0
0
0
0
0
0
0
0
0
0
0
0
0
0
0
0
0
0
0
0
0
0
0
0
0
0
0
0
0
0
0
0
0
0
0
0
0
0
0
0
0
0
0
0
0
0
0
0
0
0
0
0
0
0
0
0
0
0
0
0
0
0
0
0
0
0
0
0
0
0
0
0
0
0
0
0
0
0
0
0
0
0
0
0
0
0
0
0
0
0
0
0
0
0
0
0
0
0
0
0
0
0
0
0
0
0
0
0
0
0
0
0
0
0
0
0
0
0
0
0
0
0
0
0
0
0
0
0
0
0
0
0
0
0
0
0
0
0
0
0
0
0
0
0
0
0
0
0
0
0
0
0
0
0
0
0
0
0
0
0
0
0
0
0
0
0
0
0
0
0
0
0
0
0
0
0
0
0
0
0
0
0
0
0
0
0
0
0
0
0
0
0
0
0
0
0
0
0
0
0
0
0
0
0
0
0
0
0
0
0
0
0
0
0
0
0
0
0
0
0
0
0
0
0
0
0
0
0
0
0
0
0
0
0
0
0
0
0
0
0
0
0
0
0
0
0
0
0
0
0
0
0
0
0
0
0
0
0
0
0
0
0
0
0
0
0
0
0
0
0
0
0
0
0
0
0
0
0
0
0
0
0
0
0
0
0
0
0
0
0
0
0
0
0
0
0
0
0
0
0
0
0
0
0
0
0
0
0
0
0
0
0
0
0
0
0
0
0
0
0
0
0
0
0
0
0
0
0
0
0
0
0
0
0
0
0
0
0
0
0
0
0
0
0
0
0
0
0
0
0
0
0
0
0
0
0
0
0
0
0
0
0
0
0
0
0
0
0
0
0
0
0
0
0
0
0
0
0
0
0
0
0
0
0
0
0
0
0
0
0
0
0
0
0
0
0
0
0
0
0
0
0
0
0
0
0
0
0
0
0
0
0
0
0
0
0
0
0
0
0
0
0
0
0
0
0
0
0
0
0
0
0
0
0
0
0
0
0
0
0
0
0
0
0
0
0
0
0
0
0
0
0
0
0
0
0
0
0
0
0
0
0
0
0
0
0
0
0
0
0
0
0
0
0
0
0
0
0
0
0
0
0
0
0
0.16
0.16
0
0
0
0.64
0
0.64
0.64
0
0.64
0
1.28
1.28
0.64
0.64
0
0
0.32
0.64
0.32
0
0
0
1.28
2.56
0.64
1.28
1.28
0.64
0
2.56
1.28
1.28
0
0
1.28
0.32
0.32
0
0
1.28
3.84
0
2.56
1.28
1.6
0.32
0
0
0
0.64
0.96
2.88
0
4.48
0.64
0
0
0
1.28
0
0
3.2
3.2
0
0
2.56
0.64
1.28
1.28
2.56
1.28
0
0.64
2.56
0.32
0.96
7.68
1.92
3.2
1.28
2.56
1.28
1.92
0
0
0
0.64
2.56
3.2
1.92
4.8
4
1.28
3.68
3.84
2.56
1.6
3.84
2.08
3.68
4.16
5.44
4.48
6.88
2.88
6.56
6.08
6.56
8
5.12
8.32
5.44
6.88
5.12
8
12.8
6.4
6.4
8.48
12.32
8.96
12.96
12.16
8
15.04
18.08
11.04
14.4
17.6
14.72
13.28
7.84
16.96
15.04
7.68
16.96
11.84
16.32
14.56
19.04
14.08
20.32
15.04
13.44
17.92
19.2
19.84
16.48
16.16
16.8
23.84
21.76
21.92
12.64
19.52
17.92
16.8
25.12
19.84
16.64
11.36
16.32
19.04
16
18.88
23.84
10.24
24.48
16.32
21.12
20.16
21.28
22.72
20.64
20.16
20.16
15.36
22.4
14.72
21.6
16.32
23.04
20.64
19.84
27.36
14.88
10.08
8.8
13.28
18.24
20.96
11.84
5.92
7.68
12.48
6.4
5.76
3.68
4
1.28
3.84
4.8
3.52
4.8
3.2
3.52
2.08
2.24
3.04
6.4
3.2
1.92
0
4.16
4.8
1.76
1.28
2.56
2.88
0
1.28
1.28
3.2
3.84
1.6
0.96
3.84
3.52
3.2
3.84
1.92
4.48
2.56
2.88
3.84
2.56
2.56
0.64
4.8
1.6
2.56
1.92
3.2
1.6
2.56
1.28
0
3.84
1.92
0
2.56
1.28
0
0.64
1.92
1.28
2.56
0.96
1.6
1.6
0.32
3.84
0.96
2.56
0.32
0.64
0
0
0.32
1.92
0
4.48
0.96
1.6
2.56
2.56
1.28
1.28
4.8
0.48
2.72
0.32
0.96
1.92
0.32
2.56
0.32
2.88
0.32
0.64
2.88
0.96
3.2
1.92
2.88
1.28
4.16
3.2
2.88
4.8
1.92
1.92
1.92
4.48
1.28
3.52
1.28
1.28
4.16
1.92
2.24
3.2
2.56
3.2
1.92
3.2
1.28
1.76
3.36
1.28
0.64
1.44
2.56
0.64
4
1.28
2.24
3.2
1.28
2.56
0
0
3.2
2.08
3.2
1.44
2.24
2.24
0.64
2.56
1.92
0
2.56
2.24
5.12
1.76
2.88
1.92
0.16
1.92
1.28
3.84
0.96
1.28
0.32
2.24
1.6
0.96
2.88
1.92
6.4
5.76
5.12
1.92
3.52
2.24
5.12
2.24
3.84
1.92
2.56
4.8
4
2.56
3.36
2.56
2.56
2.56
1.28
1.92
3.84
4
2.72
2.24
0.96
1.28
1.92
3.2
2.24
6.4
4.48
3.84
1.6
1.92
2.72
2.56
2.72
1.28
5.44
2.88
4.48
2.56
0.96
0.96
0.48
6.4
4.32
1.28
2.4
2.88
1.44
3.84
3.84
0
1.6
1.28
0.96
1.92
4.48
2.56
5.76
1.6
2.4
2.08
2.88
3.52
2.56
3.2
3.2
0.64
1.6
4.48
2.24
4.48
4.48
2.56
5.12
3.84
5.12
3.84
2.56
5.12
1.28
3.84
2.56
1.6
3.52
5.76
3.84
1.92
1.28
3.52
7.36
1.28
1.28
0.64
5.12
1.28
1.92
0
2.24
4.8
1.92
1.92
1.28
0
4.48
4.48
3.2
0.32
0.32
0
0
0
0.64
0.64
1.28
0
1.92
1.28
1.28
0
1.28
0
1.6
0.32
0
