22.0000 0.05 1
40
0
0
0
0
0
62.4
17.6
0
0
0
0
0
0
0
0
0
0
0
0
0
0
0
0
0
0
0
0
0
0
0
0
0
0
0
0
0
0
0
0
0
0
0
0
0
0
0
0
0
0
0
0
0
0
0
0
0
0
0
0
0
0
0
0
0
0
0
0
0
0
0
0
0
0
0
0
0
0
0
0
0
0
0
0
0
0
0
0
0
0
0
0
0
0
0
0
0
0
0
0
0
0
0
0
0
0
0
0
0
0
0
0
0
0
0
0
0
0
0
0
0
0
0
0
0
0
0
0
0
0
0
0
0
0
0
0
0
0
0
0
0
0
0
0
0
0
0
0
0
0
0
0
0
0
0
0
0
0
0
0
0
0
0
0
0
0
0
0
0
0
0
0
0
0
0
0
0
0
0
0
0
0
0
0
0
0
0
0
0
0
0
0
0
0
0
0
0
0
0
0
0
0
0
0
0
0
0
0
0
0
0
0
0
0
0
0
0
0
0
0
0
0
0
0
0
0
0
0
0
0
0
0
0
0
0
0
0
0
0
0
0
0
0
0
0
0
0
0
0
0
0
0
0
0
0
0
0
0
0
0
0
0
0
0
0
0
0
0
0
0
0
0
0
0
0
0
0
0
0
0
0
0
0
0
0
0
0
0
0
0
0
0
0
0
0
0
0
0
0
0
0
0
0
0
0
0
0
0
0
0
0
0
0
0
0
0
0
0
0
0
0
0
0
0
0
0
0
0
0
0
0
0
0
0
0
0
0
0
0
0
0
0
0
0
0
0
0
0
0
0
0
0
0
0
0
0
0
0
0
0
0
0
0
0
0
0
0
0
0
0
0
0
0
0
0
0
0
0
0
0
0
0
0
0
0
0
0
0
0
0
0
0
0
0
0
0
0
0
0
0
0
0
0
0
0
0
0
0
0
0
0
0
0
0
0
0
0
0
0
0
0
0
0
0
0
0
0
0
0
0
0
0
0
0
0
0
0
0
0
0
0
0
0
0
0
0
0
0
0
0
0
0
0
0
0
0
0
0
0
0
0
0
0
0
0
0
0
0
0
0
0
0
0
0
0
0
0
0
0
0
0
0
0
0
0
0
0
0
0
0
0
0
0
0
0
0
0
0
0
0
0
0
0
0
0
0
0
0
0
0
0
0
0
0
0
0
0
0
0
0
0
0
0
0
0
0
0
0
0
0
0
0
0
0
0
0
0
0
0
0
0
0
0
0
0
0
0
0
0
0
0
0
0
0
0
0
0
0
0
0
0
0
0
0
0
0
0
0
0
0
0
0
0
0
0
0
0
0
0
0
0
0
0
0
0
0
0
0
0
0
0
0
0
0
0
0
0
0
0
0
0
0
0
0
0
0
0
0
0
0
0
0
0
0
0
0
0
0
0
0
0
0
0
0
0
0
0
0
0
0
0
0
0
0
0
0
0
0
0
0
0
0
0
0
0
0
0
0
0
0
0
0
0
0
0
0
0
0
0
0
0
0
0
0
0
0
0
0
0
0
0
0
0
0
0
0
0
0
0
0
0
0
0
0
0
0
0
0
0
0
0
0
0
0
0
0
0
0
0
0
0
0
0
0
0
0
0
0
0
0
0
0
0
0
0
0
0
0
0
0
0
0
0
0
0
0
0
0
0
0
0
0
0
0
0
0
0
0
0
0
0
0
0
0
0
0
0
0
0
0
0
0
0
0
0
0
0
0
0
0
0
0
0
0
0
0
0
0
0
0
0
0
0
0
0
0
0
0
0
0
0
0
0
0
0
0
0
0
0
0
0
0
0
0
0
0
0
0
0
0
0
0
0
0
0
0
0
0
0
0
0
0
0
0
0
0
0
0
0
0
0
0
0
0
0
0
0
0
0
0
0
0
0
0
0
0
0
0
0
0
0
0
0
0
0
0
0
0
0
0
0
0
0
0
0
0
0
0
0
0
0
0
0
0
0
0
0
0
0
0
0
0
0
0
0
0
0
0
0
0
0
0
0
0
0
0
0
0
0
0
0
0
0
0
0
0
0
0
0
0
0
0
0
0
0
0
0
0
0
0
0
0
0
0
0
0
0
0
0
0
0
0
0
0
0
0
0
0
0
0
0
0
0
0
0
0
0
0
0
0
0
0
0
0
0
0
0
0
0
0
0
0
0
0
0
0
0
0
0
0
0
0
0
0
0
0
0
0
0
0
0
0
0
0
0
0
0
0
0
0
0
0
0
0
0
0
0
0
0
0
0
0
0
0
0
0
0
0
0
0
0
0
0
0
0
0
0
0
0
0
0
0
0
0
0
0
0
0
0
0
0
0
0
0
0
0
0
0
0
0
0
0
0
0
0
0
0
0
0
0
0
0
0
0
0
0
0
0
0
0
0
0
0
0
0.1
0
0
0
0
0.8
0
0
0
0
1.2
0
0
0.1
0
0.6
0
0
0.6
0
1.8
0
0
0
0
1.2
0
0
0.6
0
0
0.1
0.6
0
0
1.2
0.6
0
0
2.4
0
0
0
0
0
0.6
0.6
1.2
0
1.4
0
0.6
0
1.2
0
0
0.6
0
0
0
0.6
0
0
1.2
2.4
0
1.2
0
3.6
0
0
0.6
0
0.1
0
1.2
0.6
0.6
0
0.6
0
0
3.6
0
0
0
0.6
0
0
0.6
1.2
1.2
0
1.3
1.2
0
2.4
0
0.6
0
0
1.2
2.4
0
1.2
2.4
0
1.8
1.8
0.6
1.2
0
0
0.6
0.3
0
0
0
1.2
1.2
1.2
0.3
1.2
0.8
0
0
1.5
1.2
2.4
0.6
3.6
1.5
2.4
0.9
0.6
2.4
0.6
0.6
1.8
2.1
0
0
0
0.6
1.2
1.2
0
2.4
1.2
4.9
0
1.8
4.2
0
2.4
0
0.6
1.8
2.1
4.2
4.2
3.3
7.2
2.4
1.8
3.6
5.1
3.6
5.4
6.4
6.6
4.2
6.6
1.8
7.2
3.6
6.6
0.6
3
2.7
2.4
4.2
6.6
6
1.4
5.4
6.9
5.4
6.6
0.6
2.4
8
4.8
3.6
1.2
1.5
4.8
2.4
3
3.6
4.2
0.6
2.4
2.4
0.6
5.4
0.6
4.2
2.4
1.2
1.2
1.5
4.8
0
0
3.6
0
0
1.2
3
1.8
1.2
1.8
1.2
0
1.8
3
0
0.3
1.8
0
1.2
0.1
2.4
0
1.2
1.2
0
0
0.6
1.8
0
1.2
0
0.6
0
0.6
1.2
2.4
1.2
1.8
1.2
2.4
0.6
1.5
0
0
1.8
1.2
1.2
0.6
1.2
0
1.5
1.4
0
3
0.6
1.8
1.2
1.8
0.6
0
0
0
2.4
0.6
1.2
3.6
0
0
0.6
4.8
2.4
0
0.6
1.2
2.4
0.3
1.2
1.8
1.2
0.6
0
1.2
3.6
0.6
2.4
1.2
1.8
1.2
0
0
0
0.6
2.4
0
0.1
1.2
1.2
4.2
1.8
0.9
1.2
1.2
1.2
1.8
0
3.6
1.2
1.2
0
0.6
1.2
1.2
1.2
1.2
1.2
2.4
3
2.7
1.2
1.2
1.2
2.4
0
0
1.2
1.8
0
0
0.6
0
1.8
1.8
0
0
0.6
1.2
0.6
1.2
2.4
0.6
0.9
2.1
3.7
2.4
1.2
3
0
1.2
1.8
1.8
1.8
0
0.6
1.8
1.2
3.9
0.6
0
0.6
1.8
3.6
1.2
1.2
3.6
2.4
0
0.6
0.6
2.4
0
1.5
2.4
1.2
1.2
1.8
2.1
1.2
0
0
0.6
1.8
0.6
0
0
1.8
3
1.2
0.6
1.2
2.4
4.2
2
0.6
2.7
1.8
2.4
0
1.2
0
3
0.6
1.5
1.2
1.2
0.6
1.8
1.8
0.6
2.4
3.6
0.6
0
1.8
0.6
1.8
1.2
0.6
0.6
0.9
0.3
0.6
0
1.2
3
1.8
2.4
1.2
1.8
1.2
2.4
0
2.4
2.7
1.8
3.6
1.8
0.7
0.9
4.8
0
1.8
1.8
1.2
2.4
0
1.2
1.4
0
3
0.6
1.2
1.6
1.2
3.8
3
1.2
0
1.8
0
0.6
2.6
1.2
0.6
0.6
0.6
0
1.8
1.2
0
1.8
1.2
1.2
0
0.6
0.6
1.2
0
1.2
0
2
1.2
0
0
1.2
1.2
0
0.6
0
1.8
1.2
0.6
2.4
0.6
0
0
1
0.6
0
0.6
0.6
1.8
0
0
0
0
1.3
0.2
0.8
0
0
0
0
0.1
0
0
0
0
0
0
0
0
0
0
0.6
0
