73.0000 0.05 1
240
0
0
0
0
33.3333
71.1111
110
25.5556
0
0
0
0
0
0
0
0
0
0
0
0
0
0
0
0
0
0
0
0
0
0
0
0
0
0
0
0
0
0
0
0
0
0
0
0
0
0
0
0
0
0
0
0
0
0
0
0
0
0
0
0
0
0
0
0
0
0
0
0
0
0
0
0
0
0
0
0
0
0
0
0
0
0
0
0
0
0
0
0
0
0
0
0
0
0
0
0
0
0
0
0
0
0
0
0
0
0
0
0
0
0
0
0
0
0
0
0
0
0
0
0
0
0
0
0
0
0
0
0
0
0
0
0
0
0
0
0
0
0
0
0
0
0
0
0
0
0
0
0
0
0
0
0
0
0
0
0
0
0
0
0
0
0
0
0
0
0
0
0
0
0
0
0
0
0
0
0
0
0
0
0
0
0
0
0
0
0
0
0
0
0
0
0
0
0
0
0
0
0
0
0
0
0
0
0
0
0
0
0
0
0
0
0
0
0
0
0
0
0
0
0
0
0
0
0
0
0
0
0
0
0
0
0
0
0
0
0
0
0
0
0
0
0
0
0
0
0
0
0
0
0
0
0
0
0
0
0
0
0
0
0
0
0
0
0
0
0
0
0
0
0
0
0
0
0
0
0
0
0
0
0
0
0
0
0
0
0
0
0
0
0
0
0
0
0
0
0
0
0
0
0
0
0
0
0
0
0
0
0
0
0
0
0
0
0
0
0
0
0
0
0
0
0
0
0
0
0
0
0
0
0
0
0
0
0
0
0
0
0
0
0
0
0
0
0
0
0
0
0
0
0
0
0
0
0
0
0
0
0
0
0
0
0
0
0
0
0
0
0
0
0
0
0
0
0
0
0
0
0
0
0
0
0
0
0
0
0
0
0
0
0
0
0
0
0
0
0
0
0
0
0
0
0
0
0
0
0
0
0
0
0
0
0
0
0
0
0
0
0
0
0
0
0
0
0
0
0
0
0
0
0
0
0
0
0
0
0
0
0
0
0
0
0
0
0
0
0
0
0
0
0
0
0
0
0
0
0
0
0
0
0
0
0
0
0
0
0
0
0
0
0
0
0
0
0
0
0
0
0
0
0
0
0
0
0
0
0
0
0
0
0
0
0
0
0
0
0
0
0
0
0
0
0
0
0
0
0
0
0
0
0
0
0
0
0
0
0
0
0
0
0
0
0
0
0
0
0
0
0
0
0
0
0
0
0
0
0
0
0
0
0
0
0
0
0
0
0
0
0
0
0
0
0
0
0
0
0
0
0
0
0
0
0
0
0
0
0
0
0
0
0
0
0
0
0
0
0
0
0
0
0
0
0
0
0
0
0
0
0
0
0
0
0
0
0
0
0
0
0
0
0
0
0
0
0
0
0
0
0
0
0
0
0
0
0
0
0
0
0
0
0
0
0
0
0
0
0
0
0
0
0
0
0
0
0
0
0
0
0
0
0
0
0
0
0
0
0
0
0
0
0
0
0
0
0
0
0
0
0
0
0
0
0
0
0
0
0
0
0
0
0
0
0
0
0
0
0
0
0
0
0
0
0
0
0
0
0
0
0
0
0
0
0
0
0
0
0
0
0
0
0
0
0
0
0
0
0
0
0
0
0
0
0
0
0
0
0
0
0
0
0
0
0
0
0
0
0
0
0
0
0
0
0
0
0
0
0
0
0
0
0
0
0
0
0
0
0
0
0
0
0
0
0
0
0
0
0
0
0
0
0
0
0
0
0
0
0
0
0
0
0
0
0
0
0
0
0
0
0
0
0
0
0
0
0
0
0
0
0
0
0
0
0
0
0
0
0
0
0
0
0
0
0
0
0
0
0
0
0
0
0
0
0
0
0
0
0
0
0
0
0
0
0
0
0
0
0
0
0
0
0
0
0
0
0
0
0
0
0
0
0
0
0
0
0
0
0
0
0
0
0
0
0
0
0
0
0
0
0
0
0
0
0
0
0
0
0
0
0
0
0
0
0
0
0
0
0
0
0
0
0
0
0
0
0
0
0
0
0
0
0
0
0
0
0
0
0
0
0
0
0
0
0
0
0
0
0
0
0
0
0
0
0
0
0
0
0
0
0
0
0
0
0
0
0
0
0
0
0
0
0
0
0
0
0
0
0
0
0
0
0
0
0
0
0
0
0
0
0
0
0
0
0
0
0
0
0
0
0
0
0
0
0
0
0
0
0
0
0
0
0
0
0
0
0
0
0
0
0
0
0
0
0
0
0
0
0
0
0
0
0
0
0
0
0
0
0
0
0
0
0
0
0
0
0
0
0
0
0
0
0
0
0
0
0
0
0
0
0
0
0
0
0
0
0
0
0
0
0
0
0
0
0
0
0
0
0
0
0
0
0
0
0
0
0
0
0
0
0
0
0
0
0
0
0
0.185185
0.37037
0
0.37037
0
0.185185
0
0
0
0.740741
0.740741
0.740741
0
1.48148
0.185185
0.740741
0
0.37037
0
0
2.22222
0
1.48148
0.740741
1.11111
0
0.740741
0
0
0.740741
0.185185
0.740741
0
0.740741
1.11111
0
2.96296
0
1.11111
0
0.185185
0
0
1.85185
2.22222
1.48148
0.740741
2.59259
0.740741
0
1.48148
1.48148
2.22222
0
1.48148
0
1.11111
0
2.59259
0.740741
1.11111
0
2.22222
0
2.96296
0.740741
0.185185
0
2.59259
1.85185
1.11111
0
0.740741
2.22222
1.48148
2.96296
3.7037
0
0
0.740741
0.740741
2.40741
0
0.740741
1.48148
1.11111
0
1.48148
2.96296
2.96296
0
2.96296
1.11111
0.740741
2.96296
4.44444
0
3.33333
2.22222
0.740741
1.48148
2.22222
1.11111
2.96296
1.11111
1.11111
2.22222
2.59259
4.44444
2.22222
0.925926
1.85185
0
1.48148
3.33333
1.48148
2.22222
2.59259
1.48148
2.59259
2.96296
3.7037
2.59259
0.740741
3.33333
2.96296
0.740741
3.33333
5.18519
3.51852
0.37037
2.22222
4.44444
3.7037
1.85185
4.44444
1.48148
4.44444
6.2963
2.22222
7.40741
2.96296
4.44444
6.11111
1.85185
12.963
4.81481
5.55556
10.7407
3.7037
7.59259
10.5556
2.22222
5
8.33333
10.9259
15.3704
11.4815
7.40741
18.1481
5.18519
12.7778
21.1111
9.07407
15.5556
9.25926
15
9.81481
8.88889
10.7407
15.1852
11.4815
9.07407
7.77778
14.4444
11.1111
6.85185
17.037
16.1111
16.8519
16.8519
32.2222
14.0741
17.2222
20.1852
16.2963
14.4444
23.1481
10.9259
10.3704
9.81481
9.07407
5.18519
14.4444
5.37037
7.77778
3.33333
12.2222
6.85185
10.5556
7.03704
12.2222
21.1111
17.037
1.85185
4.44444
2.22222
3.7037
10.7407
6.2963
6.2963
4.07407
5.18519
3.7037
1.85185
8.88889
2.22222
3.7037
5.92593
1.85185
1.85185
2.40741
5.92593
1.11111
2.59259
0.740741
2.59259
0.740741
1.48148
2.22222
3.7037
5.92593
3.33333
0
1.48148
2.96296
3.7037
0
1.48148
0
0.740741
2.96296
3.51852
2.96296
2.96296
1.48148
1.85185
2.22222
0
1.85185
0
4.07407
0.740741
0.185185
2.22222
1.48148
3.7037
1.48148
0
2.22222
0.740741
0
3.33333
2.22222
2.59259
0.740741
2.22222
0.37037
0.37037
1.48148
3.7037
5.18519
1.48148
1.48148
0
0.740741
2.22222
0
0.740741
3.7037
3.88889
2.96296
1.11111
3.7037
2.22222
4.07407
2.96296
3.7037
3.7037
3.14815
1.85185
2.96296
3.7037
2.96296
0.740741
4.44444
2.96296
2.96296
2.40741
4.81481
2.22222
1.48148
0.740741
1.85185
7.03704
1.48148
4.81481
2.96296
4.44444
1.48148
1.48148
2.96296
1.11111
2.40741
2.22222
3.51852
0.740741
1.85185
0
1.48148
2.96296
2.22222
4.44444
2.22222
3.14815
2.22222
1.48148
1.48148
3.7037
1.48148
6.85185
0
4.44444
0.740741
2.22222
2.59259
7.03704
5.92593
2.22222
2.96296
3.7037
0.740741
4.44444
1.11111
1.85185
0.740741
1.48148
3.33333
0.740741
1.11111
3.7037
2.96296
3.7037
5.18519
0
4.81481
1.85185
0
4.07407
2.22222
1.48148
3.33333
2.22222
0.555556
1.66667
0.185185
1.85185
0.37037
1.48148
4.62963
3.51852
0.185185
2.40741
2.22222
2.96296
4.81481
3.51852
2.96296
0.740741
2.40741
2.22222
2.96296
1.2963
2.22222
2.22222
4.81481
0.37037
0
1.48148
3.33333
1.48148
2.96296
0.740741
0.740741
4.07407
1.85185
3.7037
3.7037
0.740741
1.85185
1.85185
0.740741
0.555556
1.11111
1.11111
1.11111
1.11111
0.740741
0
4.44444
4.25926
0
0
0.740741
0
0
0
2.96296
0
0
0.37037
0.740741
0.37037
0
0.740741
1.48148
0.740741
0
0
0
1.48148
0.740741
0.740741
0.37037
0
0.740741
0.37037
0
0
0.740741
0
0.37037
0
0
0
0
0
0
0.37037
0
0.740741
0.740741
1.48148
0
