25.0000 0.05 1
120
0
0
0
0
0
0
0
0
0
0
0
0
0
0
0
0
0
0
0
0
0
0
0
0
0
0
0
0
0
0
0
0
0
0
0
0
0
0
0
0
0
0
0
0
0
0
0
0
0
0
0
0
0
0
0
0
0
0
0
0
0
0
0
0
0
0
0
0
0
0
0
0
0
0
0
0
0
0
0
0
0
0
0
0
0
0
0
0
0
0
0
0
0
0
0
0
0
0
0
0
0
0
0
0
0
0
0
0
0
0
0
0
0
0
0
0
0
0
0
0
0
0
0
0
0
0
0
0
0
0
0
0
0
0
0
0
0
0
0
0
0
0
0
0
0
0
0
0
0
0
0
0
0
0
0
0
0
0
0
0
0
0
0
0
0
0
0
0
0
0
0
0
0
0
0
0
0
0
0
0
0
0
0
0
0
0
0
0
0
0
0
0
0
0
0
0
0
0
0
0
0
0
0
0
0
0
0
0
0
0
0
0
0
0
0
0
0
0
0
0
0
0
0
0
0
0
0
0
0
0
0
0
0
0
0
0
0
0
0
0
0
0
0
0
0
0
0
0
0
0
0
0
0
0
0
0
0
0
0
0
0
0
0
0
0
0
0
0
0
0
0
0
0
0
0
0
0
0
0
0
0
0
0
0
0
0
0
0
0
0
0
0
0
0
0
0
0
0
0
0
0
0
0
0
0
0
0
0
0
0
0
0
0
0
0
0
0
0
0
0
0
0
0
0
0
0
0
0
0
0
0
0
0
0
0
0
0
0
0
0
0
0
0
0
0
0
0
0
0
0
0
0
0
0
0
0
0
0
0
0
0
0
0
0
0
0
0
0
0
0
0
0
0
0
0
0
0
0
0
0
0
0
0
0
0
0
0
0
0
0
0
0
0
0
0
0
0
0
0
0
0
0
0
0
0
0
0
0
0
0
0
0
0
0
0
0
0
0
0
0
0
0
0
0
0
0
0
0
0
0
0
0
0
0
0
0
0
0
0
0
0
0
0
0
0
0
0
0
0
0
0
0
0
0
0
0
0
0
0
0
0
0
0
0
0
0
0
0
0
0
0
0
0
0
0
0
0
0
0
0
0
0
0
0
0
0
0
0
0
0
0
0
0
0
0
0
0
0
0
0
0
0
0
0
0
0
0
0
0
0
0
0
0
0
0
0
0
0
0
0
0
0
0
0
0
0
0
0
0
0
0
0
0
0
0
0
0
0
0
0
0
0
0
0
0
0
0
0
0
0
0
0
0
0
0
0
0
0
0
0
0
0
0
0
0
0
0
0
0
0
0
0
0
0
0
0
0
0
0
0
0
0
0
0
0
0
0
0
0
0
0
0
0
0
0
0
0
0
0
0
0
0
0
0
0
0
0
0
0
0
0
0
0
0
0
0
0
0
0
0
0
0
0
0
0
0
0
0
0
0
0
0
0
0
0
0
0
0
0
0
0
0
0
0
0
0
0
0
0
0
0
0
0
0
0
0
0
0
0
0
0
0
0
0
0
0
0
0
0
0
0
0
0
0
0
0
0
0
0
0
0
0
0
0
0
0
0
0
0
0
0
0
0
0
0
0
0
0
0
0
0
0
0
0
0
0
0
0
0
0
0
0
0
0
0
0
0
0
0
0
0
0
0
0
0
0
0
0
0
0
0
0
0
0
0
0
0
0
0
0
0
0
0
0
0
0
0
0
0
0
0
0
0
0
0
0
0
0
0
0
0
0
0
0
0
0
0
0
0
0
0
0
0
0
0
0
0
0
0
0
0
0
0
0
0
0
0
0
0
0
0
0
0
0
0
0
0
0
0
0
0
0
0
0
0
0
0
0
0
0
0
0
0
0
0
0
0
0
0
0
0
0
0
0
0
0
0
0
0
0
0
0
0
0
0
0
0
0
0
0
0
0
0
0
0
0
0
0
0
0
0
0
0
0
0
0
0
0
0
0
0
0
0
0
0
0
0
0
0
0
0
0
0
0
0
0
0
0
0
0
0
0
0
0
0
0
0
0
0
0
0
0
0
0
0
0
0
0
0
0
0
0
0
0
0
0
0
0
0
0
0
0
0
0
0
0
0
0
0
0
0
0
0
0
0
0
0
0
0
0
0
0
0
0
0
0
0
0
0
0
0
0
0
0
0
0
0
0
0
0
0
0
0
0
0
0
0
0
0
0
0
0
0
0
0
0
0
0
0
0
0
0
0
0
0
0
0
0
0
0
0
0
0
0
0
0
0
0
0
0
0
0
0
0
0
0
0
0
0
0
0
0
0
0
0
0
0
0
0
0
0
0
0
0
0
0
0
0
0
0
0
0
0
0
0
0
0
0
0
0
0
0
0
0
0
0
0
0
0
0
0
0
0
0
0
0
0
0
0
0
0
0
0.123457
0
0
0.246914
0.493827
0
0
0
0.987654
0.493827
0
0
0.123457
0.987654
0.123457
0
0.493827
0
0
0.987654
0
0.493827
0.987654
0
1.48148
0
0
1.97531
0
0.246914
0.493827
0
0
0
1.48148
0.987654
0
0
2.46914
0
0
0.987654
0
0.493827
0
0
0.987654
0
2.09877
0.493827
0
1.97531
2.46914
0.493827
0.493827
0.123457
0
0.987654
0.987654
0
0.493827
0
1.97531
0
0
2.46914
1.48148
0
0
0
0.987654
0.987654
0.987654
0
0
2.46914
1.48148
0
0.987654
0
2.22222
0
0
2.46914
1.48148
0.493827
0
1.48148
1.97531
1.48148
0.987654
0.987654
0
2.46914
0.493827
0
1.97531
0.493827
1.48148
0
0
0.987654
1.97531
2.96296
0
2.96296
0
0
0
0.987654
0
0.123457
0.493827
1.11111
0.987654
3.95062
2.96296
0.493827
1.97531
0.987654
1.48148
2.96296
1.97531
0.987654
0.493827
0
1.97531
0
0.987654
4.44444
1.48148
1.97531
5.4321
1.97531
0
0
1.97531
1.97531
0.987654
2.96296
0
0
0
2.96296
2.22222
4.44444
1.97531
2.46914
0.987654
4.44444
0.493827
0.987654
4.93827
5.92593
2.46914
4.93827
0.987654
0.123457
2.96296
5.4321
6.91358
6.91358
2.46914
8.88889
2.46914
3.45679
1.48148
3.45679
2.46914
3.95062
3.95062
1.48148
3.45679
0.987654
3.45679
0.493827
4.44444
3.45679
3.95062
3.95062
7.03704
3.45679
11.8519
13.0864
9.87654
6.91358
5.4321
6.41975
3.45679
3.95062
3.95062
2.96296
1.11111
4.93827
0.493827
3.45679
3.45679
2.96296
1.48148
2.46914
0
1.48148
2.96296
0.493827
4.44444
1.97531
2.46914
0.987654
1.48148
3.45679
1.97531
2.96296
1.97531
1.48148
0
0.987654
3.95062
0
0.493827
1.97531
1.48148
3.95062
1.97531
2.96296
0
1.97531
0
0
1.97531
1.48148
4.44444
0.987654
1.97531
0
1.97531
0
0.493827
0
0.493827
0
0
5.4321
3.45679
0
1.97531
2.96296
1.11111
0
2.46914
0.987654
0.493827
1.97531
3.45679
0
0.987654
0.987654
0.493827
1.97531
0.493827
1.48148
3.45679
1.97531
2.46914
0.493827
0.493827
0.987654
0.987654
3.45679
1.97531
0.493827
0.987654
2.96296
0
0.246914
2.46914
2.96296
1.48148
1.97531
0
2.96296
0.987654
1.97531
1.97531
1.97531
0
0
1.48148
0.493827
3.95062
0.987654
2.46914
5.4321
0
0.493827
4.44444
2.96296
1.48148
0.493827
1.97531
0.493827
1.48148
3.45679
2.96296
3.45679
1.97531
1.48148
1.48148
0
1.48148
0.617284
0.987654
1.97531
0.987654
0
1.48148
0.987654
4.93827
0.493827
0
1.48148
0.987654
2.96296
0.493827
1.48148
3.95062
3.45679
0
1.97531
3.45679
2.46914
1.97531
4.93827
0.987654
0
0.493827
0.493827
0
0.987654
0
2.46914
0.987654
0
0.987654
3.95062
3.45679
1.48148
1.11111
2.46914
0
3.95062
1.97531
1.97531
2.96296
1.97531
1.97531
1.48148
1.60494
2.22222
3.08642
0
1.97531
0.493827
1.48148
0
0
1.48148
0.246914
0
0.493827
0.987654
1.97531
3.45679
1.97531
0.987654
0.987654
0.987654
0
2.96296
0.740741
2.96296
1.23457
0.987654
0.987654
1.97531
1.48148
0.493827
4.93827
3.08642
1.48148
1.60494
0
0.987654
0
0.987654
0.493827
2.96296
0.493827
0.987654
0
2.46914
0
0.493827
0
0
0
0.493827
1.48148
0
0.987654
0.987654
0
0
4.93827
0.987654
1.48148
0.246914
1.48148
0.617284
0
0.493827
0
0
1.97531
0.987654
0
0.493827
0
0
0.987654
0.493827
0.493827
0.987654
0
0
0
0
0.493827
0
1.48148
0.493827
0
0
0
0.493827
0.987654
0
0
0.493827
0
0
0
0
0
0
0
0
0
0
0
0
0.493827
0
