57.0000 0.05 1
40
80
0
0
0
40
40
80
40
0
40
0
0
0
0
0
0
0
0
0
0
0
0
0
0
0
0
0
0
0
0
0
0
0
0
0
0
0
0
0
0
0
0
0
0
0
0
0
0
0
0
0
0
0
0
0
0
0
0
0
0
0
0
0
0
0
0
0
0
0
0
0
0
0
0
0
0
0
0
0
0
0
0
0
0
0
0
0
0
0
0
0
0
0
0
0
0
0
0
0
0
0
0
0
0
0
0
0
0
0
0
0
0
0
0
0
0
0
0
0
0
0
0
0
0
0
0
0
0
0
0
0
0
0
0
0
0
0
0
0
0
0
0
0
0
0
0
0
0
0
0
0
0
0
0
0
0
0
0
0
0
0
0
0
0
0
0
0
0
0
0
0
0
0
0
0
0
0
0
0
0
0
0
0
0
0
0
0
0
0
0
0
0
0
0
0
0
0
0
0
0
0
0
0
0
0
0
0
0
0
0
0
0
0
0
0
0
0
0
0
0
0
0
0
0
0
0
0
0
0
0
0
0
0
0
0
0
0
0
0
0
0
0
0
0
0
0
0
0
0
0
0
0
0
0
0
0
0
0
0
0
0
0
0
0
0
0
0
0
0
0
0
0
0
0
0
0
0
0
0
0
0
0
0
0
0
0
0
0
0
0
0
0
0
0
0
0
0
0
0
0
0
0
0
0
0
0
0
0
0
0
0
0
0
0
0
0
0
0
0
0
0
0
0
0
0
0
0
0
0
0
0
0
0
0
0
0
0
0
0
0
0
0
0
0
0
0
0
0
0
0
0
0
0
0
0
0
0
0
0
0
0
0
0
0
0
0
0
0
0
0
0
0
0
0
0
0
0
0
0
0
0
0
0
0
0
0
0
0
0
0
0
0
0
0
0
0
0
0
0
0
0
0
0
0
0
0
0
0
0
0
0
0
0
0
0
0
0
0
0
0
0
0
0
0
0
0
0
0
0
0
0
0
0
0
0
0
0
0
0
0
0
0
0
0
0
0
0
0
0
0
0
0
0
0
0
0
0
0
0
0
0
0
0
0
0
0
0
0
0
0
0
0
0
0
0
0
0
0
0
0
0
0
0
0
0
0
0
0
0
0
0
0
0
0
0
0
0
0
0
0
0
0
0
0
0
0
0
0
0
0
0
0
0
0
0
0
0
0
0
0
0
0
0
0
0
0
0
0
0
0
0
0
0
0
0
0
0
0
0
0
0
0
0
0
0
0
0
0
0
0
0
0
0
0
0
0
0
0
0
0
0
0
0
0
0
0
0
0
0
0
0
0
0
0
0
0
0
0
0
0
0
0
0
0
0
0
0
0
0
0
0
0
0
0
0
0
0
0
0
0
0
0
0
0
0
0
0
0
0
0
0
0
0
0
0
0
0
0
0
0
0
0
0
0
0
0
0
0
0
0
0
0
0
0
0
0
0
0
0
0
0
0
0
0
0
0
0
0
0
0
0
0
0
0
0
0
0
0
0
0
0
0
0
0
0
0
0
0
0
0
0
0
0
0
0
0
0
0
0
0
0
0
0
0
0
0
0
0
0
0
0
0
0
0
0
0
0
0
0
0
0
0
0
0
0
0
0
0
0
0
0
0
0
0
0
0
0
0
0
0
0
0
0
0
0
0
0
0
0
0
0
0
0
0
0
0
0
0
0
0
0
0
0
0
0
0
0
0
0
0
0
0
0
0
0
0
0
0
0
0
0
0
0
0
0
0
0
0
0
0
0
0
0
0
0
0
0
0
0
0
0
0
0
0
0
0
0
0
0
0
0
0
0
0
0
0
0
0
0
0
0
0
0
0
0
0
0
0
0
0
0
0
0
0
0
0
0
0
0
0
0
0
0
0
0
0
0
0
0
0
0
0
0
0
0
0
0
0
0
0
0
0
0
0
0
0
0
0
0
0
0
0
0
0
0
0
0
0
0
0
0
0
0
0
0
0
0
0
0
0
0
0
0
0
0
0
0
0
0
0
0
0
0
0
0
0
0
0
0
0
0
0
0
0
0
0
0
0
0
0
0
0
0
0
0
0
0
0
0
0
0
0
0
0
0
0
0
0
0
0
0
0
0
0
0
0
0
0
0
0
0
0
0
0
0
0
0
0
0
0
0
0
0
0
0
0
0
0
0
0
0
0
0
0
0
0
0
0
0
0
0
0
0
0
0
0
0
0
0
0
0
0
0
0
0
0
0
0
0
0
0
0
0
0
0
0
0
0
0
0
0
0
0
0
0
0
0
0
0
0
0
0
0
0
0
0
0
0
0
0
0
0
0
0
0
0
0
0
0
0
0
0
0
0
0
0
0
0
0
0
0
0
0
0
0
0
0
0
0
0
0
0
0
0
0
0
0
0
0
0
0
0
0
0
0
0.185185
0
0
0
0
0.740741
0.740741
0
0.740741
0
0.740741
0
0
0.740741
0
0
0.740741
0.37037
1.48148
0.740741
0.37037
0
0.740741
2.22222
0
1.11111
0
0
0.37037
1.48148
0.740741
0
0
0.740741
0.185185
0.740741
0.740741
1.48148
2.22222
1.2963
0
1.11111
0.740741
1.11111
0
1.11111
1.48148
2.22222
0.37037
0
0.925926
0
0.740741
1.11111
0.925926
1.11111
0.740741
0.740741
0.740741
1.11111
0
1.11111
0.740741
0.740741
0.740741
1.11111
1.48148
0
2.59259
2.40741
1.11111
2.22222
1.11111
0
1.48148
0
1.48148
1.11111
0.740741
2.22222
2.59259
0
0.925926
1.11111
0.925926
1.48148
0
1.85185
0
2.59259
1.48148
0.740741
0.740741
0.740741
0.740741
0.740741
3.33333
2.22222
1.85185
2.22222
0.37037
1.85185
0.740741
0
2.22222
2.22222
1.2963
2.96296
3.33333
0.740741
1.48148
1.11111
0.37037
1.85185
0.740741
0
2.96296
2.96296
1.48148
2.96296
1.85185
1.85185
2.59259
2.40741
3.33333
3.14815
0.740741
2.59259
0.740741
3.7037
2.96296
1.11111
2.59259
0.555556
3.7037
2.77778
2.59259
1.85185
2.59259
1.85185
2.03704
5.92593
2.03704
6.2963
1.85185
5.55556
4.62963
4.07407
5.18519
3.33333
5.37037
3.7037
5.92593
5.18519
5.18519
3.88889
9.07407
8.14815
4.62963
8.7037
7.77778
7.40741
8.14815
7.03704
14.0741
18.5185
17.7778
10
12.963
15.1852
9.44444
10
16.1111
15
4.07407
7.22222
9.81481
4.81481
6.2963
13.5185
10.9259
8.88889
8.14815
8.88889
7.03704
11.2963
10.5556
8.51852
10.9259
12.2222
5.37037
14.4444
11.8519
20.9259
21.6667
11.8519
12.037
6.85185
5
3.33333
7.40741
6.2963
4.44444
10
9.44444
9.07407
8.14815
6.48148
3.7037
0.740741
3.14815
2.22222
3.33333
5.18519
3.51852
4.62963
1.48148
2.59259
2.22222
4.81481
1.48148
1.11111
1.85185
2.22222
2.59259
1.2963
0
2.40741
0.925926
4.81481
0.740741
2.22222
0.185185
1.85185
2.59259
1.2963
3.88889
1.48148
1.48148
2.59259
1.11111
0.740741
0.37037
1.85185
1.2963
1.66667
1.85185
1.85185
2.96296
0.185185
1.48148
1.85185
1.48148
5
2.22222
0.37037
4.44444
2.96296
1.85185
2.22222
3.51852
1.85185
2.96296
2.22222
2.59259
1.85185
3.33333
0
0.740741
3.33333
2.59259
1.66667
1.48148
1.66667
2.22222
1.48148
3.7037
2.22222
0.37037
1.11111
0.740741
2.22222
1.48148
1.11111
1.85185
4.07407
2.96296
1.85185
3.14815
2.22222
1.48148
1.48148
2.22222
1.11111
1.48148
0.925926
1.85185
1.48148
4.07407
1.48148
2.59259
2.96296
1.48148
2.40741
2.22222
1.85185
0.925926
1.48148
2.59259
1.85185
2.96296
1.48148
2.22222
2.59259
5.92593
3.7037
2.22222
3.33333
2.96296
2.59259
2.96296
3.33333
1.85185
2.59259
1.11111
0.740741
2.96296
1.48148
2.22222
1.85185
2.22222
3.33333
1.48148
1.85185
0.740741
1.48148
0.185185
3.33333
2.59259
3.33333
3.33333
1.48148
2.22222
2.40741
0.925926
2.59259
2.40741
1.48148
0.740741
1.11111
2.22222
4.81481
3.7037
1.66667
3.51852
0.37037
2.59259
2.22222
4.44444
1.48148
2.59259
1.11111
2.22222
5.74074
4.62963
1.48148
3.33333
2.59259
0.37037
2.03704
1.48148
2.22222
3.14815
2.22222
2.22222
1.48148
2.22222
5.92593
3.33333
0.740741
3.14815
2.59259
1.66667
1.85185
3.51852
2.96296
1.66667
3.51852
3.51852
4.81481
1.48148
2.22222
0.740741
1.48148
1.11111
0
4.44444
1.66667
2.77778
2.59259
2.22222
1.11111
3.7037
1.11111
1.11111
2.59259
0.925926
2.96296
3.33333
2.40741
2.96296
3.7037
1.48148
1.11111
0.185185
2.40741
1.11111
1.48148
0.740741
3.7037
1.48148
0.37037
2.96296
1.48148
1.11111
1.11111
2.22222
1.11111
1.48148
0
0.740741
1.48148
0.740741
0
0.37037
1.48148
0
0
0
0
0
0
0
0.37037
0
