41.0000 0.05 1
80
80
0
24.4444
55.5556
0
0
0
0
0
0
0
0
0
0
0
0
0
0
0
0
0
0
0
0
0
0
0
0
0
0
0
0
0
0
0
0
0
0
0
0
0
0
0
0
0
0
0
0
0
0
0
0
0
0
0
0
0
0
0
0
0
0
0
0
0
0
0
0
0
0
0
0
0
0
0
0
0
0
0
0
0
0
0
0
0
0
0
0
0
0
0
0
0
0
0
0
0
0
0
0
0
0
0
0
0
0
0
0
0
0
0
0
0
0
0
0
0
0
0
0
0
0
0
0
0
0
0
0
0
0
0
0
0
0
0
0
0
0
0
0
0
0
0
0
0
0
0
0
0
0
0
0
0
0
0
0
0
0
0
0
0
0
0
0
0
0
0
0
0
0
0
0
0
0
0
0
0
0
0
0
0
0
0
0
0
0
0
0
0
0
0
0
0
0
0
0
0
0
0
0
0
0
0
0
0
0
0
0
0
0
0
0
0
0
0
0
0
0
0
0
0
0
0
0
0
0
0
0
0
0
0
0
0
0
0
0
0
0
0
0
0
0
0
0
0
0
0
0
0
0
0
0
0
0
0
0
0
0
0
0
0
0
0
0
0
0
0
0
0
0
0
0
0
0
0
0
0
0
0
0
0
0
0
0
0
0
0
0
0
0
0
0
0
0
0
0
0
0
0
0
0
0
0
0
0
0
0
0
0
0
0
0
0
0
0
0
0
0
0
0
0
0
0
0
0
0
0
0
0
0
0
0
0
0
0
0
0
0
0
0
0
0
0
0
0
0
0
0
0
0
0
0
0
0
0
0
0
0
0
0
0
0
0
0
0
0
0
0
0
0
0
0
0
0
0
0
0
0
0
0
0
0
0
0
0
0
0
0
0
0
0
0
0
0
0
0
0
0
0
0
0
0
0
0
0
0
0
0
0
0
0
0
0
0
0
0
0
0
0
0
0
0
0
0
0
0
0
0
0
0
0
0
0
0
0
0
0
0
0
0
0
0
0
0
0
0
0
0
0
0
0
0
0
0
0
0
0
0
0
0
0
0
0
0
0
0
0
0
0
0
0
0
0
0
0
0
0
0
0
0
0
0
0
0
0
0
0
0
0
0
0
0
0
0
0
0
0
0
0
0
0
0
0
0
0
0
0
0
0
0
0
0
0
0
0
0
0
0
0
0
0
0
0
0
0
0
0
0
0
0
0
0
0
0
0
0
0
0
0
0
0
0
0
0
0
0
0
0
0
0
0
0
0
0
0
0
0
0
0
0
0
0
0
0
0
0
0
0
0
0
0
0
0
0
0
0
0
0
0
0
0
0
0
0
0
0
0
0
0
0
0
0
0
0
0
0
0
0
0
0
0
0
0
0
0
0
0
0
0
0
0
0
0
0
0
0
0
0
0
0
0
0
0
0
0
0
0
0
0
0
0
0
0
0
0
0
0
0
0
0
0
0
0
0
0
0
0
0
0
0
0
0
0
0
0
0
0
0
0
0
0
0
0
0
0
0
0
0
0
0
0
0
0
0
0
0
0
0
0
0
0
0
0
0
0
0
0
0
0
0
0
0
0
0
0
0
0
0
0
0
0
0
0
0
0
0
0
0
0
0
0
0
0
0
0
0
0
0
0
0
0
0
0
0
0
0
0
0
0
0
0
0
0
0
0
0
0
0
0
0
0
0
0
0
0
0
0
0
0
0
0
0
0
0
0
0
0
0
0
0
0
0
0
0
0
0
0
0
0
0
0
0
0
0
0
0
0
0
0
0
0
0
0
0
0
0
0
0
0
0
0
0
0
0
0
0
0
0
0
0
0
0
0
0
0
0
0
0
0
0
0
0
0
0
0
0
0
0
0
0
0
0
0
0
0
0
0
0
0
0
0
0
0
0
0
0
0
0
0
0
0
0
0
0
0
0
0
0
0
0
0
0
0
0
0
0
0
0
0
0
0
0
0
0
0
0
0
0
0
0
0
0
0
0
0
0
0
0
0
0
0
0
0
0
0
0
0
0
0
0
0
0
0
0
0
0
0
0
0
0
0
0
0
0
0
0
0
0
0
0
0
0
0
0
0
0
0
0
0
0
0
0
0
0
0
0
0
0
0
0
0
0
0
0
0
0
0
0
0
0
0
0
0
0
0
0
0
0
0
0
0
0
0
0
0
0
0
0
0
0
0
0
0
0
0
0
0
0
0
0
0
0
0
0
0
0
0
0
0
0
0
0
0
0
0
0
0
0
0
0
0
0
0
0
0
0
0
0
0
0
0
0
0
0
0
0
0
0
0
0
0
0
0
0
0
0
0
0
0
0
0
0
0
0
0
0
0
0
0
0
0
0
0
0
0
0
0
0
0
0
0
0
0
0
0
0
0
0
0
0.185185
0
0.37037
0
0
0
0
1.11111
0
0
0.925926
0.740741
0
0
0.740741
0.740741
0
0.740741
0
2.22222
0
0
0
1.48148
0
0.37037
0.740741
0.740741
0
0
0
0.925926
0
0
0.37037
0
1.48148
0
0.37037
2.22222
0
0.37037
0
2.96296
0
0
0
2.22222
0.740741
0
1.85185
0.740741
0
0.37037
1.48148
2.22222
1.11111
0
0
0.740741
0
0
0
1.48148
0
1.66667
1.48148
2.22222
1.48148
1.48148
3.7037
0
0.37037
1.48148
0
0
0.740741
0
0.740741
2.96296
0.740741
0
0
0
0.185185
0
0
1.11111
0
1.48148
0.740741
0.740741
2.22222
1.48148
2.59259
2.59259
2.22222
0.740741
1.11111
4.44444
2.96296
0.740741
1.11111
1.48148
1.48148
0
1.48148
0
0.37037
0
2.96296
2.22222
0.740741
2.96296
1.48148
0
1.48148
2.96296
0.37037
1.48148
0.740741
2.96296
0.740741
0.37037
1.48148
1.11111
0.740741
2.40741
2.96296
0
2.96296
2.96296
2.96296
1.48148
2.59259
0.740741
1.48148
4.07407
0
0
2.22222
3.33333
0
4.44444
4.07407
3.33333
1.48148
1.48148
0
7.59259
3.88889
3.7037
2.22222
3.33333
0.740741
3.7037
5.18519
4.44444
2.22222
1.66667
10.3704
6.48148
5.18519
11.4815
10.3704
10
9.25926
5.92593
5.74074
15.3704
7.77778
5.55556
4.62963
4.44444
6.2963
5.18519
10.5556
8.14815
3.88889
10.3704
12.7778
7.40741
3.33333
7.40741
5.92593
7.77778
10
3.33333
7.03704
8.7037
10.7407
11.4815
13.7037
7.03704
9.25926
13.7037
3.7037
7.03704
14.4444
5.18519
3.88889
2.96296
2.22222
2.22222
0
5.74074
5.55556
2.59259
4.44444
8.33333
2.96296
1.48148
2.59259
2.59259
2.96296
1.48148
4.07407
0.740741
1.48148
2.22222
2.22222
2.96296
1.85185
1.48148
2.22222
2.59259
0
2.22222
0
0.740741
0
0
3.7037
1.85185
2.22222
2.03704
3.33333
2.03704
1.48148
2.96296
1.48148
0.740741
1.11111
0
1.48148
1.48148
1.48148
1.48148
0.740741
3.33333
0.740741
1.48148
0
0.740741
2.96296
0.740741
0.740741
1.11111
1.48148
5.37037
2.96296
2.22222
4.44444
0.555556
3.33333
1.85185
2.96296
1.48148
2.96296
0.740741
4.44444
1.85185
1.48148
1.11111
2.96296
0
3.33333
0.740741
1.48148
2.22222
0.740741
0.740741
2.22222
2.22222
2.22222
0
2.40741
2.96296
2.96296
2.96296
0
0.740741
2.40741
7.40741
0.740741
1.85185
0.37037
0
1.66667
0
1.48148
3.33333
1.85185
1.48148
2.59259
2.22222
2.96296
0.740741
2.59259
0.740741
1.11111
3.7037
0.925926
2.96296
2.22222
1.48148
1.11111
2.59259
2.22222
5.92593
2.96296
0.740741
0.740741
2.22222
1.48148
0.37037
0.740741
5.92593
5.18519
0.37037
5.92593
0
0.740741
3.7037
1.48148
0.740741
1.48148
2.22222
1.48148
0
2.22222
2.22222
1.11111
0
1.85185
2.03704
0.37037
0.37037
0
2.96296
0.37037
2.22222
1.11111
2.96296
4.44444
0.740741
2.59259
2.40741
0.740741
1.48148
3.88889
1.48148
2.96296
1.85185
0
0.740741
0
0.185185
2.22222
0.740741
1.11111
0.740741
0.740741
2.22222
0.740741
5.37037
0
0.37037
0
0
0
0
0.37037
0.37037
0
0
0.37037
2.22222
2.22222
0.37037
0.740741
1.85185
0
1.48148
0.185185
0
0
0
0.740741
0.37037
0.37037
0
0.37037
0.740741
0
1.11111
0
0.37037
0
0
0.740741
0.740741
0
0
0
0
0.37037
0
0
0
0.37037
0
0
0
0.740741
0
0
0
0
0.740741
0
