67.0000 0.05 1
116.735
81.1429
164.571
117.061
0.489796
0
0
0
0
0
0
0
0
0
0
0
0
0
0
0
0
0
0
0
0
0
0
0
0
0
0
0
0
0
0
0
0
0
0
0
0
0
0
0
0
0
0
0
0
0
0
0
0
0
0
0
0
0
0
0
0
0
0
0
0
0
0
0
0
0
0
0
0
0
0
0
0
0
0
0
0
0
0
0
0
0
0
0
0
0
0
0
0
0
0
0
0
0
0
0
0
0
0
0
0
0
0
0
0
0
0
0
0
0
0
0
0
0
0
0
0
0
0
0
0
0
0
0
0
0
0
0
0
0
0
0
0
0
0
0
0
0
0
0
0
0
0
0
0
0
0
0
0
0
0
0
0
0
0
0
0
0
0
0
0
0
0
0
0
0
0
0
0
0
0
0
0
0
0
0
0
0
0
0
0
0
0
0
0
0
0
0
0
0
0
0
0
0
0
0
0
0
0
0
0
0
0
0
0
0
0
0
0
0
0
0
0
0
0
0
0
0
0
0
0
0
0
0
0
0
0
0
0
0
0
0
0
0
0
0
0
0
0
0
0
0
0
0
0
0
0
0
0
0
0
0
0
0
0
0
0
0
0
0
0
0
0
0
0
0
0
0
0
0
0
0
0
0
0
0
0
0
0
0
0
0
0
0
0
0
0
0
0
0
0
0
0
0
0
0
0
0
0
0
0
0
0
0
0
0
0
0
0
0
0
0
0
0
0
0
0
0
0
0
0
0
0
0
0
0
0
0
0
0
0
0
0
0
0
0
0
0
0
0
0
0
0
0
0
0
0
0
0
0
0
0
0
0
0
0
0
0
0
0
0
0
0
0
0
0
0
0
0
0
0
0
0
0
0
0
0
0
0
0
0
0
0
0
0
0
0
0
0
0
0
0
0
0
0
0
0
0
0
0
0
0
0
0
0
0
0
0
0
0
0
0
0
0
0
0
0
0
0
0
0
0
0
0
0
0
0
0
0
0
0
0
0
0
0
0
0
0
0
0
0
0
0
0
0
0
0
0
0
0
0
0
0
0
0
0
0
0
0
0
0
0
0
0
0
0
0
0
0
0
0
0
0
0
0
0
0
0
0
0
0
0
0
0
0
0
0
0
0
0
0
0
0
0
0
0
0
0
0
0
0
0
0
0
0
0
0
0
0
0
0
0
0
0
0
0
0
0
0
0
0
0
0
0
0
0
0
0
0
0
0
0
0
0
0
0
0
0
0
0
0
0
0
0
0
0
0
0
0
0
0
0
0
0
0
0
0
0
0
0
0
0
0
0
0
0
0
0
0
0
0
0
0
0
0
0
0
0
0
0
0
0
0
0
0
0
0
0
0
0
0
0
0
0
0
0
0
0
0
0
0
0
0
0
0
0
0
0
0
0
0
0
0
0
0
0
0
0
0
0
0
0
0
0
0
0
0
0
0
0
0
0
0
0
0
0
0
0
0
0
0
0
0
0
0
0
0
0
0
0
0
0
0
0
0
0
0
0
0
0
0
0
0
0
0
0
0
0
0
0
0
0
0
0
0
0
0
0
0
0
0
0
0
0
0
0
0
0
0
0
0
0
0
0
0
0
0
0
0
0
0
0
0
0
0
0
0
0
0
0
0
0
0
0
0
0
0
0
0
0
0
0
0
0
0
0
0
0
0
0
0
0
0
0
0
0
0
0
0
0
0
0
0
0
0
0
0
0
0
0
0
0
0
0
0
0
0
0
0
0
0
0
0
0
0
0
0
0
0
0
0
0
0
0
0
0
0
0
0
0
0
0
0
0
0
0
0
0
0
0
0
0
0
0
0
0
0
0
0
0
0
0
0
0
0
0
0
0
0
0
0
0
0
0
0
0
0
0
0
0
0
0
0
0
0
0
0
0
0
0
0
0
0
0
0
0
0
0
0
0
0
0
0
0
0
0
0
0
0
0
0
0
0
0
0
0
0
0
0
0
0
0
0
0
0
0
0
0
0
0
0
0
0
0
0
0
0
0
0
0
0
0
0
0
0
0
0
0
0
0
0
0
0
0
0
0
0
0
0
0
0
0
0
0
0
0
0
0
0
0
0
0
0
0
0
0
0
0
0
0
0
0
0
0
0
0
0
0
0
0
0
0
0
0
0
0
0
0
0
0
0
0
0
0
0
0
0
0
0
0
0
0
0
0
0
0
0
0
0
0
0
0
0
0
0
0
0
0
0
0
0
0
0
0
0
0
0
0
0
0
0
0
0
0
0
0
0
0
0
0
0
0
0
0
0
0
0
0
0
0
0
0
0
0
0
0
0
0
0
0
0
0
0
0
0
0
0
0
0
0
0
0
0
0
0
0
0
0
0
0
0
0
0
0
0
0
0
0
0
0
0
0
0
0
0
0
0
0
0
0
0
0
0
0
0
0
0
0
0
0
0
0
0
0.163265
0
0
0
0.326531
0.653061
0
0
0
0
0
0.653061
0.979592
0.326531
0.653061
0
0.653061
0.979592
0.326531
0
0.979592
0.653061
0.653061
0
0
0
0.979592
0.326531
0.653061
0.326531
0.979592
1.30612
0
0.326531
0
0
0.979592
0.979592
0
0.979592
1.30612
0
1.30612
0
0
0.653061
1.30612
0.653061
0.979592
0.653061
0.653061
0
1.30612
0
0
0.653061
0
0.653061
0.653061
0
0.653061
1.30612
0
1.95918
1.30612
0
0.653061
0.653061
1.30612
0
0.653061
0
0.326531
0.326531
1.95918
0.326531
0.979592
0
0.653061
0.979592
1.63265
1.30612
2.61224
0
1.95918
0.979592
0.979592
1.95918
1.30612
1.63265
0.979592
0.979592
1.63265
3.59184
1.95918
0.326531
1.30612
0.326531
1.14286
0.326531
3.26531
0
0
1.46939
0.653061
1.30612
2.61224
0.653061
1.63265
1.30612
1.30612
4.57143
1.95918
2.93878
2.28571
3.59184
2.61224
3.91837
1.95918
7.5102
2.61224
2.28571
5.71429
2.28571
4.89796
6.20408
1.95918
9.14286
6.85714
3.91837
4.89796
2.61224
6.85714
5.87755
9.63265
5.22449
13.0612
6.53061
9.30612
9.14286
9.14286
5.55102
6.53061
4.73469
9.14286
7.18367
7.83673
9.46939
8.81633
14.3673
11.102
10.1224
8
9.79592
9.14286
13.7143
12.0816
10.1224
9.63265
4.73469
11.7551
10.1224
13.7143
20.4082
9.95918
11.9184
7.5102
8.97959
9.46939
13.0612
14.3673
9.79592
13.2245
8.65306
9.46939
8.81633
9.79592
8
8.81633
14.6939
15.0204
7.18367
10.6122
15.6735
10.449
11.4286
12.0816
15.0204
18.6122
9.46939
11.4286
7.83673
7.18367
7.18367
11.102
14.8571
14.3673
12.4082
8.65306
4.57143
3.91837
6.36735
6.53061
4.2449
2.93878
1.95918
1.63265
1.63265
2.61224
2.28571
1.95918
2.28571
2.61224
2.93878
2.61224
1.30612
0
2.28571
0.653061
3.91837
0.653061
2.61224
2.61224
2.61224
2.77551
1.63265
1.95918
3.26531
0.979592
1.30612
2.61224
1.30612
1.30612
1.95918
0.979592
1.95918
0
0.816327
1.63265
1.30612
2.61224
0.653061
0.326531
0.326531
1.30612
1.95918
0.653061
2.93878
1.30612
1.30612
0
2.61224
1.95918
0.979592
0.653061
1.95918
0.326531
0.326531
3.26531
0.653061
1.95918
0.653061
0.653061
0.979592
0.979592
0.979592
0.653061
0.653061
1.30612
1.30612
0.653061
1.30612
0.653061
0.653061
0
1.95918
0
1.95918
1.30612
0.979592
0.979592
2.61224
0.816327
0
0.979592
0.653061
0.653061
2.61224
1.30612
1.63265
1.30612
2.93878
2.61224
3.26531
2.93878
1.63265
0.653061
0.653061
1.95918
1.95918
0.979592
1.63265
1.95918
0.653061
1.63265
0.979592
0.653061
0.653061
1.95918
1.95918
0.653061
0.653061
1.30612
1.30612
0.653061
0.653061
1.63265
0
0
1.95918
2.28571
1.30612
1.30612
1.30612
0.653061
2.61224
3.26531
1.79592
0.326531
2.28571
0.326531
1.30612
1.63265
1.63265
2.61224
2.28571
0.979592
1.30612
0.326531
0.653061
2.61224
1.95918
0.653061
1.30612
3.26531
1.95918
2.61224
0.326531
0
1.30612
1.95918
2.61224
1.30612
0.653061
2.61224
2.93878
1.95918
2.61224
0.653061
1.63265
1.63265
1.95918
1.30612
1.63265
1.30612
2.28571
1.63265
0.653061
2.61224
0.653061
2.44898
0
1.30612
3.59184
1.30612
0.653061
1.95918
1.95918
0
2.61224
2.61224
3.26531
2.93878
2.28571
3.59184
2.61224
2.93878
2.61224
1.95918
0.653061
1.30612
0
1.95918
0.653061
2.28571
1.95918
1.30612
0
0
1.79592
1.63265
0.979592
1.95918
1.30612
0.653061
2.93878
0.979592
0
1.30612
2.61224
1.95918
1.30612
2.93878
1.95918
1.95918
0.653061
0.653061
1.30612
1.95918
0
0.326531
1.95918
0.326531
1.63265
4.89796
2.93878
3.26531
0.326531
2.28571
0.653061
1.30612
0
3.26531
1.63265
0.653061
0.326531
1.95918
0
1.63265
1.30612
2.28571
1.46939
1.95918
2.61224
0.979592
0.326531
1.30612
1.63265
1.30612
0.979592
0.326531
1.63265
1.63265
0
0
0.326531
0.326531
2.93878
0.653061
0.653061
0
0.653061
0.653061
0
1.30612
0.653061
0
0.653061
1.30612
0.653061
0
0.326531
0.489796
0
0.653061
0.326531
0.326531
0.326531
0.979592
0
0.653061
0.653061
0.326531
0
0
0
0
0
0.326531
0.326531
0
0
0.816327
0
0.653061
0
0
0
0
0
0
0
0
0
0.326531
0
0.326531
0
