57.0000 0.05 1
72.6531
121.633
121.633
4.08163
0
3.26531
36.7347
0
0
0
0
0
0
0
0
0
0
0
0
0
0
0
0
0
0
0
0
0
0
0
0
0
0
0
0
0
0
0
0
0
0
0
0
0
0
0
0
0
0
0
0
0
0
0
0
0
0
0
0
0
0
0
0
0
0
0
0
0
0
0
0
0
0
0
0
0
0
0
0
0
0
0
0
0
0
0
0
0
0
0
0
0
0
0
0
0
0
0
0
0
0
0
0
0
0
0
0
0
0
0
0
0
0
0
0
0
0
0
0
0
0
0
0
0
0
0
0
0
0
0
0
0
0
0
0
0
0
0
0
0
0
0
0
0
0
0
0
0
0
0
0
0
0
0
0
0
0
0
0
0
0
0
0
0
0
0
0
0
0
0
0
0
0
0
0
0
0
0
0
0
0
0
0
0
0
0
0
0
0
0
0
0
0
0
0
0
0
0
0
0
0
0
0
0
0
0
0
0
0
0
0
0
0
0
0
0
0
0
0
0
0
0
0
0
0
0
0
0
0
0
0
0
0
0
0
0
0
0
0
0
0
0
0
0
0
0
0
0
0
0
0
0
0
0
0
0
0
0
0
0
0
0
0
0
0
0
0
0
0
0
0
0
0
0
0
0
0
0
0
0
0
0
0
0
0
0
0
0
0
0
0
0
0
0
0
0
0
0
0
0
0
0
0
0
0
0
0
0
0
0
0
0
0
0
0
0
0
0
0
0
0
0
0
0
0
0
0
0
0
0
0
0
0
0
0
0
0
0
0
0
0
0
0
0
0
0
0
0
0
0
0
0
0
0
0
0
0
0
0
0
0
0
0
0
0
0
0
0
0
0
0
0
0
0
0
0
0
0
0
0
0
0
0
0
0
0
0
0
0
0
0
0
0
0
0
0
0
0
0
0
0
0
0
0
0
0
0
0
0
0
0
0
0
0
0
0
0
0
0
0
0
0
0
0
0
0
0
0
0
0
0
0
0
0
0
0
0
0
0
0
0
0
0
0
0
0
0
0
0
0
0
0
0
0
0
0
0
0
0
0
0
0
0
0
0
0
0
0
0
0
0
0
0
0
0
0
0
0
0
0
0
0
0
0
0
0
0
0
0
0
0
0
0
0
0
0
0
0
0
0
0
0
0
0
0
0
0
0
0
0
0
0
0
0
0
0
0
0
0
0
0
0
0
0
0
0
0
0
0
0
0
0
0
0
0
0
0
0
0
0
0
0
0
0
0
0
0
0
0
0
0
0
0
0
0
0
0
0
0
0
0
0
0
0
0
0
0
0
0
0
0
0
0
0
0
0
0
0
0
0
0
0
0
0
0
0
0
0
0
0
0
0
0
0
0
0
0
0
0
0
0
0
0
0
0
0
0
0
0
0
0
0
0
0
0
0
0
0
0
0
0
0
0
0
0
0
0
0
0
0
0
0
0
0
0
0
0
0
0
0
0
0
0
0
0
0
0
0
0
0
0
0
0
0
0
0
0
0
0
0
0
0
0
0
0
0
0
0
0
0
0
0
0
0
0
0
0
0
0
0
0
0
0
0
0
0
0
0
0
0
0
0
0
0
0
0
0
0
0
0
0
0
0
0
0
0
0
0
0
0
0
0
0
0
0
0
0
0
0
0
0
0
0
0
0
0
0
0
0
0
0
0
0
0
0
0
0
0
0
0
0
0
0
0
0
0
0
0
0
0
0
0
0
0
0
0
0
0
0
0
0
0
0
0
0
0
0
0
0
0
0
0
0
0
0
0
0
0
0
0
0
0
0
0
0
0
0
0
0
0
0
0
0
0
0
0
0
0
0
0
0
0
0
0
0
0
0
0
0
0
0
0
0
0
0
0
0
0
0
0
0
0
0
0
0
0
0
0
0
0
0
0
0
0
0
0
0
0
0
0
0
0
0
0
0
0
0
0
0
0
0
0
0
0
0
0
0
0
0
0
0
0
0
0
0
0
0
0
0
0
0
0
0
0
0
0
0
0
0
0
0
0
0
0
0
0
0
0
0
0
0
0
0
0
0
0
0
0
0
0
0
0
0
0
0
0
0
0
0
0
0
0
0
0
0
0
0
0
0
0
0
0
0
0
0
0
0
0
0
0
0
0
0
0
0
0
0
0
0
0
0
0
0
0
0
0
0
0
0
0
0
0
0
0
0
0
0
0
0
0
0
0
0
0
0
0
0
0
0
0
0
0
0
0
0
0
0
0
0
0
0
0
0
0
0
0
0
0
0
0
0
0
0
0
0
0
0
0
0
0
0
0
0
0
0
0
0
0
0
0
0
0
0
0
0
0
0
0
0
0
0
0
0
0
0
0
0
0
0
0
0
0
0
0
0
0
0
0
0
0
0
0
0
0
0
0
0
0
0
0
0
0.204082
0
0
0.408163
0.816327
0
0
0
0.816327
0
0.408163
0.816327
0.612245
0.816327
0.816327
1.63265
0
0
0.408163
0
0.816327
0
0.408163
1.63265
0
1.22449
0
0
0.816327
0.408163
0.408163
1.22449
0
0
1.02041
1.63265
1.22449
0
0
0.408163
0.816327
1.22449
1.22449
1.63265
0.816327
0.816327
0.408163
0.408163
1.22449
0
0.816327
1.22449
0.408163
1.63265
1.22449
2.04082
0
0
1.63265
0.816327
0.408163
0
0
0.408163
1.63265
1.22449
0
0.816327
0
1.22449
1.22449
2.04082
2.44898
0.816327
0
4.08163
0.816327
3.46939
2.04082
0.816327
1.63265
2.04082
0.816327
1.63265
0.816327
0
0.816327
0
0.816327
1.02041
0.816327
1.22449
0.816327
1.63265
1.22449
0
1.22449
1.63265
3.67347
2.44898
0.816327
0.816327
2.85714
0.408163
1.63265
2.04082
0.408163
0.816327
1.63265
2.44898
0
0
2.04082
0.816327
0.816327
2.85714
2.04082
4.08163
1.22449
1.63265
4.4898
1.83673
4.4898
3.26531
2.04082
3.67347
3.87755
2.04082
0.816327
0
3.06122
3.67347
2.65306
2.85714
3.26531
2.44898
3.67347
2.85714
0.816327
1.63265
2.04082
2.44898
3.67347
2.04082
5.91837
5.91837
0
2.44898
4.89796
2.85714
2.44898
4.08163
5.10204
9.79592
8.57143
10.8163
6.12245
11.2245
8.16327
8.77551
6.53061
8.57143
8.97959
12.6531
8.77551
10.2041
10.6122
13.8776
13.8776
10.8163
4.89796
17.1429
8.57143
7.7551
7.7551
13.8776
6.53061
13.8776
11.0204
18.1633
6.53061
9.38776
7.34694
6.93878
5.5102
10.2041
8.57143
6.53061
10.2041
8.97959
6.32653
9.79592
8.97959
9.38776
13.0612
10.2041
5.30612
9.38776
11.4286
12.8571
7.34694
6.93878
7.34694
10.6122
3.67347
7.34694
8.77551
11.0204
9.79592
9.79592
6.73469
1.83673
4.08163
3.67347
3.26531
2.85714
4.89796
2.04082
1.63265
4.08163
2.85714
3.26531
1.22449
4.08163
4.89796
2.85714
2.04082
0
3.26531
2.44898
3.46939
3.46939
1.22449
0.816327
1.63265
2.44898
1.63265
1.22449
0.816327
3.26531
2.04082
2.44898
3.26531
2.04082
0
2.44898
2.04082
3.26531
2.85714
1.63265
2.85714
2.44898
1.22449
1.22449
1.22449
2.85714
0.816327
2.44898
1.22449
3.26531
1.63265
0.816327
2.04082
1.22449
3.26531
1.02041
5.30612
2.04082
1.22449
1.22449
1.22449
0.408163
3.26531
2.44898
1.22449
3.26531
0.816327
0.816327
3.26531
2.44898
0.816327
4.4898
3.26531
3.26531
0
0.816327
2.44898
2.04082
2.65306
2.44898
2.2449
2.04082
2.85714
1.63265
3.67347
0.408163
2.85714
1.22449
2.85714
0.816327
4.4898
1.63265
1.63265
1.63265
4.08163
2.44898
2.85714
1.02041
0.408163
2.04082
2.85714
0.816327
0.816327
3.26531
0.816327
0.816327
0.816327
1.22449
2.85714
0
2.85714
2.85714
1.63265
3.67347
2.44898
1.63265
5.30612
0.816327
1.22449
2.44898
4.08163
0.816327
6.53061
0.816327
2.44898
0.816327
0.816327
0.816327
4.08163
2.85714
2.2449
2.85714
1.22449
2.44898
2.2449
5.71429
0.816327
1.63265
1.63265
6.53061
2.44898
0.816327
1.22449
1.63265
2.44898
1.63265
0.408163
2.44898
1.63265
1.63265
4.08163
2.85714
2.04082
2.44898
3.67347
1.22449
2.04082
2.85714
3.67347
4.28571
3.67347
3.26531
1.63265
1.63265
0.816327
7.55102
2.04082
1.63265
3.26531
0.816327
2.85714
3.67347
1.83673
2.44898
3.26531
3.26531
2.04082
4.08163
1.63265
3.67347
3.67347
1.22449
1.63265
0
1.22449
3.06122
0.816327
2.85714
3.26531
0.816327
1.83673
3.26531
1.22449
2.2449
3.87755
2.85714
1.22449
1.22449
1.22449
1.22449
2.04082
1.63265
0
0.816327
1.63265
1.22449
0.408163
0.816327
1.22449
1.22449
0.408163
1.22449
3.26531
1.22449
1.63265
0
1.02041
1.22449
0.612245
0.408163
0
0.408163
0.612245
0.816327
1.63265
0
1.63265
0.408163
1.02041
1.22449
0
0.408163
0.816327
0
0.408163
0
0.204082
0.408163
0.816327
0
