22.0000 0.05 1
40
23.6735
16.3265
0
40
0
0
0
0
0
0
0
0
0
0
0
0
0
0
0
0
0
0
0
0
0
0
0
0
0
0
0
0
0
0
0
0
0
0
0
0
0
0
0
0
0
0
0
0
0
0
0
0
0
0
0
0
0
0
0
0
0
0
0
0
0
0
0
0
0
0
0
0
0
0
0
0
0
0
0
0
0
0
0
0
0
0
0
0
0
0
0
0
0
0
0
0
0
0
0
0
0
0
0
0
0
0
0
0
0
0
0
0
0
0
0
0
0
0
0
0
0
0
0
0
0
0
0
0
0
0
0
0
0
0
0
0
0
0
0
0
0
0
0
0
0
0
0
0
0
0
0
0
0
0
0
0
0
0
0
0
0
0
0
0
0
0
0
0
0
0
0
0
0
0
0
0
0
0
0
0
0
0
0
0
0
0
0
0
0
0
0
0
0
0
0
0
0
0
0
0
0
0
0
0
0
0
0
0
0
0
0
0
0
0
0
0
0
0
0
0
0
0
0
0
0
0
0
0
0
0
0
0
0
0
0
0
0
0
0
0
0
0
0
0
0
0
0
0
0
0
0
0
0
0
0
0
0
0
0
0
0
0
0
0
0
0
0
0
0
0
0
0
0
0
0
0
0
0
0
0
0
0
0
0
0
0
0
0
0
0
0
0
0
0
0
0
0
0
0
0
0
0
0
0
0
0
0
0
0
0
0
0
0
0
0
0
0
0
0
0
0
0
0
0
0
0
0
0
0
0
0
0
0
0
0
0
0
0
0
0
0
0
0
0
0
0
0
0
0
0
0
0
0
0
0
0
0
0
0
0
0
0
0
0
0
0
0
0
0
0
0
0
0
0
0
0
0
0
0
0
0
0
0
0
0
0
0
0
0
0
0
0
0
0
0
0
0
0
0
0
0
0
0
0
0
0
0
0
0
0
0
0
0
0
0
0
0
0
0
0
0
0
0
0
0
0
0
0
0
0
0
0
0
0
0
0
0
0
0
0
0
0
0
0
0
0
0
0
0
0
0
0
0
0
0
0
0
0
0
0
0
0
0
0
0
0
0
0
0
0
0
0
0
0
0
0
0
0
0
0
0
0
0
0
0
0
0
0
0
0
0
0
0
0
0
0
0
0
0
0
0
0
0
0
0
0
0
0
0
0
0
0
0
0
0
0
0
0
0
0
0
0
0
0
0
0
0
0
0
0
0
0
0
0
0
0
0
0
0
0
0
0
0
0
0
0
0
0
0
0
0
0
0
0
0
0
0
0
0
0
0
0
0
0
0
0
0
0
0
0
0
0
0
0
0
0
0
0
0
0
0
0
0
0
0
0
0
0
0
0
0
0
0
0
0
0
0
0
0
0
0
0
0
0
0
0
0
0
0
0
0
0
0
0
0
0
0
0
0
0
0
0
0
0
0
0
0
0
0
0
0
0
0
0
0
0
0
0
0
0
0
0
0
0
0
0
0
0
0
0
0
0
0
0
0
0
0
0
0
0
0
0
0
0
0
0
0
0
0
0
0
0
0
0
0
0
0
0
0
0
0
0
0
0
0
0
0
0
0
0
0
0
0
0
0
0
0
0
0
0
0
0
0
0
0
0
0
0
0
0
0
0
0
0
0
0
0
0
0
0
0
0
0
0
0
0
0
0
0
0
0
0
0
0
0
0
0
0
0
0
0
0
0
0
0
0
0
0
0
0
0
0
0
0
0
0
0
0
0
0
0
0
0
0
0
0
0
0
0
0
0
0
0
0
0
0
0
0
0
0
0
0
0
0
0
0
0
0
0
0
0
0
0
0
0
0
0
0
0
0
0
0
0
0
0
0
0
0
0
0
0
0
0
0
0
0
0
0
0
0
0
0
0
0
0
0
0
0
0
0
0
0
0
0
0
0
0
0
0
0
0
0
0
0
0
0
0
0
0
0
0
0
0
0
0
0
0
0
0
0
0
0
0
0
0
0
0
0
0
0
0
0
0
0
0
0
0
0
0
0
0
0
0
0
0
0
0
0
0
0
0
0
0
0
0
0
0
0
0
0
0
0
0
0
0
0
0
0
0
0
0
0
0
0
0
0
0
0
0
0
0
0
0
0
0
0
0
0
0
0
0
0
0
0
0
0
0
0
0
0
0
0
0
0
0
0
0
0
0
0
0
0
0
0
0
0
0
0
0
0
0
0
0
0
0
0
0
0
0
0
0
0
0
0
0
0
0
0
0
0
0
0
0
0
0
0
0
0
0
0
0
0
0
0
0
0
0
0
0
0
0
0
0
0
0
0
0
0
0
0
0
0
0
0
0
0
0
0
0
0
0
0
0
0
0
0
0
0
0
0
0
0
0
0
0
0
0
0
0
0
0
0
0
0
0
0
0
0
0
0
0.116618
0
0
0
0.233236
0.466472
0
0
0.466472
0
0
0
0.466472
0.466472
0
0.233236
1.39942
0
0.233236
0
0
0
0.466472
0
0
0
0
1.86589
0.466472
0
0.233236
0.466472
0
0
2.09913
0.932945
0
0
0
0
0
0
0.466472
0.932945
0
1.63265
0
0
1.16618
1.39942
0
1.39942
0.932945
0
0
0
0
0.932945
0
0.233236
0
0
3.03207
0.233236
0.466472
0
0
0.466472
0
0
1.63265
0
0.466472
0
1.39942
1.86589
0
1.39942
1.16618
0.466472
0.466472
0
0.466472
0.932945
1.86589
0.466472
0.466472
0.932945
1.39942
0.466472
0.932945
0
0.466472
0
0.233236
0.466472
0
0
0.932945
0.932945
0.932945
1.16618
0.233236
2.33236
2.33236
0.932945
0
0
0
0.932945
0
0.466472
1.86589
0.466472
0.233236
1.39942
0.466472
0.932945
1.86589
0.233236
1.86589
0
0.466472
0.932945
1.86589
0.233236
1.39942
1.39942
1.86589
0
1.39942
0
0.466472
2.79883
1.16618
1.86589
1.39942
0.466472
0
1.39942
0.932945
1.04956
3.73178
0.466472
1.86589
2.79883
0.932945
2.5656
0.932945
0.932945
0.466472
3.03207
0
1.39942
0.466472
2.33236
1.39942
1.39942
1.16618
0
2.33236
2.33236
1.39942
2.5656
2.33236
3.26531
2.21574
3.96501
4.43149
4.89796
3.61516
3.96501
3.96501
2.79883
4.19825
10.7289
8.16327
9.56268
13.2945
7.69679
6.06414
2.5656
0.932945
1.86589
6.06414
4.43149
4.66472
2.33236
1.39942
3.49854
3.96501
10.379
11.0787
3.73178
1.86589
5.48105
1.86589
3.26531
0
1.86589
2.79883
1.39942
1.16618
0.932945
0.466472
4.66472
1.39942
0.932945
0
1.39942
1.39942
2.5656
2.33236
0.932945
0
0.466472
1.86589
0.466472
0
1.39942
1.16618
0.466472
0.233236
0
2.33236
0.466472
2.79883
0.466472
0
1.39942
0
3.73178
0
0.466472
0.466472
3.14869
0.932945
1.16618
0
1.86589
1.86589
2.79883
0.233236
0
1.39942
0.233236
0.932945
3.26531
0.932945
0.932945
0.466472
1.39942
0.932945
1.86589
2.33236
0.932945
0.932945
1.39942
0
0.932945
0.932945
0.932945
0
3.73178
0.233236
1.98251
1.86589
0
0
0
1.16618
1.2828
2.5656
1.86589
0.932945
0.466472
0.466472
0.233236
3.26531
1.39942
0.932945
2.21574
3.96501
0
0
0.932945
0.932945
1.39942
0.466472
0.466472
0.932945
1.39942
1.86589
0.699708
0.466472
3.26531
0.466472
1.86589
3.96501
1.16618
0.466472
2.79883
0
0.466472
0
0
0.932945
1.86589
2.09913
1.39942
0
0
0
0.233236
2.09913
2.33236
0.932945
1.39942
1.86589
1.16618
3.26531
0.932945
0.932945
1.86589
0.932945
0.932945
1.39942
2.33236
1.86589
1.39942
0.932945
2.79883
0
1.16618
0
0
0
0.233236
2.09913
1.63265
1.86589
0.466472
1.39942
1.16618
1.39942
0.932945
0.932945
3.03207
2.33236
2.79883
1.86589
0.699708
0
0.932945
1.04956
0.233236
2.09913
1.39942
0.932945
0.932945
0.466472
0.466472
1.86589
1.39942
2.09913
2.33236
0.932945
0.233236
0
0.932945
0.699708
0.699708
0.932945
1.86589
2.79883
2.5656
0.932945
1.39942
1.86589
0.932945
0
0.466472
0.466472
0.466472
1.16618
1.39942
1.98251
2.5656
0.466472
1.39942
2.09913
3.73178
0.699708
3.96501
0
3.14869
0.233236
1.39942
3.73178
1.16618
0.699708
0.932945
2.33236
2.5656
0.932945
0
1.86589
1.39942
0.466472
0.932945
1.39942
2.33236
0
1.16618
2.09913
0.932945
1.86589
0
0.699708
0.816327
0
1.86589
2.33236
0.466472
0.932945
3.26531
4.89796
1.39942
2.5656
1.86589
1.39942
1.16618
2.33236
1.86589
0.932945
0.699708
3.26531
0.233236
0.233236
1.39942
1.86589
0.699708
1.16618
2.33236
3.26531
0.932945
1.39942
0
1.63265
0
0
0.233236
2.33236
3.03207
1.63265
0.233236
0.466472
0.932945
0
1.39942
0
0.466472
1.39942
0
1.74927
0.932945
0.699708
1.39942
0.466472
3.73178
3.03207
0
0.466472
0.699708
0
1.86589
0.932945
0.466472
1.16618
2.79883
1.86589
3.26531
0.466472
0.932945
1.16618
0
0.466472
3.03207
2.33236
2.79883
0
1.86589
2.79883
2.33236
0.466472
0.932945
0.932945
0.466472
1.39942
0.932945
0
0.699708
0.466472
0
2.33236
0
0.466472
2.79883
0.932945
0
0.466472
0
0.932945
0.932945
0
0
0
0.932945
0
0
0.466472
0
0
0
0
0.932945
0
0
1.39942
0
0.116618
0
0.233236
0
0
0
0
0
0
0
0
0
0
0.932945
0
0
0
0
0.233236
0
