54.0000 0.05 1
160
66.6667
13.3333
0
0
0
40
20
20
40
0
0
0
0
0
0
0
0
0
0
0
0
0
0
0
0
0
0
0
0
0
0
0
0
0
0
0
0
0
0
0
0
0
0
0
0
0
0
0
0
0
0
0
0
0
0
0
0
0
0
0
0
0
0
0
0
0
0
0
0
0
0
0
0
0
0
0
0
0
0
0
0
0
0
0
0
0
0
0
0
0
0
0
0
0
0
0
0
0
0
0
0
0
0
0
0
0
0
0
0
0
0
0
0
0
0
0
0
0
0
0
0
0
0
0
0
0
0
0
0
0
0
0
0
0
0
0
0
0
0
0
0
0
0
0
0
0
0
0
0
0
0
0
0
0
0
0
0
0
0
0
0
0
0
0
0
0
0
0
0
0
0
0
0
0
0
0
0
0
0
0
0
0
0
0
0
0
0
0
0
0
0
0
0
0
0
0
0
0
0
0
0
0
0
0
0
0
0
0
0
0
0
0
0
0
0
0
0
0
0
0
0
0
0
0
0
0
0
0
0
0
0
0
0
0
0
0
0
0
0
0
0
0
0
0
0
0
0
0
0
0
0
0
0
0
0
0
0
0
0
0
0
0
0
0
0
0
0
0
0
0
0
0
0
0
0
0
0
0
0
0
0
0
0
0
0
0
0
0
0
0
0
0
0
0
0
0
0
0
0
0
0
0
0
0
0
0
0
0
0
0
0
0
0
0
0
0
0
0
0
0
0
0
0
0
0
0
0
0
0
0
0
0
0
0
0
0
0
0
0
0
0
0
0
0
0
0
0
0
0
0
0
0
0
0
0
0
0
0
0
0
0
0
0
0
0
0
0
0
0
0
0
0
0
0
0
0
0
0
0
0
0
0
0
0
0
0
0
0
0
0
0
0
0
0
0
0
0
0
0
0
0
0
0
0
0
0
0
0
0
0
0
0
0
0
0
0
0
0
0
0
0
0
0
0
0
0
0
0
0
0
0
0
0
0
0
0
0
0
0
0
0
0
0
0
0
0
0
0
0
0
0
0
0
0
0
0
0
0
0
0
0
0
0
0
0
0
0
0
0
0
0
0
0
0
0
0
0
0
0
0
0
0
0
0
0
0
0
0
0
0
0
0
0
0
0
0
0
0
0
0
0
0
0
0
0
0
0
0
0
0
0
0
0
0
0
0
0
0
0
0
0
0
0
0
0
0
0
0
0
0
0
0
0
0
0
0
0
0
0
0
0
0
0
0
0
0
0
0
0
0
0
0
0
0
0
0
0
0
0
0
0
0
0
0
0
0
0
0
0
0
0
0
0
0
0
0
0
0
0
0
0
0
0
0
0
0
0
0
0
0
0
0
0
0
0
0
0
0
0
0
0
0
0
0
0
0
0
0
0
0
0
0
0
0
0
0
0
0
0
0
0
0
0
0
0
0
0
0
0
0
0
0
0
0
0
0
0
0
0
0
0
0
0
0
0
0
0
0
0
0
0
0
0
0
0
0
0
0
0
0
0
0
0
0
0
0
0
0
0
0
0
0
0
0
0
0
0
0
0
0
0
0
0
0
0
0
0
0
0
0
0
0
0
0
0
0
0
0
0
0
0
0
0
0
0
0
0
0
0
0
0
0
0
0
0
0
0
0
0
0
0
0
0
0
0
0
0
0
0
0
0
0
0
0
0
0
0
0
0
0
0
0
0
0
0
0
0
0
0
0
0
0
0
0
0
0
0
0
0
0
0
0
0
0
0
0
0
0
0
0
0
0
0
0
0
0
0
0
0
0
0
0
0
0
0
0
0
0
0
0
0
0
0
0
0
0
0
0
0
0
0
0
0
0
0
0
0
0
0
0
0
0
0
0
0
0
0
0
0
0
0
0
0
0
0
0
0
0
0
0
0
0
0
0
0
0
0
0
0
0
0
0
0
0
0
0
0
0
0
0
0
0
0
0
0
0
0
0
0
0
0
0
0
0
0
0
0
0
0
0
0
0
0
0
0
0
0
0
0
0
0
0
0
0
0
0
0
0
0
0
0
0
0
0
0
0
0
0
0
0
0
0
0
0
0
0
0
0
0
0
0
0
0
0
0
0
0
0
0
0
0
0
0
0
0
0
0
0
0
0
0
0
0
0
0
0
0
0
0
0
0
0
0
0
0
0
0
0
0
0
0
0
0
0
0
0
0
0
0
0
0
0
0
0
0
0
0
0
0
0
0
0
0
0
0
0
0
0
0
0
0
0
0
0
0
0
0
0
0
0
0
0
0
0
0
0
0
0
0
0
0
0
0
0
0
0
0
0
0
0
0
0
0
0
0
0
0
0
0
0
0
0
0
0
0
0
0
0
0
0
0
0
0
0
0
0
0
0
0
0
0
0
0
0
0
0
0
0
0
0
0
0
0.185185
0
0.37037
0
0
0.37037
0
0.925926
0
0
0.740741
0
0.740741
0.740741
0.740741
0
0
0.740741
0.740741
1.48148
0
0
1.48148
0
0.740741
0
0.37037
0
0.740741
0
0.740741
0
0.37037
0
0
0
0
0
1.48148
0
1.48148
0
1.66667
0
0
0.37037
0.740741
0
0.37037
0.740741
1.11111
1.48148
0
1.48148
0
0.740741
1.48148
0.740741
0.37037
0
1.48148
0.740741
0.740741
0
0
2.22222
0
0.740741
1.85185
0.740741
1.48148
1.48148
2.40741
0.740741
1.48148
0
0
0
1.48148
2.22222
0
0
0
0
0.740741
0
0
0.37037
2.22222
0
0
0.925926
0.37037
1.48148
0
2.22222
0.740741
0.740741
1.48148
1.85185
1.48148
5.92593
0.740741
2.22222
0.740741
1.11111
0.740741
1.11111
1.85185
1.85185
0
1.11111
2.96296
1.48148
2.59259
1.48148
1.48148
0.740741
2.96296
0.740741
1.11111
0.740741
0.740741
1.85185
0
2.96296
0.37037
0
0
0
0
4.07407
5.92593
3.7037
1.2963
2.96296
3.7037
5.92593
0.740741
0.185185
1.48148
3.7037
4.81481
5.55556
6.85185
1.11111
5.55556
4.07407
7.40741
2.96296
3.14815
3.88889
6.2963
4.44444
11.1111
4.44444
12.2222
3.7037
7.77778
4.81481
5.18519
5.55556
11.6667
9.81481
5.92593
4.25926
10.7407
5.55556
12.7778
8.51852
10.3704
9.81481
10.3704
8.51852
4.25926
10.7407
11.1111
14.4444
12.037
10.9259
10.7407
8.51852
19.2593
7.96296
11.1111
15.1852
8.33333
9.81481
5.18519
10.9259
6.85185
9.07407
11.8519
8.51852
9.25926
16.2963
5.18519
5.55556
4.81481
4.07407
13.1481
13.7037
7.77778
7.77778
2.22222
7.03704
4.07407
12.2222
9.62963
9.25926
5.55556
5.74074
4.81481
3.7037
5.18519
5.18519
0.37037
0.740741
2.96296
3.33333
1.11111
2.22222
1.48148
3.33333
4.07407
3.51852
1.85185
2.96296
4.44444
0.37037
4.81481
1.48148
3.7037
1.66667
0
2.22222
1.48148
4.07407
1.48148
0
0
1.48148
1.11111
1.48148
0
0.740741
4.44444
0.740741
2.22222
3.7037
0.37037
0.740741
1.48148
0.740741
0.740741
0.185185
1.48148
0.37037
1.11111
0.37037
2.22222
0
0
2.03704
2.96296
1.48148
0.740741
0
1.48148
2.59259
1.11111
2.96296
2.22222
1.48148
0.740741
0.740741
4.44444
1.11111
1.48148
1.11111
2.22222
0.740741
2.03704
2.03704
2.59259
0.740741
2.96296
0.740741
1.48148
1.85185
1.11111
1.11111
0.740741
0.740741
0
1.48148
5.92593
0.740741
1.48148
1.48148
1.11111
0.740741
1.48148
0.740741
2.96296
7.03704
1.48148
0.740741
4.44444
0.925926
1.48148
1.48148
0
1.48148
0
0
1.48148
0
2.40741
2.96296
1.11111
2.22222
0.740741
1.48148
1.11111
3.7037
2.22222
2.96296
0.740741
2.59259
5.18519
2.22222
0.740741
0.185185
4.07407
0.925926
1.48148
1.11111
0.740741
0.740741
0
2.22222
0.740741
1.11111
4.44444
0.740741
1.48148
2.96296
0.740741
1.11111
1.11111
0.37037
3.7037
1.48148
1.48148
4.81481
5.92593
4.44444
0
2.96296
2.96296
2.22222
0
0.740741
0.740741
2.22222
1.48148
0.740741
1.48148
2.22222
0
2.96296
1.85185
0.740741
1.85185
2.96296
0.185185
0.185185
0.740741
1.48148
1.11111
0.740741
6.2963
2.96296
0
3.7037
0
0.925926
0.740741
3.33333
0.740741
3.33333
0.740741
0.37037
2.22222
1.48148
0.185185
1.85185
1.11111
2.59259
1.11111
2.22222
1.48148
1.48148
0.740741
1.48148
0.740741
0
0.740741
1.48148
1.11111
0.740741
0.740741
1.85185
2.59259
0.740741
0.740741
0
2.96296
1.85185
0.37037
1.85185
0
0
0.740741
0
0
2.22222
0
1.48148
0
0
2.40741
0
0
1.2963
0
0
2.22222
0
0
0
0
0
0.740741
0.37037
1.11111
0.740741
0.37037
0
0
0
0
0
0
0
0
0.740741
0.37037
0
0.740741
0
0
0
0
0
0
0
1.11111
0
