51.0000 0.05 1
95.3936
83.965
88.6297
54.8105
37.2012
0
0
0
0
0
0
0
0
0
0
0
0
0
0
0
0
0
0
0
0
0
0
0
0
0
0
0
0
0
0
0
0
0
0
0
0
0
0
0
0
0
0
0
0
0
0
0
0
0
0
0
0
0
0
0
0
0
0
0
0
0
0
0
0
0
0
0
0
0
0
0
0
0
0
0
0
0
0
0
0
0
0
0
0
0
0
0
0
0
0
0
0
0
0
0
0
0
0
0
0
0
0
0
0
0
0
0
0
0
0
0
0
0
0
0
0
0
0
0
0
0
0
0
0
0
0
0
0
0
0
0
0
0
0
0
0
0
0
0
0
0
0
0
0
0
0
0
0
0
0
0
0
0
0
0
0
0
0
0
0
0
0
0
0
0
0
0
0
0
0
0
0
0
0
0
0
0
0
0
0
0
0
0
0
0
0
0
0
0
0
0
0
0
0
0
0
0
0
0
0
0
0
0
0
0
0
0
0
0
0
0
0
0
0
0
0
0
0
0
0
0
0
0
0
0
0
0
0
0
0
0
0
0
0
0
0
0
0
0
0
0
0
0
0
0
0
0
0
0
0
0
0
0
0
0
0
0
0
0
0
0
0
0
0
0
0
0
0
0
0
0
0
0
0
0
0
0
0
0
0
0
0
0
0
0
0
0
0
0
0
0
0
0
0
0
0
0
0
0
0
0
0
0
0
0
0
0
0
0
0
0
0
0
0
0
0
0
0
0
0
0
0
0
0
0
0
0
0
0
0
0
0
0
0
0
0
0
0
0
0
0
0
0
0
0
0
0
0
0
0
0
0
0
0
0
0
0
0
0
0
0
0
0
0
0
0
0
0
0
0
0
0
0
0
0
0
0
0
0
0
0
0
0
0
0
0
0
0
0
0
0
0
0
0
0
0
0
0
0
0
0
0
0
0
0
0
0
0
0
0
0
0
0
0
0
0
0
0
0
0
0
0
0
0
0
0
0
0
0
0
0
0
0
0
0
0
0
0
0
0
0
0
0
0
0
0
0
0
0
0
0
0
0
0
0
0
0
0
0
0
0
0
0
0
0
0
0
0
0
0
0
0
0
0
0
0
0
0
0
0
0
0
0
0
0
0
0
0
0
0
0
0
0
0
0
0
0
0
0
0
0
0
0
0
0
0
0
0
0
0
0
0
0
0
0
0
0
0
0
0
0
0
0
0
0
0
0
0
0
0
0
0
0
0
0
0
0
0
0
0
0
0
0
0
0
0
0
0
0
0
0
0
0
0
0
0
0
0
0
0
0
0
0
0
0
0
0
0
0
0
0
0
0
0
0
0
0
0
0
0
0
0
0
0
0
0
0
0
0
0
0
0
0
0
0
0
0
0
0
0
0
0
0
0
0
0
0
0
0
0
0
0
0
0
0
0
0
0
0
0
0
0
0
0
0
0
0
0
0
0
0
0
0
0
0
0
0
0
0
0
0
0
0
0
0
0
0
0
0
0
0
0
0
0
0
0
0
0
0
0
0
0
0
0
0
0
0
0
0
0
0
0
0
0
0
0
0
0
0
0
0
0
0
0
0
0
0
0
0
0
0
0
0
0
0
0
0
0
0
0
0
0
0
0
0
0
0
0
0
0
0
0
0
0
0
0
0
0
0
0
0
0
0
0
0
0
0
0
0
0
0
0
0
0
0
0
0
0
0
0
0
0
0
0
0
0
0
0
0
0
0
0
0
0
0
0
0
0
0
0
0
0
0
0
0
0
0
0
0
0
0
0
0
0
0
0
0
0
0
0
0
0
0
0
0
0
0
0
0
0
0
0
0
0
0
0
0
0
0
0
0
0
0
0
0
0
0
0
0
0
0
0
0
0
0
0
0
0
0
0
0
0
0
0
0
0
0
0
0
0
0
0
0
0
0
0
0
0
0
0
0
0
0
0
0
0
0
0
0
0
0
0
0
0
0
0
0
0
0
0
0
0
0
0
0
0
0
0
0
0
0
0
0
0
0
0
0
0
0
0
0
0
0
0
0
0
0
0
0
0
0
0
0
0
0
0
0
0
0
0
0
0
0
0
0
0
0
0
0
0
0
0
0
0
0
0
0
0
0
0
0
0
0
0
0
0
0
0
0
0
0
0
0
0
0
0
0
0
0
0
0
0
0
0
0
0
0
0
0
0
0
0
0
0
0
0
0
0
0
0
0
0
0
0
0
0
0
0
0
0
0
0
0
0
0
0
0
0
0
0
0
0
0
0
0
0
0
0
0
0
0
0
0
0
0
0
0
0
0
0
0
0
0
0
0
0
0
0
0
0
0
0
0
0
0
0
0
0
0
0
0
0
0
0
0
0
0
0
0
0
0
0
0
0
0
0
0
0
0
0
0
0
0
0
0
0
0
0
0
0
0
0
0
0
0
0
0
0
0
0
0
0.116618
0
0
0
0
0
1.16618
0
0
0.466472
0
0
0
0
0
0.932945
0
0.932945
0
0.466472
0
0
0.233236
0
2.79883
0
0
0
0
0
0
0.932945
0
0
0
1.86589
0.466472
0
0.932945
0.932945
0
0.932945
0.932945
0
0.932945
0
0
0.233236
0
1.86589
0
0.932945
0
0
2.79883
0.932945
0
1.86589
0
0.466472
0
0.932945
1.86589
0
0
2.79883
0.466472
0
0
0
1.86589
0.932945
0
1.39942
0
0.466472
2.79883
0
1.86589
0
0
0.233236
0.932945
0
1.86589
0.932945
0
0.932945
2.79883
0
0.466472
0.932945
0
2.79883
0
0
0
2.79883
2.79883
0.932945
0.466472
0
2.79883
1.86589
3.96501
1.39942
0.932945
0.932945
0.932945
0.932945
0.932945
0.932945
4.19825
1.86589
2.79883
0
0
1.86589
2.5656
5.59767
0.932945
0.233236
1.86589
4.19825
0
4.31487
6.06414
1.86589
7.23032
1.63265
4.78134
6.06414
1.86589
1.16618
3.73178
7.69679
5.71429
4.19825
6.53061
8.86297
6.53061
16.793
5.8309
4.19825
5.59767
6.53061
11.6618
10.2624
6.06414
2.33236
9.32945
7.46356
7.1137
5.59767
5.1312
3.96501
14.4606
14.9271
6.99708
4.19825
7.93003
9.79592
10.2624
4.66472
10.7289
3.73178
7.93003
7.46356
4.66472
5.36443
6.53061
8.3965
2.79883
18.1924
9.09621
8.62974
4.19825
7.93003
11.895
7.58017
6.06414
12.1283
14.9271
17.8426
7.23032
13.7609
5.8309
14.2274
8.97959
2.21574
4.89796
5.36443
4.66472
7.69679
10.7289
15.1603
6.53061
9.32945
5.1312
7.34694
0.932945
0.932945
3.26531
2.79883
0.932945
1.39942
0.932945
1.86589
2.79883
0
0
3.73178
0.466472
1.86589
3.73178
3.73178
1.86589
0
2.79883
0
2.09913
0.932945
0
1.86589
1.86589
3.73178
0.466472
0
2.79883
0.932945
1.39942
0
1.86589
0
1.86589
2.79883
3.73178
0
0
2.33236
0.932945
0
0
1.86589
0.116618
0.932945
0.932945
0
0
3.73178
2.79883
0
1.86589
0.932945
0
0
0
0
1.86589
0
0
0.932945
1.86589
0.466472
0
0
1.39942
0.932945
0
0
0.466472
0
2.33236
0.932945
0
0.466472
2.33236
0.932945
1.86589
0.466472
1.86589
0
2.79883
0
0
1.86589
2.79883
0
1.86589
2.79883
0.466472
0.932945
2.79883
1.86589
0
1.39942
0.932945
0.932945
3.73178
0.932945
0
3.73178
0.932945
0
1.86589
0.932945
2.33236
0
0
0.466472
0
2.79883
0.932945
1.86589
0.932945
0
0
1.16618
1.16618
0.233236
0.116618
1.39942
5.59767
0.932945
2.33236
2.09913
1.86589
1.86589
2.09913
0
1.39942
0
0
1.86589
3.26531
0.932945
0.932945
5.8309
0.932945
0.932945
0.932945
2.33236
0
0.466472
1.86589
0
0.116618
0.932945
3.26531
1.39942
0.932945
0
0.466472
1.86589
0.932945
1.39942
2.79883
1.86589
0.932945
1.39942
0
0.932945
0
0
0
0.932945
0.932945
4.66472
0
1.86589
1.39942
4.19825
0.932945
1.86589
0.932945
0
3.73178
0.932945
0.932945
0
3.26531
1.86589
0.932945
0
1.86589
0.932945
0
2.79883
0
0
0.932945
0.466472
0
0.466472
0
2.79883
0.932945
0.932945
2.79883
0
0.932945
0.932945
1.39942
1.86589
0
0.932945
0
0
0
0
0
0
0
0.932945
0
0.932945
0
0.932945
0
0
0
0
0.466472
0
0
0
0
0
0
0
0
0
0
0
0
0
0
0
0
0
0
0.466472
0.466472
0
