44.0000 0.05 1
80
0
80
17.7778
62.2222
0
0
0
0
0
0
0
0
0
0
0
0
0
0
0
0
0
0
0
0
0
0
0
0
0
0
0
0
0
0
0
0
0
0
0
0
0
0
0
0
0
0
0
0
0
0
0
0
0
0
0
0
0
0
0
0
0
0
0
0
0
0
0
0
0
0
0
0
0
0
0
0
0
0
0
0
0
0
0
0
0
0
0
0
0
0
0
0
0
0
0
0
0
0
0
0
0
0
0
0
0
0
0
0
0
0
0
0
0
0
0
0
0
0
0
0
0
0
0
0
0
0
0
0
0
0
0
0
0
0
0
0
0
0
0
0
0
0
0
0
0
0
0
0
0
0
0
0
0
0
0
0
0
0
0
0
0
0
0
0
0
0
0
0
0
0
0
0
0
0
0
0
0
0
0
0
0
0
0
0
0
0
0
0
0
0
0
0
0
0
0
0
0
0
0
0
0
0
0
0
0
0
0
0
0
0
0
0
0
0
0
0
0
0
0
0
0
0
0
0
0
0
0
0
0
0
0
0
0
0
0
0
0
0
0
0
0
0
0
0
0
0
0
0
0
0
0
0
0
0
0
0
0
0
0
0
0
0
0
0
0
0
0
0
0
0
0
0
0
0
0
0
0
0
0
0
0
0
0
0
0
0
0
0
0
0
0
0
0
0
0
0
0
0
0
0
0
0
0
0
0
0
0
0
0
0
0
0
0
0
0
0
0
0
0
0
0
0
0
0
0
0
0
0
0
0
0
0
0
0
0
0
0
0
0
0
0
0
0
0
0
0
0
0
0
0
0
0
0
0
0
0
0
0
0
0
0
0
0
0
0
0
0
0
0
0
0
0
0
0
0
0
0
0
0
0
0
0
0
0
0
0
0
0
0
0
0
0
0
0
0
0
0
0
0
0
0
0
0
0
0
0
0
0
0
0
0
0
0
0
0
0
0
0
0
0
0
0
0
0
0
0
0
0
0
0
0
0
0
0
0
0
0
0
0
0
0
0
0
0
0
0
0
0
0
0
0
0
0
0
0
0
0
0
0
0
0
0
0
0
0
0
0
0
0
0
0
0
0
0
0
0
0
0
0
0
0
0
0
0
0
0
0
0
0
0
0
0
0
0
0
0
0
0
0
0
0
0
0
0
0
0
0
0
0
0
0
0
0
0
0
0
0
0
0
0
0
0
0
0
0
0
0
0
0
0
0
0
0
0
0
0
0
0
0
0
0
0
0
0
0
0
0
0
0
0
0
0
0
0
0
0
0
0
0
0
0
0
0
0
0
0
0
0
0
0
0
0
0
0
0
0
0
0
0
0
0
0
0
0
0
0
0
0
0
0
0
0
0
0
0
0
0
0
0
0
0
0
0
0
0
0
0
0
0
0
0
0
0
0
0
0
0
0
0
0
0
0
0
0
0
0
0
0
0
0
0
0
0
0
0
0
0
0
0
0
0
0
0
0
0
0
0
0
0
0
0
0
0
0
0
0
0
0
0
0
0
0
0
0
0
0
0
0
0
0
0
0
0
0
0
0
0
0
0
0
0
0
0
0
0
0
0
0
0
0
0
0
0
0
0
0
0
0
0
0
0
0
0
0
0
0
0
0
0
0
0
0
0
0
0
0
0
0
0
0
0
0
0
0
0
0
0
0
0
0
0
0
0
0
0
0
0
0
0
0
0
0
0
0
0
0
0
0
0
0
0
0
0
0
0
0
0
0
0
0
0
0
0
0
0
0
0
0
0
0
0
0
0
0
0
0
0
0
0
0
0
0
0
0
0
0
0
0
0
0
0
0
0
0
0
0
0
0
0
0
0
0
0
0
0
0
0
0
0
0
0
0
0
0
0
0
0
0
0
0
0
0
0
0
0
0
0
0
0
0
0
0
0
0
0
0
0
0
0
0
0
0
0
0
0
0
0
0
0
0
0
0
0
0
0
0
0
0
0
0
0
0
0
0
0
0
0
0
0
0
0
0
0
0
0
0
0
0
0
0
0
0
0
0
0
0
0
0
0
0
0
0
0
0
0
0
0
0
0
0
0
0
0
0
0
0
0
0
0
0
0
0
0
0
0
0
0
0
0
0
0
0
0
0
0
0
0
0
0
0
0
0
0
0
0
0
0
0
0
0
0
0
0
0
0
0
0
0
0
0
0
0
0
0
0
0
0
0
0
0
0
0
0
0
0
0
0
0
0
0
0
0
0
0
0
0
0
0
0
0
0
0
0
0
0
0
0
0
0
0
0
0
0
0
0
0
0
0
0
0
0
0
0
0
0
0
0
0
0
0
0
0
0
0
0
0
0
0
0
0
0
0
0
0
0
0
0
0
0
0
0
0
0
0
0
0
0
0
0
0
0
0
0
0
0
0
0
0
0.222222
0
0
0
0.444444
0.444444
0.444444
0
0.888889
0.444444
0.666667
0.888889
0
0
0.888889
1.33333
0.444444
0
0
0.444444
0
0.888889
0.888889
0.444444
0
0.888889
0.444444
0.444444
2.44444
0.888889
0
0.888889
0.888889
0.888889
1.33333
0
0
0
1.77778
0
0
0
1.77778
0
0
2.66667
0
1.77778
1.33333
0.444444
0
3.11111
1.77778
1.77778
0.444444
0.444444
0.444444
0.888889
0.888889
0
0.888889
1.77778
0.888889
0
0.888889
0.888889
1.77778
2.66667
1.55556
0
0.444444
1.33333
1.55556
2.22222
0.888889
0.888889
0.888889
1.77778
0
1.77778
0.888889
0.888889
2.22222
0.888889
0.444444
0
1.33333
2.66667
1.77778
0.444444
0.444444
1.33333
0.888889
0.888889
2.66667
2.22222
0.888889
1.33333
0.888889
1.33333
1.33333
0.888889
3.55556
2.66667
0
1.33333
0.888889
2.66667
2.22222
0
0
2.22222
1.33333
0
2.66667
4.88889
1.77778
0
2.66667
4
0.888889
0.888889
1.33333
0.888889
2
2.66667
2.22222
0.444444
0.888889
1.33333
1.77778
1.77778
2.66667
4.44444
0.222222
4.88889
1.33333
1.77778
3.55556
0.888889
0
3.55556
0.888889
1.33333
2
1.55556
3.11111
2.22222
4
3.33333
3.33333
5.33333
3.55556
2.66667
4.88889
5.77778
4.44444
2.66667
6.22222
5.33333
2.22222
3.77778
3.33333
5.77778
2.88889
8.66667
6.66667
1.77778
6.66667
6.88889
7.55556
6.66667
8
10.6667
10.8889
8.44444
10.6667
18.6667
7.55556
12.8889
8.44444
13.7778
13.3333
10.6667
11.1111
7.55556
10.2222
8
4
5.11111
12
8.66667
6.22222
12
12.6667
10.2222
9.11111
7.11111
1.33333
8.44444
6.22222
5.11111
4.44444
7.11111
1.33333
8
5.33333
4
4
3.55556
3.11111
0.888889
4
2.22222
1.77778
4.88889
1.33333
0.888889
1.33333
0.888889
0.888889
4
2.66667
3.55556
4.44444
0
1.11111
2.66667
4.22222
0.888889
3.55556
1.77778
3.11111
4.88889
2.22222
1.11111
2.66667
0.444444
1.77778
2.66667
4.88889
1.77778
0
1.77778
0.888889
0.888889
2.22222
0.888889
4
2.22222
1.33333
4.88889
2.22222
6.22222
1.77778
1.33333
0.888889
1.33333
3.55556
2.22222
3.11111
0.444444
0.888889
0.888889
0.888889
3.11111
2.66667
1.77778
2.88889
1.33333
3.33333
2.66667
1.77778
1.77778
1.77778
0.888889
0.444444
1.33333
3.55556
3.11111
1.77778
2.88889
3.55556
1.77778
1.33333
2.22222
1.33333
5.33333
3.55556
1.77778
0.888889
0.888889
0.888889
3.55556
6.66667
1.77778
4
1.55556
1.33333
4
1.77778
1.77778
0.666667
3.55556
4
2.22222
4.88889
3.11111
1.77778
2.66667
3.11111
2.22222
0.888889
2.66667
0.444444
0.888889
1.33333
2.66667
4.22222
1.77778
3.11111
1.77778
1.77778
1.77778
0.666667
0.888889
4
3.11111
4.44444
4.44444
1.33333
0.888889
6.22222
1.55556
1.77778
0.888889
2.66667
3.11111
3.11111
1.77778
1.77778
2.66667
4.88889
1.77778
2.66667
1.77778
2.22222
2.66667
2.22222
4.44444
0.888889
2.22222
1.77778
1.77778
2.88889
2.22222
6.22222
0.888889
2.66667
1.33333
0.444444
4
4.44444
1.33333
2.22222
2.44444
3.11111
5.33333
1.33333
0.888889
1.77778
0.888889
2.66667
0.888889
1.33333
2.66667
0
2.66667
2.66667
0.888889
2.22222
2.44444
0.222222
1.33333
0.444444
0.444444
2.66667
1.77778
1.77778
3.11111
1.33333
0.888889
0
1.33333
2.22222
0
1.33333
0.444444
2.22222
0.888889
0
1.77778
1.11111
1.11111
0
0.444444
2.22222
0.444444
1.33333
0
0
0.444444
0.444444
0.444444
0.666667
0
0.444444
0
0.444444
0
0
2.44444
0.222222
0.444444
0
0.888889
0
0
0
0
0
0.444444
0
