127.0000 0.05 1
227.2
268.8
152.8
71.2
0
0
40
0
40
0
40
0
0
0
0
0
0
0
0
0
0
0
0
0
0
0
0
0
0
0
0
0
0
0
0
0
0
0
0
0
0
0
0
0
0
0
0
0
0
0
0
0
0
0
0
0
0
0
0
0
0
0
0
0
0
0
0
0
0
0
0
0
0
0
0
0
0
0
0
0
0
0
0
0
0
0
0
0
0
0
0
0
0
0
0
0
0
0
0
0
0
0
0
0
0
0
0
0
0
0
0
0
0
0
0
0
0
0
0
0
0
0
0
0
0
0
0
0
0
0
0
0
0
0
0
0
0
0
0
0
0
0
0
0
0
0
0
0
0
0
0
0
0
0
0
0
0
0
0
0
0
0
0
0
0
0
0
0
0
0
0
0
0
0
0
0
0
0
0
0
0
0
0
0
0
0
0
0
0
0
0
0
0
0
0
0
0
0
0
0
0
0
0
0
0
0
0
0
0
0
0
0
0
0
0
0
0
0
0
0
0
0
0
0
0
0
0
0
0
0
0
0
0
0
0
0
0
0
0
0
0
0
0
0
0
0
0
0
0
0
0
0
0
0
0
0
0
0
0
0
0
0
0
0
0
0
0
0
0
0
0
0
0
0
0
0
0
0
0
0
0
0
0
0
0
0
0
0
0
0
0
0
0
0
0
0
0
0
0
0
0
0
0
0
0
0
0
0
0
0
0
0
0
0
0
0
0
0
0
0
0
0
0
0
0
0
0
0
0
0
0
0
0
0
0
0
0
0
0
0
0
0
0
0
0
0
0
0
0
0
0
0
0
0
0
0
0
0
0
0
0
0
0
0
0
0
0
0
0
0
0
0
0
0
0
0
0
0
0
0
0
0
0
0
0
0
0
0
0
0
0
0
0
0
0
0
0
0
0
0
0
0
0
0
0
0
0
0
0
0
0
0
0
0
0
0
0
0
0
0
0
0
0
0
0
0
0
0
0
0
0
0
0
0
0
0
0
0
0
0
0
0
0
0
0
0
0
0
0
0
0
0
0
0
0
0
0
0
0
0
0
0
0
0
0
0
0
0
0
0
0
0
0
0
0
0
0
0
0
0
0
0
0
0
0
0
0
0
0
0
0
0
0
0
0
0
0
0
0
0
0
0
0
0
0
0
0
0
0
0
0
0
0
0
0
0
0
0
0
0
0
0
0
0
0
0
0
0
0
0
0
0
0
0
0
0
0
0
0
0
0
0
0
0
0
0
0
0
0
0
0
0
0
0
0
0
0
0
0
0
0
0
0
0
0
0
0
0
0
0
0
0
0
0
0
0
0
0
0
0
0
0
0
0
0
0
0
0
0
0
0
0
0
0
0
0
0
0
0
0
0
0
0
0
0
0
0
0
0
0
0
0
0
0
0
0
0
0
0
0
0
0
0
0
0
0
0
0
0
0
0
0
0
0
0
0
0
0
0
0
0
0
0
0
0
0
0
0
0
0
0
0
0
0
0
0
0
0
0
0
0
0
0
0
0
0
0
0
0
0
0
0
0
0
0
0
0
0
0
0
0
0
0
0
0
0
0
0
0
0
0
0
0
0
0
0
0
0
0
0
0
0
0
0
0
0
0
0
0
0
0
0
0
0
0
0
0
0
0
0
0
0
0
0
0
0
0
0
0
0
0
0
0
0
0
0
0
0
0
0
0
0
0
0
0
0
0
0
0
0
0
0
0
0
0
0
0
0
0
0
0
0
0
0
0
0
0
0
0
0
0
0
0
0
0
0
0
0
0
0
0
0
0
0
0
0
0
0
0
0
0
0
0
0
0
0
0
0
0
0
0
0
0
0
0
0
0
0
0
0
0
0
0
0
0
0
0
0
0
0
0
0
0
0
0
0
0
0
0
0
0
0
0
0
0
0
0
0
0
0
0
0
0
0
0
0
0
0
0
0
0
0
0
0
0
0
0
0
0
0
0
0
0
0
0
0
0
0
0
0
0
0
0
0
0
0
0
0
0
0
0
0
0
0
0
0
0
0
0
0
0
0
0
0
0
0
0
0
0
0
0
0
0
0
0
0
0
0
0
0
0
0
0
0
0
0
0
0
0
0
0
0
0
0
0
0
0
0
0
0
0
0
0
0
0
0
0
0
0
0
0
0
0
0
0
0
0
0
0
0
0
0
0
0
0
0
0
0
0
0
0
0
0
0
0
0
0
0
0
0
0
0
0
0
0
0
0
0
0
0
0
0
0
0
0
0
0
0
0
0
0
0
0
0
0
0
0
0
0
0
0
0
0
0
0
0
0
0
0
0
0
0
0
0
0
0
0
0
0
0
0
0
0
0
0
0
0
0
0
0
0
0
0
0
0
0
0
0
0
0
0
0
0
0
0
0
0
0
0
0
0
0
0
0
0
0
0.4
0
0
0
0
1.6
0.8
0
0
2.4
0.8
0
0.8
1.6
0
0
0
1.6
0
1.2
0
1.6
5.6
1.6
0
0.4
0
0
0
1.6
1.6
0.8
5.6
1.6
1.6
2.4
0
0.8
0
0
1.6
0
0
0
3.2
3.2
1.6
1.6
2.4
4
3.2
0
0
0
3.2
0.8
4
4.8
1.6
6.4
0
0.8
0
2.4
0
0.8
0.8
1.6
0.8
3.2
2.4
0.8
3.2
2.4
2.4
3.2
4
0.8
1.6
2.4
2.4
6.4
4.8
0
1.6
2.4
4
2.4
1.6
4
1.6
0
2.4
4.8
2.4
4
0
4.8
4
5.2
2.4
2.4
0.8
2
6.4
1.6
3.2
4.8
5.6
6.4
0.8
4.8
2.8
1.6
6.4
1.6
2.4
6.4
3.6
0.8
7.2
4.8
6.8
2
5.6
3.2
5.6
8
1.6
6.8
6.4
6.4
5.6
3.2
11.2
7.2
4.8
5.6
8.8
6.4
8.8
1.6
12
16
20.4
12.8
11.6
12.8
14
10.4
14.8
12.4
14
11.2
13.6
16.8
21.6
12
20.4
32
19.2
29.6
21.6
22
18
20
25.2
24
15.2
31.6
22.4
17.6
17.6
27.6
15.2
15.6
28.8
18.4
20.4
29.6
37.2
34.4
32.4
46.4
28.8
33.2
30
17.6
12.4
13.6
23.2
9.2
22
18.8
20.8
12.4
18.8
20
21.6
28.8
11.2
7.2
10.4
6.8
16.8
8.8
13.6
2.4
2.4
7.2
5.2
5.2
1.6
9.6
15.2
8
5.6
13.2
4.4
2.4
5.6
6.4
3.2
4.8
4.8
6.4
5.6
5.6
10.4
0
3.2
7.2
5.6
0
3.6
0.8
0
4
6
3.2
0
1.6
4.8
1.6
3.2
4
0.8
6.4
1.6
4
2.4
0.8
2.4
0
2.4
0
3.2
0
3.6
4.8
2.4
2
1.6
1.6
0.8
6
3.2
3.2
2
3.2
5.6
3.2
7.2
4.8
3.2
3.6
5.6
8.8
6.4
4.4
4.8
7.2
3.2
2.4
4.8
0.8
6.4
3.6
4.8
2.8
11.2
1.6
2.8
8.8
3.6
1.6
3.2
3.6
6.4
6
4
1.6
6
10.4
3.2
4.8
2.4
3.6
4
0.8
5.6
7.6
2.4
2
4.4
3.2
4
7.2
2.4
3.2
5.6
5.6
7.2
7.2
5.2
2.4
3.2
0
5.6
2.4
4.8
4
3.2
4.8
3.2
4.8
4.4
5.6
0.8
0.8
4.8
8
7.2
4
4.8
3.2
2.4
4
2.4
6.4
4
9.6
5.6
4.8
3.2
12
3.2
3.2
5.6
2.4
0.8
5.6
4.4
10
6.4
4
4
6.4
2.4
3.2
4
1.6
8
5.6
9.2
6.8
1.6
7.2
0.8
2.8
8
10.4
5.2
5.2
0
4
5.2
5.6
3.2
4
3.2
7.2
7.2
4.8
2.4
6.4
3.6
5.6
1.6
2
2.4
3.2
2
0.8
6.4
5.2
4
1.6
2.4
1.6
1.6
0
0.8
0.8
2.4
0
0
4.8
0
1.6
0
