57.0000 0.05 1
80
11.4286
57.1429
91.4286
40
40
11.4286
28.5714
0
0
0
0
0
0
0
0
0
0
0
0
0
0
0
0
0
0
0
0
0
0
0
0
0
0
0
0
0
0
0
0
0
0
0
0
0
0
0
0
0
0
0
0
0
0
0
0
0
0
0
0
0
0
0
0
0
0
0
0
0
0
0
0
0
0
0
0
0
0
0
0
0
0
0
0
0
0
0
0
0
0
0
0
0
0
0
0
0
0
0
0
0
0
0
0
0
0
0
0
0
0
0
0
0
0
0
0
0
0
0
0
0
0
0
0
0
0
0
0
0
0
0
0
0
0
0
0
0
0
0
0
0
0
0
0
0
0
0
0
0
0
0
0
0
0
0
0
0
0
0
0
0
0
0
0
0
0
0
0
0
0
0
0
0
0
0
0
0
0
0
0
0
0
0
0
0
0
0
0
0
0
0
0
0
0
0
0
0
0
0
0
0
0
0
0
0
0
0
0
0
0
0
0
0
0
0
0
0
0
0
0
0
0
0
0
0
0
0
0
0
0
0
0
0
0
0
0
0
0
0
0
0
0
0
0
0
0
0
0
0
0
0
0
0
0
0
0
0
0
0
0
0
0
0
0
0
0
0
0
0
0
0
0
0
0
0
0
0
0
0
0
0
0
0
0
0
0
0
0
0
0
0
0
0
0
0
0
0
0
0
0
0
0
0
0
0
0
0
0
0
0
0
0
0
0
0
0
0
0
0
0
0
0
0
0
0
0
0
0
0
0
0
0
0
0
0
0
0
0
0
0
0
0
0
0
0
0
0
0
0
0
0
0
0
0
0
0
0
0
0
0
0
0
0
0
0
0
0
0
0
0
0
0
0
0
0
0
0
0
0
0
0
0
0
0
0
0
0
0
0
0
0
0
0
0
0
0
0
0
0
0
0
0
0
0
0
0
0
0
0
0
0
0
0
0
0
0
0
0
0
0
0
0
0
0
0
0
0
0
0
0
0
0
0
0
0
0
0
0
0
0
0
0
0
0
0
0
0
0
0
0
0
0
0
0
0
0
0
0
0
0
0
0
0
0
0
0
0
0
0
0
0
0
0
0
0
0
0
0
0
0
0
0
0
0
0
0
0
0
0
0
0
0
0
0
0
0
0
0
0
0
0
0
0
0
0
0
0
0
0
0
0
0
0
0
0
0
0
0
0
0
0
0
0
0
0
0
0
0
0
0
0
0
0
0
0
0
0
0
0
0
0
0
0
0
0
0
0
0
0
0
0
0
0
0
0
0
0
0
0
0
0
0
0
0
0
0
0
0
0
0
0
0
0
0
0
0
0
0
0
0
0
0
0
0
0
0
0
0
0
0
0
0
0
0
0
0
0
0
0
0
0
0
0
0
0
0
0
0
0
0
0
0
0
0
0
0
0
0
0
0
0
0
0
0
0
0
0
0
0
0
0
0
0
0
0
0
0
0
0
0
0
0
0
0
0
0
0
0
0
0
0
0
0
0
0
0
0
0
0
0
0
0
0
0
0
0
0
0
0
0
0
0
0
0
0
0
0
0
0
0
0
0
0
0
0
0
0
0
0
0
0
0
0
0
0
0
0
0
0
0
0
0
0
0
0
0
0
0
0
0
0
0
0
0
0
0
0
0
0
0
0
0
0
0
0
0
0
0
0
0
0
0
0
0
0
0
0
0
0
0
0
0
0
0
0
0
0
0
0
0
0
0
0
0
0
0
0
0
0
0
0
0
0
0
0
0
0
0
0
0
0
0
0
0
0
0
0
0
0
0
0
0
0
0
0
0
0
0
0
0
0
0
0
0
0
0
0
0
0
0
0
0
0
0
0
0
0
0
0
0
0
0
0
0
0
0
0
0
0
0
0
0
0
0
0
0
0
0
0
0
0
0
0
0
0
0
0
0
0
0
0
0
0
0
0
0
0
0
0
0
0
0
0
0
0
0
0
0
0
0
0
0
0
0
0
0
0
0
0
0
0
0
0
0
0
0
0
0
0
0
0
0
0
0
0
0
0
0
0
0
0
0
0
0
0
0
0
0
0
0
0
0
0
0
0
0
0
0
0
0
0
0
0
0
0
0
0
0
0
0
0
0
0
0
0
0
0
0
0
0
0
0
0
0
0
0
0
0
0
0
0
0
0
0
0
0
0
0
0
0
0
0
0
0
0
0
0
0
0
0
0
0
0
0
0
0
0
0
0
0
0
0
0
0
0
0
0
0
0
0
0
0
0
0
0
0
0
0
0
0
0
0
0
0
0
0
0
0
0
0
0
0
0
0
0
0
0
0
0
0
0
0
0
0
0
0
0
0
0
0
0
0
0
0
0
0
0
0
0
0
0
0
0
0
0
0
0
0
0
0
0
0
0
0
0
0
0
0
0
0
0
0
0
0
0
0.204082
0
0
0.408163
0
0.408163
0.408163
0
0
0.816327
0
0.408163
0.816327
0.408163
0.408163
0.816327
1.02041
1.22449
0
0
0
0
0.408163
0
1.22449
1.02041
0
2.04082
0
0.816327
0.408163
0.408163
0.408163
0.408163
0
2.44898
0.816327
0.816327
0
1.22449
0
0.408163
1.63265
0.816327
1.22449
2.04082
0.816327
0.408163
0.816327
0.816327
1.22449
0
0.816327
0.816327
1.22449
0.408163
0.816327
1.22449
1.63265
0.816327
0.816327
0.816327
1.63265
0
0
0
0
0.816327
0.408163
0.408163
2.85714
1.63265
0.408163
2.44898
1.22449
2.44898
3.46939
0
1.63265
1.02041
1.22449
0
0
1.63265
2.04082
3.26531
0.816327
0
1.63265
1.63265
0.408163
1.63265
0.816327
0
2.44898
0.816327
1.63265
2.04082
0.816327
2.85714
1.63265
0.816327
2.04082
2.44898
1.22449
1.22449
1.63265
1.63265
1.63265
0.816327
3.26531
0
0.816327
1.22449
0
3.26531
2.2449
3.67347
2.44898
1.63265
0.816327
1.22449
3.67347
3.26531
1.22449
2.44898
5.30612
2.44898
2.44898
1.63265
2.04082
1.83673
5.30612
3.06122
2.85714
2.44898
1.63265
1.83673
3.67347
2.44898
4.4898
1.63265
2.85714
4.08163
2.85714
3.67347
3.67347
1.63265
3.67347
5.5102
8.57143
2.2449
3.46939
5.30612
4.89796
5.30612
5.5102
9.38776
8.57143
7.7551
11.6327
13.6735
7.14286
13.4694
11.8367
7.34694
10.2041
11.4286
16.3265
10.2041
6.12245
12.6531
13.4694
8.57143
9.38776
12.8571
14.6939
18.1633
11.6327
7.7551
10.6122
17.7551
12.2449
10
16.9388
15.9184
20.6122
12.6531
13.8776
6.53061
5.30612
10.6122
11.0204
5.71429
4.89796
14.0816
10.4082
6.73469
8.77551
7.7551
3.26531
6.12245
4.08163
5.91837
5.71429
0.816327
2.85714
4.89796
3.26531
3.26531
2.85714
2.44898
2.04082
5.71429
0.816327
2.44898
2.04082
2.44898
3.26531
3.26531
3.26531
2.04082
0
3.26531
0.816327
1.63265
2.04082
0.408163
2.44898
0.816327
2.2449
0.408163
0.408163
1.22449
2.04082
2.85714
0.408163
4.08163
2.04082
1.63265
0.816327
2.85714
1.83673
2.44898
0
0.816327
0
2.44898
0.816327
3.26531
1.83673
2.44898
0.816327
2.44898
1.83673
4.08163
0.816327
1.63265
1.63265
0
2.04082
0
1.83673
2.85714
0.816327
2.44898
1.63265
4.08163
4.4898
2.85714
2.04082
0.408163
1.22449
4.08163
0.816327
2.04082
3.67347
4.08163
1.63265
0.816327
2.04082
1.22449
1.22449
3.26531
3.26531
1.02041
2.85714
2.44898
5.30612
3.26531
0.408163
0.816327
1.22449
1.02041
2.85714
3.26531
1.63265
1.22449
2.44898
3.67347
4.4898
2.44898
2.04082
3.67347
3.26531
0
1.63265
2.04082
1.63265
2.85714
0.816327
2.04082
3.26531
0.816327
2.04082
4.08163
3.26531
3.67347
0
1.63265
2.04082
3.46939
2.85714
2.44898
2.44898
3.06122
2.04082
4.08163
0.816327
4.4898
2.85714
1.63265
0.408163
1.63265
3.67347
4.08163
2.44898
0.408163
2.44898
1.22449
2.85714
2.85714
1.63265
3.26531
0.816327
2.44898
1.63265
1.02041
1.63265
2.85714
1.63265
2.04082
2.04082
4.08163
4.28571
0.816327
3.26531
3.26531
3.67347
1.63265
1.22449
2.04082
2.85714
1.63265
4.08163
1.63265
2.04082
1.63265
2.85714
3.26531
2.65306
2.85714
4.08163
0.408163
0.408163
1.22449
2.44898
2.85714
1.22449
2.85714
2.04082
0.816327
5.71429
2.04082
2.44898
4.4898
2.44898
0.816327
2.04082
3.26531
2.85714
1.63265
0
1.63265
2.85714
3.06122
1.63265
1.22449
2.44898
2.44898
3.26531
2.44898
2.44898
0.816327
1.63265
3.67347
1.22449
1.42857
1.42857
0.408163
0.816327
2.04082
4.89796
0
2.44898
1.02041
2.2449
2.85714
0
1.22449
0.816327
2.44898
0.816327
0.612245
0.816327
0
2.44898
0.816327
0.816327
1.63265
0
0.816327
3.06122
0
1.22449
0.612245
2.04082
1.42857
0.816327
1.22449
2.44898
0.408163
1.22449
0.816327
0.408163
0
0
0
0.816327
0.612245
0.408163
0
0.816327
0
0.816327
0
0
0
0
0
0
0.408163
0
