47.0000 0.05 1
80
160
0
0
0
0
0
0
0
0
0
0
0
0
0
0
0
0
0
0
0
0
0
0
0
0
0
0
0
0
0
0
0
0
0
0
0
0
0
0
0
0
0
0
0
0
0
0
0
0
0
0
0
0
0
0
0
0
0
0
0
0
0
0
0
0
0
0
0
0
0
0
0
0
0
0
0
0
0
0
0
0
0
0
0
0
0
0
0
0
0
0
0
0
0
0
0
0
0
0
0
0
0
0
0
0
0
0
0
0
0
0
0
0
0
0
0
0
0
0
0
0
0
0
0
0
0
0
0
0
0
0
0
0
0
0
0
0
0
0
0
0
0
0
0
0
0
0
0
0
0
0
0
0
0
0
0
0
0
0
0
0
0
0
0
0
0
0
0
0
0
0
0
0
0
0
0
0
0
0
0
0
0
0
0
0
0
0
0
0
0
0
0
0
0
0
0
0
0
0
0
0
0
0
0
0
0
0
0
0
0
0
0
0
0
0
0
0
0
0
0
0
0
0
0
0
0
0
0
0
0
0
0
0
0
0
0
0
0
0
0
0
0
0
0
0
0
0
0
0
0
0
0
0
0
0
0
0
0
0
0
0
0
0
0
0
0
0
0
0
0
0
0
0
0
0
0
0
0
0
0
0
0
0
0
0
0
0
0
0
0
0
0
0
0
0
0
0
0
0
0
0
0
0
0
0
0
0
0
0
0
0
0
0
0
0
0
0
0
0
0
0
0
0
0
0
0
0
0
0
0
0
0
0
0
0
0
0
0
0
0
0
0
0
0
0
0
0
0
0
0
0
0
0
0
0
0
0
0
0
0
0
0
0
0
0
0
0
0
0
0
0
0
0
0
0
0
0
0
0
0
0
0
0
0
0
0
0
0
0
0
0
0
0
0
0
0
0
0
0
0
0
0
0
0
0
0
0
0
0
0
0
0
0
0
0
0
0
0
0
0
0
0
0
0
0
0
0
0
0
0
0
0
0
0
0
0
0
0
0
0
0
0
0
0
0
0
0
0
0
0
0
0
0
0
0
0
0
0
0
0
0
0
0
0
0
0
0
0
0
0
0
0
0
0
0
0
0
0
0
0
0
0
0
0
0
0
0
0
0
0
0
0
0
0
0
0
0
0
0
0
0
0
0
0
0
0
0
0
0
0
0
0
0
0
0
0
0
0
0
0
0
0
0
0
0
0
0
0
0
0
0
0
0
0
0
0
0
0
0
0
0
0
0
0
0
0
0
0
0
0
0
0
0
0
0
0
0
0
0
0
0
0
0
0
0
0
0
0
0
0
0
0
0
0
0
0
0
0
0
0
0
0
0
0
0
0
0
0
0
0
0
0
0
0
0
0
0
0
0
0
0
0
0
0
0
0
0
0
0
0
0
0
0
0
0
0
0
0
0
0
0
0
0
0
0
0
0
0
0
0
0
0
0
0
0
0
0
0
0
0
0
0
0
0
0
0
0
0
0
0
0
0
0
0
0
0
0
0
0
0
0
0
0
0
0
0
0
0
0
0
0
0
0
0
0
0
0
0
0
0
0
0
0
0
0
0
0
0
0
0
0
0
0
0
0
0
0
0
0
0
0
0
0
0
0
0
0
0
0
0
0
0
0
0
0
0
0
0
0
0
0
0
0
0
0
0
0
0
0
0
0
0
0
0
0
0
0
0
0
0
0
0
0
0
0
0
0
0
0
0
0
0
0
0
0
0
0
0
0
0
0
0
0
0
0
0
0
0
0
0
0
0
0
0
0
0
0
0
0
0
0
0
0
0
0
0
0
0
0
0
0
0
0
0
0
0
0
0
0
0
0
0
0
0
0
0
0
0
0
0
0
0
0
0
0
0
0
0
0
0
0
0
0
0
0
0
0
0
0
0
0
0
0
0
0
0
0
0
0
0
0
0
0
0
0
0
0
0
0
0
0
0
0
0
0
0
0
0
0
0
0
0
0
0
0
0
0
0
0
0
0
0
0
0
0
0
0
0
0
0
0
0
0
0
0
0
0
0
0
0
0
0
0
0
0
0
0
0
0
0
0
0
0
0
0
0
0
0
0
0
0
0
0
0
0
0
0
0
0
0
0
0
0
0
0
0
0
0
0
0
0
0
0
0
0
0
0
0
0
0
0
0
0
0
0
0
0
0
0
0
0
0
0
0
0
0
0
0
0
0
0
0
0
0
0
0
0
0
0
0
0
0
0
0
0
0
0
0
0
0
0
0
0
0
0
0
0
0
0
0
0
0
0
0
0
0
0
0
0
0
0
0
0
0
0
0
0
0
0
0
0
0
0
0
0
0
0
0
0
0
0
0
0
0
0
0
0
0
0
0
0
0
0
0
0
0
0
0
0
0
0
0
0
0
0.185185
0.37037
0.37037
0.185185
0
0
0
0.740741
0.740741
0.740741
0
0.740741
0.740741
0
0.740741
0
0.185185
0.740741
1.48148
1.85185
0.740741
0
0
0.740741
0
0.740741
0.740741
0.740741
1.85185
0
0
0
0.185185
1.48148
0
0.740741
3.14815
1.48148
0
1.48148
0.740741
0.37037
1.48148
1.11111
0.740741
1.11111
1.11111
0
0
0.740741
2.96296
1.48148
2.96296
0.740741
0.740741
0.37037
0
2.96296
0.37037
1.11111
0.37037
0
2.96296
0
2.22222
1.48148
1.48148
0
3.7037
2.22222
3.88889
1.48148
0.555556
1.48148
2.22222
0.37037
0
0
1.48148
0.37037
0.740741
0.740741
2.59259
0
3.7037
1.48148
0.37037
2.22222
0
1.48148
1.85185
0
0
3.7037
0
1.85185
2.59259
1.11111
2.96296
4.44444
0.37037
1.85185
3.7037
1.48148
1.48148
0.740741
0
2.22222
1.85185
2.96296
4.07407
3.7037
0
0.37037
0.555556
1.48148
2.22222
5.18519
0.740741
2.22222
2.22222
0.740741
3.7037
5.55556
0
2.40741
1.48148
1.48148
1.48148
2.22222
1.85185
1.48148
0.740741
1.48148
0.740741
4.81481
3.7037
4.44444
6.2963
0
0
2.59259
2.22222
1.48148
0
1.85185
4.44444
1.85185
5.92593
4.44444
0
1.48148
2.59259
2.96296
5.55556
2.22222
4.44444
1.11111
6.2963
4.44444
7.96296
5.92593
5.37037
6.66667
4.81481
4.62963
9.62963
8.88889
3.88889
6.66667
3.51852
10.7407
10.7407
8.14815
9.62963
4.44444
12.963
11.8519
7.40741
2.22222
12.963
9.44444
9.25926
11.2963
4.81481
3.7037
10.3704
2.59259
11.4815
10
16.2963
5.18519
12.5926
14.4444
5.18519
16.6667
10.3704
17.037
15.1852
6.66667
4.07407
5.18519
10.7407
0
1.66667
3.33333
5.18519
5
8.51852
2.22222
2.03704
5.18519
3.33333
2.96296
5.55556
2.96296
4.62963
4.44444
0.37037
1.48148
5.55556
4.44444
5.18519
2.96296
3.14815
2.22222
3.33333
1.48148
1.11111
4.44444
5.18519
1.48148
3.14815
0
0.740741
1.85185
2.96296
2.22222
1.11111
0.740741
1.48148
1.48148
0.37037
1.48148
3.7037
4.44444
0
3.7037
10.1852
2.40741
4.44444
2.22222
2.59259
4.07407
1.48148
1.48148
9.62963
1.85185
0
1.85185
6.2963
0.740741
0
2.22222
2.96296
4.44444
0.740741
0.740741
1.48148
0
1.11111
1.48148
7.77778
3.7037
2.22222
6.66667
0
5.92593
1.85185
2.22222
3.7037
2.22222
1.85185
1.66667
3.7037
3.7037
2.96296
2.96296
0.740741
1.48148
3.33333
2.22222
5.55556
0.555556
0.37037
1.85185
7.40741
4.44444
2.59259
3.33333
0.740741
5.55556
2.22222
0
0
0.740741
1.48148
5.92593
3.33333
1.48148
3.7037
1.85185
2.22222
2.22222
4.44444
1.48148
0.740741
2.22222
4.44444
4.25926
1.85185
3.7037
5.18519
0
2.59259
4.44444
4.25926
0.185185
2.96296
4.81481
3.7037
0.740741
2.22222
0.37037
2.59259
0
1.48148
1.85185
0.740741
2.96296
0.740741
2.22222
0.740741
2.96296
2.22222
2.22222
0.740741
0
1.66667
0.925926
0
1.85185
0
2.96296
0.740741
0
0.555556
0.740741
0
5.18519
0.185185
0.740741
0.740741
0
2.22222
1.48148
0.740741
0
0
1.85185
0.555556
0
1.48148
0.740741
0.740741
0.740741
0
0
0
0.37037
0
0
0
0
0.37037
0.37037
0.740741
1.11111
0
0
1.11111
1.11111
0
1.11111
0
0
0
0
0
0
0
0.740741
0
0
0
0
0
0.740741
0
0
0.37037
0
0
0
0
0
0
1.48148
0.740741
0
