60.0000 0.05 1
120
0
121.481
118.519
0
0
0
0
0
0
0
0
0
0
0
0
0
0
0
0
0
0
0
0
0
0
0
0
0
0
0
0
0
0
0
0
0
0
0
0
0
0
0
0
0
0
0
0
0
0
0
0
0
0
0
0
0
0
0
0
0
0
0
0
0
0
0
0
0
0
0
0
0
0
0
0
0
0
0
0
0
0
0
0
0
0
0
0
0
0
0
0
0
0
0
0
0
0
0
0
0
0
0
0
0
0
0
0
0
0
0
0
0
0
0
0
0
0
0
0
0
0
0
0
0
0
0
0
0
0
0
0
0
0
0
0
0
0
0
0
0
0
0
0
0
0
0
0
0
0
0
0
0
0
0
0
0
0
0
0
0
0
0
0
0
0
0
0
0
0
0
0
0
0
0
0
0
0
0
0
0
0
0
0
0
0
0
0
0
0
0
0
0
0
0
0
0
0
0
0
0
0
0
0
0
0
0
0
0
0
0
0
0
0
0
0
0
0
0
0
0
0
0
0
0
0
0
0
0
0
0
0
0
0
0
0
0
0
0
0
0
0
0
0
0
0
0
0
0
0
0
0
0
0
0
0
0
0
0
0
0
0
0
0
0
0
0
0
0
0
0
0
0
0
0
0
0
0
0
0
0
0
0
0
0
0
0
0
0
0
0
0
0
0
0
0
0
0
0
0
0
0
0
0
0
0
0
0
0
0
0
0
0
0
0
0
0
0
0
0
0
0
0
0
0
0
0
0
0
0
0
0
0
0
0
0
0
0
0
0
0
0
0
0
0
0
0
0
0
0
0
0
0
0
0
0
0
0
0
0
0
0
0
0
0
0
0
0
0
0
0
0
0
0
0
0
0
0
0
0
0
0
0
0
0
0
0
0
0
0
0
0
0
0
0
0
0
0
0
0
0
0
0
0
0
0
0
0
0
0
0
0
0
0
0
0
0
0
0
0
0
0
0
0
0
0
0
0
0
0
0
0
0
0
0
0
0
0
0
0
0
0
0
0
0
0
0
0
0
0
0
0
0
0
0
0
0
0
0
0
0
0
0
0
0
0
0
0
0
0
0
0
0
0
0
0
0
0
0
0
0
0
0
0
0
0
0
0
0
0
0
0
0
0
0
0
0
0
0
0
0
0
0
0
0
0
0
0
0
0
0
0
0
0
0
0
0
0
0
0
0
0
0
0
0
0
0
0
0
0
0
0
0
0
0
0
0
0
0
0
0
0
0
0
0
0
0
0
0
0
0
0
0
0
0
0
0
0
0
0
0
0
0
0
0
0
0
0
0
0
0
0
0
0
0
0
0
0
0
0
0
0
0
0
0
0
0
0
0
0
0
0
0
0
0
0
0
0
0
0
0
0
0
0
0
0
0
0
0
0
0
0
0
0
0
0
0
0
0
0
0
0
0
0
0
0
0
0
0
0
0
0
0
0
0
0
0
0
0
0
0
0
0
0
0
0
0
0
0
0
0
0
0
0
0
0
0
0
0
0
0
0
0
0
0
0
0
0
0
0
0
0
0
0
0
0
0
0
0
0
0
0
0
0
0
0
0
0
0
0
0
0
0
0
0
0
0
0
0
0
0
0
0
0
0
0
0
0
0
0
0
0
0
0
0
0
0
0
0
0
0
0
0
0
0
0
0
0
0
0
0
0
0
0
0
0
0
0
0
0
0
0
0
0
0
0
0
0
0
0
0
0
0
0
0
0
0
0
0
0
0
0
0
0
0
0
0
0
0
0
0
0
0
0
0
0
0
0
0
0
0
0
0
0
0
0
0
0
0
0
0
0
0
0
0
0
0
0
0
0
0
0
0
0
0
0
0
0
0
0
0
0
0
0
0
0
0
0
0
0
0
0
0
0
0
0
0
0
0
0
0
0
0
0
0
0
0
0
0
0
0
0
0
0
0
0
0
0
0
0
0
0
0
0
0
0
0
0
0
0
0
0
0
0
0
0
0
0
0
0
0
0
0
0
0
0
0
0
0
0
0
0
0
0
0
0
0
0
0
0
0
0
0
0
0
0
0
0
0
0
0
0
0
0
0
0
0
0
0
0
0
0
0
0
0
0
0
0
0
0
0
0
0
0
0
0
0
0
0
0
0
0
0
0
0
0
0
0
0
0
0
0
0
0
0
0
0
0
0
0
0
0
0
0
0
0
0
0
0
0
0
0
0
0
0
0
0
0
0
0
0
0
0
0
0
0
0
0
0
0
0
0
0
0
0
0
0
0
0
0
0
0
0
0
0
0
0
0
0
0
0
0
0
0
0
0
0
0
0
0
0
0
0
0
0
0
0
0
0
0
0
0
0
0
0
0
0
0
0
0
0
0
0
0
0
0
0
0
0
0
0
0
0
0
0
0
0
0
0
0
0
0
0
0
0
0
0.185185
0
0
0
1.11111
0
1.11111
0
0
0
0
2.22222
0
0
0
0
0
3.33333
0
1.11111
0.37037
0
0
2.22222
0
1.11111
2.22222
0
0
2.22222
0
0
0
0.555556
2.22222
1.11111
1.11111
1.11111
0
1.11111
0
4.44444
0
2.22222
0
0.555556
2.22222
0
0
0
1.11111
0.555556
3.33333
1.11111
0
2.22222
0
0
0.555556
0
0
0
2.59259
3.33333
2.22222
1.11111
0
2.22222
4.44444
1.11111
0
1.11111
0
1.11111
4.44444
1.85185
1.2963
0
0
2.22222
0
2.22222
0
1.11111
0
2.59259
0.37037
3.33333
4.44444
3.7037
0.555556
1.11111
0.37037
2.59259
1.2963
2.22222
0
4.44444
1.11111
2.22222
2.22222
0
2.22222
0.555556
7.77778
0
2.22222
1.48148
0
2.22222
1.11111
0
2.22222
0
1.11111
2.40741
4.44444
1.11111
0
6.66667
1.11111
5.55556
5.55556
5.55556
2.59259
2.77778
2.77778
2.22222
3.33333
0
2.22222
0.555556
0
4.81481
0
4.44444
2.22222
3.33333
1.66667
4.44444
1.11111
2.59259
9.81481
3.33333
4.62963
6.66667
0
1.48148
7.77778
2.22222
5
5.55556
1.11111
7.59259
8.88889
5.37037
10.1852
7.22222
3.88889
4.44444
7.22222
11.4815
12.2222
18.5185
17.5926
22.963
18.3333
18.5185
13.8889
17.2222
11.4815
21.2963
20.7407
13.7037
17.037
5.55556
11.6667
10.1852
22.2222
11.4815
11.6667
12.5926
15
15
5.55556
17.7778
7.22222
16.4815
13.8889
10.1852
7.77778
9.62963
6.11111
6.66667
2.77778
4.44444
5.55556
4.25926
2.22222
4.44444
4.44444
2.22222
2.22222
2.59259
3.88889
0.37037
4.44444
4.44444
3.33333
2.22222
5.55556
3.88889
3.33333
1.11111
3.14815
1.11111
4.44444
3.88889
2.22222
3.33333
0
1.11111
1.66667
5.55556
1.11111
2.22222
0
3.33333
2.22222
1.11111
3.33333
2.22222
3.33333
2.22222
1.11111
2.22222
2.77778
3.33333
2.22222
3.33333
2.22222
4.62963
3.51852
2.22222
4.81481
1.11111
4.44444
6.85185
2.22222
1.11111
2.59259
1.11111
3.33333
2.77778
1.11111
2.22222
0
0
1.11111
3.88889
1.11111
1.66667
1.85185
2.59259
3.33333
1.11111
2.22222
0
1.11111
3.33333
7.77778
2.59259
5
1.11111
7.77778
4.62963
5.55556
0.37037
4.44444
0
1.11111
1.11111
1.11111
1.11111
1.48148
5.55556
1.48148
1.11111
5.55556
1.11111
3.7037
2.59259
5
2.22222
3.33333
3.33333
5.55556
3.33333
0
2.22222
1.48148
2.22222
6.66667
3.33333
2.59259
1.48148
0
2.22222
2.77778
0
1.66667
1.11111
1.48148
6.66667
2.22222
0
3.33333
2.22222
2.22222
4.81481
1.85185
4.81481
2.22222
0
2.22222
3.33333
2.22222
7.22222
2.22222
1.11111
4.81481
3.88889
3.7037
3.33333
2.77778
1.11111
7.77778
5
5.18519
3.33333
3.33333
1.85185
3.33333
2.22222
4.44444
0
3.33333
2.22222
0
1.66667
3.33333
2.22222
3.33333
3.33333
3.33333
0
3.33333
1.66667
4.44444
1.11111
0
0
0
0
1.11111
1.11111
2.22222
0.185185
0
1.11111
2.03704
5.55556
4.44444
0
1.11111
0.185185
0
1.11111
1.11111
1.11111
0
0
0
1.11111
0.37037
2.22222
0
1.11111
0
