83.0000 0.05 1
54.0571
49.2571
91.8857
104.686
0.114286
0
22.7429
81.3714
70.9714
81.1429
43.7714
0
0
0
0
0
0
0
0
0
0
0
0
0
0
0
0
0
0
0
0
0
0
0
0
0
0
0
0
0
0
0
0
0
0
0
0
0
0
0
0
0
0
0
0
0
0
0
0
0
0
0
0
0
0
0
0
0
0
0
0
0
0
0
0
0
0
0
0
0
0
0
0
0
0
0
0
0
0
0
0
0
0
0
0
0
0
0
0
0
0
0
0
0
0
0
0
0
0
0
0
0
0
0
0
0
0
0
0
0
0
0
0
0
0
0
0
0
0
0
0
0
0
0
0
0
0
0
0
0
0
0
0
0
0
0
0
0
0
0
0
0
0
0
0
0
0
0
0
0
0
0
0
0
0
0
0
0
0
0
0
0
0
0
0
0
0
0
0
0
0
0
0
0
0
0
0
0
0
0
0
0
0
0
0
0
0
0
0
0
0
0
0
0
0
0
0
0
0
0
0
0
0
0
0
0
0
0
0
0
0
0
0
0
0
0
0
0
0
0
0
0
0
0
0
0
0
0
0
0
0
0
0
0
0
0
0
0
0
0
0
0
0
0
0
0
0
0
0
0
0
0
0
0
0
0
0
0
0
0
0
0
0
0
0
0
0
0
0
0
0
0
0
0
0
0
0
0
0
0
0
0
0
0
0
0
0
0
0
0
0
0
0
0
0
0
0
0
0
0
0
0
0
0
0
0
0
0
0
0
0
0
0
0
0
0
0
0
0
0
0
0
0
0
0
0
0
0
0
0
0
0
0
0
0
0
0
0
0
0
0
0
0
0
0
0
0
0
0
0
0
0
0
0
0
0
0
0
0
0
0
0
0
0
0
0
0
0
0
0
0
0
0
0
0
0
0
0
0
0
0
0
0
0
0
0
0
0
0
0
0
0
0
0
0
0
0
0
0
0
0
0
0
0
0
0
0
0
0
0
0
0
0
0
0
0
0
0
0
0
0
0
0
0
0
0
0
0
0
0
0
0
0
0
0
0
0
0
0
0
0
0
0
0
0
0
0
0
0
0
0
0
0
0
0
0
0
0
0
0
0
0
0
0
0
0
0
0
0
0
0
0
0
0
0
0
0
0
0
0
0
0
0
0
0
0
0
0
0
0
0
0
0
0
0
0
0
0
0
0
0
0
0
0
0
0
0
0
0
0
0
0
0
0
0
0
0
0
0
0
0
0
0
0
0
0
0
0
0
0
0
0
0
0
0
0
0
0
0
0
0
0
0
0
0
0
0
0
0
0
0
0
0
0
0
0
0
0
0
0
0
0
0
0
0
0
0
0
0
0
0
0
0
0
0
0
0
0
0
0
0
0
0
0
0
0
0
0
0
0
0
0
0
0
0
0
0
0
0
0
0
0
0
0
0
0
0
0
0
0
0
0
0
0
0
0
0
0
0
0
0
0
0
0
0
0
0
0
0
0
0
0
0
0
0
0
0
0
0
0
0
0
0
0
0
0
0
0
0
0
0
0
0
0
0
0
0
0
0
0
0
0
0
0
0
0
0
0
0
0
0
0
0
0
0
0
0
0
0
0
0
0
0
0
0
0
0
0
0
0
0
0
0
0
0
0
0
0
0
0
0
0
0
0
0
0
0
0
0
0
0
0
0
0
0
0
0
0
0
0
0
0
0
0
0
0
0
0
0
0
0
0
0
0
0
0
0
0
0
0
0
0
0
0
0
0
0
0
0
0
0
0
0
0
0
0
0
0
0
0
0
0
0
0
0
0
0
0
0
0
0
0
0
0
0
0
0
0
0
0
0
0
0
0
0
0
0
0
0
0
0
0
0
0
0
0
0
0
0
0
0
0
0
0
0
0
0
0
0
0
0
0
0
0
0
0
0
0
0
0
0
0
0
0
0
0
0
0
0
0
0
0
0
0
0
0
0
0
0
0
0
0
0
0
0
0
0
0
0
0
0
0
0
0
0
0
0
0
0
0
0
0
0
0
0
0
0
0
0
0
0
0
0
0
0
0
0
0
0
0
0
0
0
0
0
0
0
0
0
0
0
0
0
0
0
0
0
0
0
0
0
0
0
0
0
0
0
0
0
0
0
0
0
0
0
0
0
0
0
0
0
0
0
0
0
0
0
0
0
0
0
0
0
0
0
0
0
0
0
0
0
0
0
0
0
0
0
0
0
0
0
0
0
0
0
0
0
0
0
0
0
0
0
0
0
0
0
0
0
0
0
0
0
0
0
0
0
0
0
0
0
0
0
0
0
0
0
0
0
0
0
0
0
0
0
0
0
0
0
0
0
0
0
0
0
0
0
0
0
0
0
0
0
0
0
0
0
0
0
0
0
0
0
0
0
0
0
0
0
0
0
0
0
0
0
0
0
0
0
0
0
0
0
0
0
0
0
0
0
0
0
0
0
0
0
0
0
0
0
0
0
0
0
0
0
0.114286
0.114286
0
0
0.228571
0.457143
0.228571
0
0
0.457143
0.457143
0.457143
0.457143
0
0
0.457143
0.914286
0.914286
0.457143
0.457143
1.14286
0.228571
0
0.914286
1.37143
0.457143
0
0.228571
0.228571
0
0.914286
1.37143
0.457143
0
0.914286
0
0
1.14286
1.14286
0
0
0.914286
0.914286
0.228571
0.685714
1.6
1.14286
0.914286
0
0.457143
1.82857
0
0.914286
2.74286
0.457143
2.28571
0
0.914286
2.74286
0
0
0
0
1.82857
1.82857
0.914286
0
0
0.914286
2.28571
0
0
0
1.82857
1.82857
0.457143
0.914286
0.914286
1.82857
0
1.82857
1.82857
0.914286
1.82857
1.82857
0.914286
2.74286
1.82857
2.74286
0.914286
0.457143
1.82857
2.28571
1.6
0.914286
1.14286
2.51429
2.97143
2.28571
2.51429
2.97143
1.82857
0.914286
0.457143
2.05714
2.74286
2.05714
2.51429
2.97143
2.28571
4.57143
6.62857
2.97143
2.74286
3.2
6.05714
5.02857
4.11429
4.22857
6.85714
6.74286
5.71429
4.8
7.42857
2.74286
7.2
10.0571
7.42857
12.2286
5.48571
8.8
11.4286
9.25714
10.4
7.54286
14.0571
11.8857
11.7714
12.1143
13.3714
9.48571
9.6
9.82857
10.5143
10.9714
11.0857
10.4
10.0571
15.3143
12.8
7.77143
10.8571
14.6286
10.9714
14.1714
14.0571
13.4857
10.9714
16.3429
11.4286
14.4
6.4
11.6571
17.0286
14.8571
15.5429
10.9714
8
15.6571
13.0286
18.7429
7.77143
11.4286
17.3714
11.8857
14.6286
15.0857
18.9714
18.2857
14.4
17.8286
13.7143
20.1143
15.0857
10.1714
14.6286
15.5429
15.0857
16.2286
10.9714
12.4571
16.9143
9.37143
9.14286
6.62857
6.4
4.11429
11.6571
7.65714
6.4
3.2
3.65714
3.42857
3.65714
5.25714
0.914286
2.05714
1.82857
1.82857
3.42857
4.11429
0.914286
0.914286
4.34286
2.97143
0.914286
0.914286
2.74286
2.51429
2.51429
1.82857
2.74286
1.82857
2.97143
1.37143
1.48571
1.02857
2.28571
3.2
0.914286
3.65714
2.74286
3.2
2.74286
0.914286
0.914286
0.914286
1.82857
2.28571
0.228571
4.34286
0.457143
1.82857
1.37143
0.914286
0.228571
0.228571
2.05714
0
2.51429
2.28571
2.74286
1.82857
1.6
2.74286
0.914286
3.42857
0
0.457143
1.37143
1.37143
0.914286
1.82857
1.37143
1.14286
1.37143
0.228571
1.37143
0.914286
0.457143
3.31429
0.114286
2.28571
0.457143
0
0.457143
0.228571
0.685714
0.914286
0
0.571429
0.342857
0.457143
0.685714
2.05714
0.914286
0.914286
1.6
1.37143
0.914286
2.97143
2.51429
3.65714
0.914286
3.2
2.28571
0.914286
2.28571
2.97143
2.51429
0
3.2
1.82857
2.28571
3.42857
1.14286
1.37143
0.457143
0.457143
1.14286
2.97143
0.457143
1.82857
0.457143
1.14286
2.51429
2.28571
5.71429
2.05714
2.28571
1.82857
1.6
0.228571
0.914286
1.82857
4.22857
1.71429
3.88571
1.14286
1.14286
0.457143
1.37143
3.2
2.05714
3.42857
1.37143
3.2
0.457143
0
0.228571
1.6
0.914286
1.48571
1.48571
2.28571
0.685714
2.28571
1.82857
0.914286
1.37143
2.51429
2.05714
2.51429
4.11429
2.28571
1.14286
0.914286
1.6
1.37143
0.914286
2.74286
0.457143
0.685714
0.685714
2.74286
2.28571
0
0
0
0.457143
2.74286
5.94286
3.54286
5.02857
1.6
2.62857
1.82857
0.685714
1.37143
2.74286
0.914286
1.6
1.37143
2.05714
0.914286
2.74286
2.74286
1.14286
1.37143
0.457143
3.88571
2.74286
2.28571
3.2
4.34286
5.25714
1.37143
1.37143
2.28571
2.28571
1.14286
2.05714
2.05714
2.05714
1.37143
1.82857
2.05714
1.14286
1.82857
1.82857
1.37143
0
0
0
2.97143
2.97143
0.114286
0.114286
0
0
0
0
0
0
0
0.457143
0.914286
0
0
0
0
0
0
0
1.82857
0
0
0.914286
0.914286
0.457143
0
