56.0000 0.05 1
160
35.5556
44.4444
0
0
0
0
0
0
0
0
0
0
0
0
0
0
0
0
0
0
0
0
0
0
0
0
0
0
0
0
0
0
0
0
0
0
0
0
0
0
0
0
0
0
0
0
0
0
0
0
0
0
0
0
0
0
0
0
0
0
0
0
0
0
0
0
0
0
0
0
0
0
0
0
0
0
0
0
0
0
0
0
0
0
0
0
0
0
0
0
0
0
0
0
0
0
0
0
0
0
0
0
0
0
0
0
0
0
0
0
0
0
0
0
0
0
0
0
0
0
0
0
0
0
0
0
0
0
0
0
0
0
0
0
0
0
0
0
0
0
0
0
0
0
0
0
0
0
0
0
0
0
0
0
0
0
0
0
0
0
0
0
0
0
0
0
0
0
0
0
0
0
0
0
0
0
0
0
0
0
0
0
0
0
0
0
0
0
0
0
0
0
0
0
0
0
0
0
0
0
0
0
0
0
0
0
0
0
0
0
0
0
0
0
0
0
0
0
0
0
0
0
0
0
0
0
0
0
0
0
0
0
0
0
0
0
0
0
0
0
0
0
0
0
0
0
0
0
0
0
0
0
0
0
0
0
0
0
0
0
0
0
0
0
0
0
0
0
0
0
0
0
0
0
0
0
0
0
0
0
0
0
0
0
0
0
0
0
0
0
0
0
0
0
0
0
0
0
0
0
0
0
0
0
0
0
0
0
0
0
0
0
0
0
0
0
0
0
0
0
0
0
0
0
0
0
0
0
0
0
0
0
0
0
0
0
0
0
0
0
0
0
0
0
0
0
0
0
0
0
0
0
0
0
0
0
0
0
0
0
0
0
0
0
0
0
0
0
0
0
0
0
0
0
0
0
0
0
0
0
0
0
0
0
0
0
0
0
0
0
0
0
0
0
0
0
0
0
0
0
0
0
0
0
0
0
0
0
0
0
0
0
0
0
0
0
0
0
0
0
0
0
0
0
0
0
0
0
0
0
0
0
0
0
0
0
0
0
0
0
0
0
0
0
0
0
0
0
0
0
0
0
0
0
0
0
0
0
0
0
0
0
0
0
0
0
0
0
0
0
0
0
0
0
0
0
0
0
0
0
0
0
0
0
0
0
0
0
0
0
0
0
0
0
0
0
0
0
0
0
0
0
0
0
0
0
0
0
0
0
0
0
0
0
0
0
0
0
0
0
0
0
0
0
0
0
0
0
0
0
0
0
0
0
0
0
0
0
0
0
0
0
0
0
0
0
0
0
0
0
0
0
0
0
0
0
0
0
0
0
0
0
0
0
0
0
0
0
0
0
0
0
0
0
0
0
0
0
0
0
0
0
0
0
0
0
0
0
0
0
0
0
0
0
0
0
0
0
0
0
0
0
0
0
0
0
0
0
0
0
0
0
0
0
0
0
0
0
0
0
0
0
0
0
0
0
0
0
0
0
0
0
0
0
0
0
0
0
0
0
0
0
0
0
0
0
0
0
0
0
0
0
0
0
0
0
0
0
0
0
0
0
0
0
0
0
0
0
0
0
0
0
0
0
0
0
0
0
0
0
0
0
0
0
0
0
0
0
0
0
0
0
0
0
0
0
0
0
0
0
0
0
0
0
0
0
0
0
0
0
0
0
0
0
0
0
0
0
0
0
0
0
0
0
0
0
0
0
0
0
0
0
0
0
0
0
0
0
0
0
0
0
0
0
0
0
0
0
0
0
0
0
0
0
0
0
0
0
0
0
0
0
0
0
0
0
0
0
0
0
0
0
0
0
0
0
0
0
0
0
0
0
0
0
0
0
0
0
0
0
0
0
0
0
0
0
0
0
0
0
0
0
0
0
0
0
0
0
0
0
0
0
0
0
0
0
0
0
0
0
0
0
0
0
0
0
0
0
0
0
0
0
0
0
0
0
0
0
0
0
0
0
0
0
0
0
0
0
0
0
0
0
0
0
0
0
0
0
0
0
0
0
0
0
0
0
0
0
0
0
0
0
0
0
0
0
0
0
0
0
0
0
0
0
0
0
0
0
0
0
0
0
0
0
0
0
0
0
0
0
0
0
0
0
0
0
0
0
0
0
0
0
0
0
0
0
0
0
0
0
0
0
0
0
0
0
0
0
0
0
0
0
0
0
0
0
0
0
0
0
0
0
0
0
0
0
0
0
0
0
0
0
0
0
0
0
0
0
0
0
0
0
0
0
0
0
0
0
0
0
0
0
0
0
0
0
0
0
0
0
0
0
0
0
0
0
0
0
0
0
0
0
0
0
0
0
0
0
0
0
0
0
0
0
0
0
0
0
0
0
0
0
0
0
0
0
0
0
0
0
0
0
0
0
0
0
0
0
0
0
0
0
0
0
0
0
0
0
0
0
0
0
0
0
0
0
0
0
0
0
0.37037
0
0
0
1.48148
0.740741
0
0.740741
0
1.48148
1.48148
0.740741
1.48148
0
0.37037
0
1.48148
0.740741
0
1.48148
0.37037
1.48148
1.48148
1.48148
1.48148
2.22222
3.7037
0
0
0.740741
1.48148
2.22222
0
0.740741
1.48148
1.48148
1.48148
0
0.740741
1.48148
2.96296
0
0.740741
2.96296
0
2.22222
0.740741
3.7037
2.22222
0.37037
4.44444
2.96296
2.22222
1.11111
1.48148
0
2.22222
4.44444
0
1.48148
0
1.48148
0
5.18519
0
3.7037
1.48148
1.48148
1.85185
1.85185
1.48148
1.48148
3.7037
2.22222
2.59259
0.740741
0
2.96296
1.48148
2.22222
4.81481
0
5.18519
0
1.48148
3.7037
4.44444
1.48148
5.18519
1.85185
4.07407
2.22222
1.48148
0
5.18519
3.7037
1.48148
2.22222
0
3.7037
0.740741
1.48148
3.7037
2.96296
0
2.22222
3.7037
4.44444
0
0
6.66667
5.18519
0
2.22222
1.48148
2.22222
5.18519
4.44444
7.40741
2.96296
2.96296
2.22222
1.48148
4.44444
5.92593
1.48148
0.740741
5.92593
1.48148
7.40741
0
5.92593
1.48148
2.59259
2.96296
4.44444
0
7.03704
1.48148
2.59259
3.7037
2.96296
5.92593
5.55556
9.25926
2.96296
6.66667
3.7037
2.22222
0
10.3704
5.18519
3.7037
5.18519
1.11111
2.22222
7.40741
8.14815
8.88889
10
4.07407
9.62963
7.77778
4.44444
10.7407
8.14815
11.1111
8.51852
10
10.3704
14.8148
7.40741
14.0741
12.963
13.3333
10.3704
13.7037
7.40741
5.18519
7.77778
12.963
13.3333
13.3333
10.3704
5.92593
11.1111
9.25926
8.14815
16.2963
25.9259
12.963
5.18519
8.14815
9.25926
8.88889
1.85185
0.740741
2.96296
11.4815
6.66667
4.44444
7.40741
4.44444
3.7037
5.92593
1.48148
2.96296
2.22222
4.44444
4.44444
7.40741
5.92593
4.07407
5.18519
6.66667
1.48148
0.740741
5.92593
4.44444
5.55556
4.44444
4.44444
3.7037
2.96296
3.7037
3.7037
1.48148
5.92593
5.18519
4.44444
0.37037
2.22222
2.96296
3.7037
4.44444
2.22222
2.96296
2.96296
2.22222
2.96296
8.14815
5.18519
0.740741
2.96296
6.66667
4.44444
4.44444
2.22222
2.96296
4.44444
3.33333
6.66667
5.18519
2.96296
7.40741
1.48148
2.22222
2.96296
5.92593
2.22222
5.55556
2.96296
7.40741
5.18519
4.44444
2.22222
5.18519
3.33333
4.07407
2.96296
2.96296
3.7037
3.7037
4.44444
9.25926
4.44444
2.96296
3.7037
1.85185
3.7037
7.40741
4.07407
2.96296
3.7037
4.44444
3.7037
4.44444
8.14815
6.66667
4.44444
2.96296
2.22222
3.7037
7.40741
3.7037
5.92593
0
4.07407
4.44444
3.7037
1.85185
8.14815
2.96296
2.96296
2.96296
3.7037
5.92593
2.96296
0.740741
5.18519
0.740741
6.66667
6.66667
5.18519
1.85185
2.96296
3.7037
1.48148
2.96296
0.740741
4.44444
6.66667
1.48148
4.44444
1.48148
2.96296
1.48148
1.48148
5.92593
5.18519
2.22222
2.96296
0.740741
2.96296
1.48148
2.96296
2.96296
0
3.7037
2.22222
2.22222
3.7037
1.48148
1.48148
0
2.22222
0
3.7037
2.59259
0.740741
0.740741
0.740741
3.7037
1.48148
1.48148
0
0
0.740741
1.48148
0
2.22222
0.37037
2.59259
0.37037
0.740741
1.85185
0.740741
0.740741
0.740741
0.740741
0
0
0.740741
0
0.37037
0
0.740741
0.740741
0
0
1.11111
1.11111
0
1.11111
0
0.740741
0
0.740741
0
0
0.37037
0
0.740741
0
0.37037
0
