28.0000 0.05 1
120
0
0
0
0
0
0
0
0
0
0
0
0
0
0
0
0
0
0
0
0
0
0
0
0
0
0
0
0
0
0
0
0
0
0
0
0
0
0
0
0
0
0
0
0
0
0
0
0
0
0
0
0
0
0
0
0
0
0
0
0
0
0
0
0
0
0
0
0
0
0
0
0
0
0
0
0
0
0
0
0
0
0
0
0
0
0
0
0
0
0
0
0
0
0
0
0
0
0
0
0
0
0
0
0
0
0
0
0
0
0
0
0
0
0
0
0
0
0
0
0
0
0
0
0
0
0
0
0
0
0
0
0
0
0
0
0
0
0
0
0
0
0
0
0
0
0
0
0
0
0
0
0
0
0
0
0
0
0
0
0
0
0
0
0
0
0
0
0
0
0
0
0
0
0
0
0
0
0
0
0
0
0
0
0
0
0
0
0
0
0
0
0
0
0
0
0
0
0
0
0
0
0
0
0
0
0
0
0
0
0
0
0
0
0
0
0
0
0
0
0
0
0
0
0
0
0
0
0
0
0
0
0
0
0
0
0
0
0
0
0
0
0
0
0
0
0
0
0
0
0
0
0
0
0
0
0
0
0
0
0
0
0
0
0
0
0
0
0
0
0
0
0
0
0
0
0
0
0
0
0
0
0
0
0
0
0
0
0
0
0
0
0
0
0
0
0
0
0
0
0
0
0
0
0
0
0
0
0
0
0
0
0
0
0
0
0
0
0
0
0
0
0
0
0
0
0
0
0
0
0
0
0
0
0
0
0
0
0
0
0
0
0
0
0
0
0
0
0
0
0
0
0
0
0
0
0
0
0
0
0
0
0
0
0
0
0
0
0
0
0
0
0
0
0
0
0
0
0
0
0
0
0
0
0
0
0
0
0
0
0
0
0
0
0
0
0
0
0
0
0
0
0
0
0
0
0
0
0
0
0
0
0
0
0
0
0
0
0
0
0
0
0
0
0
0
0
0
0
0
0
0
0
0
0
0
0
0
0
0
0
0
0
0
0
0
0
0
0
0
0
0
0
0
0
0
0
0
0
0
0
0
0
0
0
0
0
0
0
0
0
0
0
0
0
0
0
0
0
0
0
0
0
0
0
0
0
0
0
0
0
0
0
0
0
0
0
0
0
0
0
0
0
0
0
0
0
0
0
0
0
0
0
0
0
0
0
0
0
0
0
0
0
0
0
0
0
0
0
0
0
0
0
0
0
0
0
0
0
0
0
0
0
0
0
0
0
0
0
0
0
0
0
0
0
0
0
0
0
0
0
0
0
0
0
0
0
0
0
0
0
0
0
0
0
0
0
0
0
0
0
0
0
0
0
0
0
0
0
0
0
0
0
0
0
0
0
0
0
0
0
0
0
0
0
0
0
0
0
0
0
0
0
0
0
0
0
0
0
0
0
0
0
0
0
0
0
0
0
0
0
0
0
0
0
0
0
0
0
0
0
0
0
0
0
0
0
0
0
0
0
0
0
0
0
0
0
0
0
0
0
0
0
0
0
0
0
0
0
0
0
0
0
0
0
0
0
0
0
0
0
0
0
0
0
0
0
0
0
0
0
0
0
0
0
0
0
0
0
0
0
0
0
0
0
0
0
0
0
0
0
0
0
0
0
0
0
0
0
0
0
0
0
0
0
0
0
0
0
0
0
0
0
0
0
0
0
0
0
0
0
0
0
0
0
0
0
0
0
0
0
0
0
0
0
0
0
0
0
0
0
0
0
0
0
0
0
0
0
0
0
0
0
0
0
0
0
0
0
0
0
0
0
0
0
0
0
0
0
0
0
0
0
0
0
0
0
0
0
0
0
0
0
0
0
0
0
0
0
0
0
0
0
0
0
0
0
0
0
0
0
0
0
0
0
0
0
0
0
0
0
0
0
0
0
0
0
0
0
0
0
0
0
0
0
0
0
0
0
0
0
0
0
0
0
0
0
0
0
0
0
0
0
0
0
0
0
0
0
0
0
0
0
0
0
0
0
0
0
0
0
0
0
0
0
0
0
0
0
0
0
0
0
0
0
0
0
0
0
0
0
0
0
0
0
0
0
0
0
0
0
0
0
0
0
0
0
0
0
0
0
0
0
0
0
0
0
0
0
0
0
0
0
0
0
0
0
0
0
0
0
0
0
0
0
0
0
0
0
0
0
0
0
0
0
0
0
0
0
0
0
0
0
0
0
0
0
0
0
0
0
0
0
0
0
0
0
0
0
0
0
0
0
0
0
0
0
0
0
0
0
0
0
0
0
0
0
0
0
0
0
0
0
0
0
0
0
0
0
0
0
0
0
0
0
0
0
0
0
0
0
0
0
0
0
0
0
0
0
0
0
0
0
0
0
0
0
0
0
0
0
0
0
0
0
0
0.185185
0
0
0
0
0.740741
0
0
1.48148
0.740741
0
0
0
0
0
0
0
2.96296
0.740741
0
0
0
1.85185
0
0
1.48148
0
1.48148
0
0
0
1.48148
0
2.96296
0
1.11111
0
0
0
2.22222
0
0
2.96296
0
3.33333
0
0
0
0
0.740741
0
0.740741
1.48148
0
0
0
2.22222
0
1.48148
0
4.44444
3.7037
0
0
0
0
1.48148
0
0
3.88889
2.22222
0
1.48148
1.48148
1.48148
0.37037
0
1.48148
0
0
0
1.48148
2.22222
0
2.96296
0.37037
0
1.48148
0
0.740741
1.85185
1.48148
2.96296
4.62963
0.740741
0
0
1.48148
1.48148
1.48148
0.740741
1.48148
1.48148
0
0
2.96296
2.96296
0
0
4.44444
0
0
2.96296
0
1.48148
2.96296
2.22222
0
1.48148
3.33333
0
0.740741
3.7037
0
1.48148
0.740741
0
0
1.48148
0.925926
1.48148
0
0
2.96296
5.92593
0
1.48148
5.92593
1.48148
1.48148
2.22222
0
1.48148
1.48148
1.11111
1.48148
4.44444
0
0.740741
0
3.88889
2.96296
4.07407
2.96296
2.96296
3.33333
1.48148
1.48148
0.37037
2.96296
0.740741
0
5.55556
1.48148
1.48148
1.48148
4.44444
4.81481
1.48148
3.7037
2.96296
6.2963
5.92593
6.11111
5.92593
8.51852
8.51852
7.03704
3.7037
10.3704
4.62963
13.8889
14.8148
6.66667
6.85185
0
2.96296
0.740741
1.48148
0
0.740741
3.33333
16.1111
11.6667
2.96296
2.22222
6.66667
3.7037
3.7037
2.96296
4.44444
3.33333
1.48148
0
5.18519
2.22222
2.22222
1.48148
0
1.48148
2.96296
1.48148
2.22222
4.62963
5.18519
1.48148
5.92593
3.33333
4.44444
0
1.48148
2.22222
1.48148
0
2.22222
1.48148
0
5.18519
1.48148
2.22222
2.22222
1.48148
1.11111
2.22222
1.48148
2.96296
0
1.66667
1.48148
1.48148
6.66667
1.85185
1.85185
0
3.14815
0
3.33333
5.18519
1.48148
2.96296
0.37037
2.22222
0
1.48148
2.22222
3.7037
2.96296
3.7037
0
1.48148
5.18519
0
2.22222
0
0.740741
2.96296
2.96296
0.740741
2.22222
3.33333
2.22222
2.96296
3.7037
0
2.22222
1.48148
1.48148
0
0.185185
0.740741
1.85185
2.22222
2.96296
2.22222
1.48148
0.740741
2.59259
2.96296
3.14815
2.96296
5.92593
2.96296
0
2.22222
0
3.7037
0.740741
5.92593
2.22222
0.740741
2.96296
2.96296
0.740741
2.96296
0.740741
2.96296
0
3.14815
2.22222
0.740741
0
6.66667
0.740741
0.185185
2.96296
4.44444
1.48148
3.7037
4.07407
0
1.48148
1.48148
1.48148
0.740741
4.44444
5.18519
0.740741
1.48148
2.22222
1.48148
4.44444
2.40741
1.48148
2.96296
2.22222
2.22222
3.7037
0.37037
1.48148
2.96296
2.96296
1.48148
0
4.81481
1.48148
2.22222
2.59259
0.37037
1.48148
0
5.92593
2.59259
1.11111
0
4.44444
1.48148
0.740741
1.48148
1.48148
5.18519
0.37037
5.18519
0
5.18519
0
5.18519
2.96296
0
0.740741
8.88889
2.96296
4.62963
2.96296
3.7037
2.22222
2.59259
3.33333
5.18519
3.7037
2.22222
4.44444
4.44444
2.96296
0.740741
0.740741
0
2.22222
0
2.22222
1.48148
1.48148
2.96296
0.740741
0
0
7.40741
0
1.48148
1.48148
0
2.22222
2.96296
1.48148
0
0.37037
0.740741
0
1.48148
0
0
2.22222
1.48148
2.96296
0
0
0
0
0
0
0
0
0
0
0
0
0
2.96296
1.48148
0
1.48148
0
0
1.48148
0
