121.0000 0.05 1
150
185.556
137.778
126.667
127.778
103.333
8.88889
0
0
0
0
0
0
0
0
0
0
0
0
0
0
0
0
0
0
0
0
0
0
0
0
0
0
0
0
0
0
0
0
0
0
0
0
0
0
0
0
0
0
0
0
0
0
0
0
0
0
0
0
0
0
0
0
0
0
0
0
0
0
0
0
0
0
0
0
0
0
0
0
0
0
0
0
0
0
0
0
0
0
0
0
0
0
0
0
0
0
0
0
0
0
0
0
0
0
0
0
0
0
0
0
0
0
0
0
0
0
0
0
0
0
0
0
0
0
0
0
0
0
0
0
0
0
0
0
0
0
0
0
0
0
0
0
0
0
0
0
0
0
0
0
0
0
0
0
0
0
0
0
0
0
0
0
0
0
0
0
0
0
0
0
0
0
0
0
0
0
0
0
0
0
0
0
0
0
0
0
0
0
0
0
0
0
0
0
0
0
0
0
0
0
0
0
0
0
0
0
0
0
0
0
0
0
0
0
0
0
0
0
0
0
0
0
0
0
0
0
0
0
0
0
0
0
0
0
0
0
0
0
0
0
0
0
0
0
0
0
0
0
0
0
0
0
0
0
0
0
0
0
0
0
0
0
0
0
0
0
0
0
0
0
0
0
0
0
0
0
0
0
0
0
0
0
0
0
0
0
0
0
0
0
0
0
0
0
0
0
0
0
0
0
0
0
0
0
0
0
0
0
0
0
0
0
0
0
0
0
0
0
0
0
0
0
0
0
0
0
0
0
0
0
0
0
0
0
0
0
0
0
0
0
0
0
0
0
0
0
0
0
0
0
0
0
0
0
0
0
0
0
0
0
0
0
0
0
0
0
0
0
0
0
0
0
0
0
0
0
0
0
0
0
0
0
0
0
0
0
0
0
0
0
0
0
0
0
0
0
0
0
0
0
0
0
0
0
0
0
0
0
0
0
0
0
0
0
0
0
0
0
0
0
0
0
0
0
0
0
0
0
0
0
0
0
0
0
0
0
0
0
0
0
0
0
0
0
0
0
0
0
0
0
0
0
0
0
0
0
0
0
0
0
0
0
0
0
0
0
0
0
0
0
0
0
0
0
0
0
0
0
0
0
0
0
0
0
0
0
0
0
0
0
0
0
0
0
0
0
0
0
0
0
0
0
0
0
0
0
0
0
0
0
0
0
0
0
0
0
0
0
0
0
0
0
0
0
0
0
0
0
0
0
0
0
0
0
0
0
0
0
0
0
0
0
0
0
0
0
0
0
0
0
0
0
0
0
0
0
0
0
0
0
0
0
0
0
0
0
0
0
0
0
0
0
0
0
0
0
0
0
0
0
0
0
0
0
0
0
0
0
0
0
0
0
0
0
0
0
0
0
0
0
0
0
0
0
0
0
0
0
0
0
0
0
0
0
0
0
0
0
0
0
0
0
0
0
0
0
0
0
0
0
0
0
0
0
0
0
0
0
0
0
0
0
0
0
0
0
0
0
0
0
0
0
0
0
0
0
0
0
0
0
0
0
0
0
0
0
0
0
0
0
0
0
0
0
0
0
0
0
0
0
0
0
0
0
0
0
0
0
0
0
0
0
0
0
0
0
0
0
0
0
0
0
0
0
0
0
0
0
0
0
0
0
0
0
0
0
0
0
0
0
0
0
0
0
0
0
0
0
0
0
0
0
0
0
0
0
0
0
0
0
0
0
0
0
0
0
0
0
0
0
0
0
0
0
0
0
0
0
0
0
0
0
0
0
0
0
0
0
0
0
0
0
0
0
0
0
0
0
0
0
0
0
0
0
0
0
0
0
0
0
0
0
0
0
0
0
0
0
0
0
0
0
0
0
0
0
0
0
0
0
0
0
0
0
0
0
0
0
0
0
0
0
0
0
0
0
0
0
0
0
0
0
0
0
0
0
0
0
0
0
0
0
0
0
0
0
0
0
0
0
0
0
0
0
0
0
0
0
0
0
0
0
0
0
0
0
0
0
0
0
0
0
0
0
0
0
0
0
0
0
0
0
0
0
0
0
0
0
0
0
0
0
0
0
0
0
0
0
0
0
0
0
0
0
0
0
0
0
0
0
0
0
0
0
0
0
0
0
0
0
0
0
0
0
0
0
0
0
0
0
0
0
0
0
0
0
0
0
0
0
0
0
0
0
0
0
0
0
0
0
0
0
0
0
0
0
0
0
0
0
0
0
0
0
0
0
0
0
0
0
0
0
0
0
0
0
0
0
0
0
0
0
0
0
0
0
0
0
0
0
0
0
0
0
0
0
0
0
0
0
0
0
0
0
0
0
0
0
0
0
0
0
0
0
0
0
0
0
0
0
0
0
0
0
0
0
0
0
0
0
0
0
0
0
0
0
0
0
0
0
0
0
0
0
0
0
0
0
0
0
0
0
0
0
0
0
0
0
0
0
0
0
0.277778
0
0.555556
0.555556
0
1.38889
0
0
0.555556
0
0
0
0.555556
0
1.38889
1.11111
0
0.555556
3.88889
0
0
2.77778
0
0
1.11111
0
0.555556
2.77778
0
1.11111
3.33333
0
0.833333
3.33333
0
0.555556
0
0
0
0
0
3.88889
2.5
0.555556
4.44444
0.555556
0.555556
1.11111
1.11111
0
0.555556
0
2.22222
1.11111
0.555556
3.33333
1.66667
0.555556
2.77778
2.22222
1.11111
4.44444
0
4.44444
2.22222
1.11111
0
1.66667
2.22222
0.555556
2.22222
0
4.44444
0.277778
1.11111
2.22222
0.555556
1.66667
5.55556
2.77778
3.33333
0.555556
4.72222
0
0.555556
0.555556
3.33333
2.22222
5
3.33333
0
2.22222
5.55556
0.555556
6.66667
0
0
0
0
4.44444
2.22222
6.66667
3.88889
0
0.555556
1.11111
1.11111
5.55556
1.11111
1.66667
6.66667
2.22222
6.11111
4.44444
2.22222
2.5
2.5
4.44444
8.33333
8.33333
8.88889
4.16667
5
2.77778
5.55556
6.11111
6.38889
5.55556
10
12.2222
5
5
8.05556
9.44444
6.11111
2.77778
0.555556
16.1111
3.88889
12.2222
12.7778
21.3889
16.6667
25.8333
19.1667
20
12.2222
17.5
21.6667
20.5556
20.5556
19.7222
15.8333
17.7778
22.7778
12.2222
18.6111
23.3333
19.1667
15
22.7778
17.2222
33.0556
15.2778
10.5556
14.7222
26.3889
8.33333
12.7778
14.1667
20
10.5556
11.1111
13.8889
13.8889
22.7778
18.8889
20.2778
19.7222
34.4444
21.6667
35
18.6111
15.5556
25
38.6111
36.3889
36.1111
23.6111
28.8889
25
22.7778
27.7778
14.4444
20.8333
17.7778
17.2222
4.16667
7.22222
11.6667
13.3333
10
8.88889
13.6111
9.16667
6.11111
4.72222
6.11111
8.61111
3.33333
3.88889
2.22222
2.22222
1.66667
0.555556
0.555556
0.555556
8.33333
0
8.88889
5.55556
10.5556
2.22222
0
3.33333
4.44444
3.33333
1.11111
5.83333
5.55556
1.66667
5
8.61111
4.44444
2.77778
2.22222
7.22222
3.05556
0
3.88889
3.33333
0
5
3.33333
3.33333
0
1.66667
6.11111
3.61111
4.44444
0.555556
1.38889
0
5
2.77778
0
1.11111
2.22222
1.11111
1.11111
2.22222
0.555556
1.11111
2.22222
0
1.66667
1.11111
1.66667
2.22222
1.66667
2.22222
4.16667
2.22222
2.77778
10.5556
0.833333
0
1.66667
2.22222
5
0.555556
4.44444
6.11111
2.22222
5.55556
8.88889
2.77778
2.22222
4.44444
1.38889
3.61111
3.88889
0.555556
6.11111
3.88889
0.555556
4.44444
7.22222
1.11111
0
2.22222
3.33333
1.11111
1.11111
2.22222
0
4.72222
2.5
4.44444
3.33333
6.11111
3.33333
5.55556
5
3.88889
1.66667
0.277778
1.66667
8.33333
2.77778
3.33333
0.555556
2.5
1.11111
4.72222
1.11111
6.66667
2.22222
3.33333
4.44444
8.88889
3.33333
1.11111
5
0.555556
4.44444
2.22222
3.33333
0.833333
1.11111
0
5.55556
3.05556
2.22222
5
3.88889
0.555556
2.22222
6.11111
2.77778
0.833333
1.94444
11.6667
6.66667
1.11111
2.5
6.66667
2.5
1.11111
2.77778
3.88889
1.11111
7.22222
1.66667
1.66667
3.88889
4.72222
4.44444
3.88889
2.77778
2.77778
0
2.22222
5.27778
1.66667
6.66667
1.66667
2.77778
3.33333
6.38889
4.72222
2.22222
5
5
2.77778
2.77778
4.44444
1.66667
6.94444
7.22222
2.22222
3.88889
6.11111
4.44444
5
4.16667
2.77778
2.22222
0.555556
5
1.11111
1.38889
6.66667
2.77778
6.11111
2.22222
1.66667
2.77778
4.44444
13.8889
7.22222
5.55556
3.33333
5.55556
3.88889
5.55556
3.33333
3.33333
2.77778
2.22222
0
3.88889
2.77778
0
3.33333
2.5
3.88889
0.555556
1.66667
2.22222
3.33333
0
0
0.833333
3.33333
1.11111
4.44444
4.44444
1.11111
0
0
3.33333
0
0
1.11111
0
0
0
1.11111
0
0
0
0
1.11111
0
0
0
0
2.22222
0
0
0
0
0
0
0
0
0
0
0
0
0
1.11111
0
