22.0000 0.05 1
120
0
0
0
0
0
0
0
0
0
0
0
0
0
0
0
0
0
0
0
0
0
0
0
0
0
0
0
0
0
0
0
0
0
0
0
0
0
0
0
0
0
0
0
0
0
0
0
0
0
0
0
0
0
0
0
0
0
0
0
0
0
0
0
0
0
0
0
0
0
0
0
0
0
0
0
0
0
0
0
0
0
0
0
0
0
0
0
0
0
0
0
0
0
0
0
0
0
0
0
0
0
0
0
0
0
0
0
0
0
0
0
0
0
0
0
0
0
0
0
0
0
0
0
0
0
0
0
0
0
0
0
0
0
0
0
0
0
0
0
0
0
0
0
0
0
0
0
0
0
0
0
0
0
0
0
0
0
0
0
0
0
0
0
0
0
0
0
0
0
0
0
0
0
0
0
0
0
0
0
0
0
0
0
0
0
0
0
0
0
0
0
0
0
0
0
0
0
0
0
0
0
0
0
0
0
0
0
0
0
0
0
0
0
0
0
0
0
0
0
0
0
0
0
0
0
0
0
0
0
0
0
0
0
0
0
0
0
0
0
0
0
0
0
0
0
0
0
0
0
0
0
0
0
0
0
0
0
0
0
0
0
0
0
0
0
0
0
0
0
0
0
0
0
0
0
0
0
0
0
0
0
0
0
0
0
0
0
0
0
0
0
0
0
0
0
0
0
0
0
0
0
0
0
0
0
0
0
0
0
0
0
0
0
0
0
0
0
0
0
0
0
0
0
0
0
0
0
0
0
0
0
0
0
0
0
0
0
0
0
0
0
0
0
0
0
0
0
0
0
0
0
0
0
0
0
0
0
0
0
0
0
0
0
0
0
0
0
0
0
0
0
0
0
0
0
0
0
0
0
0
0
0
0
0
0
0
0
0
0
0
0
0
0
0
0
0
0
0
0
0
0
0
0
0
0
0
0
0
0
0
0
0
0
0
0
0
0
0
0
0
0
0
0
0
0
0
0
0
0
0
0
0
0
0
0
0
0
0
0
0
0
0
0
0
0
0
0
0
0
0
0
0
0
0
0
0
0
0
0
0
0
0
0
0
0
0
0
0
0
0
0
0
0
0
0
0
0
0
0
0
0
0
0
0
0
0
0
0
0
0
0
0
0
0
0
0
0
0
0
0
0
0
0
0
0
0
0
0
0
0
0
0
0
0
0
0
0
0
0
0
0
0
0
0
0
0
0
0
0
0
0
0
0
0
0
0
0
0
0
0
0
0
0
0
0
0
0
0
0
0
0
0
0
0
0
0
0
0
0
0
0
0
0
0
0
0
0
0
0
0
0
0
0
0
0
0
0
0
0
0
0
0
0
0
0
0
0
0
0
0
0
0
0
0
0
0
0
0
0
0
0
0
0
0
0
0
0
0
0
0
0
0
0
0
0
0
0
0
0
0
0
0
0
0
0
0
0
0
0
0
0
0
0
0
0
0
0
0
0
0
0
0
0
0
0
0
0
0
0
0
0
0
0
0
0
0
0
0
0
0
0
0
0
0
0
0
0
0
0
0
0
0
0
0
0
0
0
0
0
0
0
0
0
0
0
0
0
0
0
0
0
0
0
0
0
0
0
0
0
0
0
0
0
0
0
0
0
0
0
0
0
0
0
0
0
0
0
0
0
0
0
0
0
0
0
0
0
0
0
0
0
0
0
0
0
0
0
0
0
0
0
0
0
0
0
0
0
0
0
0
0
0
0
0
0
0
0
0
0
0
0
0
0
0
0
0
0
0
0
0
0
0
0
0
0
0
0
0
0
0
0
0
0
0
0
0
0
0
0
0
0
0
0
0
0
0
0
0
0
0
0
0
0
0
0
0
0
0
0
0
0
0
0
0
0
0
0
0
0
0
0
0
0
0
0
0
0
0
0
0
0
0
0
0
0
0
0
0
0
0
0
0
0
0
0
0
0
0
0
0
0
0
0
0
0
0
0
0
0
0
0
0
0
0
0
0
0
0
0
0
0
0
0
0
0
0
0
0
0
0
0
0
0
0
0
0
0
0
0
0
0
0
0
0
0
0
0
0
0
0
0
0
0
0
0
0
0
0
0
0
0
0
0
0
0
0
0
0
0
0
0
0
0
0
0
0
0
0
0
0
0
0
0
0
0
0
0
0
0
0
0
0
0
0
0
0
0
0
0
0
0
0
0
0
0
0
0
0
0
0
0
0
0
0
0
0
0
0
0
0
0
0
0
0
0
0
0
0
0
0
0
0
0
0
0
0
0
0
0
0
0
0
0
0
0
0
0
0
0
0
0
0
0
0
0
0
0
0
0
0
0
0
0
0
0
0
0
0
0
0
0
0
0
0
0
0
0
0
0
0
0
0
0
0
0
0
0
0
0
0
0
0
0
0
0
0
0
0
0
0
0
0
0
0.116618
0
0.233236
0
0
0
0
0
0
1.16618
0
0
0
0.932945
0
0
0.466472
0
0
1.16618
0
0.932945
0
0
0
0.932945
0
0
0
0
0
0
0.466472
0.699708
1.39942
0.932945
0
0
0
0
0.932945
1.86589
0
0
0
1.86589
0
0
0
1.86589
0.932945
0.233236
1.86589
0
0
0
0
0
0
0
0
0
0.932945
0.466472
0.932945
0.932945
1.86589
0
0
0.932945
0
0.932945
1.16618
0
0
0.932945
0
0
0.932945
1.86589
2.79883
0.932945
0.932945
0
0
0
2.79883
0
0
0
0.466472
0.932945
0
1.04956
1.86589
0
0.466472
1.86589
0
0.116618
2.79883
0
0
1.86589
0
0.466472
2.79883
0.932945
0
1.86589
0
0
0
0
2.33236
0.466472
1.86589
0
3.73178
0
0.466472
0
2.09913
0
2.33236
0
6.53061
0
1.86589
1.39942
1.86589
0.466472
0
2.79883
0
0
0.932945
0
2.79883
4.66472
0
0.932945
1.86589
1.16618
0
1.86589
3.26531
0
1.86589
0.466472
4.66472
1.39942
8.3965
4.66472
1.16618
2.79883
2.79883
1.86589
5.01458
6.53061
1.86589
7.93003
3.26531
2.79883
0.932945
3.73178
3.26531
0.932945
3.73178
3.73178
4.66472
2.33236
0
0
6.99708
1.39942
1.86589
2.33236
4.66472
4.66472
9.79592
10.7289
2.91545
10.0292
3.49854
11.1953
9.32945
1.39942
6.06414
0.932945
0.466472
3.49854
0
1.86589
3.14869
2.79883
0
1.86589
2.79883
0.932945
3.26531
1.86589
1.86589
0
0
3.49854
2.79883
0.932945
1.86589
0
0
0
3.73178
0.932945
1.86589
0
0
0
0.932945
0.466472
0.932945
1.39942
1.86589
1.86589
1.86589
0
0
3.73178
2.79883
0.932945
1.86589
2.33236
0
3.26531
1.86589
1.86589
1.86589
0
0.466472
3.26531
0
0
2.79883
2.79883
2.79883
0.932945
1.39942
0.932945
0.932945
0
0
0.466472
2.33236
1.86589
0
0.466472
0
0.932945
1.86589
0
0.466472
0
3.73178
0
0
0
1.86589
0
0.932945
0.466472
0
0
0.932945
1.86589
0.932945
1.39942
2.33236
2.09913
1.39942
0.932945
0.932945
0
0
0
0
0.932945
2.79883
1.86589
0.932945
0.932945
0.932945
6.06414
0.932945
0
0
1.86589
0.932945
2.79883
2.33236
0
1.39942
0
0
0
0.932945
3.26531
0
2.09913
0
0
0.466472
0
0.932945
1.86589
1.86589
1.86589
1.86589
1.86589
0.932945
0
1.39942
2.79883
0
0
1.39942
0
1.86589
0.932945
1.86589
1.86589
2.79883
0.932945
1.86589
6.53061
0
3.26531
0
0
1.86589
1.86589
2.79883
0.932945
2.79883
1.86589
2.79883
1.86589
0
1.16618
0.466472
2.79883
0
0.932945
0
2.79883
0
0.466472
1.86589
1.86589
1.86589
0.932945
0
3.73178
0
0
0
2.79883
0
0.932945
2.21574
2.33236
1.16618
2.5656
0.932945
1.39942
2.79883
2.79883
0.58309
2.33236
2.79883
0.932945
1.86589
0
0.466472
0.932945
0
0.932945
0.932945
0
2.79883
0
0.932945
1.86589
3.96501
1.39942
1.39942
0
1.63265
0
0.932945
0
2.79883
1.86589
0.466472
1.86589
0
1.86589
2.33236
3.26531
2.79883
1.86589
1.86589
5.1312
0
1.86589
2.21574
4.78134
0
0
1.86589
0
0.932945
3.73178
0.466472
4.19825
0
0.932945
0.932945
0
1.86589
2.33236
1.39942
1.86589
2.79883
0
1.39942
0
1.86589
0.466472
1.86589
0.932945
0
2.33236
1.39942
0
3.03207
0.932945
0
0.932945
0
1.86589
1.86589
0
4.66472
1.39942
0.466472
0.466472
1.86589
1.98251
0.699708
0.932945
0.932945
0
0
2.79883
1.86589
1.86589
0
0
0
0.932945
0.932945
0
1.39942
0
0.932945
2.33236
0
1.86589
0
1.39942
3.03207
1.86589
0.466472
0.932945
0.932945
0.932945
2.5656
2.79883
1.86589
0.932945
0
0.932945
0
1.39942
0.932945
1.39942
1.86589
2.79883
0
0
0.466472
0.932945
0.932945
0
0
0.932945
0
0.932945
0
0.932945
2.79883
0
0
0
0
0
0
0
0
0.466472
0
0
0
0
0
0
0
0.932945
0.932945
0
