76.0000 0.05 1
120
40
99.52
100.48
80
0
0
40
0
0
0
0
0
0
0
0
0
0
0
0
0
0
0
0
0
0
0
0
0
0
0
0
0
0
0
0
0
0
0
0
0
0
0
0
0
0
0
0
0
0
0
0
0
0
0
0
0
0
0
0
0
0
0
0
0
0
0
0
0
0
0
0
0
0
0
0
0
0
0
0
0
0
0
0
0
0
0
0
0
0
0
0
0
0
0
0
0
0
0
0
0
0
0
0
0
0
0
0
0
0
0
0
0
0
0
0
0
0
0
0
0
0
0
0
0
0
0
0
0
0
0
0
0
0
0
0
0
0
0
0
0
0
0
0
0
0
0
0
0
0
0
0
0
0
0
0
0
0
0
0
0
0
0
0
0
0
0
0
0
0
0
0
0
0
0
0
0
0
0
0
0
0
0
0
0
0
0
0
0
0
0
0
0
0
0
0
0
0
0
0
0
0
0
0
0
0
0
0
0
0
0
0
0
0
0
0
0
0
0
0
0
0
0
0
0
0
0
0
0
0
0
0
0
0
0
0
0
0
0
0
0
0
0
0
0
0
0
0
0
0
0
0
0
0
0
0
0
0
0
0
0
0
0
0
0
0
0
0
0
0
0
0
0
0
0
0
0
0
0
0
0
0
0
0
0
0
0
0
0
0
0
0
0
0
0
0
0
0
0
0
0
0
0
0
0
0
0
0
0
0
0
0
0
0
0
0
0
0
0
0
0
0
0
0
0
0
0
0
0
0
0
0
0
0
0
0
0
0
0
0
0
0
0
0
0
0
0
0
0
0
0
0
0
0
0
0
0
0
0
0
0
0
0
0
0
0
0
0
0
0
0
0
0
0
0
0
0
0
0
0
0
0
0
0
0
0
0
0
0
0
0
0
0
0
0
0
0
0
0
0
0
0
0
0
0
0
0
0
0
0
0
0
0
0
0
0
0
0
0
0
0
0
0
0
0
0
0
0
0
0
0
0
0
0
0
0
0
0
0
0
0
0
0
0
0
0
0
0
0
0
0
0
0
0
0
0
0
0
0
0
0
0
0
0
0
0
0
0
0
0
0
0
0
0
0
0
0
0
0
0
0
0
0
0
0
0
0
0
0
0
0
0
0
0
0
0
0
0
0
0
0
0
0
0
0
0
0
0
0
0
0
0
0
0
0
0
0
0
0
0
0
0
0
0
0
0
0
0
0
0
0
0
0
0
0
0
0
0
0
0
0
0
0
0
0
0
0
0
0
0
0
0
0
0
0
0
0
0
0
0
0
0
0
0
0
0
0
0
0
0
0
0
0
0
0
0
0
0
0
0
0
0
0
0
0
0
0
0
0
0
0
0
0
0
0
0
0
0
0
0
0
0
0
0
0
0
0
0
0
0
0
0
0
0
0
0
0
0
0
0
0
0
0
0
0
0
0
0
0
0
0
0
0
0
0
0
0
0
0
0
0
0
0
0
0
0
0
0
0
0
0
0
0
0
0
0
0
0
0
0
0
0
0
0
0
0
0
0
0
0
0
0
0
0
0
0
0
0
0
0
0
0
0
0
0
0
0
0
0
0
0
0
0
0
0
0
0
0
0
0
0
0
0
0
0
0
0
0
0
0
0
0
0
0
0
0
0
0
0
0
0
0
0
0
0
0
0
0
0
0
0
0
0
0
0
0
0
0
0
0
0
0
0
0
0
0
0
0
0
0
0
0
0
0
0
0
0
0
0
0
0
0
0
0
0
0
0
0
0
0
0
0
0
0
0
0
0
0
0
0
0
0
0
0
0
0
0
0
0
0
0
0
0
0
0
0
0
0
0
0
0
0
0
0
0
0
0
0
0
0
0
0
0
0
0
0
0
0
0
0
0
0
0
0
0
0
0
0
0
0
0
0
0
0
0
0
0
0
0
0
0
0
0
0
0
0
0
0
0
0
0
0
0
0
0
0
0
0
0
0
0
0
0
0
0
0
0
0
0
0
0
0
0
0
0
0
0
0
0
0
0
0
0
0
0
0
0
0
0
0
0
0
0
0
0
0
0
0
0
0
0
0
0
0
0
0
0
0
0
0
0
0
0
0
0
0
0
0
0
0
0
0
0
0
0
0
0
0
0
0
0
0
0
0
0
0
0
0
0
0
0
0
0
0
0
0
0
0
0
0
0
0
0
0
0
0
0
0
0
0
0
0
0
0
0
0
0
0
0
0
0
0
0
0
0
0
0
0
0
0
0
0
0
0
0
0
0
0
0
0
0
0
0
0
0
0
0
0
0
0
0
0
0
0
0
0
0
0
0
0
0
0
0
0
0
0
0
0
0
0
0
0
0
0
0
0
0
0
0
0
0
0
0
0
0
0
0
0
0
0
0
0
0
0
0
0
0
0
0
0
0
0.32
0
0
0
0
0.64
0
1.28
0.64
0
1.28
0
1.28
0
0
0.64
1.28
0
1.92
0
0
0
1.28
0
2.56
1.92
0.64
1.28
1.28
0
1.92
0
1.28
0
1.28
1.92
1.28
0
1.28
1.28
0.64
1.28
0.64
1.28
1.28
1.28
0.64
0.64
0.64
0
0.64
0.64
1.28
1.28
1.28
1.28
1.28
1.28
1.92
0.64
0.64
2.56
0.64
1.28
1.92
1.92
0
1.28
3.2
0.64
1.28
0.64
2.56
3.2
1.28
1.92
0.64
1.28
1.92
1.28
1.28
1.28
1.28
0.64
3.2
0
1.28
1.28
0.64
1.28
1.92
3.84
0.64
0.64
1.28
1.28
1.92
1.28
3.84
2.56
2.56
0
1.28
5.12
0.64
3.52
1.28
2.56
1.92
1.92
2.24
2.56
3.84
1.92
3.84
0
3.2
1.92
1.28
1.92
2.56
1.28
0.64
3.2
1.92
1.92
3.52
2.56
0.64
4.48
3.2
3.2
6.4
3.2
3.2
3.84
3.84
1.92
5.12
4.16
4.48
1.92
2.56
2.56
3.2
4.8
6.4
5.12
6.72
5.76
6.4
4.48
7.68
3.84
5.76
13.12
7.04
9.92
7.68
9.6
8.96
12.8
9.6
14.4
17.6
13.44
14.08
14.72
13.44
14.08
14.72
14.08
20.48
12.48
15.68
14.72
10.88
8.32
16.96
15.36
11.52
10.24
14.08
12.16
5.12
8
12.8
15.36
8.96
16.32
18.24
16
20.48
18.88
19.2
16.64
17.6
20.16
17.28
15.36
9.28
8.96
6.08
7.04
6.4
10.24
10.88
10.88
5.12
14.4
8.32
6.4
6.4
5.44
3.2
5.76
2.56
3.84
4.48
4.48
6.4
3.2
1.92
5.76
1.92
3.84
2.88
0
3.84
1.92
3.84
1.92
1.28
2.56
1.92
1.6
3.84
1.28
3.84
2.56
1.92
1.92
1.92
1.28
3.2
3.84
3.84
3.2
0.64
3.2
1.28
2.56
4.48
2.88
3.84
2.56
3.2
4.48
2.56
5.12
1.92
3.2
7.68
2.56
1.28
0.64
4.16
1.92
1.92
4.48
5.12
3.2
1.92
1.92
0.96
1.28
3.2
1.92
0.64
1.92
4.48
1.28
3.84
2.88
3.2
0.64
1.92
1.92
3.2
1.28
1.6
2.56
3.2
2.56
3.2
2.56
0.64
5.12
1.28
1.92
1.92
5.76
1.28
3.84
1.92
2.56
2.56
4.16
1.92
3.84
1.28
4.48
2.56
3.84
4.48
2.56
4.48
2.56
7.04
1.92
3.2
2.88
1.28
5.12
1.92
1.92
3.84
2.56
3.84
4.16
2.56
3.2
3.2
3.2
1.92
1.28
2.56
4.48
3.2
2.56
2.56
5.76
3.84
1.28
0.64
3.84
0.64
3.2
3.2
3.2
1.92
3.2
3.2
3.2
3.52
3.2
2.56
4.48
5.12
2.56
2.56
3.2
3.84
3.2
1.28
3.84
3.2
1.92
2.56
4.48
3.84
3.2
3.84
1.28
3.2
1.92
2.56
3.2
3.2
2.56
3.2
5.76
2.56
3.2
3.84
5.76
2.56
3.52
3.2
1.92
1.92
3.2
4.16
3.84
1.92
5.12
3.2
4.48
2.24
1.28
5.76
0.64
3.2
0
2.56
1.28
1.92
1.92
1.92
1.28
1.92
0.64
0.64
1.28
0.64
1.28
0
1.28
0.64
0.64
0
