76.0000 0.05 1
193.333
146.667
140
0
0
0
0
0
0
0
0
0
0
0
0
0
0
0
0
0
0
0
0
0
0
0
0
0
0
0
0
0
0
0
0
0
0
0
0
0
0
0
0
0
0
0
0
0
0
0
0
0
0
0
0
0
0
0
0
0
0
0
0
0
0
0
0
0
0
0
0
0
0
0
0
0
0
0
0
0
0
0
0
0
0
0
0
0
0
0
0
0
0
0
0
0
0
0
0
0
0
0
0
0
0
0
0
0
0
0
0
0
0
0
0
0
0
0
0
0
0
0
0
0
0
0
0
0
0
0
0
0
0
0
0
0
0
0
0
0
0
0
0
0
0
0
0
0
0
0
0
0
0
0
0
0
0
0
0
0
0
0
0
0
0
0
0
0
0
0
0
0
0
0
0
0
0
0
0
0
0
0
0
0
0
0
0
0
0
0
0
0
0
0
0
0
0
0
0
0
0
0
0
0
0
0
0
0
0
0
0
0
0
0
0
0
0
0
0
0
0
0
0
0
0
0
0
0
0
0
0
0
0
0
0
0
0
0
0
0
0
0
0
0
0
0
0
0
0
0
0
0
0
0
0
0
0
0
0
0
0
0
0
0
0
0
0
0
0
0
0
0
0
0
0
0
0
0
0
0
0
0
0
0
0
0
0
0
0
0
0
0
0
0
0
0
0
0
0
0
0
0
0
0
0
0
0
0
0
0
0
0
0
0
0
0
0
0
0
0
0
0
0
0
0
0
0
0
0
0
0
0
0
0
0
0
0
0
0
0
0
0
0
0
0
0
0
0
0
0
0
0
0
0
0
0
0
0
0
0
0
0
0
0
0
0
0
0
0
0
0
0
0
0
0
0
0
0
0
0
0
0
0
0
0
0
0
0
0
0
0
0
0
0
0
0
0
0
0
0
0
0
0
0
0
0
0
0
0
0
0
0
0
0
0
0
0
0
0
0
0
0
0
0
0
0
0
0
0
0
0
0
0
0
0
0
0
0
0
0
0
0
0
0
0
0
0
0
0
0
0
0
0
0
0
0
0
0
0
0
0
0
0
0
0
0
0
0
0
0
0
0
0
0
0
0
0
0
0
0
0
0
0
0
0
0
0
0
0
0
0
0
0
0
0
0
0
0
0
0
0
0
0
0
0
0
0
0
0
0
0
0
0
0
0
0
0
0
0
0
0
0
0
0
0
0
0
0
0
0
0
0
0
0
0
0
0
0
0
0
0
0
0
0
0
0
0
0
0
0
0
0
0
0
0
0
0
0
0
0
0
0
0
0
0
0
0
0
0
0
0
0
0
0
0
0
0
0
0
0
0
0
0
0
0
0
0
0
0
0
0
0
0
0
0
0
0
0
0
0
0
0
0
0
0
0
0
0
0
0
0
0
0
0
0
0
0
0
0
0
0
0
0
0
0
0
0
0
0
0
0
0
0
0
0
0
0
0
0
0
0
0
0
0
0
0
0
0
0
0
0
0
0
0
0
0
0
0
0
0
0
0
0
0
0
0
0
0
0
0
0
0
0
0
0
0
0
0
0
0
0
0
0
0
0
0
0
0
0
0
0
0
0
0
0
0
0
0
0
0
0
0
0
0
0
0
0
0
0
0
0
0
0
0
0
0
0
0
0
0
0
0
0
0
0
0
0
0
0
0
0
0
0
0
0
0
0
0
0
0
0
0
0
0
0
0
0
0
0
0
0
0
0
0
0
0
0
0
0
0
0
0
0
0
0
0
0
0
0
0
0
0
0
0
0
0
0
0
0
0
0
0
0
0
0
0
0
0
0
0
0
0
0
0
0
0
0
0
0
0
0
0
0
0
0
0
0
0
0
0
0
0
0
0
0
0
0
0
0
0
0
0
0
0
0
0
0
0
0
0
0
0
0
0
0
0
0
0
0
0
0
0
0
0
0
0
0
0
0
0
0
0
0
0
0
0
0
0
0
0
0
0
0
0
0
0
0
0
0
0
0
0
0
0
0
0
0
0
0
0
0
0
0
0
0
0
0
0
0
0
0
0
0
0
0
0
0
0
0
0
0
0
0
0
0
0
0
0
0
0
0
0
0
0
0
0
0
0
0
0
0
0
0
0
0
0
0
0
0
0
0
0
0
0
0
0
0
0
0
0
0
0
0
0
0
0
0
0
0
0
0
0
0
0
0
0
0
0
0
0
0
0
0
0
0
0
0
0
0
0
0
0
0
0
0
0
0
0
0
0
0
0
0
0
0
0
0
0
0
0
0
0
0
0
0
0
0
0
0
0
0
0
0
0
0
0
0
0
0
0
0
0
0
0
0
0
0
0
0
0
0
0
0
0
0
0
0
0
0
0
0
0
0
0
0
0
0
0
0
0
0
0
0
0
0
0
0
0
0
0.266667
0
0
1.06667
0
0
0.533333
1.06667
0
0
2.13333
0
0
0
3.2
0
0
0
2.13333
0
2.13333
0
0
0
4.26667
0.533333
0
0
1.06667
2.13333
0
0
0
2.13333
2.13333
0
0
0
0
2.13333
0
0
4.26667
1.06667
0
0
2.13333
0
0
2.13333
0
0
2.13333
4.26667
1.06667
0
1.6
0
0
2.13333
2.13333
0
2.13333
2.13333
0
0
0
1.06667
3.2
1.06667
1.06667
6.4
0
2.13333
5.33333
0
2.13333
0
0
2.13333
4.26667
2.13333
0
0
0
4.26667
0
0
4.26667
0
0
2.13333
0.533333
0.266667
2.13333
0
0
2.66667
2.13333
2.13333
4.26667
2.66667
1.06667
1.06667
0
1.06667
10.6667
0
0.266667
0
4.26667
2.13333
1.06667
6.4
3.73333
2.13333
0
4.26667
2.13333
2.66667
3.2
1.06667
0
2.13333
0
0
3.2
4.26667
4.26667
2.13333
3.73333
4.26667
3.2
2.13333
2.13333
1.06667
2.13333
8.53333
5.33333
7.46667
5.33333
0
1.06667
1.6
2.13333
2.13333
2.13333
10.1333
11.2
12.8
5.33333
6.93333
2.13333
2.13333
10.6667
6.66667
11.7333
8.26667
3.2
18.6667
1.06667
12.8
11.2
16
6.4
16.5333
10.9333
12
18.6667
14.4
13.8667
14.9333
10.6667
19.2
18.6667
11.7333
10.6667
21.3333
12.2667
3.2
7.46667
6.4
13.0667
9.06667
3.2
13.3333
16
18.1333
9.6
33.8667
10.1333
6.93333
9.06667
12.8
14.1333
13.8667
19.2
31.2
14.1333
25.8667
16.5333
21.8667
16
11.7333
12.8
10.6667
4.8
4.8
4.26667
2.13333
2.13333
9.6
8.53333
2.13333
5.33333
7.2
4.8
12.8
0
2.13333
3.2
6.4
5.33333
5.33333
6.4
2.13333
0
0
0
1.06667
1.06667
2.66667
4.26667
5.33333
5.86667
3.2
4.26667
9.6
2.13333
4.26667
2.13333
0
0.533333
0
1.06667
0
0
2.66667
7.46667
0
2.13333
0
2.13333
3.2
4.26667
8.53333
2.13333
1.06667
2.13333
4.26667
4.26667
2.13333
0
0
0
6.4
0
2.13333
0
2.13333
0
1.06667
8.53333
3.73333
2.13333
2.13333
4.26667
0
3.2
4.26667
2.66667
4.26667
2.93333
0.533333
5.33333
2.13333
0
6.4
2.13333
7.46667
7.46667
1.06667
3.2
0
5.33333
3.2
6.93333
4.26667
3.2
1.06667
4.26667
0
4.8
2.66667
0
4.26667
2.13333
4.26667
0
0
3.2
6.4
2.13333
4.26667
0
0
0
1.06667
0
0
2.13333
5.86667
0
6.4
0
3.46667
0
4.26667
2.13333
0
0
3.73333
2.13333
16
4.8
0
5.33333
4.26667
8.53333
1.06667
2.13333
8.53333
8
2.4
4.26667
0
2.13333
2.13333
5.86667
2.13333
1.06667
3.2
2.13333
1.06667
1.06667
6.4
2.13333
0
2.13333
2.13333
2.13333
9.6
0.266667
1.06667
0
3.2
2.13333
2.13333
2.13333
2.13333
0
6.93333
3.2
3.2
6.4
2.66667
5.33333
6.4
2.13333
4.26667
4.26667
2.13333
1.06667
4.26667
3.2
4.26667
4.26667
4.26667
3.2
4.26667
3.2
0
0
4.26667
2.4
6.4
2.13333
4.26667
3.2
0
0
1.6
0
0.266667
3.2
1.06667
3.73333
2.13333
0
1.06667
2.66667
2.13333
2.13333
0
2.13333
1.06667
0
0
2.13333
0
0
2.13333
0
0
0
0
0
0.533333
0
0
0
0
0
0
0
0
0
0
0
0
0
0
0
0
0
0
0
0
0
0
0
0
0
0
0
0.533333
0
