19.0000 0.05 1
40
0
0
0
0
28.125
51.875
0
0
0
0
0
0
0
0
0
0
0
0
0
0
0
0
0
0
0
0
0
0
0
0
0
0
0
0
0
0
0
0
0
0
0
0
0
0
0
0
0
0
0
0
0
0
0
0
0
0
0
0
0
0
0
0
0
0
0
0
0
0
0
0
0
0
0
0
0
0
0
0
0
0
0
0
0
0
0
0
0
0
0
0
0
0
0
0
0
0
0
0
0
0
0
0
0
0
0
0
0
0
0
0
0
0
0
0
0
0
0
0
0
0
0
0
0
0
0
0
0
0
0
0
0
0
0
0
0
0
0
0
0
0
0
0
0
0
0
0
0
0
0
0
0
0
0
0
0
0
0
0
0
0
0
0
0
0
0
0
0
0
0
0
0
0
0
0
0
0
0
0
0
0
0
0
0
0
0
0
0
0
0
0
0
0
0
0
0
0
0
0
0
0
0
0
0
0
0
0
0
0
0
0
0
0
0
0
0
0
0
0
0
0
0
0
0
0
0
0
0
0
0
0
0
0
0
0
0
0
0
0
0
0
0
0
0
0
0
0
0
0
0
0
0
0
0
0
0
0
0
0
0
0
0
0
0
0
0
0
0
0
0
0
0
0
0
0
0
0
0
0
0
0
0
0
0
0
0
0
0
0
0
0
0
0
0
0
0
0
0
0
0
0
0
0
0
0
0
0
0
0
0
0
0
0
0
0
0
0
0
0
0
0
0
0
0
0
0
0
0
0
0
0
0
0
0
0
0
0
0
0
0
0
0
0
0
0
0
0
0
0
0
0
0
0
0
0
0
0
0
0
0
0
0
0
0
0
0
0
0
0
0
0
0
0
0
0
0
0
0
0
0
0
0
0
0
0
0
0
0
0
0
0
0
0
0
0
0
0
0
0
0
0
0
0
0
0
0
0
0
0
0
0
0
0
0
0
0
0
0
0
0
0
0
0
0
0
0
0
0
0
0
0
0
0
0
0
0
0
0
0
0
0
0
0
0
0
0
0
0
0
0
0
0
0
0
0
0
0
0
0
0
0
0
0
0
0
0
0
0
0
0
0
0
0
0
0
0
0
0
0
0
0
0
0
0
0
0
0
0
0
0
0
0
0
0
0
0
0
0
0
0
0
0
0
0
0
0
0
0
0
0
0
0
0
0
0
0
0
0
0
0
0
0
0
0
0
0
0
0
0
0
0
0
0
0
0
0
0
0
0
0
0
0
0
0
0
0
0
0
0
0
0
0
0
0
0
0
0
0
0
0
0
0
0
0
0
0
0
0
0
0
0
0
0
0
0
0
0
0
0
0
0
0
0
0
0
0
0
0
0
0
0
0
0
0
0
0
0
0
0
0
0
0
0
0
0
0
0
0
0
0
0
0
0
0
0
0
0
0
0
0
0
0
0
0
0
0
0
0
0
0
0
0
0
0
0
0
0
0
0
0
0
0
0
0
0
0
0
0
0
0
0
0
0
0
0
0
0
0
0
0
0
0
0
0
0
0
0
0
0
0
0
0
0
0
0
0
0
0
0
0
0
0
0
0
0
0
0
0
0
0
0
0
0
0
0
0
0
0
0
0
0
0
0
0
0
0
0
0
0
0
0
0
0
0
0
0
0
0
0
0
0
0
0
0
0
0
0
0
0
0
0
0
0
0
0
0
0
0
0
0
0
0
0
0
0
0
0
0
0
0
0
0
0
0
0
0
0
0
0
0
0
0
0
0
0
0
0
0
0
0
0
0
0
0
0
0
0
0
0
0
0
0
0
0
0
0
0
0
0
0
0
0
0
0
0
0
0
0
0
0
0
0
0
0
0
0
0
0
0
0
0
0
0
0
0
0
0
0
0
0
0
0
0
0
0
0
0
0
0
0
0
0
0
0
0
0
0
0
0
0
0
0
0
0
0
0
0
0
0
0
0
0
0
0
0
0
0
0
0
0
0
0
0
0
0
0
0
0
0
0
0
0
0
0
0
0
0
0
0
0
0
0
0
0
0
0
0
0
0
0
0
0
0
0
0
0
0
0
0
0
0
0
0
0
0
0
0
0
0
0
0
0
0
0
0
0
0
0
0
0
0
0
0
0
0
0
0
0
0
0
0
0
0
0
0
0
0
0
0
0
0
0
0
0
0
0
0
0
0
0
0
0
0
0
0
0
0
0
0
0
0
0
0
0
0
0
0
0
0
0
0
0
0
0
0
0
0
0
0
0
0
0
0
0
0
0
0
0
0
0
0
0
0
0
0
0
0
0
0
0
0
0
0
0
0
0
0
0
0
0
0
0
0
0
0
0
0
0
0
0
0
0
0
0
0
0
0
0
0
0
0
0
0
0
0
0
0
0
0
0
0
0
0
0
0
0
0
0
0
0
0
0
0
0
0
0.078125
0
0
0.15625
0
0
0
0
0.46875
0.46875
0
0.15625
0
0.46875
0
0
0.46875
0
0
0
0
0
0
0.46875
0.15625
0.46875
0
1.40625
0
0
0
0
0
0.546875
0.46875
0
1.40625
0
0.46875
0.46875
0.46875
0
0
0
0
0
0
1.40625
0
0
0
0.46875
0
0
0
0.46875
0
0.9375
1.40625
0
0
1.40625
0
0
0.9375
0
0
0
0
0
0.9375
0.078125
0.46875
0.9375
0.9375
0
0
0
0
0.9375
0
2.34375
0
0
0.15625
0
0.46875
0
0
0
0.9375
0
0
0
0.46875
0.46875
0.9375
0.46875
0
0
0.46875
1.875
0.9375
0
0.9375
0.9375
0.46875
0
1.40625
0.9375
1.5625
0
1.17188
0.46875
0.46875
0
0.9375
0
0.9375
0.46875
0
1.17188
0
0
0
0.46875
0
0
0.9375
1.40625
0.9375
0.46875
0.46875
1.40625
0.625
0
0.9375
1.40625
1.40625
1.40625
0
0.9375
1.17188
0.703125
1.95312
0.9375
0.9375
2.34375
2.57812
1.875
4.21875
1.875
0.9375
0.234375
0
3.28125
4.21875
1.40625
1.40625
4.21875
2.34375
2.34375
5.15625
0
3.75
2.34375
4.6875
2.8125
1.25
6.71875
6.71875
5.625
4.92188
2.8125
2.03125
6.5625
5.15625
2.34375
5.15625
0
5.23438
5.15625
2.8125
5.9375
3.04688
1.875
6.79688
1.875
7.5
1.40625
2.8125
3.90625
4.375
4.21875
1.40625
4.6875
0.46875
2.34375
0.9375
0.9375
0.46875
1.40625
3.75
0.46875
8.4375
2.34375
0
1.875
3.75
0.9375
0.9375
2.10938
0
2.8125
0
0.9375
0
0
1.40625
0.46875
0.46875
2.8125
1.40625
0.9375
1.17188
0.46875
0.9375
0.46875
2.34375
0
1.40625
0
0
0.9375
0
0
0.46875
0
1.875
0.703125
0
0
0.9375
2.34375
0
0.46875
0.9375
0.9375
0
0.46875
0
0
0.9375
1.875
0.46875
3.28125
0
0
0
0
0.46875
1.40625
1.40625
0.46875
0
0.9375
1.40625
0.078125
1.17188
0
0
0
0
1.40625
0.46875
0
0
0
1.40625
2.34375
0.9375
2.34375
0.46875
0
0
0
1.875
1.5625
0.46875
0.46875
0.46875
0
0
0
0
0.9375
0.234375
0
0.9375
0.9375
0
0.9375
0
0.9375
0.9375
0.9375
0.9375
0
0
1.40625
0.9375
0.9375
0.46875
0.46875
0.46875
0.9375
0.46875
1.875
0.9375
0
0.9375
0
0
0
1.40625
1.64062
0.46875
2.34375
0.15625
0.46875
0.9375
0.9375
0.9375
0.9375
0
0
2.8125
0.46875
0.9375
0.46875
0.9375
1.875
0.9375
0
4.6875
0
1.875
0
0.46875
0
0.46875
1.40625
0
0
1.40625
0.9375
0.9375
0.46875
0
0.9375
0.9375
0.9375
0.9375
1.40625
0.46875
0.9375
1.875
0.46875
3.28125
0.9375
0
0
0
0
0.9375
2.96875
0.46875
0.9375
1.875
0
1.875
0
0.46875
0
0
0
0.46875
0.46875
2.34375
0.9375
0.46875
0.9375
0.9375
0
0
0.46875
0.46875
0
0.9375
2.34375
0.9375
0
0.46875
0.9375
1.875
0.078125
0.9375
1.40625
0.46875
1.40625
1.40625
1.875
1.875
0
0.9375
1.40625
0.46875
0.9375
2.34375
0
1.64062
0
1.875
0.46875
0.9375
1.64062
2.34375
0.9375
0
1.40625
1.875
0.9375
0
0.46875
1.40625
0
0
0
0.46875
0
0
1.40625
0
0
0.9375
0.9375
1.40625
0
0.46875
0.9375
0.9375
1.64062
0.46875
0.9375
0.9375
0.234375
0.46875
1.875
0.9375
0.9375
1.40625
0.9375
0
0
1.875
0
2.57812
1.875
0
2.34375
0.9375
1.40625
0.9375
0
0
0.9375
0.9375
0
0.9375
0.46875
0
1.40625
0.46875
0.703125
0
0.46875
0.78125
1.40625
0.9375
2.34375
0.9375
0
0.78125
0.46875
1.40625
1.875
1.40625
0.46875
0.46875
0
1.71875
2.34375
2.34375
1.875
0
1.5625
0
1.875
0
0.9375
1.40625
0.15625
0.625
0
0.9375
0
0
1.71875
0
0.46875
0
1.71875
0.46875
2.1875
0.15625
1.40625
1.875
0.46875
0
0
0
0
0
0.9375
0.46875
2.34375
0
0
0.46875
0.46875
0.9375
0
0.9375
0
0
0
0.46875
1.40625
0
0.234375
0.15625
0
0
0.9375
0.46875
0.46875
0
0
0.46875
0.46875
0
0
0.078125
0.15625
0
0.46875
0
0
0
0
0.46875
0
0
0.46875
0
0.46875
0
0
0
0
0
0
0
0
0
0
0
0
0
0
0
0
0
0
0
0
0.46875
0
