53.0000 0.05 1
80
0
0
47.7778
112.222
0
0
0
0
0
0
0
0
0
0
0
0
0
0
0
0
0
0
0
0
0
0
0
0
0
0
0
0
0
0
0
0
0
0
0
0
0
0
0
0
0
0
0
0
0
0
0
0
0
0
0
0
0
0
0
0
0
0
0
0
0
0
0
0
0
0
0
0
0
0
0
0
0
0
0
0
0
0
0
0
0
0
0
0
0
0
0
0
0
0
0
0
0
0
0
0
0
0
0
0
0
0
0
0
0
0
0
0
0
0
0
0
0
0
0
0
0
0
0
0
0
0
0
0
0
0
0
0
0
0
0
0
0
0
0
0
0
0
0
0
0
0
0
0
0
0
0
0
0
0
0
0
0
0
0
0
0
0
0
0
0
0
0
0
0
0
0
0
0
0
0
0
0
0
0
0
0
0
0
0
0
0
0
0
0
0
0
0
0
0
0
0
0
0
0
0
0
0
0
0
0
0
0
0
0
0
0
0
0
0
0
0
0
0
0
0
0
0
0
0
0
0
0
0
0
0
0
0
0
0
0
0
0
0
0
0
0
0
0
0
0
0
0
0
0
0
0
0
0
0
0
0
0
0
0
0
0
0
0
0
0
0
0
0
0
0
0
0
0
0
0
0
0
0
0
0
0
0
0
0
0
0
0
0
0
0
0
0
0
0
0
0
0
0
0
0
0
0
0
0
0
0
0
0
0
0
0
0
0
0
0
0
0
0
0
0
0
0
0
0
0
0
0
0
0
0
0
0
0
0
0
0
0
0
0
0
0
0
0
0
0
0
0
0
0
0
0
0
0
0
0
0
0
0
0
0
0
0
0
0
0
0
0
0
0
0
0
0
0
0
0
0
0
0
0
0
0
0
0
0
0
0
0
0
0
0
0
0
0
0
0
0
0
0
0
0
0
0
0
0
0
0
0
0
0
0
0
0
0
0
0
0
0
0
0
0
0
0
0
0
0
0
0
0
0
0
0
0
0
0
0
0
0
0
0
0
0
0
0
0
0
0
0
0
0
0
0
0
0
0
0
0
0
0
0
0
0
0
0
0
0
0
0
0
0
0
0
0
0
0
0
0
0
0
0
0
0
0
0
0
0
0
0
0
0
0
0
0
0
0
0
0
0
0
0
0
0
0
0
0
0
0
0
0
0
0
0
0
0
0
0
0
0
0
0
0
0
0
0
0
0
0
0
0
0
0
0
0
0
0
0
0
0
0
0
0
0
0
0
0
0
0
0
0
0
0
0
0
0
0
0
0
0
0
0
0
0
0
0
0
0
0
0
0
0
0
0
0
0
0
0
0
0
0
0
0
0
0
0
0
0
0
0
0
0
0
0
0
0
0
0
0
0
0
0
0
0
0
0
0
0
0
0
0
0
0
0
0
0
0
0
0
0
0
0
0
0
0
0
0
0
0
0
0
0
0
0
0
0
0
0
0
0
0
0
0
0
0
0
0
0
0
0
0
0
0
0
0
0
0
0
0
0
0
0
0
0
0
0
0
0
0
0
0
0
0
0
0
0
0
0
0
0
0
0
0
0
0
0
0
0
0
0
0
0
0
0
0
0
0
0
0
0
0
0
0
0
0
0
0
0
0
0
0
0
0
0
0
0
0
0
0
0
0
0
0
0
0
0
0
0
0
0
0
0
0
0
0
0
0
0
0
0
0
0
0
0
0
0
0
0
0
0
0
0
0
0
0
0
0
0
0
0
0
0
0
0
0
0
0
0
0
0
0
0
0
0
0
0
0
0
0
0
0
0
0
0
0
0
0
0
0
0
0
0
0
0
0
0
0
0
0
0
0
0
0
0
0
0
0
0
0
0
0
0
0
0
0
0
0
0
0
0
0
0
0
0
0
0
0
0
0
0
0
0
0
0
0
0
0
0
0
0
0
0
0
0
0
0
0
0
0
0
0
0
0
0
0
0
0
0
0
0
0
0
0
0
0
0
0
0
0
0
0
0
0
0
0
0
0
0
0
0
0
0
0
0
0
0
0
0
0
0
0
0
0
0
0
0
0
0
0
0
0
0
0
0
0
0
0
0
0
0
0
0
0
0
0
0
0
0
0
0
0
0
0
0
0
0
0
0
0
0
0
0
0
0
0
0
0
0
0
0
0
0
0
0
0
0
0
0
0
0
0
0
0
0
0
0
0
0
0
0
0
0
0
0
0
0
0
0
0
0
0
0
0
0
0
0
0
0
0
0
0
0
0
0
0
0
0
0
0
0
0
0
0
0
0
0
0
0
0
0
0
0
0
0
0
0
0
0
0
0
0
0
0
0
0
0
0
0
0
0
0
0
0
0
0
0
0
0
0
0
0
0
0
0
0
0
0
0
0
0
0
0
0
0
0
0
0
0
0
0
0.277778
0
0
0
2.22222
0
0
0
3.33333
0
0
0
0.277778
0
1.66667
0
0
1.66667
5
0
0
0
0
3.33333
0.277778
0
1.66667
0
1.66667
0
0
1.66667
3.33333
0
0
0
6.66667
0
1.66667
0
0.833333
0.555556
1.66667
0.833333
1.66667
6.66667
0
1.66667
0
0
0
0
0.555556
0.833333
4.16667
3.33333
1.11111
1.11111
3.33333
0
4.16667
2.22222
0
6.66667
0.277778
0
0
1.11111
2.22222
0.555556
0
0.833333
6.66667
5
0
0
1.66667
1.66667
3.33333
0.277778
0
1.66667
0
1.66667
3.33333
2.77778
6.66667
0
1.11111
0
0
6.66667
0
3.33333
0
0
0
5.83333
6.66667
2.22222
6.66667
3.33333
1.66667
0
0
0
2.5
2.22222
1.38889
3.33333
3.33333
3.33333
1.66667
3.33333
1.66667
0
0
1.11111
3.33333
0
5
3.33333
0
1.66667
13.3333
0.833333
0.833333
0.555556
5
3.33333
3.33333
0
3.33333
0.833333
5
5.83333
0
5
13.3333
2.77778
1.66667
0.277778
3.33333
1.66667
0
5
2.22222
3.33333
2.5
1.66667
3.05556
4.72222
4.16667
1.66667
0.555556
7.22222
5.27778
8.33333
10
2.77778
6.66667
5
11.3889
8.33333
5.55556
7.5
5.83333
0
6.66667
5.55556
1.94444
7.22222
6.66667
7.5
16.3889
5
17.5
17.7778
23.3333
14.1667
8.88889
5
9.16667
3.88889
5.55556
5.83333
1.66667
7.22222
7.22222
11.1111
16.9444
20.8333
22.2222
12.7778
11.1111
4.44444
10.5556
10
7.22222
6.94444
6.66667
5
7.22222
6.38889
25
8.88889
0.277778
3.33333
7.77778
5
5
10.8333
3.33333
0.277778
1.94444
4.44444
3.33333
5
3.33333
2.22222
1.66667
1.66667
0.555556
1.66667
1.38889
1.66667
1.66667
1.66667
3.88889
0.555556
1.66667
4.44444
4.44444
5
0.555556
4.72222
3.88889
3.33333
4.44444
11.1111
5
1.66667
5
3.05556
1.66667
0
0
0
5
8.33333
7.77778
8.33333
1.66667
6.66667
6.66667
5.55556
0
3.88889
3.33333
1.66667
5.55556
1.66667
5
0
3.61111
0
5
0.555556
3.88889
6.66667
0
0
4.16667
6.11111
6.11111
5.27778
5
5
0
0.277778
5
0
2.22222
3.88889
1.66667
3.33333
4.16667
11.9444
2.5
8.88889
5.83333
5
0
2.22222
10.8333
5
0
6.66667
3.33333
3.33333
3.33333
3.33333
3.33333
0.555556
0.833333
0.833333
2.5
6.66667
5.27778
3.33333
0
5
0
5
3.33333
1.66667
8.88889
3.33333
0.833333
5.83333
1.66667
5
3.33333
0.277778
0
3.33333
4.16667
0
4.72222
0
11.6667
1.66667
0
1.66667
0
0
0
0.833333
1.11111
3.33333
0
0
0
0
0
0
0
0
0
0
0
0
0
0
0
0
0
0
0
0
0
0
1.11111
0
