35.0000 0.05 1
73.586
85.481
80.9329
0
0
0
0
0
0
0
0
0
0
0
0
0
0
0
0
0
0
0
0
0
0
0
0
0
0
0
0
0
0
0
0
0
0
0
0
0
0
0
0
0
0
0
0
0
0
0
0
0
0
0
0
0
0
0
0
0
0
0
0
0
0
0
0
0
0
0
0
0
0
0
0
0
0
0
0
0
0
0
0
0
0
0
0
0
0
0
0
0
0
0
0
0
0
0
0
0
0
0
0
0
0
0
0
0
0
0
0
0
0
0
0
0
0
0
0
0
0
0
0
0
0
0
0
0
0
0
0
0
0
0
0
0
0
0
0
0
0
0
0
0
0
0
0
0
0
0
0
0
0
0
0
0
0
0
0
0
0
0
0
0
0
0
0
0
0
0
0
0
0
0
0
0
0
0
0
0
0
0
0
0
0
0
0
0
0
0
0
0
0
0
0
0
0
0
0
0
0
0
0
0
0
0
0
0
0
0
0
0
0
0
0
0
0
0
0
0
0
0
0
0
0
0
0
0
0
0
0
0
0
0
0
0
0
0
0
0
0
0
0
0
0
0
0
0
0
0
0
0
0
0
0
0
0
0
0
0
0
0
0
0
0
0
0
0
0
0
0
0
0
0
0
0
0
0
0
0
0
0
0
0
0
0
0
0
0
0
0
0
0
0
0
0
0
0
0
0
0
0
0
0
0
0
0
0
0
0
0
0
0
0
0
0
0
0
0
0
0
0
0
0
0
0
0
0
0
0
0
0
0
0
0
0
0
0
0
0
0
0
0
0
0
0
0
0
0
0
0
0
0
0
0
0
0
0
0
0
0
0
0
0
0
0
0
0
0
0
0
0
0
0
0
0
0
0
0
0
0
0
0
0
0
0
0
0
0
0
0
0
0
0
0
0
0
0
0
0
0
0
0
0
0
0
0
0
0
0
0
0
0
0
0
0
0
0
0
0
0
0
0
0
0
0
0
0
0
0
0
0
0
0
0
0
0
0
0
0
0
0
0
0
0
0
0
0
0
0
0
0
0
0
0
0
0
0
0
0
0
0
0
0
0
0
0
0
0
0
0
0
0
0
0
0
0
0
0
0
0
0
0
0
0
0
0
0
0
0
0
0
0
0
0
0
0
0
0
0
0
0
0
0
0
0
0
0
0
0
0
0
0
0
0
0
0
0
0
0
0
0
0
0
0
0
0
0
0
0
0
0
0
0
0
0
0
0
0
0
0
0
0
0
0
0
0
0
0
0
0
0
0
0
0
0
0
0
0
0
0
0
0
0
0
0
0
0
0
0
0
0
0
0
0
0
0
0
0
0
0
0
0
0
0
0
0
0
0
0
0
0
0
0
0
0
0
0
0
0
0
0
0
0
0
0
0
0
0
0
0
0
0
0
0
0
0
0
0
0
0
0
0
0
0
0
0
0
0
0
0
0
0
0
0
0
0
0
0
0
0
0
0
0
0
0
0
0
0
0
0
0
0
0
0
0
0
0
0
0
0
0
0
0
0
0
0
0
0
0
0
0
0
0
0
0
0
0
0
0
0
0
0
0
0
0
0
0
0
0
0
0
0
0
0
0
0
0
0
0
0
0
0
0
0
0
0
0
0
0
0
0
0
0
0
0
0
0
0
0
0
0
0
0
0
0
0
0
0
0
0
0
0
0
0
0
0
0
0
0
0
0
0
0
0
0
0
0
0
0
0
0
0
0
0
0
0
0
0
0
0
0
0
0
0
0
0
0
0
0
0
0
0
0
0
0
0
0
0
0
0
0
0
0
0
0
0
0
0
0
0
0
0
0
0
0
0
0
0
0
0
0
0
0
0
0
0
0
0
0
0
0
0
0
0
0
0
0
0
0
0
0
0
0
0
0
0
0
0
0
0
0
0
0
0
0
0
0
0
0
0
0
0
0
0
0
0
0
0
0
0
0
0
0
0
0
0
0
0
0
0
0
0
0
0
0
0
0
0
0
0
0
0
0
0
0
0
0
0
0
0
0
0
0
0
0
0
0
0
0
0
0
0
0
0
0
0
0
0
0
0
0
0
0
0
0
0
0
0
0
0
0
0
0
0
0
0
0
0
0
0
0
0
0
0
0
0
0
0
0
0
0
0
0
0
0
0
0
0
0
0
0
0
0
0
0
0
0
0
0
0
0
0
0
0
0
0
0
0
0
0
0
0
0
0
0
0
0
0
0
0
0
0
0
0
0
0
0
0
0
0
0
0
0
0
0
0
0
0
0
0
0
0
0
0
0
0
0
0
0
0
0
0
0
0
0
0
0
0
0
0
0
0
0
0
0
0
0
0
0
0
0
0
0
0
0
0
0
0
0
0
0
0
0
0
0
0
0
0
0
0
0
0
0
0
0
0
0
0
0
0
0
0
0
0
0
0
0
0.116618
0
0
0
0.233236
0
0
0.466472
0
0
0.466472
0
0
0
0
1.16618
0
0.466472
0.932945
0
0
0
0
0
0.233236
0
0
0.466472
0.466472
0.932945
0.233236
0.466472
0
0.932945
0.233236
0
0
0.932945
0
0.233236
1.86589
0
0.233236
0.932945
0
0
0
1.39942
0
0
0.466472
0.932945
0.466472
0
0
0.466472
0
0
2.33236
0.466472
0.932945
0.932945
0
0
0
0
0
1.86589
0.233236
1.16618
0
0
0.466472
0.466472
0
0
0
1.39942
0.932945
1.39942
0.932945
0
0.932945
0
0.932945
0.466472
0
1.86589
0
0
1.39942
1.39942
0.699708
0
0.466472
2.33236
0.466472
0
0.932945
0.466472
0.932945
0.466472
0
1.39942
0.932945
1.39942
0.932945
1.86589
0
0.466472
0.466472
1.39942
1.16618
0
0
1.86589
0.699708
2.09913
0
1.86589
1.39942
2.79883
0.932945
0
3.26531
1.51603
0.699708
0.932945
2.79883
2.5656
0.932945
4.66472
0
1.39942
1.86589
0.466472
1.16618
3.49854
4.66472
1.63265
3.49854
2.33236
4.19825
2.09913
4.66472
1.63265
5.1312
1.98251
4.19825
3.96501
5.1312
9.32945
6.06414
5.59767
7.23032
4.43149
3.38192
10.0292
10.0292
7.46356
7.23032
5.59767
2.79883
4.19825
2.33236
3.73178
2.79883
2.91545
6.53061
8.3965
7.58017
8.97959
7.23032
4.66472
4.89796
1.86589
5.36443
7.1137
4.89796
9.56268
8.86297
5.8309
6.06414
3.49854
2.21574
2.91545
6.29738
3.26531
6.99708
3.26531
7.93003
7.23032
10.4956
5.8309
6.53061
8.16327
10.4956
12.4781
7.93003
4.66472
3.49854
4.19825
4.43149
3.03207
0.233236
1.39942
4.66472
0.466472
0.466472
2.79883
0.233236
2.33236
1.86589
1.39942
1.39942
2.33236
0.932945
2.09913
2.09913
1.86589
0.466472
0
0
1.51603
1.86589
1.39942
1.39942
0.932945
1.86589
0
0.932945
0
0
0.466472
0.466472
1.16618
2.33236
1.86589
0.932945
0.932945
0.932945
0.932945
0
1.86589
0
0
0
0
0
0
2.33236
0.466472
1.51603
0
2.33236
0.466472
0
1.39942
0.466472
0
1.39942
0.466472
0.233236
0
0
0
0.233236
1.86589
0.466472
0.932945
0
0.466472
0.932945
0
1.39942
2.09913
0
0.466472
0.233236
1.39942
0.699708
2.09913
0
0.699708
0.932945
3.26531
0.466472
0.932945
0.932945
2.33236
1.39942
0
0.932945
0.466472
1.86589
1.86589
1.39942
0.932945
0
0
0.932945
1.39942
0
2.79883
1.16618
0.466472
0.932945
1.39942
0
0.932945
0.932945
2.79883
1.16618
1.39942
0.466472
2.33236
0
0.466472
0.233236
0.233236
0
0.466472
2.09913
0.932945
0.932945
0.466472
1.39942
0.932945
1.39942
2.79883
0
1.63265
1.04956
1.16618
1.86589
0
1.86589
1.04956
1.39942
0
2.33236
1.39942
1.86589
1.86589
0.932945
0.466472
0.466472
0.932945
0.932945
0.699708
1.86589
1.86589
0.116618
2.33236
0.466472
0
2.79883
0.466472
2.79883
0.932945
0
0.932945
1.63265
1.86589
0
1.39942
0
0.932945
1.86589
2.09913
0
1.16618
0.932945
0
1.63265
0.932945
0
0.932945
1.86589
1.39942
2.33236
0.932945
0
1.86589
1.39942
1.63265
0.466472
0.233236
0.932945
0
0.466472
4.43149
0.466472
2.79883
0.932945
0
1.86589
0.699708
0
1.86589
2.09913
0.932945
1.39942
3.73178
1.39942
2.79883
1.39942
0
0
0.699708
0.932945
0
0.466472
0.233236
0.932945
1.39942
1.39942
0.932945
2.09913
0.233236
2.33236
0.466472
0
0.233236
1.86589
0.466472
0.233236
0.932945
2.33236
1.86589
1.39942
1.86589
0
0
1.39942
1.51603
0.932945
0.932945
1.16618
0
1.39942
0.466472
0.699708
0
0
1.39942
0
0.58309
0
0.233236
0
0.932945
1.16618
0.932945
1.16618
0
0.466472
0
0
0.932945
0.233236
0.932945
1.16618
0
1.16618
1.39942
0.233236
1.86589
0
0
0
0.932945
0.466472
0
0.466472
0
0.466472
0
0.466472
0
0
0
0
0
0
0
0
0
0
0
0
0
0
0
0
0.699708
0
0.466472
0
