57.0000 0.05 1
70.8571
129.143
120
40
0
0
0
0
0
0
0
0
0
0
0
0
0
0
0
0
0
0
0
0
0
0
0
0
0
0
0
0
0
0
0
0
0
0
0
0
0
0
0
0
0
0
0
0
0
0
0
0
0
0
0
0
0
0
0
0
0
0
0
0
0
0
0
0
0
0
0
0
0
0
0
0
0
0
0
0
0
0
0
0
0
0
0
0
0
0
0
0
0
0
0
0
0
0
0
0
0
0
0
0
0
0
0
0
0
0
0
0
0
0
0
0
0
0
0
0
0
0
0
0
0
0
0
0
0
0
0
0
0
0
0
0
0
0
0
0
0
0
0
0
0
0
0
0
0
0
0
0
0
0
0
0
0
0
0
0
0
0
0
0
0
0
0
0
0
0
0
0
0
0
0
0
0
0
0
0
0
0
0
0
0
0
0
0
0
0
0
0
0
0
0
0
0
0
0
0
0
0
0
0
0
0
0
0
0
0
0
0
0
0
0
0
0
0
0
0
0
0
0
0
0
0
0
0
0
0
0
0
0
0
0
0
0
0
0
0
0
0
0
0
0
0
0
0
0
0
0
0
0
0
0
0
0
0
0
0
0
0
0
0
0
0
0
0
0
0
0
0
0
0
0
0
0
0
0
0
0
0
0
0
0
0
0
0
0
0
0
0
0
0
0
0
0
0
0
0
0
0
0
0
0
0
0
0
0
0
0
0
0
0
0
0
0
0
0
0
0
0
0
0
0
0
0
0
0
0
0
0
0
0
0
0
0
0
0
0
0
0
0
0
0
0
0
0
0
0
0
0
0
0
0
0
0
0
0
0
0
0
0
0
0
0
0
0
0
0
0
0
0
0
0
0
0
0
0
0
0
0
0
0
0
0
0
0
0
0
0
0
0
0
0
0
0
0
0
0
0
0
0
0
0
0
0
0
0
0
0
0
0
0
0
0
0
0
0
0
0
0
0
0
0
0
0
0
0
0
0
0
0
0
0
0
0
0
0
0
0
0
0
0
0
0
0
0
0
0
0
0
0
0
0
0
0
0
0
0
0
0
0
0
0
0
0
0
0
0
0
0
0
0
0
0
0
0
0
0
0
0
0
0
0
0
0
0
0
0
0
0
0
0
0
0
0
0
0
0
0
0
0
0
0
0
0
0
0
0
0
0
0
0
0
0
0
0
0
0
0
0
0
0
0
0
0
0
0
0
0
0
0
0
0
0
0
0
0
0
0
0
0
0
0
0
0
0
0
0
0
0
0
0
0
0
0
0
0
0
0
0
0
0
0
0
0
0
0
0
0
0
0
0
0
0
0
0
0
0
0
0
0
0
0
0
0
0
0
0
0
0
0
0
0
0
0
0
0
0
0
0
0
0
0
0
0
0
0
0
0
0
0
0
0
0
0
0
0
0
0
0
0
0
0
0
0
0
0
0
0
0
0
0
0
0
0
0
0
0
0
0
0
0
0
0
0
0
0
0
0
0
0
0
0
0
0
0
0
0
0
0
0
0
0
0
0
0
0
0
0
0
0
0
0
0
0
0
0
0
0
0
0
0
0
0
0
0
0
0
0
0
0
0
0
0
0
0
0
0
0
0
0
0
0
0
0
0
0
0
0
0
0
0
0
0
0
0
0
0
0
0
0
0
0
0
0
0
0
0
0
0
0
0
0
0
0
0
0
0
0
0
0
0
0
0
0
0
0
0
0
0
0
0
0
0
0
0
0
0
0
0
0
0
0
0
0
0
0
0
0
0
0
0
0
0
0
0
0
0
0
0
0
0
0
0
0
0
0
0
0
0
0
0
0
0
0
0
0
0
0
0
0
0
0
0
0
0
0
0
0
0
0
0
0
0
0
0
0
0
0
0
0
0
0
0
0
0
0
0
0
0
0
0
0
0
0
0
0
0
0
0
0
0
0
0
0
0
0
0
0
0
0
0
0
0
0
0
0
0
0
0
0
0
0
0
0
0
0
0
0
0
0
0
0
0
0
0
0
0
0
0
0
0
0
0
0
0
0
0
0
0
0
0
0
0
0
0
0
0
0
0
0
0
0
0
0
0
0
0
0
0
0
0
0
0
0
0
0
0
0
0
0
0
0
0
0
0
0
0
0
0
0
0
0
0
0
0
0
0
0
0
0
0
0
0
0
0
0
0
0
0
0
0
0
0
0
0
0
0
0
0
0
0
0
0
0
0
0
0
0
0
0
0
0
0
0
0
0
0
0
0
0
0
0
0
0
0
0
0
0
0
0
0
0
0
0
0
0
0
0
0
0
0
0
0
0
0
0
0
0
0
0
0
0
0
0
0
0
0
0
0
0
0
0
0
0
0
0
0
0
0
0
0
0
0
0
0
0
0
0
0
0
0
0
0
0
0
0
0
0
0
0.228571
0
0
0
0.914286
0
0
0
0.914286
0.914286
0
0
0
1.82857
0
0.457143
0.457143
0.914286
0
0.914286
0.914286
1.82857
0
0
0
1.82857
0.457143
0
0
0
0.914286
0.914286
0.457143
1.82857
0
0
2.28571
0
0
0
2.74286
0
0.914286
0
0
1.82857
0.914286
0.457143
0.914286
0.457143
2.74286
2.74286
1.82857
0.914286
0
0
0
0
0
0
0.914286
1.82857
0
0.914286
0
1.37143
0.914286
0.914286
0.914286
0.914286
3.65714
0
1.82857
1.82857
0.457143
0
0.914286
0.914286
2.74286
1.82857
1.82857
2.74286
3.65714
0
0.457143
0
2.74286
0.914286
0.914286
0
0
1.82857
0
0.914286
0
0
5.02857
2.74286
1.82857
0
1.82857
0.914286
2.74286
1.82857
1.14286
1.82857
1.82857
1.37143
0.457143
0.228571
3.65714
2.28571
4.57143
0
0.914286
0.914286
1.37143
0
0.457143
1.82857
1.82857
2.28571
5.48571
0.914286
2.74286
3.65714
5.02857
0.914286
0
4.11429
3.2
3.2
1.82857
3.2
0
0.457143
2.74286
3.2
6.4
2.97143
5.48571
0.914286
1.82857
5.02857
5.02857
0
1.82857
3.65714
3.2
2.74286
4.57143
5.94286
11.8857
10.9714
7.31429
12.3429
8.91429
10.5143
5.02857
3.42857
11.8857
9.14286
9.6
8.22857
9.14286
7.77143
10.9714
7.77143
11.4286
8.91429
6.4
9.14286
4.57143
5.94286
13.2571
12.8
11.8857
7.31429
14.6286
2.74286
4.57143
12.8
17.8286
11.6571
4.57143
14.1714
17.3714
16.2286
15.5429
23.7714
15.7714
10.5143
13.2571
10.9714
16
17.3714
6.85714
7.31429
2.97143
11.6571
3.65714
5.48571
1.82857
3.65714
1.37143
2.28571
3.65714
7.31429
1.14286
1.37143
4.57143
4.57143
2.74286
3.65714
8.22857
2.74286
5.48571
1.82857
2.74286
0
1.82857
0.914286
3.65714
0.914286
2.74286
0.914286
2.28571
5.02857
2.74286
1.82857
0.914286
2.28571
0.914286
2.05714
3.2
0.914286
3.65714
0
0.914286
1.82857
0.914286
0
0.457143
3.42857
1.82857
0
1.82857
2.74286
0.914286
0.914286
1.37143
4.57143
2.97143
5.02857
0.914286
2.74286
0
1.82857
3.65714
4.11429
2.28571
3.65714
4.57143
0
0.457143
0.457143
2.28571
1.82857
5.02857
0.914286
3.65714
0.914286
2.74286
3.65714
1.82857
0.914286
3.65714
0
5.48571
2.74286
2.97143
3.2
0
2.74286
0.457143
2.28571
3.2
2.74286
2.28571
0
0
2.74286
2.74286
3.65714
0.914286
1.82857
2.74286
0
1.82857
1.37143
1.82857
1.37143
5.48571
0
2.74286
2.74286
0.914286
0.914286
1.37143
3.65714
2.74286
0
3.88571
0.914286
0
2.74286
2.28571
1.37143
1.82857
0.457143
3.65714
4.34286
1.37143
0.457143
0.914286
4.11429
3.65714
3.65714
1.37143
2.28571
7.31429
0.457143
0.914286
1.82857
0.914286
2.74286
2.74286
1.82857
1.6
3.65714
0.914286
1.82857
0.914286
1.82857
2.74286
1.82857
0
3.65714
5.48571
2.74286
0.914286
0.914286
5.02857
2.28571
1.37143
2.97143
4.57143
2.28571
0.457143
6.4
0.914286
0
5.02857
0
2.28571
3.65714
0.914286
1.82857
1.82857
6.17143
3.65714
2.28571
1.82857
0
3.65714
1.82857
0.914286
10.9714
0.914286
2.28571
1.82857
2.74286
1.37143
2.28571
0
1.82857
2.74286
5.94286
2.51429
1.37143
0.914286
7.77143
1.82857
5.48571
2.28571
0.914286
1.82857
0
0.457143
0
5.02857
1.82857
1.82857
1.6
2.74286
2.74286
0.914286
0
3.65714
6.62857
0
0
1.82857
2.28571
1.82857
0.914286
1.37143
1.82857
0
0
2.74286
1.82857
0
0.457143
2.74286
0
0
0
0
4.57143
0
2.74286
1.82857
0
0
0
0
0
0
2.28571
0.914286
0
0
0
0
0
0.914286
0
0
0
0
1.82857
1.82857
0
0
0
0
0.457143
0
