35.0000 0.05 1
40
40
0
0
10.8
88.8
60.4
0
0
0
0
0
0
0
0
0
0
0
0
0
0
0
0
0
0
0
0
0
0
0
0
0
0
0
0
0
0
0
0
0
0
0
0
0
0
0
0
0
0
0
0
0
0
0
0
0
0
0
0
0
0
0
0
0
0
0
0
0
0
0
0
0
0
0
0
0
0
0
0
0
0
0
0
0
0
0
0
0
0
0
0
0
0
0
0
0
0
0
0
0
0
0
0
0
0
0
0
0
0
0
0
0
0
0
0
0
0
0
0
0
0
0
0
0
0
0
0
0
0
0
0
0
0
0
0
0
0
0
0
0
0
0
0
0
0
0
0
0
0
0
0
0
0
0
0
0
0
0
0
0
0
0
0
0
0
0
0
0
0
0
0
0
0
0
0
0
0
0
0
0
0
0
0
0
0
0
0
0
0
0
0
0
0
0
0
0
0
0
0
0
0
0
0
0
0
0
0
0
0
0
0
0
0
0
0
0
0
0
0
0
0
0
0
0
0
0
0
0
0
0
0
0
0
0
0
0
0
0
0
0
0
0
0
0
0
0
0
0
0
0
0
0
0
0
0
0
0
0
0
0
0
0
0
0
0
0
0
0
0
0
0
0
0
0
0
0
0
0
0
0
0
0
0
0
0
0
0
0
0
0
0
0
0
0
0
0
0
0
0
0
0
0
0
0
0
0
0
0
0
0
0
0
0
0
0
0
0
0
0
0
0
0
0
0
0
0
0
0
0
0
0
0
0
0
0
0
0
0
0
0
0
0
0
0
0
0
0
0
0
0
0
0
0
0
0
0
0
0
0
0
0
0
0
0
0
0
0
0
0
0
0
0
0
0
0
0
0
0
0
0
0
0
0
0
0
0
0
0
0
0
0
0
0
0
0
0
0
0
0
0
0
0
0
0
0
0
0
0
0
0
0
0
0
0
0
0
0
0
0
0
0
0
0
0
0
0
0
0
0
0
0
0
0
0
0
0
0
0
0
0
0
0
0
0
0
0
0
0
0
0
0
0
0
0
0
0
0
0
0
0
0
0
0
0
0
0
0
0
0
0
0
0
0
0
0
0
0
0
0
0
0
0
0
0
0
0
0
0
0
0
0
0
0
0
0
0
0
0
0
0
0
0
0
0
0
0
0
0
0
0
0
0
0
0
0
0
0
0
0
0
0
0
0
0
0
0
0
0
0
0
0
0
0
0
0
0
0
0
0
0
0
0
0
0
0
0
0
0
0
0
0
0
0
0
0
0
0
0
0
0
0
0
0
0
0
0
0
0
0
0
0
0
0
0
0
0
0
0
0
0
0
0
0
0
0
0
0
0
0
0
0
0
0
0
0
0
0
0
0
0
0
0
0
0
0
0
0
0
0
0
0
0
0
0
0
0
0
0
0
0
0
0
0
0
0
0
0
0
0
0
0
0
0
0
0
0
0
0
0
0
0
0
0
0
0
0
0
0
0
0
0
0
0
0
0
0
0
0
0
0
0
0
0
0
0
0
0
0
0
0
0
0
0
0
0
0
0
0
0
0
0
0
0
0
0
0
0
0
0
0
0
0
0
0
0
0
0
0
0
0
0
0
0
0
0
0
0
0
0
0
0
0
0
0
0
0
0
0
0
0
0
0
0
0
0
0
0
0
0
0
0
0
0
0
0
0
0
0
0
0
0
0
0
0
0
0
0
0
0
0
0
0
0
0
0
0
0
0
0
0
0
0
0
0
0
0
0
0
0
0
0
0
0
0
0
0
0
0
0
0
0
0
0
0
0
0
0
0
0
0
0
0
0
0
0
0
0
0
0
0
0
0
0
0
0
0
0
0
0
0
0
0
0
0
0
0
0
0
0
0
0
0
0
0
0
0
0
0
0
0
0
0
0
0
0
0
0
0
0
0
0
0
0
0
0
0
0
0
0
0
0
0
0
0
0
0
0
0
0
0
0
0
0
0
0
0
0
0
0
0
0
0
0
0
0
0
0
0
0
0
0
0
0
0
0
0
0
0
0
0
0
0
0
0
0
0
0
0
0
0
0
0
0
0
0
0
0
0
0
0
0
0
0
0
0
0
0
0
0
0
0
0
0
0
0
0
0
0
0
0
0
0
0
0
0
0
0
0
0
0
0
0
0
0
0
0
0
0
0
0
0
0
0
0
0
0
0
0
0
0
0
0
0
0
0
0
0
0
0
0
0
0
0
0
0
0
0
0
0
0
0
0
0
0
0
0
0
0
0
0
0
0
0
0
0
0
0
0
0
0
0
0
0
0
0
0
0
0
0
0
0
0
0
0
0
0
0
0
0
0
0
0
0
0
0
0
0
0
0
0
0
0
0
0
0
0
0
0
0
0
0
0
0
0
0
0
0
0
0
0
0
0
0
0
0.1
0
0
0.2
0
0.6
0
0.1
1.2
0
0
0
0.6
0
0
0
0.6
0
0
1.2
0
0
0.6
0.6
1.2
0
0
0
0.6
0
0
0
0
0
0
0
0
0
1.2
0
2.4
0
0
1.2
0
0
0
0
0.6
0
1.2
0
0
0.6
0
0
0
0
0.1
0
0
0
0
0.6
0.6
1.2
0
0.6
1.2
0
2.4
0
1.4
0
0
0
0.6
1.2
0
0
0
0.6
0.6
0.6
0.6
0.6
0
0
1.2
0
0
0
0
0.6
0.6
0
1.2
2.4
1.3
1.2
0
0
0
0.6
2.4
0
2.5
0.6
2.4
0
0
0.6
0.6
0
0
0.9
0.6
1.5
0
0
0.6
0.3
0.6
0.6
1.2
0.6
0
2.1
2.4
3
1.4
0.6
1.2
4.8
1.8
1.2
0.6
1.2
0
1.3
1.2
1.2
2.4
3.6
3
1.5
1.5
2.4
3
6.6
3.9
4.2
6.6
3
3.9
2.4
5.4
4.2
5.7
4.2
4.8
6.6
3.6
4.8
6.9
4.8
3.1
3
9
3
9
4.2
4.4
4.8
7.8
5.2
9
4.8
6.6
6.9
7.2
7.2
15.8
5.4
12.8
7.2
1.8
1.8
7.8
1.8
4.2
7.8
7.8
5.4
4.8
9.8
8.4
5.5
8.1
3.9
6.6
2.6
12
6
4.8
3.3
1.8
1.2
4.8
5.4
5.4
2.1
7.2
1.2
1.2
1.5
3.6
3
1.2
3.6
0.6
3
2.4
0
0
1.8
0
2.4
4.2
0
2.4
0
2.4
0
3
1.2
0.6
2.7
0
1.5
1.2
2.4
0
1.2
0
0
1.2
2.4
1.8
0
0
1.2
0
0
1.8
0.6
0
1.5
0.6
1.2
3
1.2
1.2
0.6
0
0.3
1.2
0.6
0
0.6
0
1.8
0
0.6
3
2.4
0.6
1.8
0
0
1.8
1.2
0
0
0
0.6
0
0
1.2
0.1
1.2
0
0.6
0
1.2
0
0
2.4
0
1.8
0
2.4
1.2
0
1.2
1.2
1.2
0.6
1.2
0
1.2
1.2
0
0
1.2
0
0
1.2
0.6
0
1.2
1.5
0.5
1.8
1.2
2.4
1.2
2.4
1.8
1.2
0.6
0.6
1.2
0
1.8
1.8
0.6
1.2
1.2
0
1.2
0.6
1.2
0
1.2
1.8
2.4
0
0
0
3.6
1.8
0
0.3
0
3
3.6
1.8
0
1.8
3
1.2
0.6
0
1.2
1.8
0.1
0.6
1.2
0
0.6
0
1.8
0
1.2
1.2
1.8
0.3
2.4
1.2
0
1.2
2.4
1.8
0
0
3
1.5
0
0.6
0
1.2
2.4
1.8
1.2
1.8
2.4
0.3
1.2
0.6
3
0.6
1.8
0
0
0
1.2
2.4
0.3
0
0
1.2
0.6
3
0
0
0
0
1.8
0
0
0.6
0.6
1.9
0
1.8
1.2
1.8
2.4
1.8
0
0
1.8
1.5
1.2
0
0
1.2
1.2
0
1.8
3
0.6
0
0.6
0.6
0
0.6
0.6
1.2
0
0
1.2
0
0.6
0
0.6
0
1.2
0
0
0
0
1.2
0.6
0
1.2
0
0
0
0
0
0
0.6
2.4
2
1.8
0
0.6
0
0.6
0.6
0
0
0
0
0
0
0
0
1.2
0
0.6
0
0
0
0
0
0
0.2
1.6
0.2
0
0
0
0.6
0.6
0
0
0
0
0.6
0
0
0
0
0
0
0
0
0
0
0.1
0.6
0
0
0
0
0.6
0.6
0
0
0
0.1
0.2
0.1
0
0.6
0
