38.0000 0.05 1
160
40.4665
39.5335
0
0
0
0
0
0
0
0
0
0
0
0
0
0
0
0
0
0
0
0
0
0
0
0
0
0
0
0
0
0
0
0
0
0
0
0
0
0
0
0
0
0
0
0
0
0
0
0
0
0
0
0
0
0
0
0
0
0
0
0
0
0
0
0
0
0
0
0
0
0
0
0
0
0
0
0
0
0
0
0
0
0
0
0
0
0
0
0
0
0
0
0
0
0
0
0
0
0
0
0
0
0
0
0
0
0
0
0
0
0
0
0
0
0
0
0
0
0
0
0
0
0
0
0
0
0
0
0
0
0
0
0
0
0
0
0
0
0
0
0
0
0
0
0
0
0
0
0
0
0
0
0
0
0
0
0
0
0
0
0
0
0
0
0
0
0
0
0
0
0
0
0
0
0
0
0
0
0
0
0
0
0
0
0
0
0
0
0
0
0
0
0
0
0
0
0
0
0
0
0
0
0
0
0
0
0
0
0
0
0
0
0
0
0
0
0
0
0
0
0
0
0
0
0
0
0
0
0
0
0
0
0
0
0
0
0
0
0
0
0
0
0
0
0
0
0
0
0
0
0
0
0
0
0
0
0
0
0
0
0
0
0
0
0
0
0
0
0
0
0
0
0
0
0
0
0
0
0
0
0
0
0
0
0
0
0
0
0
0
0
0
0
0
0
0
0
0
0
0
0
0
0
0
0
0
0
0
0
0
0
0
0
0
0
0
0
0
0
0
0
0
0
0
0
0
0
0
0
0
0
0
0
0
0
0
0
0
0
0
0
0
0
0
0
0
0
0
0
0
0
0
0
0
0
0
0
0
0
0
0
0
0
0
0
0
0
0
0
0
0
0
0
0
0
0
0
0
0
0
0
0
0
0
0
0
0
0
0
0
0
0
0
0
0
0
0
0
0
0
0
0
0
0
0
0
0
0
0
0
0
0
0
0
0
0
0
0
0
0
0
0
0
0
0
0
0
0
0
0
0
0
0
0
0
0
0
0
0
0
0
0
0
0
0
0
0
0
0
0
0
0
0
0
0
0
0
0
0
0
0
0
0
0
0
0
0
0
0
0
0
0
0
0
0
0
0
0
0
0
0
0
0
0
0
0
0
0
0
0
0
0
0
0
0
0
0
0
0
0
0
0
0
0
0
0
0
0
0
0
0
0
0
0
0
0
0
0
0
0
0
0
0
0
0
0
0
0
0
0
0
0
0
0
0
0
0
0
0
0
0
0
0
0
0
0
0
0
0
0
0
0
0
0
0
0
0
0
0
0
0
0
0
0
0
0
0
0
0
0
0
0
0
0
0
0
0
0
0
0
0
0
0
0
0
0
0
0
0
0
0
0
0
0
0
0
0
0
0
0
0
0
0
0
0
0
0
0
0
0
0
0
0
0
0
0
0
0
0
0
0
0
0
0
0
0
0
0
0
0
0
0
0
0
0
0
0
0
0
0
0
0
0
0
0
0
0
0
0
0
0
0
0
0
0
0
0
0
0
0
0
0
0
0
0
0
0
0
0
0
0
0
0
0
0
0
0
0
0
0
0
0
0
0
0
0
0
0
0
0
0
0
0
0
0
0
0
0
0
0
0
0
0
0
0
0
0
0
0
0
0
0
0
0
0
0
0
0
0
0
0
0
0
0
0
0
0
0
0
0
0
0
0
0
0
0
0
0
0
0
0
0
0
0
0
0
0
0
0
0
0
0
0
0
0
0
0
0
0
0
0
0
0
0
0
0
0
0
0
0
0
0
0
0
0
0
0
0
0
0
0
0
0
0
0
0
0
0
0
0
0
0
0
0
0
0
0
0
0
0
0
0
0
0
0
0
0
0
0
0
0
0
0
0
0
0
0
0
0
0
0
0
0
0
0
0
0
0
0
0
0
0
0
0
0
0
0
0
0
0
0
0
0
0
0
0
0
0
0
0
0
0
0
0
0
0
0
0
0
0
0
0
0
0
0
0
0
0
0
0
0
0
0
0
0
0
0
0
0
0
0
0
0
0
0
0
0
0
0
0
0
0
0
0
0
0
0
0
0
0
0
0
0
0
0
0
0
0
0
0
0
0
0
0
0
0
0
0
0
0
0
0
0
0
0
0
0
0
0
0
0
0
0
0
0
0
0
0
0
0
0
0
0
0
0
0
0
0
0
0
0
0
0
0
0
0
0
0
0
0
0
0
0
0
0
0
0
0
0
0
0
0
0
0
0
0
0
0
0
0
0
0
0
0
0
0
0
0
0
0
0
0
0
0
0
0
0
0
0
0
0
0
0
0
0
0
0
0
0
0
0
0
0
0
0
0
0
0
0
0
0
0
0
0
0
0
0
0
0
0
0
0
0
0
0
0
0
0
0
0
0
0
0
0
0
0
0
0
0
0.116618
0
0
0
0.233236
0
0.932945
0
0
0
0.466472
0
0
0
1.86589
0
0.233236
0
0
0
0.466472
0
0
0
0.932945
0.932945
1.86589
0
0
0.932945
0
0
0
1.86589
0
1.16618
0
0
0
0.466472
0
0
0.932945
0
0.932945
0.932945
0
0
2.79883
0
0
0.932945
2.79883
1.86589
0
0
0
0
0
0
0.233236
0
3.73178
0
0.932945
0
0
0
2.79883
1.86589
0.932945
0.466472
0
1.86589
0
0
0
0.932945
0
2.79883
0
1.39942
0
0.932945
0
0.932945
1.86589
0.466472
1.86589
0
2.09913
0.932945
0
2.33236
0
0
0
3.73178
0
0.932945
1.86589
0
1.86589
0
1.86589
2.79883
0
0
1.86589
0
0
0
2.79883
0.932945
0.466472
0
4.66472
1.86589
0
0.932945
0.233236
0
1.86589
1.86589
1.86589
3.73178
0.932945
0
2.79883
0.932945
0
3.73178
2.79883
1.86589
2.79883
0.466472
0.466472
1.86589
1.04956
1.39942
0.932945
3.26531
0
2.79883
3.73178
0.466472
2.79883
0.932945
1.86589
1.39942
4.19825
2.79883
3.03207
4.43149
6.99708
3.14869
2.33236
7.46356
10.0292
5.59767
7.69679
4.66472
7.46356
4.08163
15.8601
8.86297
15.8601
1.39942
5.1312
11.1953
3.03207
9.21283
6.06414
5.59767
2.5656
6.06414
4.43149
4.89796
9.09621
3.8484
4.66472
4.89796
3.49854
6.99708
7.46356
5.8309
6.06414
5.59767
5.48105
12.5948
5.8309
12.1283
19.242
5.1312
11.895
10.0292
10.0292
6.53061
5.1312
4.66472
11.6618
1.86589
3.73178
1.86589
5.59767
5.59767
1.86589
1.86589
5.59767
1.39942
0
0
0
3.73178
3.26531
0.466472
1.86589
1.86589
0
0
0
2.33236
0.466472
1.86589
0
1.86589
0
0
0.932945
2.33236
0
0
1.86589
0
0
0
2.33236
3.73178
2.33236
0.932945
4.66472
0
0
0
0.932945
1.86589
0
0.466472
0
0.466472
2.79883
0
0
1.39942
2.79883
5.59767
0
1.39942
0
1.86589
2.79883
0.466472
0
1.86589
1.86589
2.79883
4.66472
1.86589
1.39942
0
0
0.932945
0.116618
0.466472
4.66472
0.466472
5.59767
0.932945
0
1.16618
0.932945
2.79883
1.86589
0.932945
1.86589
0.466472
0
1.86589
0
3.96501
3.73178
1.16618
0
0
2.79883
0.466472
0.932945
2.79883
0
2.33236
2.79883
0
0.932945
1.86589
0
0
0.932945
2.09913
0
1.86589
1.16618
3.73178
2.79883
0
1.16618
3.26531
0.932945
0.932945
4.66472
3.96501
0
0
0
0
4.19825
0.932945
0.233236
0
0.932945
0
3.14869
2.79883
0.116618
4.66472
2.33236
2.79883
0
0.932945
2.79883
0
0.466472
0
2.79883
4.19825
2.79883
1.86589
0.932945
0.466472
1.86589
1.16618
1.04956
0.932945
0.932945
0.466472
1.39942
1.86589
0.932945
0.932945
0.932945
0.932945
0.932945
0.58309
1.39942
0.932945
2.09913
0.932945
5.59767
0
2.33236
4.19825
2.33236
0.233236
0.932945
2.79883
1.86589
3.26531
0.932945
3.26531
0.932945
0.932945
3.26531
0.466472
2.79883
2.79883
2.33236
0.932945
0.932945
0
1.86589
1.16618
0.932945
0.233236
0.932945
1.16618
2.79883
0
5.1312
1.86589
2.79883
0.932945
0.932945
0
1.86589
2.33236
0.466472
2.79883
2.09913
0
1.39942
0.466472
0.466472
2.79883
0
4.66472
0
0.932945
1.86589
0
3.26531
1.86589
0.932945
1.39942
2.33236
3.73178
1.86589
3.73178
1.86589
4.66472
1.86589
0.932945
1.86589
2.33236
0.466472
0
0
1.86589
4.66472
0
0
0
0
2.79883
0
0.466472
3.26531
1.86589
0
3.73178
0.932945
0
0
2.33236
2.79883
1.86589
0
0
0.466472
0
0.932945
0
0
0.466472
0
0
0
0
0
0
0
0
0
0
0.116618
2.79883
1.86589
0
0.932945
0.233236
0.233236
0.932945
0
1.86589
0
0
0
0
0
0
0
0.932945
0
0
0
0
0
0
0
0
0
0
0
0
0
0
0
0
0
0.466472
0
0
0
0.932945
0
0
0
0
0
0
0
0
0
0
0
0
0
0
0
0
0
0
0
0.466472
0
