54.0000 0.05 1
40
131.429
126.857
21.7143
0
40
0
0
0
0
0
0
0
0
0
0
0
0
0
0
0
0
0
0
0
0
0
0
0
0
0
0
0
0
0
0
0
0
0
0
0
0
0
0
0
0
0
0
0
0
0
0
0
0
0
0
0
0
0
0
0
0
0
0
0
0
0
0
0
0
0
0
0
0
0
0
0
0
0
0
0
0
0
0
0
0
0
0
0
0
0
0
0
0
0
0
0
0
0
0
0
0
0
0
0
0
0
0
0
0
0
0
0
0
0
0
0
0
0
0
0
0
0
0
0
0
0
0
0
0
0
0
0
0
0
0
0
0
0
0
0
0
0
0
0
0
0
0
0
0
0
0
0
0
0
0
0
0
0
0
0
0
0
0
0
0
0
0
0
0
0
0
0
0
0
0
0
0
0
0
0
0
0
0
0
0
0
0
0
0
0
0
0
0
0
0
0
0
0
0
0
0
0
0
0
0
0
0
0
0
0
0
0
0
0
0
0
0
0
0
0
0
0
0
0
0
0
0
0
0
0
0
0
0
0
0
0
0
0
0
0
0
0
0
0
0
0
0
0
0
0
0
0
0
0
0
0
0
0
0
0
0
0
0
0
0
0
0
0
0
0
0
0
0
0
0
0
0
0
0
0
0
0
0
0
0
0
0
0
0
0
0
0
0
0
0
0
0
0
0
0
0
0
0
0
0
0
0
0
0
0
0
0
0
0
0
0
0
0
0
0
0
0
0
0
0
0
0
0
0
0
0
0
0
0
0
0
0
0
0
0
0
0
0
0
0
0
0
0
0
0
0
0
0
0
0
0
0
0
0
0
0
0
0
0
0
0
0
0
0
0
0
0
0
0
0
0
0
0
0
0
0
0
0
0
0
0
0
0
0
0
0
0
0
0
0
0
0
0
0
0
0
0
0
0
0
0
0
0
0
0
0
0
0
0
0
0
0
0
0
0
0
0
0
0
0
0
0
0
0
0
0
0
0
0
0
0
0
0
0
0
0
0
0
0
0
0
0
0
0
0
0
0
0
0
0
0
0
0
0
0
0
0
0
0
0
0
0
0
0
0
0
0
0
0
0
0
0
0
0
0
0
0
0
0
0
0
0
0
0
0
0
0
0
0
0
0
0
0
0
0
0
0
0
0
0
0
0
0
0
0
0
0
0
0
0
0
0
0
0
0
0
0
0
0
0
0
0
0
0
0
0
0
0
0
0
0
0
0
0
0
0
0
0
0
0
0
0
0
0
0
0
0
0
0
0
0
0
0
0
0
0
0
0
0
0
0
0
0
0
0
0
0
0
0
0
0
0
0
0
0
0
0
0
0
0
0
0
0
0
0
0
0
0
0
0
0
0
0
0
0
0
0
0
0
0
0
0
0
0
0
0
0
0
0
0
0
0
0
0
0
0
0
0
0
0
0
0
0
0
0
0
0
0
0
0
0
0
0
0
0
0
0
0
0
0
0
0
0
0
0
0
0
0
0
0
0
0
0
0
0
0
0
0
0
0
0
0
0
0
0
0
0
0
0
0
0
0
0
0
0
0
0
0
0
0
0
0
0
0
0
0
0
0
0
0
0
0
0
0
0
0
0
0
0
0
0
0
0
0
0
0
0
0
0
0
0
0
0
0
0
0
0
0
0
0
0
0
0
0
0
0
0
0
0
0
0
0
0
0
0
0
0
0
0
0
0
0
0
0
0
0
0
0
0
0
0
0
0
0
0
0
0
0
0
0
0
0
0
0
0
0
0
0
0
0
0
0
0
0
0
0
0
0
0
0
0
0
0
0
0
0
0
0
0
0
0
0
0
0
0
0
0
0
0
0
0
0
0
0
0
0
0
0
0
0
0
0
0
0
0
0
0
0
0
0
0
0
0
0
0
0
0
0
0
0
0
0
0
0
0
0
0
0
0
0
0
0
0
0
0
0
0
0
0
0
0
0
0
0
0
0
0
0
0
0
0
0
0
0
0
0
0
0
0
0
0
0
0
0
0
0
0
0
0
0
0
0
0
0
0
0
0
0
0
0
0
0
0
0
0
0
0
0
0
0
0
0
0
0
0
0
0
0
0
0
0
0
0
0
0
0
0
0
0
0
0
0
0
0
0
0
0
0
0
0
0
0
0
0
0
0
0
0
0
0
0
0
0
0
0
0
0
0
0
0
0
0
0
0
0
0
0
0
0
0
0
0
0
0
0
0
0
0
0
0
0
0
0
0
0
0
0
0
0
0
0
0
0
0
0
0
0
0
0
0
0
0
0
0
0
0
0
0
0
0
0
0
0
0
0
0
0
0
0
0
0
0
0
0
0
0
0
0
0
0
0
0
0
0
0
0
0
0
0
0
0
0
0
0
0
0
0
0
0
0
0
0
0
0
0
0
0
0
0.163265
0
0
0
0.326531
0.326531
0.326531
0
0
0.653061
0
0.653061
0
0.653061
0
0.979592
0.326531
0.653061
0.326531
0.653061
0.979592
0
0.653061
0
0
0.326531
0.326531
0.326531
0.653061
1.30612
0
1.30612
0.326531
0.979592
0
0.653061
1.95918
0
0.653061
0
0
0
0.979592
1.30612
0
1.63265
0.653061
0.653061
0
1.95918
0.653061
0
0.653061
0.326531
0
0.653061
1.30612
0.326531
0.653061
0
2.28571
0.979592
0
0.326531
0
0.326531
0
0.653061
2.61224
0.653061
1.30612
1.30612
1.63265
0.653061
0.653061
0.653061
0.653061
2.61224
0
0.653061
0
0.326531
1.95918
1.95918
1.63265
1.63265
0.653061
1.30612
0.653061
0.653061
0.979592
0.653061
0.979592
0
1.63265
2.93878
0.979592
0
0.653061
0.653061
1.95918
0.979592
0.979592
0.653061
1.30612
0.979592
0.979592
0.979592
1.30612
1.46939
0.979592
0.326531
1.95918
3.26531
2.93878
1.30612
0.979592
1.30612
3.91837
1.63265
2.61224
1.79592
2.28571
3.59184
1.30612
0.653061
2.12245
2.93878
1.63265
1.95918
1.30612
2.28571
3.26531
1.63265
0.979592
2.61224
2.93878
2.28571
3.59184
2.93878
2.28571
1.30612
4.2449
3.91837
4.57143
5.55102
3.7551
6.85714
4.57143
2.28571
6.53061
4.89796
7.18367
11.2653
8.4898
3.91837
7.83673
6.20408
7.83673
6.53061
3.59184
6.53061
8.4898
12.0816
16.6531
9.63265
11.7551
11.4286
7.34694
6.53061
15.0204
11.4286
11.7551
10.7755
13.551
9.46939
7.83673
11.5918
8.97959
8.16327
8.81633
11.102
9.63265
9.79592
6.20408
7.18367
10.449
6.20408
9.79592
8.32653
9.79592
14.3673
10.1224
7.18367
7.83673
7.18367
8.32653
10.7755
11.7551
8.4898
9.14286
5.55102
7.18367
8.16327
8.32653
8.97959
5.55102
4.89796
4.2449
2.61224
1.95918
1.95918
4.89796
5.22449
3.59184
5.38776
3.26531
1.63265
2.93878
1.30612
1.30612
4.08163
2.28571
1.63265
2.28571
0.326531
1.30612
0
1.95918
0.653061
2.93878
0.653061
4.57143
0.326531
1.95918
0.326531
1.95918
0.653061
1.30612
1.95918
2.28571
1.30612
1.95918
0
0.653061
2.61224
1.30612
0.979592
1.63265
0.326531
1.30612
0.653061
1.63265
2.61224
0.979592
1.30612
0.326531
1.95918
0
1.30612
1.63265
0.979592
0.653061
0.653061
1.63265
0.326531
3.91837
1.30612
0.653061
2.12245
0
0.653061
1.63265
0.653061
1.95918
2.61224
1.95918
0.326531
1.30612
3.26531
0.653061
1.30612
1.95918
2.93878
2.61224
2.93878
1.95918
2.28571
1.63265
2.93878
2.28571
0.979592
1.63265
0.979592
0.653061
1.63265
2.93878
0
1.30612
1.30612
3.91837
2.93878
2.61224
1.63265
2.93878
2.28571
1.30612
2.61224
2.61224
0.326531
0.979592
2.28571
1.30612
1.30612
0.326531
3.26531
2.61224
0.979592
1.30612
0.653061
3.59184
0.653061
0.653061
1.30612
2.28571
1.95918
3.59184
4.08163
1.63265
1.95918
1.95918
2.28571
1.63265
1.63265
2.61224
1.30612
0
2.93878
0
1.95918
0.979592
1.30612
1.95918
0
2.93878
1.46939
1.30612
2.44898
2.61224
0.653061
1.63265
1.63265
0
2.61224
0.653061
0.326531
2.28571
1.30612
2.28571
4.89796
1.95918
1.95918
1.63265
3.91837
0.326531
2.28571
0.979592
0.653061
2.93878
1.30612
3.91837
1.30612
1.95918
3.59184
0.653061
4.2449
3.26531
1.63265
1.30612
3.26531
0.653061
0.979592
0.653061
0.653061
1.30612
1.63265
1.63265
3.59184
2.61224
2.28571
0.979592
0.653061
1.63265
2.28571
1.95918
1.95918
0.653061
0.979592
0.653061
1.63265
0
2.93878
1.30612
0.979592
1.95918
0
1.63265
2.28571
2.28571
1.30612
2.28571
1.63265
0.653061
0.653061
2.44898
1.30612
0.653061
1.14286
0.326531
0
1.63265
0.979592
0.653061
1.30612
0.979592
0
0
1.30612
0.816327
0.979592
1.79592
0.653061
0.653061
0
0
0
0.326531
0.653061
1.30612
0.489796
0
0.326531
0.326531
0
0
0.653061
0.326531
0.653061
0.326531
0
