89.0000 0.05 1
145.6
201.6
132.8
0
0
0
0
0
0
0
80
40
0
0
0
0
0
0
0
0
0
0
0
0
0
0
0
0
0
0
0
0
0
0
0
0
0
0
0
0
0
0
0
0
0
0
0
0
0
0
0
0
0
0
0
0
0
0
0
0
0
0
0
0
0
0
0
0
0
0
0
0
0
0
0
0
0
0
0
0
0
0
0
0
0
0
0
0
0
0
0
0
0
0
0
0
0
0
0
0
0
0
0
0
0
0
0
0
0
0
0
0
0
0
0
0
0
0
0
0
0
0
0
0
0
0
0
0
0
0
0
0
0
0
0
0
0
0
0
0
0
0
0
0
0
0
0
0
0
0
0
0
0
0
0
0
0
0
0
0
0
0
0
0
0
0
0
0
0
0
0
0
0
0
0
0
0
0
0
0
0
0
0
0
0
0
0
0
0
0
0
0
0
0
0
0
0
0
0
0
0
0
0
0
0
0
0
0
0
0
0
0
0
0
0
0
0
0
0
0
0
0
0
0
0
0
0
0
0
0
0
0
0
0
0
0
0
0
0
0
0
0
0
0
0
0
0
0
0
0
0
0
0
0
0
0
0
0
0
0
0
0
0
0
0
0
0
0
0
0
0
0
0
0
0
0
0
0
0
0
0
0
0
0
0
0
0
0
0
0
0
0
0
0
0
0
0
0
0
0
0
0
0
0
0
0
0
0
0
0
0
0
0
0
0
0
0
0
0
0
0
0
0
0
0
0
0
0
0
0
0
0
0
0
0
0
0
0
0
0
0
0
0
0
0
0
0
0
0
0
0
0
0
0
0
0
0
0
0
0
0
0
0
0
0
0
0
0
0
0
0
0
0
0
0
0
0
0
0
0
0
0
0
0
0
0
0
0
0
0
0
0
0
0
0
0
0
0
0
0
0
0
0
0
0
0
0
0
0
0
0
0
0
0
0
0
0
0
0
0
0
0
0
0
0
0
0
0
0
0
0
0
0
0
0
0
0
0
0
0
0
0
0
0
0
0
0
0
0
0
0
0
0
0
0
0
0
0
0
0
0
0
0
0
0
0
0
0
0
0
0
0
0
0
0
0
0
0
0
0
0
0
0
0
0
0
0
0
0
0
0
0
0
0
0
0
0
0
0
0
0
0
0
0
0
0
0
0
0
0
0
0
0
0
0
0
0
0
0
0
0
0
0
0
0
0
0
0
0
0
0
0
0
0
0
0
0
0
0
0
0
0
0
0
0
0
0
0
0
0
0
0
0
0
0
0
0
0
0
0
0
0
0
0
0
0
0
0
0
0
0
0
0
0
0
0
0
0
0
0
0
0
0
0
0
0
0
0
0
0
0
0
0
0
0
0
0
0
0
0
0
0
0
0
0
0
0
0
0
0
0
0
0
0
0
0
0
0
0
0
0
0
0
0
0
0
0
0
0
0
0
0
0
0
0
0
0
0
0
0
0
0
0
0
0
0
0
0
0
0
0
0
0
0
0
0
0
0
0
0
0
0
0
0
0
0
0
0
0
0
0
0
0
0
0
0
0
0
0
0
0
0
0
0
0
0
0
0
0
0
0
0
0
0
0
0
0
0
0
0
0
0
0
0
0
0
0
0
0
0
0
0
0
0
0
0
0
0
0
0
0
0
0
0
0
0
0
0
0
0
0
0
0
0
0
0
0
0
0
0
0
0
0
0
0
0
0
0
0
0
0
0
0
0
0
0
0
0
0
0
0
0
0
0
0
0
0
0
0
0
0
0
0
0
0
0
0
0
0
0
0
0
0
0
0
0
0
0
0
0
0
0
0
0
0
0
0
0
0
0
0
0
0
0
0
0
0
0
0
0
0
0
0
0
0
0
0
0
0
0
0
0
0
0
0
0
0
0
0
0
0
0
0
0
0
0
0
0
0
0
0
0
0
0
0
0
0
0
0
0
0
0
0
0
0
0
0
0
0
0
0
0
0
0
0
0
0
0
0
0
0
0
0
0
0
0
0
0
0
0
0
0
0
0
0
0
0
0
0
0
0
0
0
0
0
0
0
0
0
0
0
0
0
0
0
0
0
0
0
0
0
0
0
0
0
0
0
0
0
0
0
0
0
0
0
0
0
0
0
0
0
0
0
0
0
0
0
0
0
0
0
0
0
0
0
0
0
0
0
0
0
0
0
0
0
0
0
0
0
0
0
0
0
0
0
0
0
0
0
0
0
0
0
0
0
0
0
0
0
0
0
0
0
0
0
0
0
0
0
0
0
0
0
0
0
0
0
0
0
0
0
0
0
0
0
0
0
0
0
0
0
0
0
0
0
0
0
0
0
0
0
0
0
0
0
0
0
0
0
0
0
0
0
0
0
0
0
0
0
0
0
0
0
0
0
0
0
0
0
0
0
0
0
0
0
0
0
0
0.266667
0
0
0
1.06667
0
0
0
1.6
0
0
0
2.13333
0
0
1.06667
2.13333
0
0
2.13333
0
0
0
2.13333
0
0
0
4.26667
0
0
0.533333
1.06667
0
0
2.13333
0
0
0
4.26667
0
1.06667
0
0
2.13333
2.13333
0
0
2.13333
4.26667
0
5.33333
0
0
0
0
0
1.06667
2.13333
2.13333
0.266667
0
0
3.2
0
0
3.2
0
2.13333
0
1.06667
4.26667
4.26667
2.13333
0
1.06667
2.4
0
0
2.13333
1.06667
3.2
2.13333
0
1.06667
5.33333
0
0
4.26667
1.06667
0
3.2
2.4
0
0
3.2
1.06667
0
2.13333
1.06667
3.73333
4.26667
1.06667
0.266667
1.06667
5.33333
2.13333
1.06667
0
1.6
4.26667
4.26667
2.4
5.33333
1.6
2.13333
2.13333
4.26667
1.06667
1.06667
1.06667
1.06667
2.66667
9.6
7.73333
0
1.06667
5.33333
2.13333
4.26667
6.4
2.4
1.6
3.2
6.4
7.46667
9.6
7.2
2.13333
3.73333
2.13333
3.2
7.46667
7.46667
13.8667
8.8
6.4
8.8
9.6
7.46667
14.1333
9.6
3.2
19.2
13.8667
10.1333
20.2667
16.5333
22.4
19.2
16.5333
16.5333
8.8
13.6
11.7333
20.2667
9.6
13.8667
21.3333
6.66667
9.6
8.53333
4.26667
27.7333
14.9333
23.4667
6.4
14.9333
9.6
10.6667
20.8
19.2
20.8
33.8667
29.6
13.3333
10.1333
17.0667
14.1333
17.0667
10.9333
7.73333
13.8667
9.86667
3.2
4.8
10.6667
14.4
18.9333
18.1333
18.1333
22.9333
23.7333
15.4667
20.8
5.33333
5.33333
4.26667
5.33333
0
0
3.2
6.4
2.13333
3.2
6.4
4.26667
4.26667
4.8
4.26667
2.13333
3.2
0.533333
11.7333
2.13333
5.33333
2.13333
2.13333
2.13333
6.4
0
4.26667
3.2
2.13333
2.13333
6.4
0
2.13333
0
0
4.26667
3.2
4.26667
0
1.06667
3.2
0
0
1.06667
7.46667
3.2
3.73333
0
6.4
4.26667
4.53333
0
0
0
0
2.13333
1.06667
0.266667
5.33333
1.06667
1.06667
2.13333
2.13333
2.13333
2.13333
1.33333
2.13333
0
2.13333
1.06667
0
0
3.2
4.26667
4.8
6.4
0
4.26667
0
3.2
2.13333
4.26667
4.26667
1.06667
0
2.13333
10.4
3.46667
0
1.06667
1.06667
2.13333
6.4
2.13333
0
0
1.06667
2.66667
2.13333
7.46667
8.53333
3.2
0
4.8
4.53333
1.06667
4.8
3.2
1.06667
3.2
0
0
6.4
1.06667
0
0
7.46667
3.2
6.4
2.13333
3.2
3.2
6.4
1.06667
6.4
2.13333
0
2.4
0
0
2.13333
5.33333
0
3.2
0
4.26667
4.26667
2.13333
6.93333
0.266667
3.2
7.46667
2.13333
4.26667
5.33333
2.4
2.13333
1.06667
1.06667
1.06667
2.13333
0
6.4
2.13333
2.13333
0
4.26667
4.26667
2.13333
6.4
6.4
3.2
0
0
2.66667
3.46667
2.13333
5.33333
8.53333
2.13333
5.33333
2.66667
2.13333
1.06667
7.46667
3.2
5.33333
4.26667
0
1.06667
1.06667
2.13333
1.33333
2.13333
1.06667
2.4
2.13333
2.13333
4.26667
7.46667
6.4
5.33333
0
1.06667
5.33333
0.266667
0
0
5.33333
1.06667
4.26667
2.13333
2.13333
4.26667
1.06667
3.2
2.66667
7.46667
2.13333
9.6
0
0
1.06667
5.33333
6.4
3.2
0
3.73333
5.33333
6.4
2.13333
0.266667
2.66667
0.266667
2.13333
0
0
2.13333
0
0
3.2
3.2
0.533333
0
3.2
0.266667
2.13333
0
1.06667
0
2.13333
0
0
1.06667
0
0
0
0
0
0
0
0
0
0
0
0
0
0
0
0
0
0
0
0
0
0
0
0
0.266667
0
