76.0000 0.05 1
80
80
80
0
0
0
0
0
0
184
16
40
0
0
0
0
0
0
0
0
0
0
0
0
0
0
0
0
0
0
0
0
0
0
0
0
0
0
0
0
0
0
0
0
0
0
0
0
0
0
0
0
0
0
0
0
0
0
0
0
0
0
0
0
0
0
0
0
0
0
0
0
0
0
0
0
0
0
0
0
0
0
0
0
0
0
0
0
0
0
0
0
0
0
0
0
0
0
0
0
0
0
0
0
0
0
0
0
0
0
0
0
0
0
0
0
0
0
0
0
0
0
0
0
0
0
0
0
0
0
0
0
0
0
0
0
0
0
0
0
0
0
0
0
0
0
0
0
0
0
0
0
0
0
0
0
0
0
0
0
0
0
0
0
0
0
0
0
0
0
0
0
0
0
0
0
0
0
0
0
0
0
0
0
0
0
0
0
0
0
0
0
0
0
0
0
0
0
0
0
0
0
0
0
0
0
0
0
0
0
0
0
0
0
0
0
0
0
0
0
0
0
0
0
0
0
0
0
0
0
0
0
0
0
0
0
0
0
0
0
0
0
0
0
0
0
0
0
0
0
0
0
0
0
0
0
0
0
0
0
0
0
0
0
0
0
0
0
0
0
0
0
0
0
0
0
0
0
0
0
0
0
0
0
0
0
0
0
0
0
0
0
0
0
0
0
0
0
0
0
0
0
0
0
0
0
0
0
0
0
0
0
0
0
0
0
0
0
0
0
0
0
0
0
0
0
0
0
0
0
0
0
0
0
0
0
0
0
0
0
0
0
0
0
0
0
0
0
0
0
0
0
0
0
0
0
0
0
0
0
0
0
0
0
0
0
0
0
0
0
0
0
0
0
0
0
0
0
0
0
0
0
0
0
0
0
0
0
0
0
0
0
0
0
0
0
0
0
0
0
0
0
0
0
0
0
0
0
0
0
0
0
0
0
0
0
0
0
0
0
0
0
0
0
0
0
0
0
0
0
0
0
0
0
0
0
0
0
0
0
0
0
0
0
0
0
0
0
0
0
0
0
0
0
0
0
0
0
0
0
0
0
0
0
0
0
0
0
0
0
0
0
0
0
0
0
0
0
0
0
0
0
0
0
0
0
0
0
0
0
0
0
0
0
0
0
0
0
0
0
0
0
0
0
0
0
0
0
0
0
0
0
0
0
0
0
0
0
0
0
0
0
0
0
0
0
0
0
0
0
0
0
0
0
0
0
0
0
0
0
0
0
0
0
0
0
0
0
0
0
0
0
0
0
0
0
0
0
0
0
0
0
0
0
0
0
0
0
0
0
0
0
0
0
0
0
0
0
0
0
0
0
0
0
0
0
0
0
0
0
0
0
0
0
0
0
0
0
0
0
0
0
0
0
0
0
0
0
0
0
0
0
0
0
0
0
0
0
0
0
0
0
0
0
0
0
0
0
0
0
0
0
0
0
0
0
0
0
0
0
0
0
0
0
0
0
0
0
0
0
0
0
0
0
0
0
0
0
0
0
0
0
0
0
0
0
0
0
0
0
0
0
0
0
0
0
0
0
0
0
0
0
0
0
0
0
0
0
0
0
0
0
0
0
0
0
0
0
0
0
0
0
0
0
0
0
0
0
0
0
0
0
0
0
0
0
0
0
0
0
0
0
0
0
0
0
0
0
0
0
0
0
0
0
0
0
0
0
0
0
0
0
0
0
0
0
0
0
0
0
0
0
0
0
0
0
0
0
0
0
0
0
0
0
0
0
0
0
0
0
0
0
0
0
0
0
0
0
0
0
0
0
0
0
0
0
0
0
0
0
0
0
0
0
0
0
0
0
0
0
0
0
0
0
0
0
0
0
0
0
0
0
0
0
0
0
0
0
0
0
0
0
0
0
0
0
0
0
0
0
0
0
0
0
0
0
0
0
0
0
0
0
0
0
0
0
0
0
0
0
0
0
0
0
0
0
0
0
0
0
0
0
0
0
0
0
0
0
0
0
0
0
0
0
0
0
0
0
0
0
0
0
0
0
0
0
0
0
0
0
0
0
0
0
0
0
0
0
0
0
0
0
0
0
0
0
0
0
0
0
0
0
0
0
0
0
0
0
0
0
0
0
0
0
0
0
0
0
0
0
0
0
0
0
0
0
0
0
0
0
0
0
0
0
0
0
0
0
0
0
0
0
0
0
0
0
0
0
0
0
0
0
0
0
0
0
0
0
0
0
0
0
0
0
0
0
0
0
0
0
0
0
0
0
0
0
0
0
0
0
0
0
0
0
0
0
0
0
0
0
0
0
0
0
0
0
0
0
0
0
0
0
0
0
0
0
0
0
0
0
0
0
0
0
0
0
0
0
0
0
0
0
0
0
0
0
0
0
0
0
0
0
0
0
0
0
0
0
0
0
0
0
0
0
0
0
0
0.32
0
0
0
0
0.64
0
1.28
0.64
0
0
0
2.56
1.28
0
0
0
0
0.64
0.64
0
0
0
1.28
1.28
2.56
1.28
3.84
0
0
0
3.2
0
0
0
0
2.56
0
0
0
2.56
0
0
3.84
0
0
0.64
0
3.84
1.28
0
0.64
2.56
3.84
0.64
1.28
0
0
2.56
2.56
0
0
2.56
1.28
2.56
1.28
2.56
0.64
2.56
0
1.28
1.92
0
1.28
0.64
1.28
2.56
1.28
0
2.56
3.84
0
1.28
1.92
1.28
4.48
3.84
0
0
0
3.84
2.56
0
2.56
2.56
0
2.56
1.28
5.12
1.28
1.28
2.56
0
5.76
3.2
2.56
1.28
0
0
2.56
0
5.76
5.12
2.56
0
1.28
0.64
1.28
2.56
5.12
1.92
5.76
5.12
0
2.56
2.56
1.28
1.28
3.52
3.2
5.12
4.48
0.64
5.76
6.4
0
2.56
0
7.68
7.36
4.48
1.92
4.8
2.56
5.12
2.56
0
6.4
6.08
5.12
9.6
8.96
3.84
8
12.16
10.88
13.12
12.8
16.64
17.28
5.12
8
14.72
8.96
12.16
14.72
16.96
8.96
16.64
17.92
11.84
18.88
18.88
28.48
9.92
12.8
17.92
7.68
10.88
10.24
20.48
20.48
16
23.04
15.04
23.04
11.84
19.84
10.56
17.28
17.28
3.2
6.4
13.76
11.2
10.88
14.08
11.52
19.2
13.76
13.12
6.08
8.96
8.32
8.96
5.12
1.28
7.68
2.56
1.28
7.68
7.04
1.92
1.28
3.2
0
2.56
2.56
2.56
1.28
0
1.28
2.56
0
2.56
0
1.92
2.56
3.84
1.28
0
0.64
2.56
4.48
4.16
5.12
5.12
3.84
3.84
0.64
0.64
1.28
2.56
3.2
1.28
5.12
3.84
1.28
5.12
0
1.28
7.04
3.84
3.84
3.52
1.28
1.28
7.04
2.56
0.64
1.28
7.68
1.28
1.28
2.56
1.92
1.28
1.92
7.68
1.6
1.92
3.2
7.68
0
2.56
0.64
5.12
1.92
3.84
3.84
1.28
3.52
5.12
0.32
1.28
3.84
10.24
1.28
1.28
3.84
3.84
2.56
0
1.28
2.56
1.92
1.28
1.28
0.64
1.28
1.6
5.44
2.56
0
3.84
0.64
3.84
5.44
3.2
2.24
1.28
0.64
3.84
0
2.56
3.84
10.88
7.04
0.32
3.84
1.92
5.12
1.28
6.4
3.84
5.12
2.56
0
1.28
0.32
7.68
0
6.4
0
2.56
3.84
2.88
7.68
2.56
0
1.28
2.56
1.28
0.64
2.56
6.4
0.96
1.28
0.64
1.28
11.52
7.04
2.56
0.64
8.32
0
6.72
2.56
0
3.2
0
3.84
2.56
0
5.76
1.28
5.12
5.12
2.56
3.2
2.56
2.56
3.2
0.64
6.4
1.28
5.76
5.12
1.28
4.48
5.12
1.28
2.56
8.96
5.76
1.28
0.64
3.84
2.56
7.04
1.92
0
1.28
5.12
0
0
8.96
8.32
2.56
3.84
3.2
3.2
0
3.84
1.92
0
1.28
2.56
1.28
1.92
2.56
0
0
0
0
0
0
1.28
1.28
0
0.64
0
0
0
0
1.28
0
0
0
0
0
1.28
0
