38.0000 0.05 1
40
40
0
0
0
0
107.755
52.2449
0
0
0
0
0
0
0
0
0
0
0
0
0
0
0
0
0
0
0
0
0
0
0
0
0
0
0
0
0
0
0
0
0
0
0
0
0
0
0
0
0
0
0
0
0
0
0
0
0
0
0
0
0
0
0
0
0
0
0
0
0
0
0
0
0
0
0
0
0
0
0
0
0
0
0
0
0
0
0
0
0
0
0
0
0
0
0
0
0
0
0
0
0
0
0
0
0
0
0
0
0
0
0
0
0
0
0
0
0
0
0
0
0
0
0
0
0
0
0
0
0
0
0
0
0
0
0
0
0
0
0
0
0
0
0
0
0
0
0
0
0
0
0
0
0
0
0
0
0
0
0
0
0
0
0
0
0
0
0
0
0
0
0
0
0
0
0
0
0
0
0
0
0
0
0
0
0
0
0
0
0
0
0
0
0
0
0
0
0
0
0
0
0
0
0
0
0
0
0
0
0
0
0
0
0
0
0
0
0
0
0
0
0
0
0
0
0
0
0
0
0
0
0
0
0
0
0
0
0
0
0
0
0
0
0
0
0
0
0
0
0
0
0
0
0
0
0
0
0
0
0
0
0
0
0
0
0
0
0
0
0
0
0
0
0
0
0
0
0
0
0
0
0
0
0
0
0
0
0
0
0
0
0
0
0
0
0
0
0
0
0
0
0
0
0
0
0
0
0
0
0
0
0
0
0
0
0
0
0
0
0
0
0
0
0
0
0
0
0
0
0
0
0
0
0
0
0
0
0
0
0
0
0
0
0
0
0
0
0
0
0
0
0
0
0
0
0
0
0
0
0
0
0
0
0
0
0
0
0
0
0
0
0
0
0
0
0
0
0
0
0
0
0
0
0
0
0
0
0
0
0
0
0
0
0
0
0
0
0
0
0
0
0
0
0
0
0
0
0
0
0
0
0
0
0
0
0
0
0
0
0
0
0
0
0
0
0
0
0
0
0
0
0
0
0
0
0
0
0
0
0
0
0
0
0
0
0
0
0
0
0
0
0
0
0
0
0
0
0
0
0
0
0
0
0
0
0
0
0
0
0
0
0
0
0
0
0
0
0
0
0
0
0
0
0
0
0
0
0
0
0
0
0
0
0
0
0
0
0
0
0
0
0
0
0
0
0
0
0
0
0
0
0
0
0
0
0
0
0
0
0
0
0
0
0
0
0
0
0
0
0
0
0
0
0
0
0
0
0
0
0
0
0
0
0
0
0
0
0
0
0
0
0
0
0
0
0
0
0
0
0
0
0
0
0
0
0
0
0
0
0
0
0
0
0
0
0
0
0
0
0
0
0
0
0
0
0
0
0
0
0
0
0
0
0
0
0
0
0
0
0
0
0
0
0
0
0
0
0
0
0
0
0
0
0
0
0
0
0
0
0
0
0
0
0
0
0
0
0
0
0
0
0
0
0
0
0
0
0
0
0
0
0
0
0
0
0
0
0
0
0
0
0
0
0
0
0
0
0
0
0
0
0
0
0
0
0
0
0
0
0
0
0
0
0
0
0
0
0
0
0
0
0
0
0
0
0
0
0
0
0
0
0
0
0
0
0
0
0
0
0
0
0
0
0
0
0
0
0
0
0
0
0
0
0
0
0
0
0
0
0
0
0
0
0
0
0
0
0
0
0
0
0
0
0
0
0
0
0
0
0
0
0
0
0
0
0
0
0
0
0
0
0
0
0
0
0
0
0
0
0
0
0
0
0
0
0
0
0
0
0
0
0
0
0
0
0
0
0
0
0
0
0
0
0
0
0
0
0
0
0
0
0
0
0
0
0
0
0
0
0
0
0
0
0
0
0
0
0
0
0
0
0
0
0
0
0
0
0
0
0
0
0
0
0
0
0
0
0
0
0
0
0
0
0
0
0
0
0
0
0
0
0
0
0
0
0
0
0
0
0
0
0
0
0
0
0
0
0
0
0
0
0
0
0
0
0
0
0
0
0
0
0
0
0
0
0
0
0
0
0
0
0
0
0
0
0
0
0
0
0
0
0
0
0
0
0
0
0
0
0
0
0
0
0
0
0
0
0
0
0
0
0
0
0
0
0
0
0
0
0
0
0
0
0
0
0
0
0
0
0
0
0
0
0
0
0
0
0
0
0
0
0
0
0
0
0
0
0
0
0
0
0
0
0
0
0
0
0
0
0
0
0
0
0
0
0
0
0
0
0
0
0
0
0
0
0
0
0
0
0
0
0
0
0
0
0
0
0
0
0
0
0
0
0
0
0
0
0
0
0
0
0
0
0
0
0
0
0
0
0
0
0
0
0
0
0
0
0
0
0
0
0
0
0
0
0
0
0
0
0
0
0
0
0
0
0
0
0
0
0
0
0
0
0
0
0
0
0
0.349854
0.233236
0.233236
0
0
0
0
0
0
0
0
2.09913
2.09913
0.699708
0
0
0
0
0
0
0
0
0
0
0
0
0
0
0
0
0
0
2.09913
1.39942
1.39942
0.233236
0
0
0.233236
0
0
0
0.699708
2.33236
2.09913
0.699708
0.816327
0.699708
0
0
0.699708
0
0.699708
0
0
0.699708
0.699708
0
0
0
0
0
0
0
0
0
0
1.39942
0
1.39942
0
0
0
4.19825
4.19825
2.79883
1.39942
0
1.39942
0.116618
0
0.699708
0.699708
0
0.932945
0.699708
0
0
0
0
0
0.699708
0.699708
2.79883
2.09913
0.233236
0
0
0.699708
0
0
0.699708
0
0
0
0
2.79883
1.39942
1.63265
0
2.09913
2.79883
0.699708
0
0.699708
0
1.39942
0
0
0
0
2.09913
5.59767
1.39942
1.39942
2.33236
0.699708
2.09913
1.39942
2.79883
0.699708
4.89796
0
0
0
0
2.09913
0.233236
0.699708
0.699708
0
0
0.699708
1.39942
2.79883
4.89796
5.8309
0.699708
4.31487
2.79883
2.79883
1.39942
2.79883
2.09913
3.49854
2.09913
1.39942
2.09913
1.39942
3.49854
3.49854
3.49854
3.49854
4.89796
6.29738
5.59767
3.49854
11.895
3.03207
6.99708
10.0292
6.29738
6.99708
9.09621
4.43149
1.39942
2.09913
0.116618
14.6939
6.29738
2.09913
5.59767
2.79883
7.69679
11.1953
13.2945
6.29738
3.49854
18.4257
13.9942
11.6618
3.73178
4.89796
3.03207
6.99708
1.39942
7.81341
1.39942
2.79883
9.79592
6.29738
6.29738
12.828
1.39942
1.39942
19.5918
2.79883
1.39942
12.828
7.69679
2.79883
6.99708
1.39942
4.19825
0
9.09621
9.79592
1.39942
8.3965
3.49854
4.19825
6.99708
2.79883
0
1.39942
3.49854
2.09913
2.79883
1.39942
2.09913
2.79883
2.79883
4.19825
1.39942
2.79883
1.39942
1.39942
0
2.79883
0.699708
0
0.699708
0.699708
2.09913
1.39942
1.39942
0.116618
0.699708
0
0.699708
2.79883
2.79883
2.09913
0.233236
2.09913
1.39942
1.39942
0.699708
1.39942
0.699708
0
0
0
0
0
0
0.699708
1.39942
0
1.39942
2.33236
2.09913
2.09913
0
0.699708
3.49854
5.59767
0
0
2.09913
2.79883
0.699708
0.699708
5.59767
2.09913
1.39942
1.63265
3.49854
1.39942
0.699708
0
2.09913
1.39942
3.49854
1.39942
0.699708
0.699708
2.09913
0
1.39942
0
0.699708
0
0.699708
0
0.699708
1.39942
2.79883
0.699708
1.39942
0
0
0
1.39942
2.79883
2.79883
2.79883
2.79883
2.79883
0.699708
0
0
1.39942
0.699708
4.19825
0.699708
2.09913
2.79883
4.19825
1.39942
2.79883
0.699708
1.39942
0
0.699708
1.39942
2.09913
0
1.39942
1.39942
5.59767
2.79883
0
2.09913
0.699708
1.39942
2.09913
0.699708
1.39942
0
1.39942
0
1.39942
2.79883
0.233236
0.699708
4.19825
0.699708
2.79883
1.39942
1.39942
0
1.39942
0
1.39942
2.09913
0.699708
2.09913
0
0
0
0
4.19825
1.63265
0.699708
0
2.79883
2.09913
2.09913
3.49854
3.49854
4.19825
3.49854
2.09913
1.39942
2.09913
0
1.39942
0.699708
0.699708
0.699708
2.09913
1.39942
0
1.39942
3.49854
2.79883
3.49854
1.39942
0.233236
2.79883
0
1.39942
1.39942
2.09913
0
2.79883
1.39942
2.79883
2.79883
0.699708
1.39942
1.39942
0.699708
2.09913
1.51603
1.39942
2.79883
1.39942
0.699708
2.09913
0.699708
2.09913
1.39942
1.39942
2.79883
2.09913
0.699708
0.699708
0
0.699708
3.49854
3.49854
1.39942
0
1.39942
0.699708
0
1.39942
1.39942
1.39942
2.79883
0.699708
0
0.699708
2.09913
0
0
0
0.699708
0
0
1.39942
0
0
0
0.116618
0
0.699708
1.39942
0
0
0
2.09913
0
0.699708
0.699708
0
0
0
0.699708
0.699708
2.09913
1.63265
1.39942
0
1.39942
0.699708
0
0.699708
0
0.932945
0.699708
0.699708
0
0
1.63265
0
0
0
0
0.699708
0
0.699708
0.699708
0
0
0
0
1.63265
0
0
0
0
0
0
0
0
0
0
0
0
0
0
0
0
0
0
0
0.233236
0
0
0.116618
0.233236
0.233236
0.233236
0
