25.0000 0.05 1
40
40
0
26.6667
13.3333
0
0
0
0
0
0
0
0
0
0
0
0
0
0
0
0
0
0
0
0
0
0
0
0
0
0
0
0
0
0
0
0
0
0
0
0
0
0
0
0
0
0
0
0
0
0
0
0
0
0
0
0
0
0
0
0
0
0
0
0
0
0
0
0
0
0
0
0
0
0
0
0
0
0
0
0
0
0
0
0
0
0
0
0
0
0
0
0
0
0
0
0
0
0
0
0
0
0
0
0
0
0
0
0
0
0
0
0
0
0
0
0
0
0
0
0
0
0
0
0
0
0
0
0
0
0
0
0
0
0
0
0
0
0
0
0
0
0
0
0
0
0
0
0
0
0
0
0
0
0
0
0
0
0
0
0
0
0
0
0
0
0
0
0
0
0
0
0
0
0
0
0
0
0
0
0
0
0
0
0
0
0
0
0
0
0
0
0
0
0
0
0
0
0
0
0
0
0
0
0
0
0
0
0
0
0
0
0
0
0
0
0
0
0
0
0
0
0
0
0
0
0
0
0
0
0
0
0
0
0
0
0
0
0
0
0
0
0
0
0
0
0
0
0
0
0
0
0
0
0
0
0
0
0
0
0
0
0
0
0
0
0
0
0
0
0
0
0
0
0
0
0
0
0
0
0
0
0
0
0
0
0
0
0
0
0
0
0
0
0
0
0
0
0
0
0
0
0
0
0
0
0
0
0
0
0
0
0
0
0
0
0
0
0
0
0
0
0
0
0
0
0
0
0
0
0
0
0
0
0
0
0
0
0
0
0
0
0
0
0
0
0
0
0
0
0
0
0
0
0
0
0
0
0
0
0
0
0
0
0
0
0
0
0
0
0
0
0
0
0
0
0
0
0
0
0
0
0
0
0
0
0
0
0
0
0
0
0
0
0
0
0
0
0
0
0
0
0
0
0
0
0
0
0
0
0
0
0
0
0
0
0
0
0
0
0
0
0
0
0
0
0
0
0
0
0
0
0
0
0
0
0
0
0
0
0
0
0
0
0
0
0
0
0
0
0
0
0
0
0
0
0
0
0
0
0
0
0
0
0
0
0
0
0
0
0
0
0
0
0
0
0
0
0
0
0
0
0
0
0
0
0
0
0
0
0
0
0
0
0
0
0
0
0
0
0
0
0
0
0
0
0
0
0
0
0
0
0
0
0
0
0
0
0
0
0
0
0
0
0
0
0
0
0
0
0
0
0
0
0
0
0
0
0
0
0
0
0
0
0
0
0
0
0
0
0
0
0
0
0
0
0
0
0
0
0
0
0
0
0
0
0
0
0
0
0
0
0
0
0
0
0
0
0
0
0
0
0
0
0
0
0
0
0
0
0
0
0
0
0
0
0
0
0
0
0
0
0
0
0
0
0
0
0
0
0
0
0
0
0
0
0
0
0
0
0
0
0
0
0
0
0
0
0
0
0
0
0
0
0
0
0
0
0
0
0
0
0
0
0
0
0
0
0
0
0
0
0
0
0
0
0
0
0
0
0
0
0
0
0
0
0
0
0
0
0
0
0
0
0
0
0
0
0
0
0
0
0
0
0
0
0
0
0
0
0
0
0
0
0
0
0
0
0
0
0
0
0
0
0
0
0
0
0
0
0
0
0
0
0
0
0
0
0
0
0
0
0
0
0
0
0
0
0
0
0
0
0
0
0
0
0
0
0
0
0
0
0
0
0
0
0
0
0
0
0
0
0
0
0
0
0
0
0
0
0
0
0
0
0
0
0
0
0
0
0
0
0
0
0
0
0
0
0
0
0
0
0
0
0
0
0
0
0
0
0
0
0
0
0
0
0
0
0
0
0
0
0
0
0
0
0
0
0
0
0
0
0
0
0
0
0
0
0
0
0
0
0
0
0
0
0
0
0
0
0
0
0
0
0
0
0
0
0
0
0
0
0
0
0
0
0
0
0
0
0
0
0
0
0
0
0
0
0
0
0
0
0
0
0
0
0
0
0
0
0
0
0
0
0
0
0
0
0
0
0
0
0
0
0
0
0
0
0
0
0
0
0
0
0
0
0
0
0
0
0
0
0
0
0
0
0
0
0
0
0
0
0
0
0
0
0
0
0
0
0
0
0
0
0
0
0
0
0
0
0
0
0
0
0
0
0
0
0
0
0
0
0
0
0
0
0
0
0
0
0
0
0
0
0
0
0
0
0
0
0
0
0
0
0
0
0
0
0
0
0
0
0
0
0
0
0
0
0
0
0
0
0
0
0
0
0
0
0
0
0
0
0
0
0
0
0
0
0
0
0
0
0
0
0
0
0
0
0
0
0
0
0
0
0
0
0
0
0
0
0
0
0
0
0
0
0
0
0
0
0
0
0
0
0
0
0
0
0
0
0
0
0
0
0
0.123457
0
0
0
0.493827
0.493827
0
0
0
0.987654
0.493827
0.246914
0
0
0
0.493827
0.987654
0
0
0.246914
0.987654
0.987654
0.246914
0.987654
0.493827
0
0.987654
0
0
0
1.48148
0.740741
0
0
0.987654
1.48148
1.48148
0
0
0
0.493827
1.23457
0.246914
0
0.987654
0.123457
1.48148
0.740741
0
1.7284
0
0
0.617284
0.493827
1.48148
0.246914
0.987654
0.246914
0.987654
1.48148
0.493827
0.493827
0.246914
0.987654
0
0
1.48148
1.97531
0
0.493827
0.246914
1.48148
0.987654
1.48148
0.246914
0
0.987654
0.246914
0.987654
1.48148
0.987654
0.493827
1.23457
0
0.740741
0
1.48148
1.7284
1.48148
0.987654
0
1.48148
0
0.246914
1.97531
0
0.493827
0.987654
0.493827
1.48148
0.493827
1.97531
1.48148
1.97531
0
1.11111
1.97531
0.246914
1.97531
0.493827
0
0.617284
0.740741
0.987654
0
0
1.7284
1.48148
0.987654
1.48148
3.95062
0.246914
0.987654
1.7284
0.493827
3.45679
0.987654
0.987654
0
0
1.7284
0.740741
1.48148
0.123457
0
0.493827
3.82716
1.48148
0.246914
2.46914
2.22222
0.987654
0.740741
2.46914
0.493827
0.493827
0.740741
2.71605
1.23457
1.97531
0.987654
1.23457
2.22222
2.09877
3.08642
1.97531
1.48148
0.493827
2.96296
1.97531
1.48148
0.987654
1.7284
4.44444
3.45679
3.95062
5.18519
3.7037
1.48148
6.66667
4.69136
4.44444
6.04938
3.45679
3.20988
5.18519
4.19753
6.04938
6.41975
2.96296
2.22222
8.51852
4.69136
4.19753
1.48148
3.7037
1.97531
5.92593
1.23457
4.69136
6.17284
4.07407
4.93827
2.46914
6.17284
9.1358
9.01235
8.39506
4.81481
12.2222
3.7037
3.7037
0.987654
1.97531
1.23457
4.5679
1.48148
0.493827
1.48148
2.22222
3.7037
2.22222
0.987654
4.44444
0.493827
2.71605
1.48148
1.7284
1.97531
4.93827
0.493827
2.59259
2.22222
1.97531
1.97531
2.96296
1.23457
0.987654
0.987654
1.7284
1.48148
0.246914
0.987654
1.97531
1.48148
1.7284
0
1.97531
2.46914
1.97531
0.493827
0
1.23457
2.22222
0.987654
2.46914
2.96296
0.987654
0.987654
0.493827
1.7284
0
0.740741
3.08642
4.93827
1.97531
2.22222
0.246914
1.23457
0
0
1.48148
1.97531
0.987654
0.987654
1.97531
0.740741
1.97531
1.48148
1.97531
0.493827
0.493827
1.97531
0.740741
2.22222
2.96296
1.97531
3.95062
0
1.48148
3.95062
1.7284
2.71605
0.987654
2.46914
3.08642
0.246914
1.48148
0.493827
2.22222
1.97531
1.7284
1.97531
0.493827
0.493827
1.48148
1.7284
1.23457
1.7284
0.987654
1.7284
0.987654
0.987654
0.617284
3.45679
1.48148
1.7284
1.7284
1.97531
1.48148
1.7284
3.45679
1.97531
0.493827
0
1.97531
0.740741
1.48148
2.59259
6.17284
2.46914
2.71605
1.23457
3.45679
0.246914
2.46914
1.97531
1.48148
0.987654
1.23457
0.987654
1.23457
1.23457
1.23457
3.08642
0.246914
1.97531
1.97531
1.48148
0.987654
2.96296
1.97531
1.23457
0.493827
1.48148
1.97531
1.48148
1.48148
3.45679
1.23457
0.987654
1.97531
1.97531
0
2.59259
1.7284
0.493827
1.97531
4.44444
0.987654
0.987654
1.48148
1.97531
3.45679
0
1.7284
0.493827
1.48148
1.48148
2.59259
1.48148
0.246914
2.96296
2.96296
0.987654
3.7037
0.246914
0
1.97531
3.95062
1.48148
1.48148
0.740741
1.23457
0.987654
0.493827
1.48148
0.123457
3.95062
0.987654
0.987654
0
3.20988
1.97531
3.45679
2.22222
0.740741
0.246914
0.740741
0.123457
1.97531
0.493827
0.246914
0.987654
2.22222
0.493827
0.246914
0.246914
0.493827
1.97531
1.48148
0.493827
0
0.987654
0.493827
0.246914
0.493827
0.493827
0
0
0
0.740741
0
0
0
0
0.987654
0.493827
0
0
0.123457
0.246914
0.246914
0.987654
0
0
0
0
0.246914
0
0.987654
0
0
0
0
0.493827
0
0
0.246914
0
0
0
0
0.987654
0
0
0
0
0.246914
0
0
0
0
0
0
0
0
0.123457
0
0
0.123457
0
