41.0000 0.05 1
80
0
45.7143
114.286
0
0
0
0
0
0
0
0
0
0
0
0
0
0
0
0
0
0
0
0
0
0
0
0
0
0
0
0
0
0
0
0
0
0
0
0
0
0
0
0
0
0
0
0
0
0
0
0
0
0
0
0
0
0
0
0
0
0
0
0
0
0
0
0
0
0
0
0
0
0
0
0
0
0
0
0
0
0
0
0
0
0
0
0
0
0
0
0
0
0
0
0
0
0
0
0
0
0
0
0
0
0
0
0
0
0
0
0
0
0
0
0
0
0
0
0
0
0
0
0
0
0
0
0
0
0
0
0
0
0
0
0
0
0
0
0
0
0
0
0
0
0
0
0
0
0
0
0
0
0
0
0
0
0
0
0
0
0
0
0
0
0
0
0
0
0
0
0
0
0
0
0
0
0
0
0
0
0
0
0
0
0
0
0
0
0
0
0
0
0
0
0
0
0
0
0
0
0
0
0
0
0
0
0
0
0
0
0
0
0
0
0
0
0
0
0
0
0
0
0
0
0
0
0
0
0
0
0
0
0
0
0
0
0
0
0
0
0
0
0
0
0
0
0
0
0
0
0
0
0
0
0
0
0
0
0
0
0
0
0
0
0
0
0
0
0
0
0
0
0
0
0
0
0
0
0
0
0
0
0
0
0
0
0
0
0
0
0
0
0
0
0
0
0
0
0
0
0
0
0
0
0
0
0
0
0
0
0
0
0
0
0
0
0
0
0
0
0
0
0
0
0
0
0
0
0
0
0
0
0
0
0
0
0
0
0
0
0
0
0
0
0
0
0
0
0
0
0
0
0
0
0
0
0
0
0
0
0
0
0
0
0
0
0
0
0
0
0
0
0
0
0
0
0
0
0
0
0
0
0
0
0
0
0
0
0
0
0
0
0
0
0
0
0
0
0
0
0
0
0
0
0
0
0
0
0
0
0
0
0
0
0
0
0
0
0
0
0
0
0
0
0
0
0
0
0
0
0
0
0
0
0
0
0
0
0
0
0
0
0
0
0
0
0
0
0
0
0
0
0
0
0
0
0
0
0
0
0
0
0
0
0
0
0
0
0
0
0
0
0
0
0
0
0
0
0
0
0
0
0
0
0
0
0
0
0
0
0
0
0
0
0
0
0
0
0
0
0
0
0
0
0
0
0
0
0
0
0
0
0
0
0
0
0
0
0
0
0
0
0
0
0
0
0
0
0
0
0
0
0
0
0
0
0
0
0
0
0
0
0
0
0
0
0
0
0
0
0
0
0
0
0
0
0
0
0
0
0
0
0
0
0
0
0
0
0
0
0
0
0
0
0
0
0
0
0
0
0
0
0
0
0
0
0
0
0
0
0
0
0
0
0
0
0
0
0
0
0
0
0
0
0
0
0
0
0
0
0
0
0
0
0
0
0
0
0
0
0
0
0
0
0
0
0
0
0
0
0
0
0
0
0
0
0
0
0
0
0
0
0
0
0
0
0
0
0
0
0
0
0
0
0
0
0
0
0
0
0
0
0
0
0
0
0
0
0
0
0
0
0
0
0
0
0
0
0
0
0
0
0
0
0
0
0
0
0
0
0
0
0
0
0
0
0
0
0
0
0
0
0
0
0
0
0
0
0
0
0
0
0
0
0
0
0
0
0
0
0
0
0
0
0
0
0
0
0
0
0
0
0
0
0
0
0
0
0
0
0
0
0
0
0
0
0
0
0
0
0
0
0
0
0
0
0
0
0
0
0
0
0
0
0
0
0
0
0
0
0
0
0
0
0
0
0
0
0
0
0
0
0
0
0
0
0
0
0
0
0
0
0
0
0
0
0
0
0
0
0
0
0
0
0
0
0
0
0
0
0
0
0
0
0
0
0
0
0
0
0
0
0
0
0
0
0
0
0
0
0
0
0
0
0
0
0
0
0
0
0
0
0
0
0
0
0
0
0
0
0
0
0
0
0
0
0
0
0
0
0
0
0
0
0
0
0
0
0
0
0
0
0
0
0
0
0
0
0
0
0
0
0
0
0
0
0
0
0
0
0
0
0
0
0
0
0
0
0
0
0
0
0
0
0
0
0
0
0
0
0
0
0
0
0
0
0
0
0
0
0
0
0
0
0
0
0
0
0
0
0
0
0
0
0
0
0
0
0
0
0
0
0
0
0
0
0
0
0
0
0
0
0
0
0
0
0
0
0
0
0
0
0
0
0
0
0
0
0
0
0
0
0
0
0
0
0
0
0
0
0
0
0
0
0
0
0
0
0
0
0
0
0
0
0
0
0
0
0
0
0
0
0
0
0
0
0
0
0
0
0
0
0
0
0
0
0
0
0
0
0
0
0
0
0
0
0
0
0
0
0
0
0
0
0
0
0
0
0
0
0
0
0
0
0
0
0
0
0
0
0
0
0
0
0
0.163265
0
0
0
0.979592
0
0
0
0
0.653061
0
0.653061
0.979592
0
0
1.63265
0.653061
0.653061
0
0
0.653061
0.653061
0
0
0.326531
0
0
1.95918
0.653061
0.653061
0.653061
0.326531
0
1.63265
0
0.326531
1.30612
1.30612
0
1.30612
0
0
0
0
1.30612
2.61224
0
2.28571
1.30612
0.979592
0.979592
0
0.979592
0.326531
0
1.30612
0.653061
0
1.30612
0.326531
1.95918
0
1.63265
0.979592
0
0.653061
1.30612
0.653061
0.653061
0
1.30612
0.326531
1.30612
0
0.979592
1.95918
0.979592
2.93878
2.28571
2.61224
1.63265
0
1.63265
0.979592
0
0.653061
0.163265
1.30612
0.653061
2.28571
1.30612
0
1.30612
1.63265
0.163265
2.28571
1.95918
1.30612
0.326531
1.63265
0.326531
1.63265
1.30612
1.30612
2.93878
2.93878
1.30612
0.326531
0.979592
0.979592
2.28571
0.979592
1.30612
0
1.63265
1.30612
0
1.30612
1.63265
3.59184
1.63265
2.28571
2.61224
4.57143
0.653061
1.30612
1.63265
3.91837
3.26531
1.30612
2.44898
2.61224
1.63265
3.91837
1.30612
0.979592
1.30612
1.95918
1.63265
2.61224
1.30612
1.95918
2.61224
2.61224
2.28571
4.57143
4.2449
5.55102
4.40816
3.91837
5.22449
3.59184
4.2449
4.2449
4.40816
4.89796
6.85714
5.22449
4.89796
9.79592
11.4286
8.16327
5.22449
11.5918
8.4898
9.14286
2.93878
6.53061
10.1224
5.55102
8
10.9388
8.81633
10.7755
4.89796
6.20408
4.57143
4.57143
10.449
7.18367
10.449
8.81633
18.2857
15.0204
11.4286
6.53061
6.53061
6.85714
5.55102
6.36735
5.06122
2.61224
3.59184
3.59184
10.6122
3.26531
4.57143
2.61224
5.55102
2.28571
4.57143
3.26531
3.26531
3.59184
2.28571
0.653061
3.91837
3.59184
6.53061
3.26531
1.46939
0.653061
1.79592
2.93878
0.979592
3.26531
1.30612
0
0
1.63265
1.30612
1.63265
4.2449
0.653061
3.26531
0.653061
0.653061
1.30612
3.26531
1.95918
1.95918
1.63265
1.63265
3.59184
2.28571
3.59184
2.61224
0.979592
0.653061
1.95918
2.61224
2.61224
1.63265
1.95918
1.63265
0.653061
2.93878
1.95918
3.26531
0.653061
0
1.30612
0.653061
2.93878
1.63265
3.26531
1.30612
1.95918
0.979592
3.7551
0.326531
1.95918
0
1.30612
1.95918
1.30612
2.93878
0
2.28571
2.93878
1.63265
1.95918
1.63265
1.63265
0
1.30612
1.30612
2.28571
2.93878
0.653061
1.63265
0
1.95918
1.95918
1.30612
1.30612
2.93878
1.30612
4.2449
2.93878
1.95918
2.28571
2.28571
1.63265
0
1.95918
3.26531
4.2449
0.979592
2.61224
1.95918
0.163265
1.95918
2.61224
2.61224
1.63265
0.979592
2.28571
0.653061
2.61224
1.63265
3.26531
1.63265
0.653061
4.57143
0.979592
2.93878
0.979592
3.59184
2.28571
3.26531
3.26531
1.30612
2.61224
2.61224
1.95918
1.95918
0
1.30612
1.63265
0.979592
1.30612
0
0.653061
2.28571
3.91837
1.95918
1.95918
1.30612
5.87755
0.653061
1.95918
2.61224
1.30612
0.163265
2.61224
1.95918
2.61224
1.95918
2.93878
1.30612
0.653061
3.26531
1.63265
1.95918
0.653061
0.653061
0.979592
1.63265
1.30612
1.63265
1.95918
0.326531
0
1.63265
0.653061
3.26531
0.653061
1.95918
1.46939
0.653061
0.979592
0
1.95918
0.979592
1.30612
0
0.326531
0.653061
0.653061
0.326531
0
0.653061
0.326531
0.979592
1.63265
1.30612
0
0.653061
0.979592
1.14286
0
0.653061
0
0.326531
0
0.979592
1.30612
0.979592
0.326531
0
0.653061
1.30612
0
0.326531
0.326531
0
0.653061
0.326531
0
0.326531
0.653061
0
0
0.653061
0
0.326531
0
0
0
0
0.163265
0
