16.0000 0.05 1
10.5
8.68
15.76
22.92
2.14
0
0
0
0
0
0
0
0
0
0
3.42
13.48
8.52
20.56
14.02
0
0
0
0
0
0
0
0
0
0
0
0
0
0
0
0
0
0
0
0
0
0
0
0
0
0
0
0
0
0
0
0
0
0
0
0
0
0
0
0
0
0
0
0
0
0
0
0
0
0
0
0
0
0
0
0
0
0
0
0
0
0
0
0
0
0
0
0
0
0
0
0
0
0
0
0
0
0
0
0
0
0
0
0
0
0
0
0
0
0
0
0
0
0
0
0
0
0
0
0
0
0
0
0
0
0
0
0
0
0
0
0
0
0
0
0
0
0
0
0
0
0
0
0
0
0
0
0
0
0
0
0
0
0
0
0
0
0
0
0
0
0
0
0
0
0
0
0
0
0
0
0
0
0
0
0
0
0
0
0
0
0
0
0
0
0
0
0
0
0
0
0
0
0
0
0
0
0
0
0
0
0
0
0
0
0
0
0
0
0
0
0
0
0
0
0
0
0
0
0
0
0
0
0
0
0
0
0
0
0
0
0
0
0
0
0
0
0
0
0
0
0
0
0
0
0
0
0
0
0
0
0
0
0
0
0
0
0
0
0
0
0
0
0
0
0
0
0
0
0
0
0
0
0
0
0
0
0
0
0
0
0
0
0
0
0
0
0
0
0
0
0
0
0
0
0
0
0
0
0
0
0
0
0
0
0
0
0
0
0
0
0
0
0
0
0
0
0
0
0
0
0
0
0
0
0
0
0
0
0
0
0
0
0
0
0
0
0
0
0
0
0
0
0
0
0
0
0
0
0
0
0
0
0
0
0
0
0
0
0
0
0
0
0
0
0
0
0
0
0
0
0
0
0
0
0
0
0
0
0
0
0
0
0
0
0
0
0
0
0
0
0
0
0
0
0
0
0
0
0
0
0
0
0
0
0
0
0
0
0
0
0
0
0
0
0
0
0
0
0
0
0
0
0
0
0
0
0
0
0
0
0
0
0
0
0
0
0
0
0
0
0
0
0
0
0
0
0
0
0
0
0
0
0
0
0
0
0
0
0
0
0
0
0
0
0
0
0
0
0
0
0
0
0
0
0
0
0
0
0
0
0
0
0
0
0
0
0
0
0
0
0
0
0
0
0
0
0
0
0
0
0
0
0
0
0
0
0
0
0
0
0
0
0
0
0
0
0
0
0
0
0
0
0
0
0
0
0
0
0
0
0
0
0
0
0
0
0
0
0
0
0
0
0
0
0
0
0
0
0
0
0
0
0
0
0
0
0
0
0
0
0
0
0
0
0
0
0
0
0
0
0
0
0
0
0
0
0
0
0
0
0
0
0
0
0
0
0
0
0
0
0
0
0
0
0
0
0
0
0
0
0
0
0
0
0
0
0
0
0
0
0
0
0
0
0
0
0
0
0
0
0
0
0
0
0
0
0
0
0
0
0
0
0
0
0
0
0
0
0
0
0
0
0
0
0
0
0
0
0
0
0
0
0
0
0
0
0
0
0
0
0
0
0
0
0
0
0
0
0
0
0
0
0
0
0
0
0
0
0
0
0
0
0
0
0
0
0
0
0
0
0
0
0
0
0
0
0
0
0
0
0
0
0
0
0
0
0
0
0
0
0
0
0
0
0
0
0
0
0
0
0
0
0
0
0
0
0
0
0
0
0
0
0
0
0
0
0
0
0
0
0
0
0
0
0
0
0
0
0
0
0
0
0
0
0
0
0
0
0
0
0
0
0
0
0
0
0
0
0
0
0
0
0
0
0
0
0
0
0
0
0
0
0
0
0
0
0
0
0
0
0
0
0
0
0
0
0
0
0
0
0
0
0
0
0
0
0
0
0
0
0
0
0
0
0
0
0
0
0
0
0
0
0
0
0
0
0
0
0
0
0
0
0
0
0
0
0
0
0
0
0
0
0
0
0
0
0
0
0
0
0
0
0
0
0
0
0
0
0
0
0
0
0
0
0
0
0
0
0
0
0
0
0
0
0
0
0
0
0
0
0
0
0
0
0
0
0
0
0
0
0
0
0
0
0
0
0
0
0
0
0
0
0
0
0
0
0
0
0
0
0
0
0
0
0
0
0
0
0
0
0
0
0
0
0
0
0
0
0
0
0
0
0
0
0
0
0
0
0
0
0
0
0
0
0
0
0
0
0
0
0
0
0
0
0
0
0
0
0
0
0
0
0
0
0
0
0
0
0
0
0
0
0
0
0
0
0
0
0
0
0
0
0
0
0
0
0
0
0
0
0
0
0
0
0
0
0
0
0
0
0
0
0
0
0
0
0
0
0
0
0
0
0
0
0
0
0
0
0
0
0
0
0
0
0
0
0
0
0
0
0
0
0
0
0
0
0
0
0
0
0
0
0
0
0
0
0
0
0
0
0
0
0
0
0
0
0
0
0
0
0
0
0
0
0
0
0
0
0
0
0
0
0
0
0
0
0
0
0
0
0
0
0
0
0
0
0
0
0
0
0
0
0
0
0
0
0
0.04
0
0
0
0
0
0
0.16
0.16
0
0.12
0.12
0
0
0
0
0
0
0
0
0.24
0.24
0
0
0
0
0
0.48
0.48
0
0.32
0
0
0
0
0
0
0
0
0.12
0.12
0
0
0
0
0
0.96
0
0.48
0.48
0
0
0
0
0
0
0.96
0
0
0
0.16
0.16
0.96
0
0
0
0
0
0
0
0
0
0.48
0
0
0.6
1.08
1.44
0
0
0
0.64
0.48
0
0.48
0.56
0.64
0
1.08
1.02
0
0.48
0.48
0.08
1.8
1.02
0
0.96
2.22
1.44
3.36
0.36
0.72
0
1.92
0.48
3.12
1.92
2.64
1.02
0.12
0
3.36
0.84
1.44
2.16
3.12
1.44
2.64
0.96
0.96
0.84
1.56
2.4
2.16
3.6
1.92
0.24
2.8
2.08
1.56
3.6
0.16
4.56
2.5
1.6
3.36
2.24
2.24
3.52
1.44
3.52
3.36
0
3.96
3.04
1.72
3.44
1.5
1.4
0.96
5.52
3.44
1.2
2.68
2.16
2.56
3.4
3.72
2.88
1.44
2.48
0.6
2.16
2.88
2.76
1.56
4.08
4
3
2.56
4.62
3.12
2.6
1.56
0.64
0.24
2.4
1.8
0.24
2.4
1.44
1.88
0.96
4.14
0.64
1.68
1.44
0.96
0.72
1.44
0.36
0.96
0.48
0
0
0
0
0
0
0.96
0
0.96
0.96
0
0
0
0.48
0
0.96
0
0.48
0.96
0.48
0
0.48
0
0
0.96
0
0.48
0
0.48
0
0
0
0
0.48
0.06
0.54
0
0.96
0
0
0.48
0
1.44
0
0
0
0.24
0
0.48
0
0.96
0
0
0
0.24
0
0
0.96
0
0.48
0
0
0.24
0
1.2
0.48
0
0
0
0.96
0
0
0
0.96
0
0
0
0.96
0
0
0
0
0.24
0
0
0
0.24
0
0
0.48
0
0
0
0.48
0
0
0
0
0
0
0
0.08
0
0
0
0.48
0.48
0
0.56
0
0.48
0
1.2
0
0
0.48
1.2
0.48
0
0
0
0.48
0.48
0
0
0.48
0.96
0
0.48
0.48
0.96
0.96
0
0.48
0
0.48
0
0
0
0
0.48
0
0
0.16
0
0
0
0.96
0.16
0
0
0.96
0
0
0
0.96
0
0
0
0
0.96
0
0
0.24
0
0
0.24
0.24
0
0
0
0.3
0.24
0.48
0.24
1.2
0.06
0.48
1.2
0
0
0
0.48
0.24
0.72
0
0.72
0.48
0.24
0.48
0
0.96
0
0.48
0
0.48
0
0.48
0
0
0
0.96
0.48
0.96
0.96
0.48
0
0.96
0
0
0
0
0.24
0
0
0.72
0.72
0
0.72
0.48
0.48
0.96
0.48
0.48
0.48
0
0
0.16
0
0
0.28
0
0
0.12
0
0.48
0.48
0
1.2
0.24
0
0
0.96
0.48
1.92
0.96
0
1.92
0
0.48
0
0.48
0
0.48
0.24
0.24
0
0
0
0
0.48
0
0
0.48
0.48
0.96
0.96
1.44
0.48
0.48
0.96
0.96
0.24
0
0.24
0
0
0
0
0.48
0
0.48
0
0.24
0
0
0.48
1.44
1.44
0.48
0.72
0.24
0.48
0
0
1.44
0.48
0.48
0.48
1.44
0
0
0
0
0
0.96
0.96
0.96
0.96
0
0.48
0
0.48
0
0.48
0.48
0.48
0
0
0
0
0
0
0
0
1.12
0
0.16
0.96
0.96
0.96
1.92
0
0.96
1.44
0.12
0.6
0.48
0.48
0
0
0
0.24
0.24
0
0
0
0
0
0.48
0.96
0.96
0.96
0.48
0
0
0
0
0
0.48
0
0.48
0
0
0
0.48
0.48
0
0.48
0.48
0
0
0
0.48
0.96
0.48
0.48
0.96
0.96
0.54
0
0.96
1.14
0.48
0.48
0.12
0
0
0
0
0
0.72
1.2
0.84
0.24
0.12
0
0
0
0
0.48
0
0.48
0.48
0
0.72
0.24
0
0
0.48
0
1.2
0.72
0.6
0.12
0.48
0
0.48
0
0
0
0.96
1.44
0.96
0.48
0.32
0
0
0.56
0.48
1.44
0.2
1.08
0.48
0.64
0.48
0.48
1.6
0.96
0
0.12
0
0.6
0
0.48
0
0
1.44
0.48
0.96
1.12
0.06
0
0.16
0.54
0.48
0.12
0
0.62
0.48
0
0.02
0
1.44
0
0.48
1.44
1.44
0.96
0.16
0
0.16
0
0
0
0.12
0.48
0
1.56
1.2
0.24
0
0.64
0.96
0.32
0.16
1.92
1.6
0.48
0.32
0.32
0
0.24
2.16
0
0
0.48
0.48
0.12
0.6
0
0.96
0.32
2.96
0.24
0.24
2.16
0
0
0.96
0
1.44
0.48
0
0
0
0
0
0.48
0.72
0
0.24
0
0.64
0
0
0
0
0
0.48
0
0.48
0.48
0.16
1.6
0
0.24
0.36
0
0.06
0.18
0
0
0
0.96
0
0.32
0.32
0
0
0
0
0
0
0
0
0
0
0
0
0.48
0.96
0.96
0.48
0
0.24
0.72
0.48
0.48
0.96
0.48
0
0.24
0.72
0
1.44
0.72
0.24
0.96
2.4
2.88
0
0.56
0.32
0.24
0.96
2.88
0.96
0.96
0
1.02
1.92
1.5
0
1.44
0
0
0
0.48
0.72
0
0.24
1.92
0
0
0
0
0.24
0.24
0
0
0
0
0
0
0.32
0.32
0.48
0.64
0.16
0
2.08
0
0.16
0.48
0.64
0.48
0
0
0
0.24
0.24
0.12
0.12
0.48
2.4
0.48
1.76
0.48
0.48
0
0
0
0
0.48
0.48
0
0
0
0
0.24
0.72
0.72
0.16
0.16
0.72
1.68
0.24
0
0.08
0
0.32
0.48
0.72
0.48
0.96
0.48
2.4
2.4
0
0
0
0
0
0
0
0.96
1.92
1.92
0.96
0.96
0.48
0.48
0
0
0.24
1.92
0.24
0
0
0.48
0
0.48
0.48
0
0
0.96
1.44
0.96
0
1.44
0.48
0.48
0.48
0
0
0.48
0
0
0.48
0.48
0
1.44
0.96
1.44
0
0
2.4
0
0
0
1.2
2.16
0.48
2.16
3.54
2.16
1.56
0
0
0
0
0
0.48
0.96
0.96
0
0
0
0
0
0
0.72
0.96
1.2
0.48
0.96
5.58
0
0
0
0
0.96
0
0
0
0.48
0.48
0
0
0
0
0
0
0
0
0
0
0
0
0
0
0
0
0
0
0
0
0
0
0
0
0
0
0
0.24
0.24
0
0
0
0.72
0.72
0
0
0
0
0
0
0
0
0
0
0
0
0
0
0
0
0
0
0
0.12
0
0.12
0
0
0
0
0
0
0
0
0
0
0
0
0
0
0
0
0
0
0
0
0.48
0.48
0
0
0
0
0
0
0
0
0
0
0
0
0
0
0
0
0
0
0
0
0
0
0
0
0
0
0
0
0
0
0
0
0
0.24
0
0
0
0
0
0
0
0.06
0.06
0
