3.0000 0.05 1
0.04
0
0
0
0
0.32
0
0.24
0
0
0
0
0
0
0.48
0
0
0
0
0.96
0
0.32
0
0
0
0
0
0
0.24
0
0
0
0
0
0.96
0
0.96
0
0
0
0
0
0
0.96
0
0
0
0
1.28
0
0
0
0
0
0
0
0
0.48
0
0
0
0
1.92
0
1.2
0
0
0
0
0
0
0.96
0
0
0
0
0
0.96
0.96
0
0
0
0
0
0
0
0.32
0
0
0
0
1.92
0
0.96
0
0
0
0
0
0
1.92
0
0
0
0
2.88
0
0
0
0
0
0
0
0.24
0
0
0
0
0
0.96
0.96
0.96
0
0
0
0
0
0.96
0.48
0
0
0.16
0
1.92
0.96
0.16
0
0
0
0
0
0.96
0
0
0.96
0.96
0
0
1.92
0.96
0
0
0
0
0
0
0.96
0
0
1.92
0
0
0
0
0.12
0
0
0
0
0.96
0
1.44
0
0
0.96
0.96
0.96
0
0.48
0
0
0
0
1.92
0.96
0
0
0
0.96
0.96
0.32
0.6
0
0
0
0
0
0
1.44
0
1.92
0
0
1.92
0.48
0
0
0
0
0
0
0
0
0
0
0.96
0
0
0.96
0
0.96
0
0
0
0.48
2.4
0
1.92
0
0
0.96
0.96
0
0
0
0
1.92
0.96
0
0
0
1.92
0
0
0
0
0
0
1.44
0
0.96
0.96
0
0
0.24
0.96
0.32
0.48
0
0.96
0
0.96
0
0
0
0
0
0
1.92
1.92
0
0.48
0
0
0
1.92
0
0
0.96
0
0.96
0
0.96
0
0.96
1.44
0
0
1.92
0
0
0
0.96
0
0
0
0
0
0.96
0
0
1.44
2.88
0
0
0
0
0
1.92
2.88
0
0
0
0
0
0.48
0.96
0
0
0
2.88
0
0
1.92
0
0.96
0
0.96
0
0.12
0.32
0
0.96
0
0
0.24
0.24
0
0
0
4.8
2.16
0.48
0
0
0
0
0
0.48
0.96
0.96
0
0.96
0
0.96
0.96
0
1.2
0.96
0
1.44
0
0
0
0
1.92
0
0
0.96
0
0
0
0
1.92
0
1.92
0
1.92
2.4
1.44
0
0
0
0
0
0.48
0.96
0
0
0
0
0.48
2.16
0.96
0
0
0
0
0
0
1.44
0
0.96
0
0.96
1.92
2.52
0
0
0
0.96
0.32
0.24
1.92
0.96
0.96
0
0.96
0
0
0
0
0
0.48
0
0
0
0
0.96
0.96
0
0.24
0.96
0
2.4
0
1.92
0
0.96
0.24
0.88
0
0.64
0.96
0
1.92
1.92
0.64
0.48
0
0
3.36
0.32
0.32
1.92
0
0
2.88
0
0
0.24
0
0.64
0.96
0.96
0
0
0
0
0
0
1.92
0
0.64
0.96
2.88
1.92
0.12
0
0
0
0
0
0.96
0
0.96
0.96
0
0.48
0
0
4.56
0
1.44
0
0
0
0
0
0.96
0
0.96
2.08
0
0
0.96
0
1.08
4.8
0
0.32
0
0
0.48
0.32
0.32
0
0
0.96
2.88
0.32
0
0
0
0
1.44
0.16
1.92
1.92
0.64
0
0.16
1.92
0.48
0
0
2.4
0
0.64
0
0.96
1.92
0.48
0.24
0
0
0
1.92
0.96
2.88
1.92
0.32
0
1.48
0
0
0
0
1.92
0
0.96
0
0
1.92
0
0.96
0
0.96
0.96
0
0
0
0
0.48
0.96
0
1.92
2.88
0
0.32
0.96
0
0.32
0.96
0
0
1.92
0.96
1.28
0.96
0.96
0.48
0
0.96
1.92
0
0
0.96
0
0
3.84
0
0.48
0
0.96
0.96
0
0
0.48
2.88
0
0.96
0.96
0
0
0.96
0
0
0
0
2.88
0.48
0
0.96
1.92
0
0
0
0
0
0
0.48
1.44
0
0.96
0
0
0
0
0
0.96
0
0.96
0
0.96
0
0
0.96
2.88
0
0
0
0
0
0
0
0
0
0.96
0.96
1.92
0
0.96
0
0
0
0.96
0
0
0
0
0
0.24
0
0
0
0
0
0
0
2.88
0.48
0
0
0
0
2.88
0
0
0
0
0
0
0.48
0
0.24
0.48
0
0.48
0
0
0
0.96
0.96
0
0
0
0
0
0
0
0.24
0
0
0
0
0
0
0
0
0
0
0
0
0
0
0
0
0
0
0
0
0.96
0
0.12
0
0
0
0
0
0.96
0
0.24
0
0
0
0
0
0
0
0
0
0
0
0
0
0
0
0
0
0
0
0
0
0
0.12
0
