60.0000 0.05 1
120
0
80
0
55.5556
104.444
0
0
0
0
0
0
0
0
0
0
0
0
0
0
0
0
0
0
0
0
0
0
0
0
0
0
0
0
0
0
0
0
0
0
0
0
0
0
0
0
0
0
0
0
0
0
0
0
0
0
0
0
0
0
0
0
0
0
0
0
0
0
0
0
0
0
0
0
0
0
0
0
0
0
0
0
0
0
0
0
0
0
0
0
0
0
0
0
0
0
0
0
0
0
0
0
0
0
0
0
0
0
0
0
0
0
0
0
0
0
0
0
0
0
0
0
0
0
0
0
0
0
0
0
0
0
0
0
0
0
0
0
0
0
0
0
0
0
0
0
0
0
0
0
0
0
0
0
0
0
0
0
0
0
0
0
0
0
0
0
0
0
0
0
0
0
0
0
0
0
0
0
0
0
0
0
0
0
0
0
0
0
0
0
0
0
0
0
0
0
0
0
0
0
0
0
0
0
0
0
0
0
0
0
0
0
0
0
0
0
0
0
0
0
0
0
0
0
0
0
0
0
0
0
0
0
0
0
0
0
0
0
0
0
0
0
0
0
0
0
0
0
0
0
0
0
0
0
0
0
0
0
0
0
0
0
0
0
0
0
0
0
0
0
0
0
0
0
0
0
0
0
0
0
0
0
0
0
0
0
0
0
0
0
0
0
0
0
0
0
0
0
0
0
0
0
0
0
0
0
0
0
0
0
0
0
0
0
0
0
0
0
0
0
0
0
0
0
0
0
0
0
0
0
0
0
0
0
0
0
0
0
0
0
0
0
0
0
0
0
0
0
0
0
0
0
0
0
0
0
0
0
0
0
0
0
0
0
0
0
0
0
0
0
0
0
0
0
0
0
0
0
0
0
0
0
0
0
0
0
0
0
0
0
0
0
0
0
0
0
0
0
0
0
0
0
0
0
0
0
0
0
0
0
0
0
0
0
0
0
0
0
0
0
0
0
0
0
0
0
0
0
0
0
0
0
0
0
0
0
0
0
0
0
0
0
0
0
0
0
0
0
0
0
0
0
0
0
0
0
0
0
0
0
0
0
0
0
0
0
0
0
0
0
0
0
0
0
0
0
0
0
0
0
0
0
0
0
0
0
0
0
0
0
0
0
0
0
0
0
0
0
0
0
0
0
0
0
0
0
0
0
0
0
0
0
0
0
0
0
0
0
0
0
0
0
0
0
0
0
0
0
0
0
0
0
0
0
0
0
0
0
0
0
0
0
0
0
0
0
0
0
0
0
0
0
0
0
0
0
0
0
0
0
0
0
0
0
0
0
0
0
0
0
0
0
0
0
0
0
0
0
0
0
0
0
0
0
0
0
0
0
0
0
0
0
0
0
0
0
0
0
0
0
0
0
0
0
0
0
0
0
0
0
0
0
0
0
0
0
0
0
0
0
0
0
0
0
0
0
0
0
0
0
0
0
0
0
0
0
0
0
0
0
0
0
0
0
0
0
0
0
0
0
0
0
0
0
0
0
0
0
0
0
0
0
0
0
0
0
0
0
0
0
0
0
0
0
0
0
0
0
0
0
0
0
0
0
0
0
0
0
0
0
0
0
0
0
0
0
0
0
0
0
0
0
0
0
0
0
0
0
0
0
0
0
0
0
0
0
0
0
0
0
0
0
0
0
0
0
0
0
0
0
0
0
0
0
0
0
0
0
0
0
0
0
0
0
0
0
0
0
0
0
0
0
0
0
0
0
0
0
0
0
0
0
0
0
0
0
0
0
0
0
0
0
0
0
0
0
0
0
0
0
0
0
0
0
0
0
0
0
0
0
0
0
0
0
0
0
0
0
0
0
0
0
0
0
0
0
0
0
0
0
0
0
0
0
0
0
0
0
0
0
0
0
0
0
0
0
0
0
0
0
0
0
0
0
0
0
0
0
0
0
0
0
0
0
0
0
0
0
0
0
0
0
0
0
0
0
0
0
0
0
0
0
0
0
0
0
0
0
0
0
0
0
0
0
0
0
0
0
0
0
0
0
0
0
0
0
0
0
0
0
0
0
0
0
0
0
0
0
0
0
0
0
0
0
0
0
0
0
0
0
0
0
0
0
0
0
0
0
0
0
0
0
0
0
0
0
0
0
0
0
0
0
0
0
0
0
0
0
0
0
0
0
0
0
0
0
0
0
0
0
0
0
0
0
0
0
0
0
0
0
0
0
0
0
0
0
0
0
0
0
0
0
0
0
0
0
0
0
0
0
0
0
0
0
0
0
0
0
0
0
0
0
0
0
0
0
0
0
0
0
0
0
0
0
0
0
0
0
0
0
0
0
0
0
0
0
0
0
0
0
0
0
0
0
0
0
0
0
0
0
0
0
0
0
0
0
0
0
0
0
0
0
0
0
0
0
0
0
0
0
0
0
0
0.222222
0
0
0.888889
0
0.444444
0
0
0.444444
0
0
0
0.888889
1.77778
0.888889
0
0.888889
0
0.888889
1.33333
0.888889
0
0.888889
0
0.888889
0.888889
0.888889
1.11111
0
0.444444
1.33333
1.33333
0
0.666667
0.888889
0.888889
0
0.444444
1.77778
1.33333
0
0
0.444444
1.33333
0.888889
2.22222
0.888889
1.33333
0
1.77778
0.888889
1.33333
0
3.55556
1.77778
0.444444
0.888889
1.77778
0
1.77778
3.55556
0.888889
0
0
0.888889
0.888889
1.33333
0.888889
0.888889
2.22222
0.888889
0.444444
2.66667
2
0.444444
0.888889
3.55556
2
0
0
2
1.33333
1.33333
2.66667
1.11111
0
0
1.33333
1.77778
0
1.77778
2.22222
4.44444
1.33333
0.888889
2.66667
3.11111
0.888889
1.77778
1.77778
1.77778
0.888889
1.77778
2.66667
0.888889
2.22222
4
2.22222
2
1.77778
6.22222
2.66667
0.888889
0.444444
1.77778
3.33333
1.33333
2
2.66667
2.66667
0.888889
3.55556
3.11111
3.11111
0
2.66667
2.22222
2.66667
4
2
2
3.55556
0.888889
1.33333
1.33333
2
6.66667
0.888889
4.88889
0.888889
4
3.11111
2.66667
3.55556
5.33333
7.11111
3.11111
5.33333
3.11111
8.88889
5.33333
7.55556
5.33333
5.33333
4.88889
5.77778
6.22222
5.33333
6.88889
9.33333
16.2222
12.6667
11.5556
10.2222
11.5556
8.88889
7.55556
12.8889
6.66667
14
8.88889
7.77778
8
14.2222
7.77778
8.66667
11.1111
6.66667
10.6667
15.1111
15.1111
22.6667
24.8889
17.7778
21.5556
17.7778
15.1111
8
8.88889
12.4444
7.77778
9.11111
4.88889
6.88889
2.66667
5.11111
8.22222
6.22222
7.77778
3.77778
10.6667
7.33333
1.77778
8.44444
2.66667
4
6.66667
8.88889
3.77778
1.33333
2.22222
5.11111
6.22222
2.22222
1.77778
0.888889
4.88889
3.55556
7.11111
2.22222
0
4.88889
2.22222
2.66667
1.33333
2.22222
2.66667
3.11111
1.77778
0.888889
3.55556
2.66667
1.77778
2.66667
3.55556
1.77778
1.33333
0
3.11111
0.888889
1.33333
0.888889
1.77778
4.88889
1.77778
4.44444
3.55556
0.444444
4
5.11111
1.33333
0.888889
3.11111
2.66667
1.77778
1.77778
2.66667
0.888889
4
1.77778
0.888889
2.66667
4.44444
1.33333
4
1.33333
2
2.66667
3.11111
2.44444
4
1.77778
1.77778
4.88889
4.44444
1.33333
2.66667
4.88889
1.33333
3.11111
3.55556
3.55556
1.77778
0
4.66667
2.66667
3.55556
1.77778
0
5.77778
0
4.88889
1.33333
3.55556
4
2.88889
0.888889
2.66667
0.888889
0.444444
2.66667
4.44444
0.888889
4.44444
1.33333
0.444444
3.33333
2.66667
4
2.66667
2.66667
3.77778
2.22222
3.55556
2.66667
2.66667
0.888889
1.77778
4.44444
2.22222
1.33333
4.44444
3.11111
5.55556
3.11111
1.77778
1.77778
2.22222
2.44444
2.22222
2.22222
2.66667
0.444444
3.11111
2.66667
2.66667
5.77778
4.44444
4.44444
1.33333
4.66667
1.33333
0.888889
3.55556
2.88889
2.22222
2.66667
1.77778
0.888889
4.22222
1.77778
2.66667
0.888889
1.77778
0.888889
3.11111
1.77778
2.66667
1.77778
1.33333
0.888889
2.44444
4.88889
0
4.88889
0
0.888889
1.33333
0.444444
0.888889
3.11111
3.55556
1.77778
1.33333
2.22222
1.33333
0.444444
0
1.11111
1.11111
0.444444
0.888889
1.77778
1.77778
2.44444
1.11111
0
1.33333
0
0.444444
0.888889
0
0
1.77778
0
1.11111
0
0.444444
0
2.22222
2.22222
0.888889
0
0
0.444444
0.444444
0.444444
0
0.444444
0
0
1.77778
0.222222
0
