67.0000 0.05 1
107.778
113.519
117.593
141.111
0
0
0
0
0
0
0
0
0
0
0
0
0
0
0
0
0
0
0
0
0
0
0
0
0
0
0
0
0
0
0
0
0
0
0
0
0
0
0
0
0
0
0
0
0
0
0
0
0
0
0
0
0
0
0
0
0
0
0
0
0
0
0
0
0
0
0
0
0
0
0
0
0
0
0
0
0
0
0
0
0
0
0
0
0
0
0
0
0
0
0
0
0
0
0
0
0
0
0
0
0
0
0
0
0
0
0
0
0
0
0
0
0
0
0
0
0
0
0
0
0
0
0
0
0
0
0
0
0
0
0
0
0
0
0
0
0
0
0
0
0
0
0
0
0
0
0
0
0
0
0
0
0
0
0
0
0
0
0
0
0
0
0
0
0
0
0
0
0
0
0
0
0
0
0
0
0
0
0
0
0
0
0
0
0
0
0
0
0
0
0
0
0
0
0
0
0
0
0
0
0
0
0
0
0
0
0
0
0
0
0
0
0
0
0
0
0
0
0
0
0
0
0
0
0
0
0
0
0
0
0
0
0
0
0
0
0
0
0
0
0
0
0
0
0
0
0
0
0
0
0
0
0
0
0
0
0
0
0
0
0
0
0
0
0
0
0
0
0
0
0
0
0
0
0
0
0
0
0
0
0
0
0
0
0
0
0
0
0
0
0
0
0
0
0
0
0
0
0
0
0
0
0
0
0
0
0
0
0
0
0
0
0
0
0
0
0
0
0
0
0
0
0
0
0
0
0
0
0
0
0
0
0
0
0
0
0
0
0
0
0
0
0
0
0
0
0
0
0
0
0
0
0
0
0
0
0
0
0
0
0
0
0
0
0
0
0
0
0
0
0
0
0
0
0
0
0
0
0
0
0
0
0
0
0
0
0
0
0
0
0
0
0
0
0
0
0
0
0
0
0
0
0
0
0
0
0
0
0
0
0
0
0
0
0
0
0
0
0
0
0
0
0
0
0
0
0
0
0
0
0
0
0
0
0
0
0
0
0
0
0
0
0
0
0
0
0
0
0
0
0
0
0
0
0
0
0
0
0
0
0
0
0
0
0
0
0
0
0
0
0
0
0
0
0
0
0
0
0
0
0
0
0
0
0
0
0
0
0
0
0
0
0
0
0
0
0
0
0
0
0
0
0
0
0
0
0
0
0
0
0
0
0
0
0
0
0
0
0
0
0
0
0
0
0
0
0
0
0
0
0
0
0
0
0
0
0
0
0
0
0
0
0
0
0
0
0
0
0
0
0
0
0
0
0
0
0
0
0
0
0
0
0
0
0
0
0
0
0
0
0
0
0
0
0
0
0
0
0
0
0
0
0
0
0
0
0
0
0
0
0
0
0
0
0
0
0
0
0
0
0
0
0
0
0
0
0
0
0
0
0
0
0
0
0
0
0
0
0
0
0
0
0
0
0
0
0
0
0
0
0
0
0
0
0
0
0
0
0
0
0
0
0
0
0
0
0
0
0
0
0
0
0
0
0
0
0
0
0
0
0
0
0
0
0
0
0
0
0
0
0
0
0
0
0
0
0
0
0
0
0
0
0
0
0
0
0
0
0
0
0
0
0
0
0
0
0
0
0
0
0
0
0
0
0
0
0
0
0
0
0
0
0
0
0
0
0
0
0
0
0
0
0
0
0
0
0
0
0
0
0
0
0
0
0
0
0
0
0
0
0
0
0
0
0
0
0
0
0
0
0
0
0
0
0
0
0
0
0
0
0
0
0
0
0
0
0
0
0
0
0
0
0
0
0
0
0
0
0
0
0
0
0
0
0
0
0
0
0
0
0
0
0
0
0
0
0
0
0
0
0
0
0
0
0
0
0
0
0
0
0
0
0
0
0
0
0
0
0
0
0
0
0
0
0
0
0
0
0
0
0
0
0
0
0
0
0
0
0
0
0
0
0
0
0
0
0
0
0
0
0
0
0
0
0
0
0
0
0
0
0
0
0
0
0
0
0
0
0
0
0
0
0
0
0
0
0
0
0
0
0
0
0
0
0
0
0
0
0
0
0
0
0
0
0
0
0
0
0
0
0
0
0
0
0
0
0
0
0
0
0
0
0
0
0
0
0
0
0
0
0
0
0
0
0
0
0
0
0
0
0
0
0
0
0
0
0
0
0
0
0
0
0
0
0
0
0
0
0
0
0
0
0
0
0
0
0
0
0
0
0
0
0
0
0
0
0
0
0
0
0
0
0
0
0
0
0
0
0
0
0
0
0
0
0
0
0
0
0
0
0
0
0
0
0
0
0
0
0
0
0
0
0
0
0
0
0
0
0
0
0
0
0
0
0
0
0
0
0
0
0
0
0
0
0
0
0
0
0
0
0
0
0
0
0
0
0
0
0
0
0
0
0
0
0
0
0
0
0
0
0
0
0
0
0
0
0
0
0
0
0
0
0
0
0
0.185185
0
0
0
0
0
0.740741
0
0
0
1.48148
0.740741
0
0
0
0
0
0
0
0
2.96296
0
0.740741
0
0
0
0.37037
1.48148
0
0
0
2.96296
0
0
0
0
1.48148
0
0
2.96296
0.37037
0.740741
0
0
0.740741
0
1.48148
0
1.48148
1.48148
2.96296
0
0
0
0
0
0
1.11111
1.48148
0
0.740741
0
2.22222
0
2.96296
0
2.96296
0
0
0.185185
0.740741
0
0
4.44444
1.48148
0
0.740741
0
0
0.37037
1.48148
3.7037
0
0
0.740741
2.22222
0
0
4.44444
0.37037
0
0
0.740741
1.48148
0
2.96296
4.44444
3.7037
0.37037
1.48148
2.96296
0
2.22222
0
1.48148
1.48148
0
5.92593
0
2.40741
5.92593
4.44444
1.48148
2.59259
1.48148
1.48148
2.96296
0
5.92593
0.925926
5.18519
8.14815
7.77778
3.7037
7.40741
2.22222
2.96296
3.33333
4.44444
8.14815
4.81481
4.25926
7.40741
3.88889
13.7037
10.7407
5.92593
7.40741
11.2963
8.33333
12.5926
14.2593
9.62963
7.03704
7.40741
8.14815
6.66667
9.25926
6.66667
6.66667
12.963
6.2963
9.62963
15.1852
9.62963
12.4074
12.4074
14.0741
4.44444
11.8519
10.3704
9.62963
17.037
11.4815
5.18519
8.88889
11.1111
11.8519
7.59259
6.2963
18.5185
11.4815
9.25926
9.62963
9.25926
15.1852
4.07407
8.14815
11.4815
18.8889
13.7037
12.963
12.2222
17.2222
16.2963
14.0741
7.03704
7.40741
12.5926
11.8519
7.59259
5.18519
7.96296
13.3333
15.7407
14.6296
8.14815
5.92593
1.48148
4.07407
5.18519
2.96296
2.96296
3.7037
0.37037
5.18519
2.96296
2.22222
3.33333
1.48148
3.7037
1.48148
1.48148
0.740741
1.48148
4.62963
0.740741
0
4.44444
0
1.48148
0
0
3.33333
5.92593
2.96296
0.185185
4.44444
0
2.22222
2.22222
0
1.48148
2.22222
1.48148
1.48148
1.48148
0
4.07407
0
0.740741
0
0
2.59259
0.740741
2.22222
0.740741
1.48148
1.66667
1.48148
1.48148
1.48148
0
0
2.96296
0.37037
0.740741
0
1.48148
0
0
0
1.48148
0.740741
2.96296
2.96296
2.22222
0.740741
1.48148
0
0
0.740741
2.22222
0.740741
1.48148
0
1.48148
0.740741
0
0.740741
0
0
0.37037
0
0
3.33333
2.96296
1.48148
0
0
2.96296
2.22222
2.59259
2.96296
1.48148
3.33333
1.48148
0
0
7.40741
2.96296
1.48148
0
2.22222
1.48148
1.48148
1.48148
0
1.48148
1.48148
2.96296
0.740741
0
0
1.48148
1.48148
2.96296
0.740741
2.22222
1.48148
0
0
4.44444
0
0
0
0.740741
1.48148
0
0.740741
3.88889
3.14815
1.48148
2.22222
0
1.85185
1.48148
1.48148
2.22222
2.96296
0.740741
1.48148
2.22222
2.22222
1.85185
1.48148
2.40741
2.59259
0
0.37037
4.07407
2.22222
0
3.7037
0
2.96296
0
0.740741
0
0
1.48148
2.96296
0
1.48148
3.7037
4.44444
1.48148
2.96296
0
0
0
2.96296
2.96296
1.48148
2.22222
0.740741
1.48148
2.96296
1.48148
0
0
1.48148
5.18519
1.48148
2.96296
2.59259
2.96296
0.37037
0.740741
2.96296
2.96296
6.66667
0
0
2.22222
0
1.48148
4.44444
1.48148
1.48148
3.7037
0.925926
3.7037
0.740741
3.7037
0
1.48148
0.740741
0.740741
3.7037
0
0.740741
0
2.96296
0.740741
0
1.48148
2.22222
0
2.96296
1.48148
0
0.740741
0
2.96296
2.96296
1.48148
0.37037
1.11111
4.44444
3.7037
5.92593
0
1.66667
1.48148
2.96296
2.40741
0
1.11111
0
1.48148
4.44444
0
1.48148
6.2963
0
0.37037
0.37037
0.740741
0
1.48148
1.48148
0
0.37037
0
0
0
0
0
0
0
0
0.37037
1.48148
1.48148
0
0
1.48148
0
0
0
0
0
0
0
0
0
0.37037
0
0
0
0
0
1.48148
0
0
0
0
0.37037
0
