25.0000 0.05 1
120
0
0
0
0
0
0
0
0
0
0
0
0
0
0
0
0
0
0
0
0
0
0
0
0
0
0
0
0
0
0
0
0
0
0
0
0
0
0
0
0
0
0
0
0
0
0
0
0
0
0
0
0
0
0
0
0
0
0
0
0
0
0
0
0
0
0
0
0
0
0
0
0
0
0
0
0
0
0
0
0
0
0
0
0
0
0
0
0
0
0
0
0
0
0
0
0
0
0
0
0
0
0
0
0
0
0
0
0
0
0
0
0
0
0
0
0
0
0
0
0
0
0
0
0
0
0
0
0
0
0
0
0
0
0
0
0
0
0
0
0
0
0
0
0
0
0
0
0
0
0
0
0
0
0
0
0
0
0
0
0
0
0
0
0
0
0
0
0
0
0
0
0
0
0
0
0
0
0
0
0
0
0
0
0
0
0
0
0
0
0
0
0
0
0
0
0
0
0
0
0
0
0
0
0
0
0
0
0
0
0
0
0
0
0
0
0
0
0
0
0
0
0
0
0
0
0
0
0
0
0
0
0
0
0
0
0
0
0
0
0
0
0
0
0
0
0
0
0
0
0
0
0
0
0
0
0
0
0
0
0
0
0
0
0
0
0
0
0
0
0
0
0
0
0
0
0
0
0
0
0
0
0
0
0
0
0
0
0
0
0
0
0
0
0
0
0
0
0
0
0
0
0
0
0
0
0
0
0
0
0
0
0
0
0
0
0
0
0
0
0
0
0
0
0
0
0
0
0
0
0
0
0
0
0
0
0
0
0
0
0
0
0
0
0
0
0
0
0
0
0
0
0
0
0
0
0
0
0
0
0
0
0
0
0
0
0
0
0
0
0
0
0
0
0
0
0
0
0
0
0
0
0
0
0
0
0
0
0
0
0
0
0
0
0
0
0
0
0
0
0
0
0
0
0
0
0
0
0
0
0
0
0
0
0
0
0
0
0
0
0
0
0
0
0
0
0
0
0
0
0
0
0
0
0
0
0
0
0
0
0
0
0
0
0
0
0
0
0
0
0
0
0
0
0
0
0
0
0
0
0
0
0
0
0
0
0
0
0
0
0
0
0
0
0
0
0
0
0
0
0
0
0
0
0
0
0
0
0
0
0
0
0
0
0
0
0
0
0
0
0
0
0
0
0
0
0
0
0
0
0
0
0
0
0
0
0
0
0
0
0
0
0
0
0
0
0
0
0
0
0
0
0
0
0
0
0
0
0
0
0
0
0
0
0
0
0
0
0
0
0
0
0
0
0
0
0
0
0
0
0
0
0
0
0
0
0
0
0
0
0
0
0
0
0
0
0
0
0
0
0
0
0
0
0
0
0
0
0
0
0
0
0
0
0
0
0
0
0
0
0
0
0
0
0
0
0
0
0
0
0
0
0
0
0
0
0
0
0
0
0
0
0
0
0
0
0
0
0
0
0
0
0
0
0
0
0
0
0
0
0
0
0
0
0
0
0
0
0
0
0
0
0
0
0
0
0
0
0
0
0
0
0
0
0
0
0
0
0
0
0
0
0
0
0
0
0
0
0
0
0
0
0
0
0
0
0
0
0
0
0
0
0
0
0
0
0
0
0
0
0
0
0
0
0
0
0
0
0
0
0
0
0
0
0
0
0
0
0
0
0
0
0
0
0
0
0
0
0
0
0
0
0
0
0
0
0
0
0
0
0
0
0
0
0
0
0
0
0
0
0
0
0
0
0
0
0
0
0
0
0
0
0
0
0
0
0
0
0
0
0
0
0
0
0
0
0
0
0
0
0
0
0
0
0
0
0
0
0
0
0
0
0
0
0
0
0
0
0
0
0
0
0
0
0
0
0
0
0
0
0
0
0
0
0
0
0
0
0
0
0
0
0
0
0
0
0
0
0
0
0
0
0
0
0
0
0
0
0
0
0
0
0
0
0
0
0
0
0
0
0
0
0
0
0
0
0
0
0
0
0
0
0
0
0
0
0
0
0
0
0
0
0
0
0
0
0
0
0
0
0
0
0
0
0
0
0
0
0
0
0
0
0
0
0
0
0
0
0
0
0
0
0
0
0
0
0
0
0
0
0
0
0
0
0
0
0
0
0
0
0
0
0
0
0
0
0
0
0
0
0
0
0
0
0
0
0
0
0
0
0
0
0
0
0
0
0
0
0
0
0
0
0
0
0
0
0
0
0
0
0
0
0
0
0
0
0
0
0
0
0
0
0
0
0
0
0
0
0
0
0
0
0
0
0
0
0
0
0
0
0
0
0
0
0
0
0
0
0
0
0
0
0
0
0
0
0
0
0
0
0
0
0
0
0
0
0
0
0
0
0
0
0
0
0
0
0
0
0
0
0
0
0
0
0
0
0
0
0
0
0
0
0
0
0
0.116618
0
0
0
0.699708
0
0
0
1.39942
0
0
0
0.932945
0
0
0
0.699708
0
0
0
2.79883
0
0
0
2.79883
0
0
0
0
0
0
0
1.39942
0
0
0
3.49854
0
0
2.79883
0
0
0
2.79883
0
0
0
0
0.932945
0
0
2.79883
0
0
0
5.59767
0
0
0
0
0
0
0
0
0
0
2.79883
0.699708
0
1.39942
0
2.79883
2.79883
0
0
2.79883
0
0
0
0
0
0
2.79883
2.79883
0
0
5.59767
0
0
0
0
0
0
0
0
0
0
2.79883
0
1.39942
0.699708
2.33236
0
2.79883
5.59767
0
0
2.79883
0
0
0
0
0
0
6.99708
1.39942
0
0
5.59767
0
0
0
0
0
0
0
1.86589
1.86589
0
2.79883
2.33236
0
0
8.3965
0.932945
0
0
0
3.49854
1.39942
0
0
1.86589
4.19825
0
0
2.79883
0
0
5.59767
0.932945
0
0
0
4.66472
2.79883
2.79883
9.32945
2.79883
2.79883
3.03207
0
0.699708
2.79883
0
0.699708
8.3965
9.79592
0.699708
4.19825
1.86589
6.99708
4.19825
2.79883
6.99708
6.99708
8.3965
1.39942
2.79883
1.86589
7.69679
3.14869
0
0
6.99708
0.699708
4.5481
3.49854
1.39942
2.79883
3.73178
10.0292
13.9942
12.5948
11.6618
7.46356
0
6.06414
2.79883
0
0
4.19825
5.59767
0
9.32945
0
0
5.59767
0
1.39942
0
0
0
2.79883
0
2.79883
2.79883
0
2.79883
0
1.86589
0
0
0.116618
4.19825
5.59767
5.59767
2.33236
3.73178
4.19825
0
0
0
2.79883
2.79883
3.49854
0
2.79883
0
0
0
0.699708
0
5.59767
5.36443
0
0
1.39942
0
2.79883
0
0
0
1.39942
5.59767
0
2.79883
2.79883
1.39942
0.233236
0.699708
2.79883
0
0
5.59767
6.29738
1.39942
0
0
2.79883
0
2.79883
0.932945
0.699708
0
0
2.79883
2.79883
0
1.39942
0.699708
0
0
0
1.39942
2.79883
7.46356
1.39942
0
2.79883
1.39942
5.59767
0
2.79883
1.39942
2.79883
1.39942
3.49854
1.39942
2.79883
0
4.66472
2.33236
0
0
0
0
0
0
11.1953
0
1.39942
1.39942
0
6.53061
0
0
0.699708
0
0
0.699708
2.79883
1.39942
0
0
0
2.79883
0
2.79883
7.69679
1.39942
0
1.39942
4.19825
1.39942
2.79883
0
0
2.79883
0
2.79883
0
0
2.79883
0
6.29738
1.39942
5.59767
0
0.699708
2.79883
0
0
0
4.19825
4.19825
2.79883
6.06414
0
0
5.59767
0
0
2.79883
0
0.233236
5.59767
9.79592
0.932945
0
1.39942
2.79883
0
0
3.49854
5.59767
1.2828
0
0
0
0
0.699708
2.79883
0.699708
0
0
0
0
3.49854
0
0
2.79883
0
5.59767
0
0
2.79883
0
0
0.932945
0.699708
0
0
0
0
0
0.932945
0
0
0
0
5.59767
0
0
0
0
0
0
0
0
0
0
2.79883
2.79883
0
0
0
0
0
0
0
0
0
0
2.79883
0
0
0
0
0
0
0
0
0
0
0
0
0
1.86589
0
0
0
0
0
0
0
0.932945
0
0
0
0
0
0
0
0
0
0
0
0
0.932945
0
