76.0000 0.05 1
160
120
109.333
70.4
20.2667
0
0
0
0
0
0
0
0
0
0
0
0
0
0
0
0
0
0
0
0
0
0
0
0
0
0
0
0
0
0
0
0
0
0
0
0
0
0
0
0
0
0
0
0
0
0
0
0
0
0
0
0
0
0
0
0
0
0
0
0
0
0
0
0
0
0
0
0
0
0
0
0
0
0
0
0
0
0
0
0
0
0
0
0
0
0
0
0
0
0
0
0
0
0
0
0
0
0
0
0
0
0
0
0
0
0
0
0
0
0
0
0
0
0
0
0
0
0
0
0
0
0
0
0
0
0
0
0
0
0
0
0
0
0
0
0
0
0
0
0
0
0
0
0
0
0
0
0
0
0
0
0
0
0
0
0
0
0
0
0
0
0
0
0
0
0
0
0
0
0
0
0
0
0
0
0
0
0
0
0
0
0
0
0
0
0
0
0
0
0
0
0
0
0
0
0
0
0
0
0
0
0
0
0
0
0
0
0
0
0
0
0
0
0
0
0
0
0
0
0
0
0
0
0
0
0
0
0
0
0
0
0
0
0
0
0
0
0
0
0
0
0
0
0
0
0
0
0
0
0
0
0
0
0
0
0
0
0
0
0
0
0
0
0
0
0
0
0
0
0
0
0
0
0
0
0
0
0
0
0
0
0
0
0
0
0
0
0
0
0
0
0
0
0
0
0
0
0
0
0
0
0
0
0
0
0
0
0
0
0
0
0
0
0
0
0
0
0
0
0
0
0
0
0
0
0
0
0
0
0
0
0
0
0
0
0
0
0
0
0
0
0
0
0
0
0
0
0
0
0
0
0
0
0
0
0
0
0
0
0
0
0
0
0
0
0
0
0
0
0
0
0
0
0
0
0
0
0
0
0
0
0
0
0
0
0
0
0
0
0
0
0
0
0
0
0
0
0
0
0
0
0
0
0
0
0
0
0
0
0
0
0
0
0
0
0
0
0
0
0
0
0
0
0
0
0
0
0
0
0
0
0
0
0
0
0
0
0
0
0
0
0
0
0
0
0
0
0
0
0
0
0
0
0
0
0
0
0
0
0
0
0
0
0
0
0
0
0
0
0
0
0
0
0
0
0
0
0
0
0
0
0
0
0
0
0
0
0
0
0
0
0
0
0
0
0
0
0
0
0
0
0
0
0
0
0
0
0
0
0
0
0
0
0
0
0
0
0
0
0
0
0
0
0
0
0
0
0
0
0
0
0
0
0
0
0
0
0
0
0
0
0
0
0
0
0
0
0
0
0
0
0
0
0
0
0
0
0
0
0
0
0
0
0
0
0
0
0
0
0
0
0
0
0
0
0
0
0
0
0
0
0
0
0
0
0
0
0
0
0
0
0
0
0
0
0
0
0
0
0
0
0
0
0
0
0
0
0
0
0
0
0
0
0
0
0
0
0
0
0
0
0
0
0
0
0
0
0
0
0
0
0
0
0
0
0
0
0
0
0
0
0
0
0
0
0
0
0
0
0
0
0
0
0
0
0
0
0
0
0
0
0
0
0
0
0
0
0
0
0
0
0
0
0
0
0
0
0
0
0
0
0
0
0
0
0
0
0
0
0
0
0
0
0
0
0
0
0
0
0
0
0
0
0
0
0
0
0
0
0
0
0
0
0
0
0
0
0
0
0
0
0
0
0
0
0
0
0
0
0
0
0
0
0
0
0
0
0
0
0
0
0
0
0
0
0
0
0
0
0
0
0
0
0
0
0
0
0
0
0
0
0
0
0
0
0
0
0
0
0
0
0
0
0
0
0
0
0
0
0
0
0
0
0
0
0
0
0
0
0
0
0
0
0
0
0
0
0
0
0
0
0
0
0
0
0
0
0
0
0
0
0
0
0
0
0
0
0
0
0
0
0
0
0
0
0
0
0
0
0
0
0
0
0
0
0
0
0
0
0
0
0
0
0
0
0
0
0
0
0
0
0
0
0
0
0
0
0
0
0
0
0
0
0
0
0
0
0
0
0
0
0
0
0
0
0
0
0
0
0
0
0
0
0
0
0
0
0
0
0
0
0
0
0
0
0
0
0
0
0
0
0
0
0
0
0
0
0
0
0
0
0
0
0
0
0
0
0
0
0
0
0
0
0
0
0
0
0
0
0
0
0
0
0
0
0
0
0
0
0
0
0
0
0
0
0
0
0
0
0
0
0
0
0
0
0
0
0
0
0
0
0
0
0
0
0
0
0
0
0
0
0
0
0
0
0
0
0
0
0
0
0
0
0
0
0
0
0
0
0
0
0
0
0
0
0
0
0
0
0
0
0
0
0
0
0
0
0
0
0
0
0
0
0
0
0
0
0
0
0
0
0
0
0
0
0
0
0
0
0
0
0
0
0
0
0
0
0
0
0
0
0
0
0
0
0
0
0.266667
0
0
0
0
0.533333
1.6
0.533333
0
1.06667
0
0
1.06667
0
0
0.533333
0
1.06667
2.66667
0
1.06667
0
1.06667
1.6
1.06667
0.533333
1.06667
1.06667
1.06667
0.533333
0
1.6
0
0.266667
2.66667
0
1.6
2.13333
1.06667
0
1.06667
1.06667
1.06667
1.6
2.13333
1.06667
1.06667
0
0.533333
3.2
0.533333
1.06667
0
2.13333
1.86667
1.6
1.06667
0
0
0
2.13333
1.06667
1.6
0
1.6
0.533333
3.2
1.6
2.13333
1.06667
1.6
1.06667
0
2.13333
1.6
1.6
3.2
0.533333
1.6
2.13333
0.533333
0
3.2
1.06667
1.06667
1.06667
3.2
2.13333
2.13333
0.533333
1.6
1.6
1.6
1.06667
2.66667
2.13333
1.6
1.6
1.6
3.2
1.06667
1.06667
3.73333
1.6
2.13333
1.06667
1.06667
1.6
4.8
1.6
1.6
1.6
1.86667
2.13333
1.6
0.533333
2.66667
1.06667
5.06667
3.73333
5.86667
1.33333
2.4
6.4
2.66667
1.33333
2.66667
2.66667
3.2
2.13333
5.06667
1.6
0.533333
0.533333
3.2
3.73333
3.2
3.73333
3.2
3.73333
4.26667
9.06667
3.2
4.8
6.13333
4.8
8.26667
3.46667
7.46667
4.26667
6.93333
10.1333
5.86667
4.53333
9.06667
8.8
13.8667
10.1333
14.6667
5.33333
5.86667
9.86667
8.53333
17.6
13.0667
16.5333
14.6667
14.9333
16.8
16
17.6
16
16
10.9333
13.3333
12
12.8
8.53333
10.6667
13.8667
14.4
17.6
11.7333
15.2
13.3333
9.86667
12
12.2667
17.8667
15.4667
15.7333
18.6667
21.0667
21.0667
19.7333
19.7333
23.7333
14.9333
17.8667
11.4667
10.6667
4.53333
8.53333
1.06667
4.8
1.6
1.33333
9.06667
2.66667
4.26667
4.8
3.73333
8.8
3.73333
6.4
4.8
2.13333
8
6.13333
2.66667
3.73333
5.33333
5.33333
1.6
2.4
2.66667
4.26667
4.26667
1.06667
1.6
2.66667
1.06667
1.06667
3.2
1.06667
1.6
0
2.13333
0
1.86667
1.6
1.6
7.46667
4
1.6
6.13333
3.2
1.06667
1.6
2.4
1.06667
2.66667
4.26667
3.73333
2.66667
1.6
4.8
2.66667
4.8
1.06667
5.33333
3.73333
4.26667
1.06667
3.2
3.2
5.86667
4.26667
2.93333
2.13333
2.93333
1.06667
0
4.26667
1.06667
4.8
1.6
2.13333
1.06667
1.06667
2.66667
1.06667
1.6
0.533333
2.13333
0.8
3.73333
3.2
2.66667
6.66667
0.266667
2.13333
1.06667
2.13333
2.13333
0.533333
2.4
2.13333
2.66667
2.66667
5.33333
3.2
6.4
3.2
2.13333
3.73333
3.73333
4.8
4.26667
3.73333
1.6
2.13333
4
4.26667
1.6
4.8
2.13333
1.6
2.13333
3.2
2.66667
1.6
1.06667
5.86667
5.33333
1.06667
2.66667
4.26667
3.73333
1.06667
3.2
2.66667
6.4
6.4
2.66667
2.66667
6.4
1.06667
0.533333
2.13333
0
1.06667
6.4
3.2
3.2
2.66667
4.26667
0.533333
3.2
5.33333
1.06667
5.33333
2.13333
1.06667
1.06667
2.13333
6.4
4.26667
2.13333
2.66667
4.26667
3.73333
1.6
4.8
5.86667
1.06667
1.6
4.26667
3.73333
4.8
1.6
2.66667
2.93333
3.2
1.6
2.66667
3.2
3.73333
2.13333
4.8
4.26667
4.53333
6.4
3.2
1.6
6.4
3.2
5.86667
1.6
3.2
1.6
2.66667
4.8
2.66667
1.6
4.26667
1.06667
5.33333
0.533333
2.13333
1.6
0.266667
0.533333
1.06667
2.66667
1.06667
0.8
2.13333
1.6
0
0.266667
0.533333
0
3.2
2.93333
1.06667
0.533333
0.533333
1.06667
0
1.6
0.533333
0.533333
0.266667
0
0
0
0.533333
0
