127.0000 0.05 1
120
160
80
160
160
30
10
0
0
80
0
0
40
0
0
0
0
0
0
0
0
0
0
0
0
0
0
0
0
0
0
0
0
0
0
0
0
0
0
0
0
0
0
0
0
0
0
0
0
0
0
0
0
0
0
0
0
0
0
0
0
0
0
0
0
0
0
0
0
0
0
0
0
0
0
0
0
0
0
0
0
0
0
0
0
0
0
0
0
0
0
0
0
0
0
0
0
0
0
0
0
0
0
0
0
0
0
0
0
0
0
0
0
0
0
0
0
0
0
0
0
0
0
0
0
0
0
0
0
0
0
0
0
0
0
0
0
0
0
0
0
0
0
0
0
0
0
0
0
0
0
0
0
0
0
0
0
0
0
0
0
0
0
0
0
0
0
0
0
0
0
0
0
0
0
0
0
0
0
0
0
0
0
0
0
0
0
0
0
0
0
0
0
0
0
0
0
0
0
0
0
0
0
0
0
0
0
0
0
0
0
0
0
0
0
0
0
0
0
0
0
0
0
0
0
0
0
0
0
0
0
0
0
0
0
0
0
0
0
0
0
0
0
0
0
0
0
0
0
0
0
0
0
0
0
0
0
0
0
0
0
0
0
0
0
0
0
0
0
0
0
0
0
0
0
0
0
0
0
0
0
0
0
0
0
0
0
0
0
0
0
0
0
0
0
0
0
0
0
0
0
0
0
0
0
0
0
0
0
0
0
0
0
0
0
0
0
0
0
0
0
0
0
0
0
0
0
0
0
0
0
0
0
0
0
0
0
0
0
0
0
0
0
0
0
0
0
0
0
0
0
0
0
0
0
0
0
0
0
0
0
0
0
0
0
0
0
0
0
0
0
0
0
0
0
0
0
0
0
0
0
0
0
0
0
0
0
0
0
0
0
0
0
0
0
0
0
0
0
0
0
0
0
0
0
0
0
0
0
0
0
0
0
0
0
0
0
0
0
0
0
0
0
0
0
0
0
0
0
0
0
0
0
0
0
0
0
0
0
0
0
0
0
0
0
0
0
0
0
0
0
0
0
0
0
0
0
0
0
0
0
0
0
0
0
0
0
0
0
0
0
0
0
0
0
0
0
0
0
0
0
0
0
0
0
0
0
0
0
0
0
0
0
0
0
0
0
0
0
0
0
0
0
0
0
0
0
0
0
0
0
0
0
0
0
0
0
0
0
0
0
0
0
0
0
0
0
0
0
0
0
0
0
0
0
0
0
0
0
0
0
0
0
0
0
0
0
0
0
0
0
0
0
0
0
0
0
0
0
0
0
0
0
0
0
0
0
0
0
0
0
0
0
0
0
0
0
0
0
0
0
0
0
0
0
0
0
0
0
0
0
0
0
0
0
0
0
0
0
0
0
0
0
0
0
0
0
0
0
0
0
0
0
0
0
0
0
0
0
0
0
0
0
0
0
0
0
0
0
0
0
0
0
0
0
0
0
0
0
0
0
0
0
0
0
0
0
0
0
0
0
0
0
0
0
0
0
0
0
0
0
0
0
0
0
0
0
0
0
0
0
0
0
0
0
0
0
0
0
0
0
0
0
0
0
0
0
0
0
0
0
0
0
0
0
0
0
0
0
0
0
0
0
0
0
0
0
0
0
0
0
0
0
0
0
0
0
0
0
0
0
0
0
0
0
0
0
0
0
0
0
0
0
0
0
0
0
0
0
0
0
0
0
0
0
0
0
0
0
0
0
0
0
0
0
0
0
0
0
0
0
0
0
0
0
0
0
0
0
0
0
0
0
0
0
0
0
0
0
0
0
0
0
0
0
0
0
0
0
0
0
0
0
0
0
0
0
0
0
0
0
0
0
0
0
0
0
0
0
0
0
0
0
0
0
0
0
0
0
0
0
0
0
0
0
0
0
0
0
0
0
0
0
0
0
0
0
0
0
0
0
0
0
0
0
0
0
0
0
0
0
0
0
0
0
0
0
0
0
0
0
0
0
0
0
0
0
0
0
0
0
0
0
0
0
0
0
0
0
0
0
0
0
0
0
0
0
0
0
0
0
0
0
0
0
0
0
0
0
0
0
0
0
0
0
0
0
0
0
0
0
0
0
0
0
0
0
0
0
0
0
0
0
0
0
0
0
0
0
0
0
0
0
0
0
0
0
0
0
0
0
0
0
0
0
0
0
0
0
0
0
0
0
0
0
0
0
0
0
0
0
0
0
0
0
0
0
0
0
0
0
0
0
0
0
0
0
0
0
0
0
0
0
0
0
0
0
0
0
0
0
0
0
0
0
0
0
0
0
0
0
0
0
0
0
0
0
0
0
0
0
0
0
0
0
0
0
0
0
0
0
0
0
0
0
0
0
0
0
0
0
0
0
0
0
0
0
0
0
0
0
0
0
0
0
0
0
0
0
0
0
0
0
0
0
0
0.3125
0
0
1.25
0
0
0
1.25
0.625
0.3125
0.625
1.25
1.25
1.875
0
1.25
1.25
0.625
0
0
2.5
0
2.1875
0
0
1.875
0
0
0.625
1.5625
0.625
1.875
0.9375
1.25
2.5
1.875
1.25
2.8125
0.9375
3.125
0
2.5
1.25
2.5
0.625
0.625
1.25
0.3125
3.125
0.9375
2.5
0.3125
0.625
0.625
0.9375
0.625
4.0625
2.1875
2.5
2.5
3.125
1.25
3.125
1.25
1.5625
1.25
0.625
2.5
1.25
1.25
4.0625
1.875
1.25
2.8125
4.375
2.1875
2.5
1.5625
0.625
2.5
5.3125
2.8125
4.6875
3.125
0.625
4.375
1.25
1.25
0
2.8125
2.8125
4.6875
1.25
2.5
2.8125
0.3125
4.0625
1.25
5.625
3.75
4.0625
3.4375
4.6875
1.25
3.75
3.75
6.5625
2.8125
5.9375
3.75
4.375
3.125
0.625
2.5
1.875
3.75
2.5
6.5625
3.75
3.125
2.1875
5
7.1875
5.625
5.3125
2.5
1.875
3.125
3.4375
6.5625
10.625
4.375
7.5
5.9375
3.75
4.6875
4.375
7.1875
11.25
8.125
8.4375
7.1875
13.125
10.9375
11.5625
8.75
17.5
10
10
13.75
9.375
11.875
10.9375
17.5
19.375
21.875
9.375
26.875
10
16.5625
20.3125
21.875
20.625
23.4375
18.4375
21.25
22.1875
17.5
14.375
28.125
26.875
29.6875
28.4375
29.0625
21.875
11.25
21.5625
24.0625
20.9375
33.4375
21.25
30
36.25
40.625
31.5625
37.1875
21.875
24.6875
24.375
22.1875
18.125
9.0625
13.75
13.75
15.3125
15.625
13.125
17.5
14.0625
31.875
20.9375
15.3125
24.375
15.3125
19.375
5
7.8125
4.6875
3.125
2.5
5
8.75
9.375
7.1875
10.625
10.625
2.8125
4.375
9.375
6.25
4.6875
5.9375
2.1875
2.5
7.8125
4.6875
7.5
7.1875
0
5
4.375
5.3125
6.5625
3.75
2.5
8.125
4.0625
1.25
8.4375
3.75
0.625
2.8125
0
2.5
1.5625
3.125
2.8125
3.75
3.75
4.6875
0.625
1.875
1.875
1.25
2.5
0.625
1.5625
0.3125
3.4375
3.4375
1.875
4.6875
0.625
2.8125
1.25
1.5625
2.8125
2.5
7.1875
1.875
0.625
2.8125
1.875
5.625
9.0625
3.4375
3.125
4.6875
3.75
7.5
1.5625
5
3.125
7.8125
1.875
8.125
5.3125
4.6875
8.125
4.375
4.375
5.9375
5
3.125
0.9375
2.5
7.5
5.625
0.625
3.125
4.375
3.75
4.6875
4.6875
5.9375
5.3125
8.125
4.0625
7.1875
2.1875
6.25
1.875
5.3125
4.375
1.5625
5.9375
6.5625
4.6875
1.5625
4.0625
7.5
5
1.875
2.8125
3.125
5.3125
3.125
2.5
5
5.625
8.4375
4.6875
6.5625
4.0625
3.125
0.9375
1.5625
3.75
7.8125
5
3.4375
6.5625
5.3125
3.75
3.125
6.25
5.3125
5.3125
2.1875
5.9375
2.1875
5.625
5.625
4.6875
4.6875
3.125
1.5625
8.75
5
2.5
8.4375
7.8125
6.25
3.125
2.8125
2.5
3.4375
4.0625
6.875
5
4.6875
4.0625
5
2.5
4.375
5.625
1.25
5.9375
2.5
1.25
5.9375
10.3125
4.375
3.75
5
9.0625
3.75
5
4.375
3.125
2.5
4.375
7.1875
5
8.125
1.25
4.375
5
3.125
6.25
5.625
1.25
0.625
1.25
3.75
3.4375
1.25
3.125
1.25
3.4375
2.5
1.25
0
2.1875
2.1875
0.625
0.9375
0
3.125
1.875
0
0
0
2.5
0.625
0
0
0
0.625
1.5625
0.3125
1.875
0.625
0.625
0.625
0
0
0
0
0
0
0.3125
0
0.625
0
