62.0000 0.05 1
160
56
24
0
0
0
0
0
0
0
0
0
0
0
0
0
0
0
0
0
0
0
0
0
0
0
0
0
0
0
0
0
0
0
0
0
0
0
0
0
0
0
0
0
0
0
0
0
0
0
0
0
0
0
0
0
0
0
0
0
0
0
0
0
0
0
0
0
0
0
0
0
0
0
0
0
0
0
0
0
0
0
0
0
0
0
0
0
0
0
0
0
0
0
0
0
0
0
0
0
0
0
0
0
0
0
0
0
0
0
0
0
0
0
0
0
0
0
0
0
0
0
0
0
0
0
0
0
0
0
0
0
0
0
0
0
0
0
0
0
0
0
0
0
0
0
0
0
0
0
0
0
0
0
0
0
0
0
0
0
0
0
0
0
0
0
0
0
0
0
0
0
0
0
0
0
0
0
0
0
0
0
0
0
0
0
0
0
0
0
0
0
0
0
0
0
0
0
0
0
0
0
0
0
0
0
0
0
0
0
0
0
0
0
0
0
0
0
0
0
0
0
0
0
0
0
0
0
0
0
0
0
0
0
0
0
0
0
0
0
0
0
0
0
0
0
0
0
0
0
0
0
0
0
0
0
0
0
0
0
0
0
0
0
0
0
0
0
0
0
0
0
0
0
0
0
0
0
0
0
0
0
0
0
0
0
0
0
0
0
0
0
0
0
0
0
0
0
0
0
0
0
0
0
0
0
0
0
0
0
0
0
0
0
0
0
0
0
0
0
0
0
0
0
0
0
0
0
0
0
0
0
0
0
0
0
0
0
0
0
0
0
0
0
0
0
0
0
0
0
0
0
0
0
0
0
0
0
0
0
0
0
0
0
0
0
0
0
0
0
0
0
0
0
0
0
0
0
0
0
0
0
0
0
0
0
0
0
0
0
0
0
0
0
0
0
0
0
0
0
0
0
0
0
0
0
0
0
0
0
0
0
0
0
0
0
0
0
0
0
0
0
0
0
0
0
0
0
0
0
0
0
0
0
0
0
0
0
0
0
0
0
0
0
0
0
0
0
0
0
0
0
0
0
0
0
0
0
0
0
0
0
0
0
0
0
0
0
0
0
0
0
0
0
0
0
0
0
0
0
0
0
0
0
0
0
0
0
0
0
0
0
0
0
0
0
0
0
0
0
0
0
0
0
0
0
0
0
0
0
0
0
0
0
0
0
0
0
0
0
0
0
0
0
0
0
0
0
0
0
0
0
0
0
0
0
0
0
0
0
0
0
0
0
0
0
0
0
0
0
0
0
0
0
0
0
0
0
0
0
0
0
0
0
0
0
0
0
0
0
0
0
0
0
0
0
0
0
0
0
0
0
0
0
0
0
0
0
0
0
0
0
0
0
0
0
0
0
0
0
0
0
0
0
0
0
0
0
0
0
0
0
0
0
0
0
0
0
0
0
0
0
0
0
0
0
0
0
0
0
0
0
0
0
0
0
0
0
0
0
0
0
0
0
0
0
0
0
0
0
0
0
0
0
0
0
0
0
0
0
0
0
0
0
0
0
0
0
0
0
0
0
0
0
0
0
0
0
0
0
0
0
0
0
0
0
0
0
0
0
0
0
0
0
0
0
0
0
0
0
0
0
0
0
0
0
0
0
0
0
0
0
0
0
0
0
0
0
0
0
0
0
0
0
0
0
0
0
0
0
0
0
0
0
0
0
0
0
0
0
0
0
0
0
0
0
0
0
0
0
0
0
0
0
0
0
0
0
0
0
0
0
0
0
0
0
0
0
0
0
0
0
0
0
0
0
0
0
0
0
0
0
0
0
0
0
0
0
0
0
0
0
0
0
0
0
0
0
0
0
0
0
0
0
0
0
0
0
0
0
0
0
0
0
0
0
0
0
0
0
0
0
0
0
0
0
0
0
0
0
0
0
0
0
0
0
0
0
0
0
0
0
0
0
0
0
0
0
0
0
0
0
0
0
0
0
0
0
0
0
0
0
0
0
0
0
0
0
0
0
0
0
0
0
0
0
0
0
0
0
0
0
0
0
0
0
0
0
0
0
0
0
0
0
0
0
0
0
0
0
0
0
0
0
0
0
0
0
0
0
0
0
0
0
0
0
0
0
0
0
0
0
0
0
0
0
0
0
0
0
0
0
0
0
0
0
0
0
0
0
0
0
0
0
0
0
0
0
0
0
0
0
0
0
0
0
0
0
0
0
0
0
0
0
0
0
0
0
0
0
0
0
0
0
0
0
0
0
0
0
0
0
0
0
0
0
0
0
0
0
0
0
0
0
0
0
0
0
0
0
0
0
0
0
0
0
0
0
0
0
0
0
0
0
0
0
0
0
0
0
0
0
0
0
0
0
0
0
0
0
0
0
0
0
0
0
0
0
0
0
0
0
0
0
0
0
0
0
0
0
0
0.444444
0
0
0.888889
0.888889
0
1.77778
0
1.77778
0
3.55556
0
0.888889
0
0
0.888889
1.77778
0
0
2.66667
0.888889
3.55556
0
2.66667
1.77778
0
1.77778
3.55556
0
0
3.55556
0
0
0.888889
1.77778
1.77778
1.77778
0
3.55556
0
7.11111
3.55556
0.444444
2.22222
0
0
6.22222
0.888889
0
0
0.888889
3.55556
0
4.44444
1.77778
0
0.444444
8.88889
0
5.77778
0
0
1.33333
3.55556
1.77778
1.77778
4.44444
3.55556
3.55556
5.77778
0.888889
1.77778
0
1.77778
0.888889
5.33333
0.888889
0.888889
7.11111
3.55556
3.55556
1.77778
1.77778
0.888889
4.44444
0
1.77778
1.77778
3.55556
0
0
2.66667
4.44444
0.888889
3.55556
7.11111
5.33333
3.55556
4.44444
1.77778
7.11111
0.888889
7.11111
0.888889
0.888889
7.11111
1.77778
1.77778
2.66667
1.77778
3.55556
9.77778
0
4.44444
5.33333
2.66667
0.888889
1.77778
7.11111
1.77778
1.77778
8.88889
0.444444
0
1.77778
0
10.6667
4.44444
1.77778
2.22222
5.77778
2.22222
4.44444
1.77778
5.77778
8
2.66667
6.22222
3.11111
4.44444
9.33333
1.77778
6.22222
7.55556
3.55556
10.6667
2.66667
8
0
4.44444
4
13.7778
2.22222
5.77778
9.77778
5.33333
0.888889
9.33333
4
7.11111
8
8.88889
1.77778
8
2.66667
9.33333
22.6667
4.44444
8.88889
12.4444
14.2222
11.5556
12.4444
7.11111
20.4444
17.3333
2.22222
11.1111
12.4444
19.5556
13.7778
12.8889
9.77778
5.33333
20.8889
6.66667
3.55556
15.1111
17.7778
23.1111
15.1111
11.5556
4
7.55556
5.33333
5.33333
5.33333
4.88889
0.888889
11.5556
4.44444
8.88889
0.888889
2.66667
6.66667
0.888889
8.88889
4.44444
9.77778
11.5556
3.11111
7.11111
8
4.44444
0.888889
1.77778
11.1111
2.66667
2.66667
8.88889
4.44444
2.22222
6.22222
5.33333
1.77778
0.444444
3.55556
8.44444
3.55556
0
6.22222
2.66667
0.888889
1.33333
10.6667
2.22222
0.888889
11.1111
8
4.88889
2.66667
2.66667
6.22222
6.22222
6.22222
7.11111
3.11111
4.44444
3.55556
5.77778
5.33333
3.55556
1.77778
0.888889
4.44444
8.44444
8
7.11111
7.11111
5.33333
7.11111
2.66667
5.77778
7.11111
1.77778
2.22222
2.22222
8.88889
5.33333
3.55556
2.22222
3.55556
3.55556
4.88889
5.33333
3.55556
6.22222
1.77778
8.44444
5.33333
9.77778
5.33333
0.888889
4.44444
6.22222
3.55556
6.22222
2.66667
7.11111
9.33333
9.77778
4.44444
2.66667
7.11111
7.11111
3.11111
5.33333
8
0.888889
5.33333
3.55556
2.66667
0
6.22222
8
5.33333
11.5556
0
2.22222
2.66667
4.44444
0.888889
0
4.44444
4.44444
1.77778
1.77778
3.55556
6.22222
10.6667
0.888889
4.44444
2.66667
0
1.77778
0
1.77778
5.33333
0
0
0
0
3.55556
7.11111
2.66667
0
0.888889
5.33333
1.77778
3.55556
0
0
5.33333
0
1.77778
0
0
0
1.77778
0
0.444444
0.888889
0.444444
1.33333
0.888889
1.33333
1.77778
3.55556
0
1.77778
2.22222
1.77778
0
0
0
0.888889
0
0.888889
0.888889
1.77778
0
0
1.77778
0
0
0.888889
0
