115.0000 0.05 1
36.5333
61.3333
89.2
144.667
88.2667
0
0
0
0
0
68
93.4667
102.133
148.267
8.13333
0
0
0
0
0
0
0
0
0
0
0
0
0
0
0
0
0
0
0
0
0
0
0
0
0
0
0
0
0
0
0
0
0
0
0
0
0
0
0
0
0
0
0
0
0
0
0
0
0
0
0
0
0
0
0
0
0
0
0
0
0
0
0
0
0
0
0
0
0
0
0
0
0
0
0
0
0
0
0
0
0
0
0
0
0
0
0
0
0
0
0
0
0
0
0
0
0
0
0
0
0
0
0
0
0
0
0
0
0
0
0
0
0
0
0
0
0
0
0
0
0
0
0
0
0
0
0
0
0
0
0
0
0
0
0
0
0
0
0
0
0
0
0
0
0
0
0
0
0
0
0
0
0
0
0
0
0
0
0
0
0
0
0
0
0
0
0
0
0
0
0
0
0
0
0
0
0
0
0
0
0
0
0
0
0
0
0
0
0
0
0
0
0
0
0
0
0
0
0
0
0
0
0
0
0
0
0
0
0
0
0
0
0
0
0
0
0
0
0
0
0
0
0
0
0
0
0
0
0
0
0
0
0
0
0
0
0
0
0
0
0
0
0
0
0
0
0
0
0
0
0
0
0
0
0
0
0
0
0
0
0
0
0
0
0
0
0
0
0
0
0
0
0
0
0
0
0
0
0
0
0
0
0
0
0
0
0
0
0
0
0
0
0
0
0
0
0
0
0
0
0
0
0
0
0
0
0
0
0
0
0
0
0
0
0
0
0
0
0
0
0
0
0
0
0
0
0
0
0
0
0
0
0
0
0
0
0
0
0
0
0
0
0
0
0
0
0
0
0
0
0
0
0
0
0
0
0
0
0
0
0
0
0
0
0
0
0
0
0
0
0
0
0
0
0
0
0
0
0
0
0
0
0
0
0
0
0
0
0
0
0
0
0
0
0
0
0
0
0
0
0
0
0
0
0
0
0
0
0
0
0
0
0
0
0
0
0
0
0
0
0
0
0
0
0
0
0
0
0
0
0
0
0
0
0
0
0
0
0
0
0
0
0
0
0
0
0
0
0
0
0
0
0
0
0
0
0
0
0
0
0
0
0
0
0
0
0
0
0
0
0
0
0
0
0
0
0
0
0
0
0
0
0
0
0
0
0
0
0
0
0
0
0
0
0
0
0
0
0
0
0
0
0
0
0
0
0
0
0
0
0
0
0
0
0
0
0
0
0
0
0
0
0
0
0
0
0
0
0
0
0
0
0
0
0
0
0
0
0
0
0
0
0
0
0
0
0
0
0
0
0
0
0
0
0
0
0
0
0
0
0
0
0
0
0
0
0
0
0
0
0
0
0
0
0
0
0
0
0
0
0
0
0
0
0
0
0
0
0
0
0
0
0
0
0
0
0
0
0
0
0
0
0
0
0
0
0
0
0
0
0
0
0
0
0
0
0
0
0
0
0
0
0
0
0
0
0
0
0
0
0
0
0
0
0
0
0
0
0
0
0
0
0
0
0
0
0
0
0
0
0
0
0
0
0
0
0
0
0
0
0
0
0
0
0
0
0
0
0
0
0
0
0
0
0
0
0
0
0
0
0
0
0
0
0
0
0
0
0
0
0
0
0
0
0
0
0
0
0
0
0
0
0
0
0
0
0
0
0
0
0
0
0
0
0
0
0
0
0
0
0
0
0
0
0
0
0
0
0
0
0
0
0
0
0
0
0
0
0
0
0
0
0
0
0
0
0
0
0
0
0
0
0
0
0
0
0
0
0
0
0
0
0
0
0
0
0
0
0
0
0
0
0
0
0
0
0
0
0
0
0
0
0
0
0
0
0
0
0
0
0
0
0
0
0
0
0
0
0
0
0
0
0
0
0
0
0
0
0
0
0
0
0
0
0
0
0
0
0
0
0
0
0
0
0
0
0
0
0
0
0
0
0
0
0
0
0
0
0
0
0
0
0
0
0
0
0
0
0
0
0
0
0
0
0
0
0
0
0
0
0
0
0
0
0
0
0
0
0
0
0
0
0
0
0
0
0
0
0
0
0
0
0
0
0
0
0
0
0
0
0
0
0
0
0
0
0
0
0
0
0
0
0
0
0
0
0
0
0
0
0
0
0
0
0
0
0
0
0
0
0
0
0
0
0
0
0
0
0
0
0
0
0
0
0
0
0
0
0
0
0
0
0
0
0
0
0
0
0
0
0
0
0
0
0
0
0
0
0
0
0
0
0
0
0
0
0
0
0
0
0
0
0
0
0
0
0
0
0
0
0
0
0
0
0
0
0
0
0
0
0
0
0
0
0
0
0
0
0
0
0
0
0
0
0
0
0
0
0
0
0
0
0
0
0
0
0
0
0
0
0
0
0
0
0
0
0
0
0
0
0
0
0
0
0
0
0
0
0
0
0
0
0
0
0
0
0
0
0
0
0
0
0
0
0
0
0
0
0
0
0
0
0
0
0
0
0.133333
0.133333
0
0
0
0.533333
0.533333
0.266667
0.266667
0
1.06667
0
2.13333
0
0
0
1.06667
1.06667
0.533333
0.533333
0
0
1.06667
1.06667
1.06667
1.06667
0
0.533333
0
4.26667
0
1.06667
1.06667
0
0.533333
1.6
1.06667
0
0
0
1.06667
1.06667
1.06667
1.06667
0
0
2.13333
3.2
0
0
0
1.2
1.2
2.13333
0
1.06667
1.06667
3.2
2.66667
0.533333
0
1.06667
0
0.533333
0.8
0
1.06667
4.26667
1.06667
0
2.13333
0
3.2
0
6.4
1.06667
0
1.06667
4.26667
0
0
2.13333
1.06667
2.13333
0
2.13333
2.4
6.66667
1.6
1.06667
2.66667
4.26667
0
1.33333
2.26667
2.13333
1.06667
2.13333
2.8
4.53333
1.6
5.86667
4
5.33333
4.8
9.46667
1.2
6.4
4.8
8
3.73333
5.86667
9.33333
2.13333
7.86667
11.4667
6.13333
4.93333
12.5333
6.13333
8.26667
12.4
9.73333
14.4
10.1333
11.0667
13.3333
14.9333
11.3333
20.4
13.6
11.8667
10.9333
16.2667
11.7333
16.2667
13.3333
12.1333
13.4667
12
14.1333
16.2667
22.1333
14.9333
14.4
20.9333
14.9333
14.8
20.6667
20.1333
16.5333
15.4667
17.0667
15.4667
18.4
25.8667
10.4
32.2667
12.6667
21.0667
11.7333
12
14.5333
21.2
21.6
20.1333
24.4
11.8667
16.6667
21.6
28
14.1333
18.8
20.5333
20
18.1333
23.2
27.7333
14.4
15.2
21.3333
14.2667
28
16.9333
29.0667
20.8
13.4667
11.4667
15.8667
13.6
13.6
9.33333
16.1333
16.5333
3.73333
11.8667
17.2
5.46667
10.6667
3.46667
7.46667
1.06667
2
5.6
6.53333
1.6
1.86667
0.266667
1.86667
3.33333
6.4
2.93333
0.133333
1.06667
3.46667
1.6
4.8
3.2
1.6
2.13333
4.26667
1.6
4.26667
2.66667
2.4
2.66667
5.86667
2.13333
2.13333
3.2
2.4
0.266667
0.533333
1.6
3.2
0.533333
1.06667
1.6
2.13333
2.66667
6.4
0.533333
4.26667
2.13333
6.93333
3.2
1.6
1.6
4.26667
2.66667
0.533333
0
2.66667
0
1.06667
0
1.06667
2.13333
0.533333
1.06667
1.06667
1.06667
2.13333
1.06667
0.533333
2.13333
2.66667
2.13333
1.06667
2.13333
4.8
1.06667
0
4.26667
0
3.2
0
2.13333
0
2.26667
1.33333
1.6
1.73333
2.13333
4.53333
1.6
1.06667
3.2
0.133333
1.6
0
0.533333
2.13333
0.666667
2.93333
0
1.6
0.8
1.06667
0.533333
1.6
1.6
1.06667
3.73333
5.33333
2.13333
5.33333
3.2
4
3.73333
1.06667
4.8
1.86667
2.13333
6.4
0
7.46667
0
1.6
1.6
1.06667
1.06667
0
1.06667
1.6
0.533333
3.46667
0.266667
2.13333
3.73333
1.06667
2.13333
0.533333
3.2
1.06667
2.13333
0.8
3.06667
0.533333
2.26667
1.06667
2.66667
4.26667
3.2
6
1.33333
1.06667
3.86667
2.4
3.46667
3.2
3.6
3.2
4.4
3.2
2.13333
0
2.26667
0
4.4
4.8
4.8
1.06667
2.13333
2.13333
1.6
1.86667
2.13333
1.33333
1.06667
0
0
0
2.13333
1.6
3.73333
5.33333
3.2
0
3.33333
0.533333
5.06667
6
7.73333
5.6
2.8
1.2
0.533333
2.66667
5.33333
2.13333
2.13333
2.66667
2.13333
2.13333
2.66667
5.86667
0
4.8
4.8
5.33333
2.13333
0
3.2
1.06667
1.06667
3.2
1.73333
5.33333
3.33333
3.73333
6.4
2.66667
3.2
2.13333
1.6
1.6
1.06667
1.06667
0.266667
0.133333
0
0.933333
1.33333
4.26667
3.2
5.86667
3.73333
6.13333
2.13333
1.6
0.533333
3.2
3.2
3.73333
3.73333
4.26667
3.73333
4.8
1.6
2.66667
3.73333
2.13333
1.06667
5.06667
1.33333
9.06667
2.66667
3.2
5.86667
5.33333
2.13333
2.13333
1.06667
5.33333
4.53333
6.66667
0
0.533333
1.6
2.13333
2.13333
2.66667
2.13333
0
0.533333
1.33333
0.533333
2.13333
0.533333
1.6
1.06667
2.13333
5.86667
0
1.06667
1.06667
0
2.13333
0
0
0
0
0
0
0
0
1.6
0.533333
0
0
2.13333
0
2.13333
0
0.533333
0.533333
0
0
0
0
0
0
0
0.533333
0
0
0
0
0
0
0
0
0
0
0
0
0
0
0
0
0
0
0
0.133333
0.133333
0
0
0
0
0
0
0
0
0
0.266667
0
