60.0000 0.05 1
120
60
96.6667
43.3333
0
40
0
0
0
0
0
0
0
0
0
0
0
0
0
0
0
0
0
0
0
0
0
0
0
0
0
0
0
0
0
0
0
0
0
0
0
0
0
0
0
0
0
0
0
0
0
0
0
0
0
0
0
0
0
0
0
0
0
0
0
0
0
0
0
0
0
0
0
0
0
0
0
0
0
0
0
0
0
0
0
0
0
0
0
0
0
0
0
0
0
0
0
0
0
0
0
0
0
0
0
0
0
0
0
0
0
0
0
0
0
0
0
0
0
0
0
0
0
0
0
0
0
0
0
0
0
0
0
0
0
0
0
0
0
0
0
0
0
0
0
0
0
0
0
0
0
0
0
0
0
0
0
0
0
0
0
0
0
0
0
0
0
0
0
0
0
0
0
0
0
0
0
0
0
0
0
0
0
0
0
0
0
0
0
0
0
0
0
0
0
0
0
0
0
0
0
0
0
0
0
0
0
0
0
0
0
0
0
0
0
0
0
0
0
0
0
0
0
0
0
0
0
0
0
0
0
0
0
0
0
0
0
0
0
0
0
0
0
0
0
0
0
0
0
0
0
0
0
0
0
0
0
0
0
0
0
0
0
0
0
0
0
0
0
0
0
0
0
0
0
0
0
0
0
0
0
0
0
0
0
0
0
0
0
0
0
0
0
0
0
0
0
0
0
0
0
0
0
0
0
0
0
0
0
0
0
0
0
0
0
0
0
0
0
0
0
0
0
0
0
0
0
0
0
0
0
0
0
0
0
0
0
0
0
0
0
0
0
0
0
0
0
0
0
0
0
0
0
0
0
0
0
0
0
0
0
0
0
0
0
0
0
0
0
0
0
0
0
0
0
0
0
0
0
0
0
0
0
0
0
0
0
0
0
0
0
0
0
0
0
0
0
0
0
0
0
0
0
0
0
0
0
0
0
0
0
0
0
0
0
0
0
0
0
0
0
0
0
0
0
0
0
0
0
0
0
0
0
0
0
0
0
0
0
0
0
0
0
0
0
0
0
0
0
0
0
0
0
0
0
0
0
0
0
0
0
0
0
0
0
0
0
0
0
0
0
0
0
0
0
0
0
0
0
0
0
0
0
0
0
0
0
0
0
0
0
0
0
0
0
0
0
0
0
0
0
0
0
0
0
0
0
0
0
0
0
0
0
0
0
0
0
0
0
0
0
0
0
0
0
0
0
0
0
0
0
0
0
0
0
0
0
0
0
0
0
0
0
0
0
0
0
0
0
0
0
0
0
0
0
0
0
0
0
0
0
0
0
0
0
0
0
0
0
0
0
0
0
0
0
0
0
0
0
0
0
0
0
0
0
0
0
0
0
0
0
0
0
0
0
0
0
0
0
0
0
0
0
0
0
0
0
0
0
0
0
0
0
0
0
0
0
0
0
0
0
0
0
0
0
0
0
0
0
0
0
0
0
0
0
0
0
0
0
0
0
0
0
0
0
0
0
0
0
0
0
0
0
0
0
0
0
0
0
0
0
0
0
0
0
0
0
0
0
0
0
0
0
0
0
0
0
0
0
0
0
0
0
0
0
0
0
0
0
0
0
0
0
0
0
0
0
0
0
0
0
0
0
0
0
0
0
0
0
0
0
0
0
0
0
0
0
0
0
0
0
0
0
0
0
0
0
0
0
0
0
0
0
0
0
0
0
0
0
0
0
0
0
0
0
0
0
0
0
0
0
0
0
0
0
0
0
0
0
0
0
0
0
0
0
0
0
0
0
0
0
0
0
0
0
0
0
0
0
0
0
0
0
0
0
0
0
0
0
0
0
0
0
0
0
0
0
0
0
0
0
0
0
0
0
0
0
0
0
0
0
0
0
0
0
0
0
0
0
0
0
0
0
0
0
0
0
0
0
0
0
0
0
0
0
0
0
0
0
0
0
0
0
0
0
0
0
0
0
0
0
0
0
0
0
0
0
0
0
0
0
0
0
0
0
0
0
0
0
0
0
0
0
0
0
0
0
0
0
0
0
0
0
0
0
0
0
0
0
0
0
0
0
0
0
0
0
0
0
0
0
0
0
0
0
0
0
0
0
0
0
0
0
0
0
0
0
0
0
0
0
0
0
0
0
0
0
0
0
0
0
0
0
0
0
0
0
0
0
0
0
0
0
0
0
0
0
0
0
0
0
0
0
0
0
0
0
0
0
0
0
0
0
0
0
0
0
0
0
0
0
0
0
0
0
0
0
0
0
0
0
0
0
0
0
0
0
0
0
0
0
0
0
0
0
0
0
0
0
0
0
0
0
0
0
0
0
0
0
0
0
0
0
0
0
0
0
0
0
0
0
0
0
0
0
0
0
0
0
0
0
0
0
0
0
0
0
0
0
0
0
0
0
0
0
0
0
0
0
0.277778
0
0
0
1.11111
0
0
0.555556
0.555556
0
0.277778
0
1.11111
0.555556
0
2.22222
0.555556
0
0
2.22222
0
1.11111
1.11111
1.11111
0.555556
0.277778
0
0
1.11111
0.555556
0
0
0.277778
0
1.11111
0.555556
0
3.61111
0.555556
0
1.38889
0.555556
2.22222
0.277778
1.11111
2.22222
0
0
2.22222
2.77778
0
0.555556
0
1.66667
0
1.11111
2.22222
2.77778
1.11111
3.88889
0.555556
0
0
1.38889
1.11111
0
1.11111
1.66667
1.11111
0
1.11111
1.94444
2.77778
0
1.66667
0.555556
0.555556
1.11111
1.11111
0.555556
2.22222
1.11111
2.77778
0
0.555556
0.555556
1.11111
1.66667
3.33333
1.11111
1.11111
2.22222
2.77778
4.44444
0
3.33333
0.555556
1.66667
1.11111
1.66667
3.05556
0.555556
2.22222
0.555556
1.66667
2.22222
2.22222
1.11111
1.11111
1.66667
4.72222
2.22222
1.11111
2.22222
0
0
1.11111
3.33333
0
3.88889
5.83333
1.94444
2.22222
2.22222
5
5.83333
5
0.555556
0
2.22222
3.61111
2.22222
1.11111
1.94444
1.11111
3.33333
1.66667
2.22222
6.94444
2.77778
3.05556
4.44444
2.22222
2.77778
5.27778
5
2.22222
6.11111
7.22222
2.22222
1.66667
5.27778
2.5
6.66667
11.1111
3.88889
10.5556
5.55556
4.72222
6.38889
7.77778
11.1111
10
9.44444
7.22222
12.7778
10.5556
15.8333
10.2778
12.5
10.5556
10.2778
12.7778
7.22222
8.33333
9.72222
20.2778
8.05556
10.8333
8.61111
22.2222
7.22222
8.61111
8.33333
7.22222
5.27778
6.66667
10
8.05556
7.22222
5
11.1111
7.5
11.9444
6.38889
8.61111
13.8889
13.3333
13.8889
2.22222
13.3333
15
5.83333
9.16667
8.88889
12.5
8.88889
10.5556
0.555556
9.16667
9.72222
13.0556
8.05556
3.88889
3.88889
5
5
3.33333
1.94444
2.22222
2.77778
3.33333
2.77778
2.22222
1.11111
1.66667
3.88889
0
2.22222
1.11111
4.44444
1.38889
2.22222
3.88889
3.88889
0.555556
5.83333
2.22222
3.05556
5
4.44444
3.88889
0
3.33333
4.44444
1.11111
1.66667
0.555556
0
5
1.66667
2.5
0.555556
0
5
2.77778
0
3.33333
3.33333
4.44444
1.11111
2.22222
0.555556
1.11111
2.77778
3.33333
2.77778
3.33333
4.44444
3.05556
3.05556
2.22222
2.22222
2.77778
3.61111
1.11111
2.77778
2.77778
1.11111
2.77778
5.83333
2.22222
1.94444
0.555556
2.77778
1.11111
1.11111
3.33333
0
3.33333
5
3.88889
2.77778
3.88889
3.33333
4.44444
0
1.11111
1.38889
2.22222
1.11111
1.38889
1.11111
3.05556
3.05556
2.22222
2.5
5
1.66667
0
3.88889
3.33333
1.38889
2.77778
3.33333
4.44444
2.5
3.33333
1.66667
1.11111
0.555556
5.27778
5.55556
2.77778
1.11111
0.555556
1.66667
4.72222
4.44444
2.22222
2.22222
2.22222
2.5
1.11111
0
4.44444
3.88889
3.33333
7.22222
1.11111
4.44444
1.66667
1.66667
3.33333
0
1.66667
2.77778
3.88889
2.77778
1.38889
7.22222
0.555556
2.22222
2.77778
0
2.22222
1.66667
3.33333
2.77778
4.44444
0.555556
2.22222
1.66667
0
1.11111
0
0.555556
0.555556
2.77778
1.11111
2.22222
2.22222
0
1.94444
1.66667
1.11111
1.11111
2.5
2.77778
0.277778
0
0
1.11111
1.38889
0.555556
0.277778
1.11111
0.555556
1.11111
1.11111
0.555556
0.277778
1.11111
0.555556
0.277778
0
0.277778
1.66667
0.277778
1.11111
0
0
0
0.555556
1.11111
0
0.555556
0
0
0
0
0
0
0
0.555556
0
