41.0000 0.05 1
42.2222
37.7778
0
42.2222
108.889
8.88889
0
0
0
0
0
0
0
0
0
0
0
0
0
0
0
0
0
0
0
0
0
0
0
0
0
0
0
0
0
0
0
0
0
0
0
0
0
0
0
0
0
0
0
0
0
0
0
0
0
0
0
0
0
0
0
0
0
0
0
0
0
0
0
0
0
0
0
0
0
0
0
0
0
0
0
0
0
0
0
0
0
0
0
0
0
0
0
0
0
0
0
0
0
0
0
0
0
0
0
0
0
0
0
0
0
0
0
0
0
0
0
0
0
0
0
0
0
0
0
0
0
0
0
0
0
0
0
0
0
0
0
0
0
0
0
0
0
0
0
0
0
0
0
0
0
0
0
0
0
0
0
0
0
0
0
0
0
0
0
0
0
0
0
0
0
0
0
0
0
0
0
0
0
0
0
0
0
0
0
0
0
0
0
0
0
0
0
0
0
0
0
0
0
0
0
0
0
0
0
0
0
0
0
0
0
0
0
0
0
0
0
0
0
0
0
0
0
0
0
0
0
0
0
0
0
0
0
0
0
0
0
0
0
0
0
0
0
0
0
0
0
0
0
0
0
0
0
0
0
0
0
0
0
0
0
0
0
0
0
0
0
0
0
0
0
0
0
0
0
0
0
0
0
0
0
0
0
0
0
0
0
0
0
0
0
0
0
0
0
0
0
0
0
0
0
0
0
0
0
0
0
0
0
0
0
0
0
0
0
0
0
0
0
0
0
0
0
0
0
0
0
0
0
0
0
0
0
0
0
0
0
0
0
0
0
0
0
0
0
0
0
0
0
0
0
0
0
0
0
0
0
0
0
0
0
0
0
0
0
0
0
0
0
0
0
0
0
0
0
0
0
0
0
0
0
0
0
0
0
0
0
0
0
0
0
0
0
0
0
0
0
0
0
0
0
0
0
0
0
0
0
0
0
0
0
0
0
0
0
0
0
0
0
0
0
0
0
0
0
0
0
0
0
0
0
0
0
0
0
0
0
0
0
0
0
0
0
0
0
0
0
0
0
0
0
0
0
0
0
0
0
0
0
0
0
0
0
0
0
0
0
0
0
0
0
0
0
0
0
0
0
0
0
0
0
0
0
0
0
0
0
0
0
0
0
0
0
0
0
0
0
0
0
0
0
0
0
0
0
0
0
0
0
0
0
0
0
0
0
0
0
0
0
0
0
0
0
0
0
0
0
0
0
0
0
0
0
0
0
0
0
0
0
0
0
0
0
0
0
0
0
0
0
0
0
0
0
0
0
0
0
0
0
0
0
0
0
0
0
0
0
0
0
0
0
0
0
0
0
0
0
0
0
0
0
0
0
0
0
0
0
0
0
0
0
0
0
0
0
0
0
0
0
0
0
0
0
0
0
0
0
0
0
0
0
0
0
0
0
0
0
0
0
0
0
0
0
0
0
0
0
0
0
0
0
0
0
0
0
0
0
0
0
0
0
0
0
0
0
0
0
0
0
0
0
0
0
0
0
0
0
0
0
0
0
0
0
0
0
0
0
0
0
0
0
0
0
0
0
0
0
0
0
0
0
0
0
0
0
0
0
0
0
0
0
0
0
0
0
0
0
0
0
0
0
0
0
0
0
0
0
0
0
0
0
0
0
0
0
0
0
0
0
0
0
0
0
0
0
0
0
0
0
0
0
0
0
0
0
0
0
0
0
0
0
0
0
0
0
0
0
0
0
0
0
0
0
0
0
0
0
0
0
0
0
0
0
0
0
0
0
0
0
0
0
0
0
0
0
0
0
0
0
0
0
0
0
0
0
0
0
0
0
0
0
0
0
0
0
0
0
0
0
0
0
0
0
0
0
0
0
0
0
0
0
0
0
0
0
0
0
0
0
0
0
0
0
0
0
0
0
0
0
0
0
0
0
0
0
0
0
0
0
0
0
0
0
0
0
0
0
0
0
0
0
0
0
0
0
0
0
0
0
0
0
0
0
0
0
0
0
0
0
0
0
0
0
0
0
0
0
0
0
0
0
0
0
0
0
0
0
0
0
0
0
0
0
0
0
0
0
0
0
0
0
0
0
0
0
0
0
0
0
0
0
0
0
0
0
0
0
0
0
0
0
0
0
0
0
0
0
0
0
0
0
0
0
0
0
0
0
0
0
0
0
0
0
0
0
0
0
0
0
0
0
0
0
0
0
0
0
0
0
0
0
0
0
0
0
0
0
0
0
0
0
0
0
0
0
0
0
0
0
0
0
0
0
0
0
0
0
0
0
0
0
0
0
0
0
0
0
0
0
0
0
0
0
0
0
0
0
0
0
0
0
0
0
0
0
0
0
0
0
0
0
0
0
0
0
0
0
0
0
0
0
0
0
0
0
0
0
0
0
0
0
0
0
0.185185
0.925926
0
0
0
0
0
0
0
0
0
0
0
0
0
3.33333
3.33333
0
0
0.185185
0.37037
0
0.37037
0.185185
0
0
0
0
0
0
0
0
0
1.11111
1.11111
1.11111
1.11111
2.22222
0
0
0
0
0
0
3.33333
3.33333
0
0
0
0
0.185185
0
0
0.37037
0
0
0
0
3.33333
3.7037
0
0
1.2963
2.22222
2.22222
2.22222
1.11111
0
0
1.11111
0
1.11111
0
0
0
1.11111
3.33333
1.11111
2.22222
1.11111
0
0
0
0
0
0
0
0.185185
0
0
0
0
0
0.37037
1.11111
0
2.22222
0
0
0
15.5556
0
0
2.22222
0.37037
1.11111
0
1.11111
1.11111
0
2.22222
0
1.11111
1.11111
1.11111
5.55556
4.62963
4.44444
0
0
0.185185
0
1.11111
0
1.66667
1.66667
4.44444
0
0
0
1.11111
0
0.37037
0
2.22222
1.66667
2.77778
1.66667
0
0
2.22222
1.11111
3.33333
5.37037
3.33333
2.22222
4.44444
2.22222
0.185185
0
0.555556
3.33333
1.11111
2.22222
0
0
8.88889
6.11111
6.66667
3.33333
3.88889
2.22222
3.33333
1.11111
0
11.6667
13.3333
1.11111
1.11111
5.55556
8.88889
7.22222
18.3333
3.33333
2.77778
2.22222
2.77778
5.55556
5.55556
3.33333
5.55556
5.55556
3.33333
7.77778
10.5556
8.88889
13.3333
5.55556
4.44444
8.88889
16.6667
21.1111
8.51852
3.7037
0.37037
16.8519
11.1111
5
2.22222
0
4.44444
3.33333
2.77778
1.11111
8.88889
13.3333
8.88889
13.3333
2.22222
5.55556
5.74074
15.5556
8.88889
8.88889
8.88889
3.88889
1.66667
3.7037
0
4.44444
2.22222
6.66667
5.55556
2.22222
3.33333
5.55556
1.11111
4.44444
0.555556
7.77778
0.37037
4.44444
2.22222
2.22222
2.22222
3.88889
2.22222
0.185185
2.77778
3.33333
0
1.11111
1.11111
2.22222
3.33333
1.11111
0
0
1.11111
2.22222
0
1.11111
0
0
1.66667
2.22222
3.33333
0.555556
4.44444
2.77778
5.55556
2.22222
5.55556
2.22222
0
2.22222
1.11111
5.55556
3.33333
2.22222
1.11111
1.11111
0
2.22222
0
2.22222
0
0
0
2.22222
0
2.22222
0
1.11111
3.33333
0
1.11111
0
0.185185
0.555556
4.44444
0
1.11111
1.11111
3.33333
2.22222
2.22222
0.925926
3.33333
3.33333
1.11111
0
1.11111
1.11111
1.11111
1.11111
1.11111
10
6.66667
1.11111
4.44444
4.44444
0.555556
2.22222
2.59259
2.22222
0
3.33333
2.22222
4.44444
0
2.22222
2.22222
0
0
5.18519
0
0.555556
3.33333
2.22222
0
0
3.33333
0
0
2.22222
0
2.22222
5.55556
1.11111
2.22222
0
2.22222
0
2.22222
0
1.11111
1.11111
0
0
0
1.11111
0
1.11111
2.22222
0
3.33333
5.55556
2.22222
0
0
0
0.555556
0
1.66667
0
0
1.11111
0
1.2963
2.22222
3.88889
2.22222
1.11111
1.11111
0
1.11111
1.11111
1.11111
1.11111
2.22222
0.37037
0
0
2.22222
4.44444
0
0
0
2.22222
0
0
0
0
0
0
0
0
0
0
0
0
1.11111
0
1.48148
0
0
0
0
0
0
0
2.22222
0
1.11111
1.11111
1.11111
1.11111
0
0.185185
0
5.55556
1.11111
0
0
0
1.11111
0
0
1.11111
0
0
0
0
0
0
0
0
0
0
0
0
0
0
0
0
0
0
0
0
0
0
0
0.185185
0
0
0
0
0
0
0
0
0
0
0
0
0
0
0
0.37037
0
0
0
0
0
0
0
0
0
1.11111
1.11111
0
0
1.66667
0
