25.0000 0.05 1
40
40
22.8571
17.1429
0
0
0
0
0
0
0
0
0
0
0
0
0
0
0
0
0
0
0
0
0
0
0
0
0
0
0
0
0
0
0
0
0
0
0
0
0
0
0
0
0
0
0
0
0
0
0
0
0
0
0
0
0
0
0
0
0
0
0
0
0
0
0
0
0
0
0
0
0
0
0
0
0
0
0
0
0
0
0
0
0
0
0
0
0
0
0
0
0
0
0
0
0
0
0
0
0
0
0
0
0
0
0
0
0
0
0
0
0
0
0
0
0
0
0
0
0
0
0
0
0
0
0
0
0
0
0
0
0
0
0
0
0
0
0
0
0
0
0
0
0
0
0
0
0
0
0
0
0
0
0
0
0
0
0
0
0
0
0
0
0
0
0
0
0
0
0
0
0
0
0
0
0
0
0
0
0
0
0
0
0
0
0
0
0
0
0
0
0
0
0
0
0
0
0
0
0
0
0
0
0
0
0
0
0
0
0
0
0
0
0
0
0
0
0
0
0
0
0
0
0
0
0
0
0
0
0
0
0
0
0
0
0
0
0
0
0
0
0
0
0
0
0
0
0
0
0
0
0
0
0
0
0
0
0
0
0
0
0
0
0
0
0
0
0
0
0
0
0
0
0
0
0
0
0
0
0
0
0
0
0
0
0
0
0
0
0
0
0
0
0
0
0
0
0
0
0
0
0
0
0
0
0
0
0
0
0
0
0
0
0
0
0
0
0
0
0
0
0
0
0
0
0
0
0
0
0
0
0
0
0
0
0
0
0
0
0
0
0
0
0
0
0
0
0
0
0
0
0
0
0
0
0
0
0
0
0
0
0
0
0
0
0
0
0
0
0
0
0
0
0
0
0
0
0
0
0
0
0
0
0
0
0
0
0
0
0
0
0
0
0
0
0
0
0
0
0
0
0
0
0
0
0
0
0
0
0
0
0
0
0
0
0
0
0
0
0
0
0
0
0
0
0
0
0
0
0
0
0
0
0
0
0
0
0
0
0
0
0
0
0
0
0
0
0
0
0
0
0
0
0
0
0
0
0
0
0
0
0
0
0
0
0
0
0
0
0
0
0
0
0
0
0
0
0
0
0
0
0
0
0
0
0
0
0
0
0
0
0
0
0
0
0
0
0
0
0
0
0
0
0
0
0
0
0
0
0
0
0
0
0
0
0
0
0
0
0
0
0
0
0
0
0
0
0
0
0
0
0
0
0
0
0
0
0
0
0
0
0
0
0
0
0
0
0
0
0
0
0
0
0
0
0
0
0
0
0
0
0
0
0
0
0
0
0
0
0
0
0
0
0
0
0
0
0
0
0
0
0
0
0
0
0
0
0
0
0
0
0
0
0
0
0
0
0
0
0
0
0
0
0
0
0
0
0
0
0
0
0
0
0
0
0
0
0
0
0
0
0
0
0
0
0
0
0
0
0
0
0
0
0
0
0
0
0
0
0
0
0
0
0
0
0
0
0
0
0
0
0
0
0
0
0
0
0
0
0
0
0
0
0
0
0
0
0
0
0
0
0
0
0
0
0
0
0
0
0
0
0
0
0
0
0
0
0
0
0
0
0
0
0
0
0
0
0
0
0
0
0
0
0
0
0
0
0
0
0
0
0
0
0
0
0
0
0
0
0
0
0
0
0
0
0
0
0
0
0
0
0
0
0
0
0
0
0
0
0
0
0
0
0
0
0
0
0
0
0
0
0
0
0
0
0
0
0
0
0
0
0
0
0
0
0
0
0
0
0
0
0
0
0
0
0
0
0
0
0
0
0
0
0
0
0
0
0
0
0
0
0
0
0
0
0
0
0
0
0
0
0
0
0
0
0
0
0
0
0
0
0
0
0
0
0
0
0
0
0
0
0
0
0
0
0
0
0
0
0
0
0
0
0
0
0
0
0
0
0
0
0
0
0
0
0
0
0
0
0
0
0
0
0
0
0
0
0
0
0
0
0
0
0
0
0
0
0
0
0
0
0
0
0
0
0
0
0
0
0
0
0
0
0
0
0
0
0
0
0
0
0
0
0
0
0
0
0
0
0
0
0
0
0
0
0
0
0
0
0
0
0
0
0
0
0
0
0
0
0
0
0
0
0
0
0
0
0
0
0
0
0
0
0
0
0
0
0
0
0
0
0
0
0
0
0
0
0
0
0
0
0
0
0
0
0
0
0
0
0
0
0
0
0
0
0
0
0
0
0
0
0
0
0
0
0
0
0
0
0
0
0
0
0
0
0
0
0
0
0
0
0
0
0
0
0
0
0
0
0
0
0
0
0
0
0
0
0
0
0
0
0
0
0
0
0
0
0
0
0
0
0
0
0
0
0
0
0
0
0
0
0
0
0
0
0
0
0
0
0
0
0
0
0
0
0
0
0.116618
0
0
0.466472
0
0.233236
0
0.233236
0
0.466472
0
0.699708
1.16618
0
0
0.466472
0.466472
0.233236
0.466472
0.932945
0
0.466472
0.466472
0
0
0.466472
0.932945
0.466472
0.233236
0
0.699708
0.699708
1.63265
0
1.39942
0.466472
0.466472
0
0.699708
0
0.466472
0.699708
0.932945
2.33236
0
0.466472
0
0.233236
1.16618
0.466472
0
0
0.466472
0.466472
0.466472
1.63265
2.09913
0.466472
0
1.39942
0.699708
1.39942
0
0
0.466472
0
0
0
0.233236
1.39942
1.63265
1.86589
1.39942
0.466472
0.233236
0.233236
0.932945
1.39942
0.699708
0.466472
1.63265
0.466472
0.932945
1.86589
0.932945
1.39942
1.16618
0.932945
0
0.932945
0.466472
1.39942
0.466472
0.932945
2.09913
0
0.699708
0.699708
1.86589
0.233236
1.39942
2.33236
0
1.39942
0.932945
0.699708
0.233236
0.932945
1.16618
1.16618
0.932945
0.932945
0.233236
1.39942
0.932945
1.16618
1.16618
0
0.932945
0.932945
1.86589
1.2828
0.932945
0.932945
2.79883
0.932945
0.699708
2.33236
1.16618
1.86589
1.39942
0.932945
2.79883
0
1.16618
1.39942
1.39942
1.39942
1.16618
1.86589
1.86589
0.466472
1.86589
1.04956
1.63265
1.16618
3.8484
0.466472
1.16618
1.39942
3.26531
2.68222
1.39942
1.16618
1.86589
1.86589
3.03207
0.932945
0.233236
3.26531
3.73178
4.19825
2.09913
2.79883
1.16618
1.63265
4.78134
2.09913
5.1312
4.19825
4.19825
3.96501
5.8309
5.59767
3.73178
5.59767
7.46356
9.56268
10.2624
7.23032
4.66472
1.86589
3.03207
5.8309
4.19825
4.19825
2.33236
5.59767
2.33236
4.19825
3.38192
2.79883
5.1312
10.6122
7.93003
4.66472
6.06414
7.81341
0.233236
3.03207
3.03207
3.73178
1.16618
2.33236
0.932945
2.33236
0.932945
1.86589
1.86589
2.09913
0.932945
1.86589
0.233236
2.33236
0.699708
1.86589
2.33236
3.8484
2.79883
2.79883
2.33236
2.09913
4.19825
2.09913
1.86589
2.09913
0.466472
1.39942
2.33236
0
2.21574
0.699708
1.16618
1.86589
2.33236
0.466472
3.96501
1.86589
1.16618
0.932945
0.932945
1.16618
1.86589
0.932945
1.39942
2.33236
0.466472
1.39942
1.63265
0.932945
0.699708
1.16618
2.79883
2.79883
1.16618
0.233236
0.466472
2.33236
1.16618
0.932945
0
0.116618
0.932945
3.26531
1.86589
2.33236
2.09913
0.466472
1.63265
1.16618
4.19825
0.932945
1.16618
2.5656
1.63265
0.466472
1.16618
0.932945
2.09913
2.09913
3.49854
0.466472
1.63265
0
3.03207
2.09913
1.86589
0.932945
1.16618
0.932945
1.86589
3.03207
1.39942
1.63265
1.63265
3.26531
1.86589
1.63265
1.86589
1.39942
1.16618
2.09913
0.932945
0.932945
1.63265
1.86589
1.86589
0.932945
1.16618
1.86589
5.1312
0.699708
2.09913
1.63265
1.86589
0.466472
0.932945
1.86589
1.63265
1.86589
1.86589
1.39942
1.86589
1.63265
1.63265
0
2.79883
1.86589
3.26531
0.932945
2.33236
0.466472
0.932945
2.33236
4.19825
3.03207
2.09913
0.699708
1.39942
1.16618
2.79883
1.86589
1.16618
0.932945
0.466472
1.86589
2.79883
1.39942
2.33236
1.2828
0.932945
0.932945
1.86589
1.63265
1.63265
3.03207
1.86589
1.86589
3.73178
0.699708
2.5656
2.5656
1.63265
2.33236
0.466472
0.466472
1.63265
0
3.03207
1.86589
1.86589
1.63265
1.86589
1.16618
0.466472
1.86589
2.33236
0.466472
0.932945
1.86589
1.2828
1.63265
1.63265
2.33236
1.16618
1.63265
1.63265
0.932945
2.09913
1.04956
0.466472
0.466472
0.932945
2.33236
1.86589
1.16618
0.699708
0.932945
0.233236
0.233236
1.16618
1.39942
1.74927
0.466472
2.09913
0.932945
1.16618
0.699708
1.39942
0.466472
0.932945
0.699708
0
0.699708
0.233236
1.16618
1.63265
0
0.466472
0.466472
0
0.58309
0.466472
0.466472
0
0
0.233236
0.699708
0.233236
0
0
0
0.466472
0
0
0.233236
0.466472
0
0
0.233236
0
0
0
0.233236
0
0.233236
0.233236
0
0
0
0
0
0
0.233236
0.233236
0
0
0
0
0
0
0
0
0
0
0
0.233236
0
