108.0000 0.05 1
80
140
180
40
40
6.4
153.6
80
0
0
0
0
0
0
0
0
0
0
0
0
0
0
0
0
0
0
0
0
0
0
0
0
0
0
0
0
0
0
0
0
0
0
0
0
0
0
0
0
0
0
0
0
0
0
0
0
0
0
0
0
0
0
0
0
0
0
0
0
0
0
0
0
0
0
0
0
0
0
0
0
0
0
0
0
0
0
0
0
0
0
0
0
0
0
0
0
0
0
0
0
0
0
0
0
0
0
0
0
0
0
0
0
0
0
0
0
0
0
0
0
0
0
0
0
0
0
0
0
0
0
0
0
0
0
0
0
0
0
0
0
0
0
0
0
0
0
0
0
0
0
0
0
0
0
0
0
0
0
0
0
0
0
0
0
0
0
0
0
0
0
0
0
0
0
0
0
0
0
0
0
0
0
0
0
0
0
0
0
0
0
0
0
0
0
0
0
0
0
0
0
0
0
0
0
0
0
0
0
0
0
0
0
0
0
0
0
0
0
0
0
0
0
0
0
0
0
0
0
0
0
0
0
0
0
0
0
0
0
0
0
0
0
0
0
0
0
0
0
0
0
0
0
0
0
0
0
0
0
0
0
0
0
0
0
0
0
0
0
0
0
0
0
0
0
0
0
0
0
0
0
0
0
0
0
0
0
0
0
0
0
0
0
0
0
0
0
0
0
0
0
0
0
0
0
0
0
0
0
0
0
0
0
0
0
0
0
0
0
0
0
0
0
0
0
0
0
0
0
0
0
0
0
0
0
0
0
0
0
0
0
0
0
0
0
0
0
0
0
0
0
0
0
0
0
0
0
0
0
0
0
0
0
0
0
0
0
0
0
0
0
0
0
0
0
0
0
0
0
0
0
0
0
0
0
0
0
0
0
0
0
0
0
0
0
0
0
0
0
0
0
0
0
0
0
0
0
0
0
0
0
0
0
0
0
0
0
0
0
0
0
0
0
0
0
0
0
0
0
0
0
0
0
0
0
0
0
0
0
0
0
0
0
0
0
0
0
0
0
0
0
0
0
0
0
0
0
0
0
0
0
0
0
0
0
0
0
0
0
0
0
0
0
0
0
0
0
0
0
0
0
0
0
0
0
0
0
0
0
0
0
0
0
0
0
0
0
0
0
0
0
0
0
0
0
0
0
0
0
0
0
0
0
0
0
0
0
0
0
0
0
0
0
0
0
0
0
0
0
0
0
0
0
0
0
0
0
0
0
0
0
0
0
0
0
0
0
0
0
0
0
0
0
0
0
0
0
0
0
0
0
0
0
0
0
0
0
0
0
0
0
0
0
0
0
0
0
0
0
0
0
0
0
0
0
0
0
0
0
0
0
0
0
0
0
0
0
0
0
0
0
0
0
0
0
0
0
0
0
0
0
0
0
0
0
0
0
0
0
0
0
0
0
0
0
0
0
0
0
0
0
0
0
0
0
0
0
0
0
0
0
0
0
0
0
0
0
0
0
0
0
0
0
0
0
0
0
0
0
0
0
0
0
0
0
0
0
0
0
0
0
0
0
0
0
0
0
0
0
0
0
0
0
0
0
0
0
0
0
0
0
0
0
0
0
0
0
0
0
0
0
0
0
0
0
0
0
0
0
0
0
0
0
0
0
0
0
0
0
0
0
0
0
0
0
0
0
0
0
0
0
0
0
0
0
0
0
0
0
0
0
0
0
0
0
0
0
0
0
0
0
0
0
0
0
0
0
0
0
0
0
0
0
0
0
0
0
0
0
0
0
0
0
0
0
0
0
0
0
0
0
0
0
0
0
0
0
0
0
0
0
0
0
0
0
0
0
0
0
0
0
0
0
0
0
0
0
0
0
0
0
0
0
0
0
0
0
0
0
0
0
0
0
0
0
0
0
0
0
0
0
0
0
0
0
0
0
0
0
0
0
0
0
0
0
0
0
0
0
0
0
0
0
0
0
0
0
0
0
0
0
0
0
0
0
0
0
0
0
0
0
0
0
0
0
0
0
0
0
0
0
0
0
0
0
0
0
0
0
0
0
0
0
0
0
0
0
0
0
0
0
0
0
0
0
0
0
0
0
0
0
0
0
0
0
0
0
0
0
0
0
0
0
0
0
0
0
0
0
0
0
0
0
0
0
0
0
0
0
0
0
0
0
0
0
0
0
0
0
0
0
0
0
0
0
0
0
0
0
0
0
0
0
0
0
0
0
0
0
0
0
0
0
0
0
0
0
0
0
0
0
0
0
0
0
0
0
0
0
0
0
0
0
0
0
0
0
0
0
0
0
0
0
0
0
0
0
0
0
0
0
0
0
0
0
0
0
0
0
0
0
0
0
0
0
0
0
0
0
0
0
0
0
0
0
0
0
0
0
0
0
0
0
0
0
0
0
0
0
0
0
0
0
0
0
0
0
0
0
0.4
0
0
0.8
0
0.8
0.8
0
0
0.8
0.8
0
0.8
0
0
0.4
0.8
1.6
0.8
0
0.8
1.6
4
0.8
2
0
0
0.8
0
1.6
0
3.2
2.4
2.4
0.8
0
0.8
0
0
0.8
2.4
1.6
0.8
1.6
0
0
3.2
3.2
0.8
0.8
0
0
0.8
1.6
2.8
0
1.6
1.2
0
0.8
1.6
3.2
2
0.8
0
4
1.6
4.8
1.6
3.2
1.6
2.4
1.6
0
3.2
3.6
1.2
2.4
1.6
1.6
2.4
3.2
2
0.8
3.2
0.8
2.4
0.8
3.2
3.6
2.4
1.6
0
4
0.8
2.4
3.6
0
4.8
2.4
4.4
3.2
3.2
1.6
0.8
4.8
0
2.4
1.2
4.8
0
3.2
2.4
6.4
0.8
4
3.2
5.6
3.2
5.6
0
4.8
2.4
0.8
4.8
1.6
1.6
4.4
8
7.2
4
5.6
9.6
7.2
8
8.8
9.2
5.6
5.6
6.8
5.6
5.6
8
7.2
11.2
5.6
8.4
12
6.4
13.2
10
12.4
19.6
14
10.4
21.6
8
14
22
17.2
31.2
26.4
22
16
20
17.2
12
12.4
20
25.6
22.4
19.6
16
19.2
23.2
24
20
17.6
21.6
18
25.6
20
26.4
13.6
16.4
18.8
25.6
25.6
16.8
23.6
21.6
16
12
16.8
11.2
14.4
22.8
16.4
17.2
14.4
20.4
12.4
12
8
8
11.2
16.8
11.2
0.8
8.4
5.6
1.6
4.8
0.8
1.2
8.8
4.8
5.6
3.2
4.8
2.4
2.4
12
4.8
3.2
3.2
0
4
1.6
6.4
4
1.6
9.6
1.6
2.4
0
2.8
6.4
0.8
4.8
0.8
1.6
0
2.4
2.4
1.6
4
0.8
3.6
2.4
0
0.8
2.4
0.8
4.8
1.6
1.6
0.4
3.2
1.6
0.8
3.2
1.6
4.8
5.6
2.4
4
2.4
2.4
2
4.8
0.8
1.6
6.4
5.2
7.2
4
1.6
1.6
4.4
4.8
5.6
1.6
1.6
3.2
2.4
4.8
5.6
0
3.2
11.2
2.4
1.6
0
3.2
0.8
4.8
3.2
3.2
4.8
2.8
4
9.6
6.4
4.8
3.2
2
2.4
0.8
0.8
6.4
1.6
4.8
4
2.4
1.6
5.6
4
1.6
2.4
5.6
6
0.8
4
2.4
2
8.8
5.2
2.4
4.4
0
6.4
5.6
7.2
8.8
0.8
6.4
3.2
3.2
6.8
1.6
0.8
2.4
5.6
4
0
0
1.6
3.2
3.2
3.2
1.6
4.8
3.2
1.6
2.8
0
2.4
4.8
7.2
6.8
3.6
3.2
3.2
5.6
2.4
4.8
4
4
7.2
3.2
3.2
3.2
3.2
3.2
6.4
0
0
5.6
2.4
4
4.8
5.6
4.8
3.2
1.6
9.2
1.6
1.6
0
0.8
4.8
4.8
0
0.8
7.2
7.2
3.2
1.6
2
1.6
1.6
4
4.8
1.6
3.2
4.8
6.8
3.2
1.6
1.6
1.6
0
0.8
0.4
2.4
1.6
7.2
1.2
0
2.4
1.6
0
2.4
0
0.8
0.8
3.2
0.8
1.6
0.8
0.8
1.6
2
0
1.6
2.4
0.8
0
1.6
0
0.8
0.8
2
0.8
0.8
0.8
0
0
2.4
0
0.8
0
1.2
0
