41.0000 0.05 1
80
0
0
137.143
22.8571
0
0
0
0
0
0
0
0
0
0
0
0
0
0
0
0
0
0
0
0
0
0
0
0
0
0
0
0
0
0
0
0
0
0
0
0
0
0
0
0
0
0
0
0
0
0
0
0
0
0
0
0
0
0
0
0
0
0
0
0
0
0
0
0
0
0
0
0
0
0
0
0
0
0
0
0
0
0
0
0
0
0
0
0
0
0
0
0
0
0
0
0
0
0
0
0
0
0
0
0
0
0
0
0
0
0
0
0
0
0
0
0
0
0
0
0
0
0
0
0
0
0
0
0
0
0
0
0
0
0
0
0
0
0
0
0
0
0
0
0
0
0
0
0
0
0
0
0
0
0
0
0
0
0
0
0
0
0
0
0
0
0
0
0
0
0
0
0
0
0
0
0
0
0
0
0
0
0
0
0
0
0
0
0
0
0
0
0
0
0
0
0
0
0
0
0
0
0
0
0
0
0
0
0
0
0
0
0
0
0
0
0
0
0
0
0
0
0
0
0
0
0
0
0
0
0
0
0
0
0
0
0
0
0
0
0
0
0
0
0
0
0
0
0
0
0
0
0
0
0
0
0
0
0
0
0
0
0
0
0
0
0
0
0
0
0
0
0
0
0
0
0
0
0
0
0
0
0
0
0
0
0
0
0
0
0
0
0
0
0
0
0
0
0
0
0
0
0
0
0
0
0
0
0
0
0
0
0
0
0
0
0
0
0
0
0
0
0
0
0
0
0
0
0
0
0
0
0
0
0
0
0
0
0
0
0
0
0
0
0
0
0
0
0
0
0
0
0
0
0
0
0
0
0
0
0
0
0
0
0
0
0
0
0
0
0
0
0
0
0
0
0
0
0
0
0
0
0
0
0
0
0
0
0
0
0
0
0
0
0
0
0
0
0
0
0
0
0
0
0
0
0
0
0
0
0
0
0
0
0
0
0
0
0
0
0
0
0
0
0
0
0
0
0
0
0
0
0
0
0
0
0
0
0
0
0
0
0
0
0
0
0
0
0
0
0
0
0
0
0
0
0
0
0
0
0
0
0
0
0
0
0
0
0
0
0
0
0
0
0
0
0
0
0
0
0
0
0
0
0
0
0
0
0
0
0
0
0
0
0
0
0
0
0
0
0
0
0
0
0
0
0
0
0
0
0
0
0
0
0
0
0
0
0
0
0
0
0
0
0
0
0
0
0
0
0
0
0
0
0
0
0
0
0
0
0
0
0
0
0
0
0
0
0
0
0
0
0
0
0
0
0
0
0
0
0
0
0
0
0
0
0
0
0
0
0
0
0
0
0
0
0
0
0
0
0
0
0
0
0
0
0
0
0
0
0
0
0
0
0
0
0
0
0
0
0
0
0
0
0
0
0
0
0
0
0
0
0
0
0
0
0
0
0
0
0
0
0
0
0
0
0
0
0
0
0
0
0
0
0
0
0
0
0
0
0
0
0
0
0
0
0
0
0
0
0
0
0
0
0
0
0
0
0
0
0
0
0
0
0
0
0
0
0
0
0
0
0
0
0
0
0
0
0
0
0
0
0
0
0
0
0
0
0
0
0
0
0
0
0
0
0
0
0
0
0
0
0
0
0
0
0
0
0
0
0
0
0
0
0
0
0
0
0
0
0
0
0
0
0
0
0
0
0
0
0
0
0
0
0
0
0
0
0
0
0
0
0
0
0
0
0
0
0
0
0
0
0
0
0
0
0
0
0
0
0
0
0
0
0
0
0
0
0
0
0
0
0
0
0
0
0
0
0
0
0
0
0
0
0
0
0
0
0
0
0
0
0
0
0
0
0
0
0
0
0
0
0
0
0
0
0
0
0
0
0
0
0
0
0
0
0
0
0
0
0
0
0
0
0
0
0
0
0
0
0
0
0
0
0
0
0
0
0
0
0
0
0
0
0
0
0
0
0
0
0
0
0
0
0
0
0
0
0
0
0
0
0
0
0
0
0
0
0
0
0
0
0
0
0
0
0
0
0
0
0
0
0
0
0
0
0
0
0
0
0
0
0
0
0
0
0
0
0
0
0
0
0
0
0
0
0
0
0
0
0
0
0
0
0
0
0
0
0
0
0
0
0
0
0
0
0
0
0
0
0
0
0
0
0
0
0
0
0
0
0
0
0
0
0
0
0
0
0
0
0
0
0
0
0
0
0
0
0
0
0
0
0
0
0
0
0
0
0
0
0
0
0
0
0
0
0
0
0
0
0
0
0
0
0
0
0
0
0
0
0
0
0
0
0
0
0
0
0
0
0
0
0
0
0
0
0
0
0
0
0
0
0
0
0
0
0
0
0
0
0
0
0
0
0
0
0
0
0
0
0
0
0
0
0
0
0
0
0
0
0
0
0
0
0
0
0
0
0
0.163265
0
0
0
0.653061
0.326531
0
0
0
0.653061
0
0.979592
0
0.653061
0.326531
1.30612
0.326531
0
0.979592
0.653061
0.653061
0.326531
0
0
0
0.326531
0.653061
0
0.979592
1.63265
0.979592
0.326531
0
0.326531
0
1.95918
1.30612
0.326531
0
0.653061
0
1.30612
0
1.30612
1.63265
0.653061
0.653061
0.979592
0.653061
0
0
1.63265
0.326531
0.979592
0
1.95918
0.979592
0.979592
0.653061
1.30612
0.326531
0.326531
0.653061
1.63265
0.326531
0
0.653061
0.653061
0.653061
1.63265
0
0.653061
1.63265
1.30612
0.653061
0.979592
0.979592
0.653061
0.653061
2.28571
2.61224
0.326531
0.326531
2.28571
0
0.653061
2.61224
0.326531
1.63265
0.653061
1.30612
1.63265
1.46939
0.979592
0.653061
0.326531
1.14286
1.30612
0.326531
0
1.63265
1.30612
0
0
1.30612
0.979592
0.653061
0.979592
2.28571
2.93878
1.30612
1.30612
0.653061
1.63265
0
1.30612
1.95918
1.30612
2.28571
1.95918
2.61224
1.63265
2.28571
1.30612
2.93878
0.979592
0.653061
1.30612
0.653061
1.95918
2.28571
1.30612
1.95918
1.63265
1.30612
0
0.653061
2.93878
1.30612
3.26531
3.26531
1.95918
1.95918
3.7551
3.59184
2.93878
1.30612
1.30612
2.93878
2.61224
0.653061
1.63265
3.26531
2.77551
2.93878
2.93878
2.61224
3.26531
3.91837
0.979592
4.57143
3.91837
6.53061
4.89796
5.87755
4.57143
5.71429
5.55102
7.5102
4.2449
8.97959
8.4898
2.61224
10.7755
6.85714
11.7551
14.0408
10.1224
9.14286
10.7755
11.102
10.449
10.7755
11.4286
9.46939
6.85714
11.4286
16.9796
9.14286
7.18367
6.69388
3.42857
5.87755
11.102
10.6122
12.4082
10.449
1.30612
2.93878
5.22449
3.91837
10.6122
5.55102
5.55102
0.979592
0.326531
5.87755
4.2449
1.95918
1.95918
1.46939
3.42857
1.95918
3.26531
2.93878
4.89796
3.91837
1.95918
1.95918
0.979592
3.26531
0.653061
2.61224
1.30612
1.30612
0.326531
1.95918
2.28571
1.30612
0.653061
2.61224
1.30612
1.30612
2.61224
3.26531
0.653061
0.979592
1.95918
1.95918
0.979592
4.2449
1.95918
0.653061
1.95918
1.63265
3.26531
1.30612
2.61224
1.95918
3.26531
1.63265
1.46939
0.979592
3.91837
1.30612
0.979592
1.63265
1.30612
2.93878
0.653061
0.653061
1.30612
0.653061
0.326531
2.61224
0.979592
3.26531
2.93878
2.61224
1.95918
1.63265
1.30612
1.63265
0
0.653061
2.93878
0.489796
2.93878
1.95918
1.30612
1.95918
2.93878
1.30612
3.91837
1.63265
3.59184
2.61224
0.653061
2.28571
0
1.63265
1.95918
2.28571
2.61224
2.28571
1.30612
1.63265
2.61224
0.653061
1.95918
1.63265
2.44898
1.95918
1.95918
0.653061
2.93878
3.26531
0.326531
0.979592
1.95918
1.30612
1.95918
6.20408
0
1.95918
1.95918
2.28571
1.63265
0
2.61224
0.653061
0.979592
3.26531
2.61224
1.63265
2.93878
1.30612
3.26531
2.12245
1.30612
2.61224
2.93878
0
0.979592
0.979592
1.95918
2.61224
4.2449
1.30612
0.979592
2.61224
4.57143
0.653061
1.30612
2.61224
1.30612
3.91837
0.653061
0.979592
1.95918
1.63265
1.30612
2.28571
0.653061
0.653061
1.63265
2.28571
4.2449
0.979592
0
1.30612
1.30612
1.63265
1.30612
1.63265
0.979592
0.979592
3.91837
2.93878
1.30612
1.63265
0.326531
1.63265
0.653061
0
1.63265
0.653061
0.326531
0.979592
0.979592
1.63265
0.653061
0.653061
1.95918
1.30612
0.979592
0.326531
0.326531
0
1.14286
1.30612
0.653061
0
0.653061
0.653061
0.326531
0.979592
1.63265
0.326531
1.30612
0.653061
0
0.979592
0.653061
0.653061
0.816327
0.816327
0.653061
0.653061
0.979592
0
0.653061
0.326531
0
0
0.653061
0
0
0
0.326531
0.326531
0.326531
0
