105.0000 0.05 1
177.6
114.56
104.64
211.2
112
0
0
0
0
0
0
0
0
0
0
0
0
0
0
0
0
0
0
0
0
0
0
0
0
0
0
0
0
0
0
0
0
0
0
0
0
0
0
0
0
0
0
0
0
0
0
0
0
0
0
0
0
0
0
0
0
0
0
0
0
0
0
0
0
0
0
0
0
0
0
0
0
0
0
0
0
0
0
0
0
0
0
0
0
0
0
0
0
0
0
0
0
0
0
0
0
0
0
0
0
0
0
0
0
0
0
0
0
0
0
0
0
0
0
0
0
0
0
0
0
0
0
0
0
0
0
0
0
0
0
0
0
0
0
0
0
0
0
0
0
0
0
0
0
0
0
0
0
0
0
0
0
0
0
0
0
0
0
0
0
0
0
0
0
0
0
0
0
0
0
0
0
0
0
0
0
0
0
0
0
0
0
0
0
0
0
0
0
0
0
0
0
0
0
0
0
0
0
0
0
0
0
0
0
0
0
0
0
0
0
0
0
0
0
0
0
0
0
0
0
0
0
0
0
0
0
0
0
0
0
0
0
0
0
0
0
0
0
0
0
0
0
0
0
0
0
0
0
0
0
0
0
0
0
0
0
0
0
0
0
0
0
0
0
0
0
0
0
0
0
0
0
0
0
0
0
0
0
0
0
0
0
0
0
0
0
0
0
0
0
0
0
0
0
0
0
0
0
0
0
0
0
0
0
0
0
0
0
0
0
0
0
0
0
0
0
0
0
0
0
0
0
0
0
0
0
0
0
0
0
0
0
0
0
0
0
0
0
0
0
0
0
0
0
0
0
0
0
0
0
0
0
0
0
0
0
0
0
0
0
0
0
0
0
0
0
0
0
0
0
0
0
0
0
0
0
0
0
0
0
0
0
0
0
0
0
0
0
0
0
0
0
0
0
0
0
0
0
0
0
0
0
0
0
0
0
0
0
0
0
0
0
0
0
0
0
0
0
0
0
0
0
0
0
0
0
0
0
0
0
0
0
0
0
0
0
0
0
0
0
0
0
0
0
0
0
0
0
0
0
0
0
0
0
0
0
0
0
0
0
0
0
0
0
0
0
0
0
0
0
0
0
0
0
0
0
0
0
0
0
0
0
0
0
0
0
0
0
0
0
0
0
0
0
0
0
0
0
0
0
0
0
0
0
0
0
0
0
0
0
0
0
0
0
0
0
0
0
0
0
0
0
0
0
0
0
0
0
0
0
0
0
0
0
0
0
0
0
0
0
0
0
0
0
0
0
0
0
0
0
0
0
0
0
0
0
0
0
0
0
0
0
0
0
0
0
0
0
0
0
0
0
0
0
0
0
0
0
0
0
0
0
0
0
0
0
0
0
0
0
0
0
0
0
0
0
0
0
0
0
0
0
0
0
0
0
0
0
0
0
0
0
0
0
0
0
0
0
0
0
0
0
0
0
0
0
0
0
0
0
0
0
0
0
0
0
0
0
0
0
0
0
0
0
0
0
0
0
0
0
0
0
0
0
0
0
0
0
0
0
0
0
0
0
0
0
0
0
0
0
0
0
0
0
0
0
0
0
0
0
0
0
0
0
0
0
0
0
0
0
0
0
0
0
0
0
0
0
0
0
0
0
0
0
0
0
0
0
0
0
0
0
0
0
0
0
0
0
0
0
0
0
0
0
0
0
0
0
0
0
0
0
0
0
0
0
0
0
0
0
0
0
0
0
0
0
0
0
0
0
0
0
0
0
0
0
0
0
0
0
0
0
0
0
0
0
0
0
0
0
0
0
0
0
0
0
0
0
0
0
0
0
0
0
0
0
0
0
0
0
0
0
0
0
0
0
0
0
0
0
0
0
0
0
0
0
0
0
0
0
0
0
0
0
0
0
0
0
0
0
0
0
0
0
0
0
0
0
0
0
0
0
0
0
0
0
0
0
0
0
0
0
0
0
0
0
0
0
0
0
0
0
0
0
0
0
0
0
0
0
0
0
0
0
0
0
0
0
0
0
0
0
0
0
0
0
0
0
0
0
0
0
0
0
0
0
0
0
0
0
0
0
0
0
0
0
0
0
0
0
0
0
0
0
0
0
0
0
0
0
0
0
0
0
0
0
0
0
0
0
0
0
0
0
0
0
0
0
0
0
0
0
0
0
0
0
0
0
0
0
0
0
0
0
0
0
0
0
0
0
0
0
0
0
0
0
0
0
0
0
0
0
0
0
0
0
0
0
0
0
0
0
0
0
0
0
0
0
0
0
0
0
0
0
0
0
0
0
0
0
0
0
0
0
0
0
0
0
0
0
0
0
0
0
0
0
0
0
0
0
0
0
0
0
0
0
0
0
0
0
0
0
0
0
0
0
0
0
0
0
0
0
0
0
0
0
0
0
0
0
0
0
0
0
0
0
0
0
0
0
0
0
0
0
0
0.32
0
0
0
1.28
0
0
0
1.28
0
0
0
2.56
0
0
1.28
0
0
0
7.68
0
0
0
0
0
0
0
2.56
0
2.56
0
0
0
0
3.2
1.28
0
1.92
0
0
2.56
2.56
0
0.64
2.56
1.28
1.92
0
1.28
0
1.92
1.28
0
3.84
5.12
0
0
0.64
2.56
1.28
0
3.84
0
2.56
0
0
1.92
0.64
0
2.56
0
3.84
0
1.28
0
2.56
5.12
2.56
0.96
1.28
0
0
1.28
3.84
0
1.28
2.56
2.56
2.88
2.56
1.28
0.64
2.56
1.92
5.12
5.12
1.28
0
5.12
4.48
1.6
0
0
3.2
1.28
3.2
5.12
0
6.4
2.56
0.64
2.88
5.12
1.92
2.56
0.64
5.12
3.84
0
2.56
3.84
6.4
2.56
2.56
13.44
3.84
0.64
2.56
4.48
6.4
2.56
6.4
6.4
6.72
11.52
10.24
5.76
5.44
6.4
12.16
5.76
10.88
10.24
7.04
17.28
3.52
16
10.88
26.24
13.44
7.04
20.48
12.16
16.64
19.2
10.88
21.76
12.8
25.6
19.2
23.68
23.36
17.6
18.56
9.92
13.76
12.8
12.16
13.12
13.44
23.68
12.8
17.6
10.24
26.88
12.8
17.28
20.8
20.48
25.92
13.76
11.52
13.12
19.84
24.32
23.04
15.68
17.28
28.48
21.44
13.44
21.44
26.88
23.04
25.6
21.12
26.56
16
17.28
10.88
12.16
10.88
3.2
10.24
5.76
4.48
6.4
7.04
3.84
1.28
4.48
5.12
1.28
1.28
3.2
13.44
1.28
3.2
1.28
6.4
4.48
0
1.92
9.6
7.68
5.12
0
2.56
5.12
1.92
5.12
3.84
0
5.76
0
1.28
2.56
7.68
2.56
1.28
2.56
5.12
2.56
6.72
1.6
2.56
0
0
1.28
0
2.56
1.28
3.84
0
1.28
0
4.48
2.56
0.32
3.84
1.28
0.96
0
0.64
1.28
3.2
1.28
2.56
3.84
0.64
3.84
9.6
1.28
1.28
0
6.4
3.84
0
6.4
5.76
0.64
1.28
2.56
0
1.28
6.4
4.48
1.92
6.72
3.84
1.6
0
1.28
2.56
0
3.2
0
6.4
7.68
3.84
8.96
3.84
5.12
1.28
0.32
0
1.28
0
7.68
0.96
3.84
5.76
1.28
0
5.76
2.56
5.12
1.28
0.64
4.48
0.32
6.4
1.92
2.56
0
1.92
1.28
3.2
3.2
7.68
0
0.64
5.12
5.12
0
5.12
2.88
3.2
2.56
1.92
3.84
5.12
2.56
3.2
0
3.84
2.56
7.04
0
3.2
0
1.28
2.56
6.4
1.92
5.12
0
4.48
1.28
5.12
1.92
5.76
4.48
3.84
2.56
1.28
3.84
2.56
0
0
5.12
3.2
4.16
1.92
6.4
4.48
7.04
2.56
7.68
1.92
5.76
7.04
0
3.2
3.84
6.4
0.64
1.92
5.76
1.28
5.12
2.24
0
2.56
7.68
7.04
2.88
2.56
0.32
6.4
5.12
5.76
1.28
0
0
0.64
0
2.56
0
0
0
2.56
1.28
0
0
5.76
2.56
1.28
0
0
0
0
1.92
0
1.28
0
0
0
0
0
0
0
0
0
0
0
0
0
0
0
0
0.32
0
