89.0000 0.05 1
137.6
187.429
130.971
24
0
0
0
0
0
0
80
0
40
0
0
0
0
0
0
0
0
0
0
0
0
0
0
0
0
0
0
0
0
0
0
0
0
0
0
0
0
0
0
0
0
0
0
0
0
0
0
0
0
0
0
0
0
0
0
0
0
0
0
0
0
0
0
0
0
0
0
0
0
0
0
0
0
0
0
0
0
0
0
0
0
0
0
0
0
0
0
0
0
0
0
0
0
0
0
0
0
0
0
0
0
0
0
0
0
0
0
0
0
0
0
0
0
0
0
0
0
0
0
0
0
0
0
0
0
0
0
0
0
0
0
0
0
0
0
0
0
0
0
0
0
0
0
0
0
0
0
0
0
0
0
0
0
0
0
0
0
0
0
0
0
0
0
0
0
0
0
0
0
0
0
0
0
0
0
0
0
0
0
0
0
0
0
0
0
0
0
0
0
0
0
0
0
0
0
0
0
0
0
0
0
0
0
0
0
0
0
0
0
0
0
0
0
0
0
0
0
0
0
0
0
0
0
0
0
0
0
0
0
0
0
0
0
0
0
0
0
0
0
0
0
0
0
0
0
0
0
0
0
0
0
0
0
0
0
0
0
0
0
0
0
0
0
0
0
0
0
0
0
0
0
0
0
0
0
0
0
0
0
0
0
0
0
0
0
0
0
0
0
0
0
0
0
0
0
0
0
0
0
0
0
0
0
0
0
0
0
0
0
0
0
0
0
0
0
0
0
0
0
0
0
0
0
0
0
0
0
0
0
0
0
0
0
0
0
0
0
0
0
0
0
0
0
0
0
0
0
0
0
0
0
0
0
0
0
0
0
0
0
0
0
0
0
0
0
0
0
0
0
0
0
0
0
0
0
0
0
0
0
0
0
0
0
0
0
0
0
0
0
0
0
0
0
0
0
0
0
0
0
0
0
0
0
0
0
0
0
0
0
0
0
0
0
0
0
0
0
0
0
0
0
0
0
0
0
0
0
0
0
0
0
0
0
0
0
0
0
0
0
0
0
0
0
0
0
0
0
0
0
0
0
0
0
0
0
0
0
0
0
0
0
0
0
0
0
0
0
0
0
0
0
0
0
0
0
0
0
0
0
0
0
0
0
0
0
0
0
0
0
0
0
0
0
0
0
0
0
0
0
0
0
0
0
0
0
0
0
0
0
0
0
0
0
0
0
0
0
0
0
0
0
0
0
0
0
0
0
0
0
0
0
0
0
0
0
0
0
0
0
0
0
0
0
0
0
0
0
0
0
0
0
0
0
0
0
0
0
0
0
0
0
0
0
0
0
0
0
0
0
0
0
0
0
0
0
0
0
0
0
0
0
0
0
0
0
0
0
0
0
0
0
0
0
0
0
0
0
0
0
0
0
0
0
0
0
0
0
0
0
0
0
0
0
0
0
0
0
0
0
0
0
0
0
0
0
0
0
0
0
0
0
0
0
0
0
0
0
0
0
0
0
0
0
0
0
0
0
0
0
0
0
0
0
0
0
0
0
0
0
0
0
0
0
0
0
0
0
0
0
0
0
0
0
0
0
0
0
0
0
0
0
0
0
0
0
0
0
0
0
0
0
0
0
0
0
0
0
0
0
0
0
0
0
0
0
0
0
0
0
0
0
0
0
0
0
0
0
0
0
0
0
0
0
0
0
0
0
0
0
0
0
0
0
0
0
0
0
0
0
0
0
0
0
0
0
0
0
0
0
0
0
0
0
0
0
0
0
0
0
0
0
0
0
0
0
0
0
0
0
0
0
0
0
0
0
0
0
0
0
0
0
0
0
0
0
0
0
0
0
0
0
0
0
0
0
0
0
0
0
0
0
0
0
0
0
0
0
0
0
0
0
0
0
0
0
0
0
0
0
0
0
0
0
0
0
0
0
0
0
0
0
0
0
0
0
0
0
0
0
0
0
0
0
0
0
0
0
0
0
0
0
0
0
0
0
0
0
0
0
0
0
0
0
0
0
0
0
0
0
0
0
0
0
0
0
0
0
0
0
0
0
0
0
0
0
0
0
0
0
0
0
0
0
0
0
0
0
0
0
0
0
0
0
0
0
0
0
0
0
0
0
0
0
0
0
0
0
0
0
0
0
0
0
0
0
0
0
0
0
0
0
0
0
0
0
0
0
0
0
0
0
0
0
0
0
0
0
0
0
0
0
0
0
0
0
0
0
0
0
0
0
0
0
0
0
0
0
0
0
0
0
0
0
0
0
0
0
0
0
0
0
0
0
0
0
0
0
0
0
0
0
0
0
0
0
0
0
0
0
0
0
0
0
0
0
0
0
0
0
0
0
0
0
0
0
0
0
0
0
0
0
0
0
0
0
0
0
0
0
0
0
0
0
0
0
0
0
0
0
0
0
0
0
0
0
0
0
0
0
0
0
0
0
0
0
0.228571
0
0
0
0.457143
1.37143
0
0
0
0.914286
1.82857
0
0
0.914286
0
0
0.914286
0
1.82857
0
0.914286
1.37143
0.914286
0
0
3.2
1.82857
0
0
0
0.914286
0.914286
0
0
1.82857
0
2.74286
1.37143
0.914286
0
0.457143
1.82857
0.914286
1.82857
0.914286
0.914286
1.37143
0
0
0
4.57143
1.82857
0
0
0
0.914286
0.457143
2.74286
1.82857
2.74286
3.65714
0
0
1.82857
0
3.65714
1.37143
0
0.457143
0
0
2.74286
4.11429
0
0.914286
0
1.82857
3.65714
0.914286
1.82857
2.74286
0.914286
0
0.914286
2.28571
2.74286
0
0.914286
2.74286
4.57143
0
5.48571
0
0
0
0.685714
6.4
1.14286
2.74286
0.457143
1.37143
5.48571
2.74286
0.457143
1.82857
5.02857
0.914286
0.457143
2.97143
4.57143
0
3.42857
0.457143
2.74286
1.82857
0.914286
5.94286
1.37143
0.914286
2.74286
8.22857
0.457143
1.82857
3.65714
3.65714
3.65714
2.74286
5.94286
2.97143
9.6
2.51429
5.48571
2.74286
5.94286
8.68571
3.65714
5.02857
3.65714
3.65714
6.4
4.57143
4.57143
10.2857
9.6
14.6286
5.48571
9.14286
8.22857
9.37143
10.0571
13.2571
10.7429
17.3714
15.0857
17.1429
16
14.1714
20.5714
22.4
13.2571
13.2571
10.5143
13.0286
10.5143
21.4857
11.4286
22.1714
7.31429
8.22857
6.4
8.68571
16.4571
19.6571
17.8286
15.3143
17.3714
10.5143
6.4
12.3429
19.6571
14.1714
26.9714
33.6
14.6286
23.5429
20.1143
13.2571
14.6286
13.9429
15.0857
5.94286
11.8857
11.6571
14.1714
15.5429
5.94286
13.2571
13.4857
22.8571
14.8571
22.6286
13.7143
8.68571
8.68571
9.82857
9.6
5.02857
2.51429
5.94286
2.74286
5.02857
5.02857
1.37143
2.74286
3.88571
0.914286
4.57143
8
4.34286
2.74286
3.65714
2.28571
2.74286
3.65714
3.65714
7.31429
0.457143
0.914286
5.48571
1.82857
4.57143
3.65714
0
1.82857
2.74286
5.48571
1.82857
1.82857
1.82857
4.57143
1.82857
2.74286
3.65714
0.228571
3.65714
0
0.914286
0
1.82857
3.65714
3.65714
0.914286
3.65714
0
1.37143
0.914286
2.28571
1.82857
0
2.74286
0
5.48571
1.82857
1.82857
0.457143
3.2
1.82857
0.914286
3.65714
4.57143
0.914286
0.914286
1.37143
2.74286
7.77143
0
4.57143
1.37143
3.65714
4.11429
0.914286
2.74286
1.82857
0
0.914286
5.94286
0.914286
1.82857
4.57143
1.82857
0.914286
0.914286
6.85714
2.74286
0
0.457143
5.48571
3.65714
5.02857
8.22857
1.82857
4.57143
4.11429
0
3.2
6.4
1.82857
0
0
0.914286
2.28571
4.57143
2.74286
1.82857
1.82857
0
0.914286
3.65714
1.82857
0
1.82857
3.65714
5.02857
2.28571
5.94286
2.74286
3.2
4.57143
1.82857
0.457143
5.48571
0
6.4
0.457143
5.94286
2.97143
0.914286
3.65714
6.4
2.74286
2.74286
0
2.28571
7.31429
0.914286
4.11429
4.57143
0
0.914286
2.28571
0.914286
1.82857
0
10.0571
4.57143
1.82857
0.914286
2.74286
1.82857
5.71429
5.25714
2.51429
0.457143
2.74286
0
5.02857
0.914286
2.74286
0.914286
5.25714
1.82857
5.48571
0.457143
3.2
5.48571
6.4
3.65714
4.57143
0.914286
2.51429
0.457143
3.2
1.14286
2.74286
3.65714
2.28571
2.74286
0.914286
1.37143
8
0.228571
5.48571
8.22857
3.65714
5.94286
0.457143
6.4
0
0.914286
7.08571
1.82857
1.37143
5.94286
3.2
4.34286
6.85714
3.88571
1.82857
1.82857
2.28571
1.82857
2.74286
6.4
0.914286
1.82857
1.82857
1.37143
0.914286
5.94286
3.2
0
0
2.74286
5.48571
0
5.48571
0
3.65714
1.82857
1.82857
0.914286
3.65714
0.914286
0.914286
0
0
0.457143
0
2.28571
3.65714
0
0
0
0.457143
0
1.82857
0.457143
0
0
0.914286
0
