31.0000 0.05 1
80
40
0
0
0
0
0
0
0
0
0
0
0
0
0
0
0
0
0
0
0
0
0
0
0
0
0
0
0
0
0
0
0
0
0
0
0
0
0
0
0
0
0
0
0
0
0
0
0
0
0
0
0
0
0
0
0
0
0
0
0
0
0
0
0
0
0
0
0
0
0
0
0
0
0
0
0
0
0
0
0
0
0
0
0
0
0
0
0
0
0
0
0
0
0
0
0
0
0
0
0
0
0
0
0
0
0
0
0
0
0
0
0
0
0
0
0
0
0
0
0
0
0
0
0
0
0
0
0
0
0
0
0
0
0
0
0
0
0
0
0
0
0
0
0
0
0
0
0
0
0
0
0
0
0
0
0
0
0
0
0
0
0
0
0
0
0
0
0
0
0
0
0
0
0
0
0
0
0
0
0
0
0
0
0
0
0
0
0
0
0
0
0
0
0
0
0
0
0
0
0
0
0
0
0
0
0
0
0
0
0
0
0
0
0
0
0
0
0
0
0
0
0
0
0
0
0
0
0
0
0
0
0
0
0
0
0
0
0
0
0
0
0
0
0
0
0
0
0
0
0
0
0
0
0
0
0
0
0
0
0
0
0
0
0
0
0
0
0
0
0
0
0
0
0
0
0
0
0
0
0
0
0
0
0
0
0
0
0
0
0
0
0
0
0
0
0
0
0
0
0
0
0
0
0
0
0
0
0
0
0
0
0
0
0
0
0
0
0
0
0
0
0
0
0
0
0
0
0
0
0
0
0
0
0
0
0
0
0
0
0
0
0
0
0
0
0
0
0
0
0
0
0
0
0
0
0
0
0
0
0
0
0
0
0
0
0
0
0
0
0
0
0
0
0
0
0
0
0
0
0
0
0
0
0
0
0
0
0
0
0
0
0
0
0
0
0
0
0
0
0
0
0
0
0
0
0
0
0
0
0
0
0
0
0
0
0
0
0
0
0
0
0
0
0
0
0
0
0
0
0
0
0
0
0
0
0
0
0
0
0
0
0
0
0
0
0
0
0
0
0
0
0
0
0
0
0
0
0
0
0
0
0
0
0
0
0
0
0
0
0
0
0
0
0
0
0
0
0
0
0
0
0
0
0
0
0
0
0
0
0
0
0
0
0
0
0
0
0
0
0
0
0
0
0
0
0
0
0
0
0
0
0
0
0
0
0
0
0
0
0
0
0
0
0
0
0
0
0
0
0
0
0
0
0
0
0
0
0
0
0
0
0
0
0
0
0
0
0
0
0
0
0
0
0
0
0
0
0
0
0
0
0
0
0
0
0
0
0
0
0
0
0
0
0
0
0
0
0
0
0
0
0
0
0
0
0
0
0
0
0
0
0
0
0
0
0
0
0
0
0
0
0
0
0
0
0
0
0
0
0
0
0
0
0
0
0
0
0
0
0
0
0
0
0
0
0
0
0
0
0
0
0
0
0
0
0
0
0
0
0
0
0
0
0
0
0
0
0
0
0
0
0
0
0
0
0
0
0
0
0
0
0
0
0
0
0
0
0
0
0
0
0
0
0
0
0
0
0
0
0
0
0
0
0
0
0
0
0
0
0
0
0
0
0
0
0
0
0
0
0
0
0
0
0
0
0
0
0
0
0
0
0
0
0
0
0
0
0
0
0
0
0
0
0
0
0
0
0
0
0
0
0
0
0
0
0
0
0
0
0
0
0
0
0
0
0
0
0
0
0
0
0
0
0
0
0
0
0
0
0
0
0
0
0
0
0
0
0
0
0
0
0
0
0
0
0
0
0
0
0
0
0
0
0
0
0
0
0
0
0
0
0
0
0
0
0
0
0
0
0
0
0
0
0
0
0
0
0
0
0
0
0
0
0
0
0
0
0
0
0
0
0
0
0
0
0
0
0
0
0
0
0
0
0
0
0
0
0
0
0
0
0
0
0
0
0
0
0
0
0
0
0
0
0
0
0
0
0
0
0
0
0
0
0
0
0
0
0
0
0
0
0
0
0
0
0
0
0
0
0
0
0
0
0
0
0
0
0
0
0
0
0
0
0
0
0
0
0
0
0
0
0
0
0
0
0
0
0
0
0
0
0
0
0
0
0
0
0
0
0
0
0
0
0
0
0
0
0
0
0
0
0
0
0
0
0
0
0
0
0
0
0
0
0
0
0
0
0
0
0
0
0
0
0
0
0
0
0
0
0
0
0
0
0
0
0
0
0
0
0
0
0
0
0
0
0
0
0
0
0
0
0
0
0
0
0
0
0
0
0
0
0
0
0
0
0
0
0
0
0
0
0
0
0
0
0
0
0
0
0
0
0
0
0
0
0
0
0
0
0
0
0
0
0
0
0
0
0
0
0
0
0
0
0
0
0
0
0
0
0
0
0
0
0
0
0.185185
0
0
0
0.37037
0.37037
0.740741
0.740741
0
0.740741
0
0
0.740741
0
0
1.11111
1.85185
0.37037
0
0.37037
0.740741
1.48148
1.11111
0.740741
0
0.740741
1.11111
0.740741
0
0
0.740741
0.185185
0.740741
0
2.22222
2.59259
1.11111
0
1.48148
0
1.66667
1.85185
0.185185
0.740741
2.22222
0
0.925926
1.11111
0
1.85185
0.37037
1.11111
0
0
1.48148
0.740741
0.740741
0.37037
0
2.96296
2.59259
1.11111
1.48148
0.740741
4.07407
0.37037
1.11111
0.37037
1.85185
1.85185
0.185185
0
2.22222
1.11111
0.555556
0.37037
2.22222
0.740741
0.740741
1.66667
2.22222
1.85185
0.740741
0.740741
1.11111
0.740741
0.740741
1.48148
3.14815
0
1.48148
1.48148
0.740741
0.740741
2.22222
1.48148
2.59259
2.59259
1.11111
1.48148
1.48148
2.59259
1.11111
0.740741
2.22222
1.11111
1.11111
2.59259
1.11111
1.48148
0.740741
1.85185
0.740741
1.48148
2.59259
1.48148
0.740741
1.48148
4.07407
1.48148
1.11111
1.48148
2.22222
2.22222
1.11111
1.11111
0.740741
1.85185
2.59259
0
0.740741
1.85185
2.59259
0.37037
4.81481
1.11111
0.185185
3.51852
3.14815
1.2963
3.7037
1.48148
3.7037
3.7037
3.33333
0.37037
1.85185
1.85185
3.7037
1.11111
1.48148
3.14815
3.88889
1.11111
3.88889
2.22222
3.14815
0.185185
3.33333
2.22222
1.48148
2.22222
2.22222
4.44444
3.33333
0.740741
6.11111
2.96296
1.2963
4.07407
5.37037
4.44444
2.77778
2.96296
4.81481
8.51852
3.51852
5.37037
8.14815
4.81481
6.48148
11.1111
12.7778
14.6296
13.1481
6.48148
1.11111
2.22222
3.7037
6.11111
5.18519
7.22222
8.88889
7.96296
7.22222
5.92593
4.07407
1.2963
2.96296
4.25926
6.66667
2.40741
2.96296
2.22222
4.44444
1.85185
2.59259
2.96296
3.7037
2.96296
3.7037
3.7037
2.59259
2.77778
3.14815
2.22222
1.48148
1.48148
5.18519
2.22222
1.85185
0.740741
2.59259
1.85185
0.925926
1.48148
1.48148
0.740741
2.59259
2.59259
1.48148
3.33333
2.59259
1.11111
5.18519
1.85185
2.96296
1.66667
4.81481
1.85185
3.7037
2.96296
0.740741
1.85185
2.22222
1.85185
3.33333
2.22222
2.77778
2.96296
1.66667
4.07407
1.48148
3.7037
1.48148
1.48148
2.22222
3.7037
1.85185
0.740741
3.33333
1.11111
3.33333
5.55556
3.7037
2.22222
1.48148
3.88889
1.85185
4.81481
2.96296
1.48148
1.11111
2.59259
0.740741
2.22222
1.85185
2.03704
2.96296
2.59259
1.48148
1.48148
0.740741
3.51852
2.96296
2.96296
3.33333
3.7037
2.77778
2.22222
1.48148
1.48148
0.925926
5.55556
3.51852
1.48148
2.22222
0.740741
3.33333
2.59259
2.22222
3.7037
2.77778
3.14815
4.81481
2.22222
2.96296
4.07407
1.48148
2.22222
3.7037
2.96296
3.51852
3.7037
2.40741
2.03704
3.7037
0.555556
2.22222
3.88889
3.33333
1.85185
0.740741
4.07407
4.07407
0.555556
1.11111
1.11111
1.11111
4.81481
2.59259
5.92593
2.96296
1.48148
1.48148
4.07407
1.48148
4.07407
1.85185
1.85185
1.66667
1.11111
2.22222
4.81481
3.33333
2.59259
3.33333
1.11111
0.740741
1.11111
2.03704
2.03704
1.48148
0.37037
2.59259
1.48148
0.185185
2.59259
1.85185
2.96296
2.96296
0.37037
1.11111
1.85185
2.59259
1.11111
0.740741
0
1.11111
0
0.37037
0.740741
0
0
0.37037
0.37037
1.11111
0.37037
0
