127.0000 0.05 1
355.2
212.48
152.32
0
0
0
0
0
0
40
40
0
40
0
0
0
0
0
0
0
0
0
0
0
0
0
0
0
0
0
0
0
0
0
0
0
0
0
0
0
0
0
0
0
0
0
0
0
0
0
0
0
0
0
0
0
0
0
0
0
0
0
0
0
0
0
0
0
0
0
0
0
0
0
0
0
0
0
0
0
0
0
0
0
0
0
0
0
0
0
0
0
0
0
0
0
0
0
0
0
0
0
0
0
0
0
0
0
0
0
0
0
0
0
0
0
0
0
0
0
0
0
0
0
0
0
0
0
0
0
0
0
0
0
0
0
0
0
0
0
0
0
0
0
0
0
0
0
0
0
0
0
0
0
0
0
0
0
0
0
0
0
0
0
0
0
0
0
0
0
0
0
0
0
0
0
0
0
0
0
0
0
0
0
0
0
0
0
0
0
0
0
0
0
0
0
0
0
0
0
0
0
0
0
0
0
0
0
0
0
0
0
0
0
0
0
0
0
0
0
0
0
0
0
0
0
0
0
0
0
0
0
0
0
0
0
0
0
0
0
0
0
0
0
0
0
0
0
0
0
0
0
0
0
0
0
0
0
0
0
0
0
0
0
0
0
0
0
0
0
0
0
0
0
0
0
0
0
0
0
0
0
0
0
0
0
0
0
0
0
0
0
0
0
0
0
0
0
0
0
0
0
0
0
0
0
0
0
0
0
0
0
0
0
0
0
0
0
0
0
0
0
0
0
0
0
0
0
0
0
0
0
0
0
0
0
0
0
0
0
0
0
0
0
0
0
0
0
0
0
0
0
0
0
0
0
0
0
0
0
0
0
0
0
0
0
0
0
0
0
0
0
0
0
0
0
0
0
0
0
0
0
0
0
0
0
0
0
0
0
0
0
0
0
0
0
0
0
0
0
0
0
0
0
0
0
0
0
0
0
0
0
0
0
0
0
0
0
0
0
0
0
0
0
0
0
0
0
0
0
0
0
0
0
0
0
0
0
0
0
0
0
0
0
0
0
0
0
0
0
0
0
0
0
0
0
0
0
0
0
0
0
0
0
0
0
0
0
0
0
0
0
0
0
0
0
0
0
0
0
0
0
0
0
0
0
0
0
0
0
0
0
0
0
0
0
0
0
0
0
0
0
0
0
0
0
0
0
0
0
0
0
0
0
0
0
0
0
0
0
0
0
0
0
0
0
0
0
0
0
0
0
0
0
0
0
0
0
0
0
0
0
0
0
0
0
0
0
0
0
0
0
0
0
0
0
0
0
0
0
0
0
0
0
0
0
0
0
0
0
0
0
0
0
0
0
0
0
0
0
0
0
0
0
0
0
0
0
0
0
0
0
0
0
0
0
0
0
0
0
0
0
0
0
0
0
0
0
0
0
0
0
0
0
0
0
0
0
0
0
0
0
0
0
0
0
0
0
0
0
0
0
0
0
0
0
0
0
0
0
0
0
0
0
0
0
0
0
0
0
0
0
0
0
0
0
0
0
0
0
0
0
0
0
0
0
0
0
0
0
0
0
0
0
0
0
0
0
0
0
0
0
0
0
0
0
0
0
0
0
0
0
0
0
0
0
0
0
0
0
0
0
0
0
0
0
0
0
0
0
0
0
0
0
0
0
0
0
0
0
0
0
0
0
0
0
0
0
0
0
0
0
0
0
0
0
0
0
0
0
0
0
0
0
0
0
0
0
0
0
0
0
0
0
0
0
0
0
0
0
0
0
0
0
0
0
0
0
0
0
0
0
0
0
0
0
0
0
0
0
0
0
0
0
0
0
0
0
0
0
0
0
0
0
0
0
0
0
0
0
0
0
0
0
0
0
0
0
0
0
0
0
0
0
0
0
0
0
0
0
0
0
0
0
0
0
0
0
0
0
0
0
0
0
0
0
0
0
0
0
0
0
0
0
0
0
0
0
0
0
0
0
0
0
0
0
0
0
0
0
0
0
0
0
0
0
0
0
0
0
0
0
0
0
0
0
0
0
0
0
0
0
0
0
0
0
0
0
0
0
0
0
0
0
0
0
0
0
0
0
0
0
0
0
0
0
0
0
0
0
0
0
0
0
0
0
0
0
0
0
0
0
0
0
0
0
0
0
0
0
0
0
0
0
0
0
0
0
0
0
0
0
0
0
0
0
0
0
0
0
0
0
0
0
0
0
0
0
0
0
0
0
0
0
0
0
0
0
0
0
0
0
0
0
0
0
0
0
0
0
0
0
0
0
0
0
0
0
0
0
0
0
0
0
0
0
0
0
0
0
0
0
0
0
0
0
0
0
0
0
0
0
0
0
0
0
0
0
0
0
0
0
0
0
0
0
0
0
0
0
0
0
0
0
0
0
0
0
0
0
0
0
0
0
0
0
0
0
0
0
0
0
0
0
0
0
0.32
0
0
0
1.92
0
0
0
0
1.28
0
3.2
0
0
1.92
2.56
1.28
0
0
0
2.56
0
1.28
0.64
0
2.56
2.56
0.64
0.64
1.28
0
1.28
1.28
0.64
1.28
0
3.84
0
2.56
1.28
0
2.56
0
5.12
0.64
0
3.84
3.84
0.64
1.28
0
1.28
3.2
0
2.56
0.64
1.28
6.4
0
0
2.56
0
1.28
0
5.12
2.56
1.92
0
1.28
0
2.56
5.76
4.48
1.28
2.88
5.12
1.6
0
2.56
0.64
1.28
2.56
3.84
3.84
5.12
0
4.16
0.64
3.84
3.84
1.92
3.84
3.84
3.84
3.2
2.56
0.64
3.2
0.64
5.76
0
3.84
0
5.12
3.84
2.88
5.12
2.56
0
5.76
8.32
0
3.2
5.76
2.56
3.84
4.48
8.32
3.84
0.64
3.84
2.56
6.4
5.76
1.28
3.2
7.04
3.84
5.76
2.56
9.6
12.16
2.56
8.32
7.04
0
8.96
1.28
7.68
10.24
9.92
12.16
8.32
14.72
10.56
12.8
9.6
14.72
15.04
5.12
13.44
16.96
15.36
15.04
17.28
14.08
25.6
12.8
24.32
21.76
25.28
21.76
27.52
16.64
21.12
16.32
17.92
24.64
17.92
39.04
12.8
28.48
29.76
12.48
16.64
23.68
12.48
12.16
23.68
25.6
34.88
33.28
37.12
49.28
37.76
32.32
34.24
12.8
19.84
19.52
11.52
18.56
14.72
21.44
23.36
26.56
12.8
16
15.36
10.24
19.84
15.04
10.88
14.4
8.32
9.28
14.4
7.04
1.28
1.28
1.28
8.32
15.36
5.76
8.32
7.68
7.04
3.2
3.84
10.24
9.6
3.84
5.12
4.48
1.92
7.68
5.12
5.12
0
4.48
10.24
1.28
3.84
5.12
0
8.96
2.88
1.28
2.56
4.8
0.64
1.28
1.28
8.96
2.56
2.56
1.28
0
2.56
4.48
0
2.56
5.12
2.56
0
3.2
0.64
0.64
2.56
6.4
1.92
0
0
0
11.52
4.16
5.12
1.28
0
3.84
2.56
5.12
3.84
2.56
11.84
7.04
4.48
6.4
3.84
1.28
7.04
7.68
5.12
5.12
3.84
2.56
3.2
3.2
3.2
7.04
4.16
5.12
0
5.76
3.2
0
1.92
5.12
7.04
12.8
5.12
9.6
7.04
1.6
0.96
2.56
4.16
0.64
4.48
6.4
4.48
7.04
1.28
9.6
0.64
2.56
1.28
6.4
0.96
0.64
3.84
5.12
5.12
3.2
5.76
3.84
2.56
1.28
0
5.12
3.2
4.48
3.84
11.52
12.16
5.76
7.04
3.84
3.84
5.12
2.88
0
6.4
5.12
1.28
6.4
1.28
3.2
5.12
5.12
3.84
3.2
4.16
2.56
5.12
1.92
7.36
2.88
5.12
6.4
8.96
5.76
3.84
6.4
7.68
4.48
5.12
7.68
1.92
6.4
1.28
0.96
9.28
4.8
3.84
3.2
8.64
5.12
6.4
2.56
7.68
2.56
0.64
9.6
3.84
6.4
2.56
3.52
2.56
2.88
11.52
5.12
1.92
3.2
1.28
2.56
1.28
4.48
1.92
3.84
3.84
3.2
1.28
8.32
0.64
2.56
0
5.12
3.84
2.56
0.64
1.92
2.56
2.56
1.28
1.28
0.64
5.12
0
0
0
0
2.56
1.28
1.28
2.56
0
