57.0000 0.05 1
160
160
0
0
0
40
0
0
0
0
0
0
0
0
0
0
0
0
0
0
0
0
0
0
0
0
0
0
0
0
0
0
0
0
0
0
0
0
0
0
0
0
0
0
0
0
0
0
0
0
0
0
0
0
0
0
0
0
0
0
0
0
0
0
0
0
0
0
0
0
0
0
0
0
0
0
0
0
0
0
0
0
0
0
0
0
0
0
0
0
0
0
0
0
0
0
0
0
0
0
0
0
0
0
0
0
0
0
0
0
0
0
0
0
0
0
0
0
0
0
0
0
0
0
0
0
0
0
0
0
0
0
0
0
0
0
0
0
0
0
0
0
0
0
0
0
0
0
0
0
0
0
0
0
0
0
0
0
0
0
0
0
0
0
0
0
0
0
0
0
0
0
0
0
0
0
0
0
0
0
0
0
0
0
0
0
0
0
0
0
0
0
0
0
0
0
0
0
0
0
0
0
0
0
0
0
0
0
0
0
0
0
0
0
0
0
0
0
0
0
0
0
0
0
0
0
0
0
0
0
0
0
0
0
0
0
0
0
0
0
0
0
0
0
0
0
0
0
0
0
0
0
0
0
0
0
0
0
0
0
0
0
0
0
0
0
0
0
0
0
0
0
0
0
0
0
0
0
0
0
0
0
0
0
0
0
0
0
0
0
0
0
0
0
0
0
0
0
0
0
0
0
0
0
0
0
0
0
0
0
0
0
0
0
0
0
0
0
0
0
0
0
0
0
0
0
0
0
0
0
0
0
0
0
0
0
0
0
0
0
0
0
0
0
0
0
0
0
0
0
0
0
0
0
0
0
0
0
0
0
0
0
0
0
0
0
0
0
0
0
0
0
0
0
0
0
0
0
0
0
0
0
0
0
0
0
0
0
0
0
0
0
0
0
0
0
0
0
0
0
0
0
0
0
0
0
0
0
0
0
0
0
0
0
0
0
0
0
0
0
0
0
0
0
0
0
0
0
0
0
0
0
0
0
0
0
0
0
0
0
0
0
0
0
0
0
0
0
0
0
0
0
0
0
0
0
0
0
0
0
0
0
0
0
0
0
0
0
0
0
0
0
0
0
0
0
0
0
0
0
0
0
0
0
0
0
0
0
0
0
0
0
0
0
0
0
0
0
0
0
0
0
0
0
0
0
0
0
0
0
0
0
0
0
0
0
0
0
0
0
0
0
0
0
0
0
0
0
0
0
0
0
0
0
0
0
0
0
0
0
0
0
0
0
0
0
0
0
0
0
0
0
0
0
0
0
0
0
0
0
0
0
0
0
0
0
0
0
0
0
0
0
0
0
0
0
0
0
0
0
0
0
0
0
0
0
0
0
0
0
0
0
0
0
0
0
0
0
0
0
0
0
0
0
0
0
0
0
0
0
0
0
0
0
0
0
0
0
0
0
0
0
0
0
0
0
0
0
0
0
0
0
0
0
0
0
0
0
0
0
0
0
0
0
0
0
0
0
0
0
0
0
0
0
0
0
0
0
0
0
0
0
0
0
0
0
0
0
0
0
0
0
0
0
0
0
0
0
0
0
0
0
0
0
0
0
0
0
0
0
0
0
0
0
0
0
0
0
0
0
0
0
0
0
0
0
0
0
0
0
0
0
0
0
0
0
0
0
0
0
0
0
0
0
0
0
0
0
0
0
0
0
0
0
0
0
0
0
0
0
0
0
0
0
0
0
0
0
0
0
0
0
0
0
0
0
0
0
0
0
0
0
0
0
0
0
0
0
0
0
0
0
0
0
0
0
0
0
0
0
0
0
0
0
0
0
0
0
0
0
0
0
0
0
0
0
0
0
0
0
0
0
0
0
0
0
0
0
0
0
0
0
0
0
0
0
0
0
0
0
0
0
0
0
0
0
0
0
0
0
0
0
0
0
0
0
0
0
0
0
0
0
0
0
0
0
0
0
0
0
0
0
0
0
0
0
0
0
0
0
0
0
0
0
0
0
0
0
0
0
0
0
0
0
0
0
0
0
0
0
0
0
0
0
0
0
0
0
0
0
0
0
0
0
0
0
0
0
0
0
0
0
0
0
0
0
0
0
0
0
0
0
0
0
0
0
0
0
0
0
0
0
0
0
0
0
0
0
0
0
0
0
0
0
0
0
0
0
0
0
0
0
0
0
0
0
0
0
0
0
0
0
0
0
0
0
0
0
0
0
0
0
0
0
0
0
0
0
0
0
0
0
0
0
0
0
0
0
0
0
0
0
0
0
0
0
0
0
0
0
0
0
0
0
0
0
0
0
0
0
0
0
0
0
0
0
0
0
0
0
0
0
0
0
0
0
0
0
0
0
0
0
0
0
0
0
0
0
0
0
0
0
0
0
0
0
0
0
0
0
0
0
0
0
0
0
0
0
0
0
0
0
0
0.222222
0
0
0
0
0.888889
0
1.33333
0
0
0.888889
0
0
0
0.888889
0.444444
0
0.888889
1.33333
0.444444
0.444444
0
0.444444
0.444444
0.888889
0
0.444444
0.888889
1.77778
1.77778
1.33333
0
0
0
1.33333
0
0
0.888889
0
0.888889
1.77778
2.66667
0.888889
0.888889
0.444444
0.222222
0
0
0.888889
0
1.55556
0.888889
0.888889
0.888889
1.33333
0.888889
0.888889
0
1.33333
0
2.22222
1.33333
2.22222
1.33333
0.888889
0.888889
1.33333
0
0.444444
2.22222
2.22222
0
0.888889
0
0.888889
1.77778
0.444444
0.444444
1.77778
0.888889
2.22222
2.22222
0.444444
0.888889
1.33333
1.77778
0.444444
0.888889
2.66667
1.33333
1.77778
1.77778
0.444444
0
0
2.66667
0.888889
1.77778
2.66667
1.77778
1.77778
2.66667
2.66667
1.33333
0.222222
2.22222
0.888889
2.66667
1.77778
1.33333
2.22222
1.33333
1.77778
1.77778
2.66667
1.33333
0.444444
0.888889
0.222222
1.77778
1.77778
2.22222
3.55556
1.33333
0
4.44444
2.66667
1.77778
3.11111
4
3.11111
1.33333
2.66667
0.888889
4.88889
1.77778
1.77778
4.44444
0.888889
4.88889
4.44444
3.55556
0.888889
4
3.11111
4.44444
3.77778
5.55556
4.88889
4.66667
1.77778
4
8
8
5.11111
8.44444
9.33333
7.11111
7.55556
11.3333
12.2222
10.2222
8
10.6667
4
11.1111
10.2222
8
12
11.3333
9.33333
18.2222
10.4444
10.6667
9.55556
12.6667
9.55556
4
10.8889
11.1111
12.8889
8.88889
22.6667
17.1111
20.8889
17.7778
13.3333
14.8889
4.88889
11.5556
9.55556
14.8889
16.6667
7.77778
5.33333
7.11111
4
8.88889
7.33333
5.11111
4.44444
7.55556
3.77778
4.44444
1.77778
0.222222
6.66667
3.11111
5.77778
0.444444
3.55556
1.77778
3.11111
6.66667
2.22222
2.66667
3.55556
0
3.55556
3.55556
2.66667
1.33333
4
4
0.888889
0.888889
2.66667
2.22222
1.33333
3.11111
1.33333
3.55556
1.77778
0.888889
0.444444
1.77778
0.666667
0.888889
1.11111
1.11111
3.11111
0
1.77778
0.888889
0.444444
4
0.888889
1.33333
3.55556
3.55556
1.33333
4
2.66667
3.55556
1.33333
1.77778
2.66667
4.44444
1.33333
0.444444
3.33333
1.77778
2.66667
0.888889
2
4
1.77778
2.22222
3.11111
3.11111
3.11111
2
2.22222
1.33333
0.444444
3.11111
3.11111
1.77778
0.888889
1.33333
1.33333
0.444444
1.77778
0.444444
0.444444
2.88889
2.22222
2.66667
0.888889
0.888889
2.22222
1.77778
1.33333
3.11111
1.33333
2.22222
0
1.77778
4.66667
2.66667
5.33333
0.444444
2.22222
3.55556
1.77778
3.55556
1.77778
1.11111
0.444444
2.66667
1.77778
0.666667
2.66667
1.33333
2.66667
2.22222
5.33333
1.33333
2.66667
4
0
4
0.888889
1.77778
1.55556
0.888889
0.888889
4
3.11111
3.11111
0.444444
1.77778
4.44444
3.11111
2.22222
4
2.66667
3.11111
0.888889
3.55556
1.77778
1.55556
0.888889
4.88889
3.11111
0.888889
3.33333
3.11111
2.22222
0.888889
3.11111
0.222222
1.77778
3.55556
2.22222
4
2.66667
1.77778
2.22222
1.77778
4
1.33333
4.22222
1.77778
3.55556
3.55556
1.33333
1.33333
0.888889
1.33333
4.88889
0.222222
1.33333
3.33333
5.55556
2
0.888889
0.444444
3.55556
4.44444
3.11111
1.55556
3.55556
1.77778
3.77778
2.22222
1.33333
0
4.88889
0.222222
1.77778
2.22222
6.66667
1.77778
0.888889
1.77778
2.22222
1.33333
3.11111
3.11111
4
0.888889
1.77778
4
1.33333
3.55556
2.66667
4
2.22222
3.55556
2.66667
1.77778
2.22222
0
2.66667
0.444444
1.33333
0
1.33333
0.888889
3.55556
1.33333
2.66667
0
1.33333
0.222222
0.888889
0
0
0
0
0.888889
0.888889
0
0
0.888889
0
0.888889
0
0
1.77778
0
0
0
0
0
0.888889
0
0
0.888889
0
0.444444
0
0
0
0
0
0
0.888889
0
