89.0000 0.05 1
320
99.2
60.8
0
0
0
0
0
0
0
0
80
0
40
0
0
0
0
0
0
0
0
0
0
0
0
0
0
0
0
0
0
0
0
0
0
0
0
0
0
0
0
0
0
0
0
0
0
0
0
0
0
0
0
0
0
0
0
0
0
0
0
0
0
0
0
0
0
0
0
0
0
0
0
0
0
0
0
0
0
0
0
0
0
0
0
0
0
0
0
0
0
0
0
0
0
0
0
0
0
0
0
0
0
0
0
0
0
0
0
0
0
0
0
0
0
0
0
0
0
0
0
0
0
0
0
0
0
0
0
0
0
0
0
0
0
0
0
0
0
0
0
0
0
0
0
0
0
0
0
0
0
0
0
0
0
0
0
0
0
0
0
0
0
0
0
0
0
0
0
0
0
0
0
0
0
0
0
0
0
0
0
0
0
0
0
0
0
0
0
0
0
0
0
0
0
0
0
0
0
0
0
0
0
0
0
0
0
0
0
0
0
0
0
0
0
0
0
0
0
0
0
0
0
0
0
0
0
0
0
0
0
0
0
0
0
0
0
0
0
0
0
0
0
0
0
0
0
0
0
0
0
0
0
0
0
0
0
0
0
0
0
0
0
0
0
0
0
0
0
0
0
0
0
0
0
0
0
0
0
0
0
0
0
0
0
0
0
0
0
0
0
0
0
0
0
0
0
0
0
0
0
0
0
0
0
0
0
0
0
0
0
0
0
0
0
0
0
0
0
0
0
0
0
0
0
0
0
0
0
0
0
0
0
0
0
0
0
0
0
0
0
0
0
0
0
0
0
0
0
0
0
0
0
0
0
0
0
0
0
0
0
0
0
0
0
0
0
0
0
0
0
0
0
0
0
0
0
0
0
0
0
0
0
0
0
0
0
0
0
0
0
0
0
0
0
0
0
0
0
0
0
0
0
0
0
0
0
0
0
0
0
0
0
0
0
0
0
0
0
0
0
0
0
0
0
0
0
0
0
0
0
0
0
0
0
0
0
0
0
0
0
0
0
0
0
0
0
0
0
0
0
0
0
0
0
0
0
0
0
0
0
0
0
0
0
0
0
0
0
0
0
0
0
0
0
0
0
0
0
0
0
0
0
0
0
0
0
0
0
0
0
0
0
0
0
0
0
0
0
0
0
0
0
0
0
0
0
0
0
0
0
0
0
0
0
0
0
0
0
0
0
0
0
0
0
0
0
0
0
0
0
0
0
0
0
0
0
0
0
0
0
0
0
0
0
0
0
0
0
0
0
0
0
0
0
0
0
0
0
0
0
0
0
0
0
0
0
0
0
0
0
0
0
0
0
0
0
0
0
0
0
0
0
0
0
0
0
0
0
0
0
0
0
0
0
0
0
0
0
0
0
0
0
0
0
0
0
0
0
0
0
0
0
0
0
0
0
0
0
0
0
0
0
0
0
0
0
0
0
0
0
0
0
0
0
0
0
0
0
0
0
0
0
0
0
0
0
0
0
0
0
0
0
0
0
0
0
0
0
0
0
0
0
0
0
0
0
0
0
0
0
0
0
0
0
0
0
0
0
0
0
0
0
0
0
0
0
0
0
0
0
0
0
0
0
0
0
0
0
0
0
0
0
0
0
0
0
0
0
0
0
0
0
0
0
0
0
0
0
0
0
0
0
0
0
0
0
0
0
0
0
0
0
0
0
0
0
0
0
0
0
0
0
0
0
0
0
0
0
0
0
0
0
0
0
0
0
0
0
0
0
0
0
0
0
0
0
0
0
0
0
0
0
0
0
0
0
0
0
0
0
0
0
0
0
0
0
0
0
0
0
0
0
0
0
0
0
0
0
0
0
0
0
0
0
0
0
0
0
0
0
0
0
0
0
0
0
0
0
0
0
0
0
0
0
0
0
0
0
0
0
0
0
0
0
0
0
0
0
0
0
0
0
0
0
0
0
0
0
0
0
0
0
0
0
0
0
0
0
0
0
0
0
0
0
0
0
0
0
0
0
0
0
0
0
0
0
0
0
0
0
0
0
0
0
0
0
0
0
0
0
0
0
0
0
0
0
0
0
0
0
0
0
0
0
0
0
0
0
0
0
0
0
0
0
0
0
0
0
0
0
0
0
0
0
0
0
0
0
0
0
0
0
0
0
0
0
0
0
0
0
0
0
0
0
0
0
0
0
0
0
0
0
0
0
0
0
0
0
0
0
0
0
0
0
0
0
0
0
0
0
0
0
0
0
0
0
0
0
0
0
0
0
0
0
0
0
0
0
0
0
0
0
0
0
0
0
0
0
0
0
0
0
0
0
0
0
0
0
0
0
0
0
0
0
0
0
0
0
0
0
0
0
0
0
0
0
0
0
0
0
0
0
0
0
0
0
0
0
0
0
0
0
0
0
0
0
0
0
0
0
0
0
0
0
0.32
0
0
0.64
0
0
0
0
0
3.2
0
0
0
0
2.56
0
0
1.28
0
3.84
0
0
0
0
0
2.56
0
0
0
0
0
0
1.28
0
0
3.2
0
0
0
0
3.84
5.12
0
0
0
5.12
0
0
0
2.56
2.56
2.56
0.64
0
0
0
0
0
0
0
0
0
1.28
2.56
2.56
0
0
2.56
2.56
2.56
2.56
0
2.88
2.56
5.12
0
1.28
0
0
2.56
0
0.32
7.68
6.4
0
0
0
2.56
0
0
1.28
0
5.12
0
2.56
0
6.4
0
0
3.84
3.84
2.56
0.64
0
1.28
0
3.84
0
0
0
6.4
3.84
0
5.12
2.56
7.68
1.28
2.56
3.84
8.32
0
0
7.68
0
0
2.56
5.12
1.92
4.48
2.56
0
10.56
4.16
5.12
5.12
5.12
0
10.88
1.92
1.28
5.12
1.28
17.28
6.4
7.04
8.32
9.92
12.8
2.56
23.04
9.92
1.92
17.28
6.4
5.12
14.4
12.8
17.92
12.16
14.4
8.96
19.2
33.28
2.56
23.04
14.08
12.8
5.12
17.92
11.84
8.96
12.8
14.08
13.44
19.2
14.72
25.6
21.76
17.92
16
10.24
43.52
14.08
29.44
14.08
18.56
16.64
5.12
16.64
10.88
7.68
6.4
4.16
10.88
13.12
8.32
7.68
14.08
16
2.56
29.44
7.68
12.8
9.92
14.08
23.04
11.2
5.12
8.32
8.96
15.36
0
0
3.84
5.12
3.84
14.08
0
5.12
2.56
1.28
1.28
3.84
6.4
0
10.24
3.84
2.56
5.12
1.28
0
0
5.12
2.56
5.12
0
0
0
2.56
5.12
5.12
3.2
2.56
0
0
0
0
2.56
2.56
5.12
3.84
7.68
1.28
0
0
0
2.56
0
6.4
0
0.64
0
0.64
0.96
0
2.56
3.84
0
0
0
5.12
2.56
0
0
0
0
5.12
2.56
6.72
1.28
6.4
7.68
6.4
1.28
0
1.28
3.84
3.84
2.56
1.28
2.56
0
5.12
10.24
1.6
5.12
0
7.68
0
8.96
0
3.84
5.12
0
1.28
0
0
0
0
5.12
2.56
7.68
1.28
0
0
1.28
1.6
7.04
0.64
1.6
0
2.56
0.64
2.56
0
1.28
7.68
7.68
0
1.92
8.96
7.68
2.56
2.56
2.56
2.56
2.56
6.4
8.96
0
10.24
0
0
0
6.4
2.56
2.56
0.64
2.56
6.4
2.56
0
0
2.56
2.56
0
7.68
7.68
0
2.56
3.84
0
1.28
2.56
0
0
3.84
0
0.64
11.52
0
0
12.16
2.56
1.28
0.32
5.12
1.28
1.28
0
5.12
7.68
1.28
2.56
6.4
3.84
5.12
2.56
1.28
7.68
2.24
2.88
0.32
9.6
3.84
2.56
0
3.2
0
6.4
1.28
7.68
1.28
3.84
7.68
0
0
7.68
5.12
5.76
2.56
2.56
1.28
0
5.12
0
0
2.56
0
0
0
5.12
0
0
0
3.84
7.68
0
0.64
0
0
1.28
2.56
0
7.68
0
2.56
2.56
0
2.56
0
0
0
0
2.56
0
0
0
0
0
2.56
0
2.56
0
1.28
0
2.56
0
0
0
0
0
0
0
0
2.56
0
