63.0000 0.05 1
217.778
97.7778
44.4444
0
0
0
0
0
0
0
0
0
0
0
0
0
0
0
0
0
0
0
0
0
0
0
0
0
0
0
0
0
0
0
0
0
0
0
0
0
0
0
0
0
0
0
0
0
0
0
0
0
0
0
0
0
0
0
0
0
0
0
0
0
0
0
0
0
0
0
0
0
0
0
0
0
0
0
0
0
0
0
0
0
0
0
0
0
0
0
0
0
0
0
0
0
0
0
0
0
0
0
0
0
0
0
0
0
0
0
0
0
0
0
0
0
0
0
0
0
0
0
0
0
0
0
0
0
0
0
0
0
0
0
0
0
0
0
0
0
0
0
0
0
0
0
0
0
0
0
0
0
0
0
0
0
0
0
0
0
0
0
0
0
0
0
0
0
0
0
0
0
0
0
0
0
0
0
0
0
0
0
0
0
0
0
0
0
0
0
0
0
0
0
0
0
0
0
0
0
0
0
0
0
0
0
0
0
0
0
0
0
0
0
0
0
0
0
0
0
0
0
0
0
0
0
0
0
0
0
0
0
0
0
0
0
0
0
0
0
0
0
0
0
0
0
0
0
0
0
0
0
0
0
0
0
0
0
0
0
0
0
0
0
0
0
0
0
0
0
0
0
0
0
0
0
0
0
0
0
0
0
0
0
0
0
0
0
0
0
0
0
0
0
0
0
0
0
0
0
0
0
0
0
0
0
0
0
0
0
0
0
0
0
0
0
0
0
0
0
0
0
0
0
0
0
0
0
0
0
0
0
0
0
0
0
0
0
0
0
0
0
0
0
0
0
0
0
0
0
0
0
0
0
0
0
0
0
0
0
0
0
0
0
0
0
0
0
0
0
0
0
0
0
0
0
0
0
0
0
0
0
0
0
0
0
0
0
0
0
0
0
0
0
0
0
0
0
0
0
0
0
0
0
0
0
0
0
0
0
0
0
0
0
0
0
0
0
0
0
0
0
0
0
0
0
0
0
0
0
0
0
0
0
0
0
0
0
0
0
0
0
0
0
0
0
0
0
0
0
0
0
0
0
0
0
0
0
0
0
0
0
0
0
0
0
0
0
0
0
0
0
0
0
0
0
0
0
0
0
0
0
0
0
0
0
0
0
0
0
0
0
0
0
0
0
0
0
0
0
0
0
0
0
0
0
0
0
0
0
0
0
0
0
0
0
0
0
0
0
0
0
0
0
0
0
0
0
0
0
0
0
0
0
0
0
0
0
0
0
0
0
0
0
0
0
0
0
0
0
0
0
0
0
0
0
0
0
0
0
0
0
0
0
0
0
0
0
0
0
0
0
0
0
0
0
0
0
0
0
0
0
0
0
0
0
0
0
0
0
0
0
0
0
0
0
0
0
0
0
0
0
0
0
0
0
0
0
0
0
0
0
0
0
0
0
0
0
0
0
0
0
0
0
0
0
0
0
0
0
0
0
0
0
0
0
0
0
0
0
0
0
0
0
0
0
0
0
0
0
0
0
0
0
0
0
0
0
0
0
0
0
0
0
0
0
0
0
0
0
0
0
0
0
0
0
0
0
0
0
0
0
0
0
0
0
0
0
0
0
0
0
0
0
0
0
0
0
0
0
0
0
0
0
0
0
0
0
0
0
0
0
0
0
0
0
0
0
0
0
0
0
0
0
0
0
0
0
0
0
0
0
0
0
0
0
0
0
0
0
0
0
0
0
0
0
0
0
0
0
0
0
0
0
0
0
0
0
0
0
0
0
0
0
0
0
0
0
0
0
0
0
0
0
0
0
0
0
0
0
0
0
0
0
0
0
0
0
0
0
0
0
0
0
0
0
0
0
0
0
0
0
0
0
0
0
0
0
0
0
0
0
0
0
0
0
0
0
0
0
0
0
0
0
0
0
0
0
0
0
0
0
0
0
0
0
0
0
0
0
0
0
0
0
0
0
0
0
0
0
0
0
0
0
0
0
0
0
0
0
0
0
0
0
0
0
0
0
0
0
0
0
0
0
0
0
0
0
0
0
0
0
0
0
0
0
0
0
0
0
0
0
0
0
0
0
0
0
0
0
0
0
0
0
0
0
0
0
0
0
0
0
0
0
0
0
0
0
0
0
0
0
0
0
0
0
0
0
0
0
0
0
0
0
0
0
0
0
0
0
0
0
0
0
0
0
0
0
0
0
0
0
0
0
0
0
0
0
0
0
0
0
0
0
0
0
0
0
0
0
0
0
0
0
0
0
0
0
0
0
0
0
0
0
0
0
0
0
0
0
0
0
0
0
0
0
0
0
0
0
0
0
0
0
0
0
0
0
0
0
0
0
0
0
0
0
0
0
0
0
0
0
0
0
0
0
0
0
0
0
0
0
0
0
0
0
0
0
0
0
0
0
0
0
0
0
0
0
0.277778
0
0
0
0
0.555556
1.66667
0
0
0
0
3.33333
0
0
0
0
0
0.555556
1.11111
0
0.555556
0
4.16667
0
0.555556
3.61111
0.555556
1.11111
0
1.11111
0.555556
0
0
0
0
0
3.33333
0
0.555556
1.11111
0.555556
2.22222
0.555556
2.77778
2.77778
0
2.22222
1.11111
0
3.33333
0
1.11111
0.555556
0
0
2.22222
1.11111
3.33333
0
3.33333
3.33333
0
0
1.94444
0
0.555556
1.11111
1.11111
2.77778
1.11111
2.77778
0.277778
1.11111
0
2.22222
2.77778
0.555556
0.555556
1.11111
2.77778
5.55556
3.61111
2.5
1.38889
0
0.555556
2.77778
0.277778
1.66667
2.22222
5
0.555556
0
3.88889
0
1.11111
1.66667
1.66667
0
0.277778
3.33333
1.94444
0
1.66667
6.11111
0.555556
0.555556
7.77778
3.33333
1.11111
1.11111
2.22222
0.555556
3.33333
3.33333
3.88889
1.66667
5
0.555556
5
0.555556
3.61111
1.11111
5
0.555556
3.33333
0
2.77778
0
6.11111
0
2.77778
0
1.11111
4.44444
10
3.88889
4.44444
3.33333
5
0.555556
2.22222
0.555556
3.33333
3.05556
3.33333
3.88889
3.33333
2.77778
3.33333
7.22222
6.11111
4.44444
4.44444
6.11111
6.38889
4.44444
16.1111
9.44444
5.55556
7.77778
1.94444
4.44444
3.88889
19.1667
5.27778
18.8889
11.3889
11.1111
16.6667
9.72222
5.55556
11.1111
9.72222
9.44444
6.66667
15.8333
6.66667
23.8889
14.7222
20.8333
21.1111
11.1111
13.0556
20
9.44444
9.44444
20.5556
26.9444
12.5
12.2222
10
10.5556
13.8889
12.7778
6.66667
3.88889
4.44444
7.22222
2.77778
5
3.61111
6.11111
6.11111
3.33333
8.33333
3.33333
2.22222
4.44444
3.33333
8.33333
3.33333
2.22222
1.66667
4.44444
1.66667
4.72222
6.66667
2.77778
0.555556
3.88889
6.11111
7.22222
3.33333
5.55556
3.33333
3.33333
1.11111
0
0
4.72222
0
6.11111
3.61111
1.11111
3.05556
0
2.77778
5.55556
1.11111
0.555556
3.33333
3.88889
1.66667
1.11111
3.33333
0
7.77778
1.66667
4.44444
5
2.22222
0.277778
7.77778
3.33333
1.66667
3.33333
3.33333
4.44444
2.22222
0
1.11111
4.44444
5
5.55556
2.22222
3.88889
7.22222
0.555556
5.55556
0
0.555556
3.33333
2.22222
1.11111
1.66667
5
2.22222
3.61111
6.66667
0.555556
2.5
2.22222
4.44444
1.66667
3.88889
4.44444
0
3.33333
7.77778
3.33333
6.11111
1.38889
0
0
6.38889
2.77778
2.22222
2.77778
2.77778
3.33333
5.55556
3.33333
2.22222
2.77778
2.22222
2.22222
5
2.22222
0.555556
5
4.44444
3.33333
1.11111
6.66667
6.66667
2.22222
4.44444
0
1.66667
1.66667
4.72222
3.33333
0.277778
3.88889
3.33333
2.77778
0.555556
5.55556
1.11111
3.88889
5
2.22222
2.77778
3.33333
7.22222
4.44444
1.11111
2.22222
5.55556
3.33333
6.38889
2.77778
1.66667
2.77778
5
3.33333
5.83333
2.22222
3.33333
1.11111
3.33333
5.55556
3.61111
0
1.11111
7.22222
1.66667
2.77778
1.11111
2.22222
2.22222
0.833333
4.44444
0.277778
0.555556
5
4.72222
3.33333
5.55556
1.11111
0
1.11111
2.22222
0
1.94444
3.33333
5.55556
0
4.44444
3.88889
1.11111
2.22222
3.33333
1.11111
1.94444
0
3.33333
0.833333
1.11111
0.277778
2.22222
1.11111
0
1.11111
0
2.22222
1.11111
0
1.11111
0.555556
0.555556
1.11111
0
1.66667
3.88889
2.22222
0.555556
1.38889
0
1.11111
0.555556
0.555556
0
1.66667
0
0.277778
0
0
0
0
0.277778
0
0
0
1.66667
0.277778
0
0
0.555556
0
