70.0000 0.05 1
80
139.259
150.741
62.4074
47.5926
0
0
0
0
0
0
0
0
0
0
0
0
0
0
0
0
0
0
0
0
0
0
0
0
0
0
0
0
0
0
0
0
0
0
0
0
0
0
0
0
0
0
0
0
0
0
0
0
0
0
0
0
0
0
0
0
0
0
0
0
0
0
0
0
0
0
0
0
0
0
0
0
0
0
0
0
0
0
0
0
0
0
0
0
0
0
0
0
0
0
0
0
0
0
0
0
0
0
0
0
0
0
0
0
0
0
0
0
0
0
0
0
0
0
0
0
0
0
0
0
0
0
0
0
0
0
0
0
0
0
0
0
0
0
0
0
0
0
0
0
0
0
0
0
0
0
0
0
0
0
0
0
0
0
0
0
0
0
0
0
0
0
0
0
0
0
0
0
0
0
0
0
0
0
0
0
0
0
0
0
0
0
0
0
0
0
0
0
0
0
0
0
0
0
0
0
0
0
0
0
0
0
0
0
0
0
0
0
0
0
0
0
0
0
0
0
0
0
0
0
0
0
0
0
0
0
0
0
0
0
0
0
0
0
0
0
0
0
0
0
0
0
0
0
0
0
0
0
0
0
0
0
0
0
0
0
0
0
0
0
0
0
0
0
0
0
0
0
0
0
0
0
0
0
0
0
0
0
0
0
0
0
0
0
0
0
0
0
0
0
0
0
0
0
0
0
0
0
0
0
0
0
0
0
0
0
0
0
0
0
0
0
0
0
0
0
0
0
0
0
0
0
0
0
0
0
0
0
0
0
0
0
0
0
0
0
0
0
0
0
0
0
0
0
0
0
0
0
0
0
0
0
0
0
0
0
0
0
0
0
0
0
0
0
0
0
0
0
0
0
0
0
0
0
0
0
0
0
0
0
0
0
0
0
0
0
0
0
0
0
0
0
0
0
0
0
0
0
0
0
0
0
0
0
0
0
0
0
0
0
0
0
0
0
0
0
0
0
0
0
0
0
0
0
0
0
0
0
0
0
0
0
0
0
0
0
0
0
0
0
0
0
0
0
0
0
0
0
0
0
0
0
0
0
0
0
0
0
0
0
0
0
0
0
0
0
0
0
0
0
0
0
0
0
0
0
0
0
0
0
0
0
0
0
0
0
0
0
0
0
0
0
0
0
0
0
0
0
0
0
0
0
0
0
0
0
0
0
0
0
0
0
0
0
0
0
0
0
0
0
0
0
0
0
0
0
0
0
0
0
0
0
0
0
0
0
0
0
0
0
0
0
0
0
0
0
0
0
0
0
0
0
0
0
0
0
0
0
0
0
0
0
0
0
0
0
0
0
0
0
0
0
0
0
0
0
0
0
0
0
0
0
0
0
0
0
0
0
0
0
0
0
0
0
0
0
0
0
0
0
0
0
0
0
0
0
0
0
0
0
0
0
0
0
0
0
0
0
0
0
0
0
0
0
0
0
0
0
0
0
0
0
0
0
0
0
0
0
0
0
0
0
0
0
0
0
0
0
0
0
0
0
0
0
0
0
0
0
0
0
0
0
0
0
0
0
0
0
0
0
0
0
0
0
0
0
0
0
0
0
0
0
0
0
0
0
0
0
0
0
0
0
0
0
0
0
0
0
0
0
0
0
0
0
0
0
0
0
0
0
0
0
0
0
0
0
0
0
0
0
0
0
0
0
0
0
0
0
0
0
0
0
0
0
0
0
0
0
0
0
0
0
0
0
0
0
0
0
0
0
0
0
0
0
0
0
0
0
0
0
0
0
0
0
0
0
0
0
0
0
0
0
0
0
0
0
0
0
0
0
0
0
0
0
0
0
0
0
0
0
0
0
0
0
0
0
0
0
0
0
0
0
0
0
0
0
0
0
0
0
0
0
0
0
0
0
0
0
0
0
0
0
0
0
0
0
0
0
0
0
0
0
0
0
0
0
0
0
0
0
0
0
0
0
0
0
0
0
0
0
0
0
0
0
0
0
0
0
0
0
0
0
0
0
0
0
0
0
0
0
0
0
0
0
0
0
0
0
0
0
0
0
0
0
0
0
0
0
0
0
0
0
0
0
0
0
0
0
0
0
0
0
0
0
0
0
0
0
0
0
0
0
0
0
0
0
0
0
0
0
0
0
0
0
0
0
0
0
0
0
0
0
0
0
0
0
0
0
0
0
0
0
0
0
0
0
0
0
0
0
0
0
0
0
0
0
0
0
0
0
0
0
0
0
0
0
0
0
0
0
0
0
0
0
0
0
0
0
0
0
0
0
0
0
0
0
0
0
0
0
0
0
0
0
0
0
0
0
0
0
0
0
0
0
0
0
0
0
0
0
0
0
0
0
0
0
0
0
0
0
0
0
0
0
0
0
0
0
0
0
0
0
0
0
0
0
0
0
0
0
0
0
0
0
0
0
0
0
0
0
0
0
0
0
0
0.185185
0
0
0
0
0.37037
0.37037
0.740741
0.740741
0
0
0.740741
0
0
0
0.740741
0
0
1.11111
0.740741
1.48148
0
0
0.740741
0.37037
1.11111
1.48148
0
0.740741
0
1.48148
0.37037
0.740741
0
0
0
0.740741
0
0.740741
1.48148
0.740741
1.85185
1.85185
1.48148
0
0
1.48148
0.925926
1.85185
0.740741
1.11111
1.11111
0.740741
0
1.48148
0.925926
0
1.11111
0.740741
0.37037
0.37037
0.740741
1.85185
1.11111
0.37037
2.22222
0
0.740741
0.37037
1.85185
0.37037
1.11111
1.48148
1.85185
0.740741
1.85185
1.48148
1.48148
1.11111
2.22222
0.740741
1.11111
0.37037
1.11111
0
0.740741
1.85185
3.33333
0.740741
0.740741
1.85185
0
2.22222
0.740741
1.48148
1.11111
2.59259
0.740741
1.48148
1.85185
1.85185
0.37037
2.22222
1.48148
1.85185
5.18519
1.48148
0.740741
2.59259
2.22222
0
3.7037
3.14815
0.740741
1.11111
0.740741
1.11111
3.7037
1.85185
1.85185
2.59259
6.66667
2.59259
5.74074
1.11111
3.7037
3.33333
3.33333
1.48148
1.48148
2.96296
2.96296
1.85185
2.59259
5.18519
4.44444
7.77778
8.88889
4.81481
5.74074
7.03704
4.62963
5.92593
8.51852
6.2963
6.48148
7.03704
8.14815
10.3704
12.5926
9.62963
17.4074
12.963
12.963
12.2222
13.8889
9.81481
9.81481
15.3704
7.03704
8.51852
9.25926
14.4444
11.8519
14.4444
10.7407
10.1852
7.22222
9.44444
11.8519
15.5556
11.2963
10
9.81481
8.88889
13.7037
13.7037
12.7778
11.4815
5.92593
10.7407
8.14815
8.88889
12.5926
17.963
9.25926
14.2593
17.963
16.1111
21.2963
17.7778
11.8519
11.6667
4.44444
9.62963
11.4815
13.1481
15.9259
14.4444
14.4444
6.48148
8.14815
7.59259
5.74074
4.44444
3.7037
2.96296
3.33333
5.18519
4.07407
1.85185
3.7037
3.7037
2.59259
3.33333
2.59259
0
2.22222
1.11111
3.7037
2.96296
0.740741
2.59259
2.22222
1.48148
1.48148
2.96296
3.33333
2.59259
2.22222
5.55556
0.37037
1.11111
1.48148
0.740741
4.07407
0.740741
2.59259
1.85185
0.740741
0.740741
0.185185
1.11111
3.33333
0.740741
0.37037
0.37037
1.85185
0.740741
0.37037
2.22222
2.96296
0.740741
0.740741
1.48148
0.185185
2.40741
3.14815
2.40741
0
2.22222
0
0.555556
1.48148
2.03704
0.37037
1.11111
1.48148
1.48148
0.185185
2.40741
1.48148
3.33333
0.740741
1.48148
4.07407
3.33333
2.22222
2.59259
1.48148
1.85185
1.11111
2.22222
2.40741
2.59259
0.740741
0.925926
2.40741
3.7037
1.48148
2.96296
1.85185
1.48148
1.66667
3.7037
2.22222
2.03704
1.11111
1.48148
2.22222
1.11111
2.22222
0.740741
2.22222
1.48148
2.22222
1.11111
0
0.740741
2.22222
1.85185
1.85185
1.85185
3.14815
1.85185
1.85185
1.85185
1.85185
0.740741
1.85185
2.96296
2.22222
2.22222
1.85185
2.22222
3.7037
2.22222
1.66667
1.85185
3.33333
2.59259
1.11111
1.48148
2.22222
1.48148
1.48148
1.11111
0
3.7037
2.96296
2.22222
2.96296
2.22222
3.33333
3.33333
1.48148
2.96296
2.22222
1.11111
2.96296
2.59259
1.85185
2.22222
3.33333
2.22222
1.85185
0.740741
1.66667
1.48148
2.59259
3.33333
3.33333
1.85185
0.37037
1.48148
1.11111
2.22222
1.11111
1.11111
5.18519
4.44444
3.7037
1.48148
0
2.22222
2.22222
1.85185
2.22222
2.59259
2.59259
2.40741
3.33333
1.85185
1.11111
4.07407
1.11111
3.33333
1.11111
3.51852
1.48148
1.48148
2.96296
1.48148
4.07407
1.85185
5.55556
2.59259
0.740741
1.85185
0
2.96296
3.33333
2.22222
3.7037
0
2.59259
6.2963
1.48148
1.48148
3.33333
1.85185
3.7037
3.7037
2.40741
4.07407
1.85185
0.37037
0.925926
2.40741
2.96296
1.66667
2.22222
0.37037
2.22222
2.96296
1.85185
0
2.59259
5.18519
1.85185
1.48148
2.59259
1.48148
4.07407
5.18519
0.740741
0.740741
1.48148
4.07407
2.96296
2.96296
0.740741
2.59259
0.740741
1.85185
0.37037
0.740741
2.59259
2.59259
2.96296
0.740741
1.85185
0.740741
1.48148
0.740741
0.740741
0.555556
2.59259
0.740741
0.37037
0
0.37037
0
0
1.11111
0
0
0
0.37037
0
