70.0000 0.05 1
160
95.5556
104.444
0
0
80
0
0
40
0
0
0
0
0
0
0
0
0
0
0
0
0
0
0
0
0
0
0
0
0
0
0
0
0
0
0
0
0
0
0
0
0
0
0
0
0
0
0
0
0
0
0
0
0
0
0
0
0
0
0
0
0
0
0
0
0
0
0
0
0
0
0
0
0
0
0
0
0
0
0
0
0
0
0
0
0
0
0
0
0
0
0
0
0
0
0
0
0
0
0
0
0
0
0
0
0
0
0
0
0
0
0
0
0
0
0
0
0
0
0
0
0
0
0
0
0
0
0
0
0
0
0
0
0
0
0
0
0
0
0
0
0
0
0
0
0
0
0
0
0
0
0
0
0
0
0
0
0
0
0
0
0
0
0
0
0
0
0
0
0
0
0
0
0
0
0
0
0
0
0
0
0
0
0
0
0
0
0
0
0
0
0
0
0
0
0
0
0
0
0
0
0
0
0
0
0
0
0
0
0
0
0
0
0
0
0
0
0
0
0
0
0
0
0
0
0
0
0
0
0
0
0
0
0
0
0
0
0
0
0
0
0
0
0
0
0
0
0
0
0
0
0
0
0
0
0
0
0
0
0
0
0
0
0
0
0
0
0
0
0
0
0
0
0
0
0
0
0
0
0
0
0
0
0
0
0
0
0
0
0
0
0
0
0
0
0
0
0
0
0
0
0
0
0
0
0
0
0
0
0
0
0
0
0
0
0
0
0
0
0
0
0
0
0
0
0
0
0
0
0
0
0
0
0
0
0
0
0
0
0
0
0
0
0
0
0
0
0
0
0
0
0
0
0
0
0
0
0
0
0
0
0
0
0
0
0
0
0
0
0
0
0
0
0
0
0
0
0
0
0
0
0
0
0
0
0
0
0
0
0
0
0
0
0
0
0
0
0
0
0
0
0
0
0
0
0
0
0
0
0
0
0
0
0
0
0
0
0
0
0
0
0
0
0
0
0
0
0
0
0
0
0
0
0
0
0
0
0
0
0
0
0
0
0
0
0
0
0
0
0
0
0
0
0
0
0
0
0
0
0
0
0
0
0
0
0
0
0
0
0
0
0
0
0
0
0
0
0
0
0
0
0
0
0
0
0
0
0
0
0
0
0
0
0
0
0
0
0
0
0
0
0
0
0
0
0
0
0
0
0
0
0
0
0
0
0
0
0
0
0
0
0
0
0
0
0
0
0
0
0
0
0
0
0
0
0
0
0
0
0
0
0
0
0
0
0
0
0
0
0
0
0
0
0
0
0
0
0
0
0
0
0
0
0
0
0
0
0
0
0
0
0
0
0
0
0
0
0
0
0
0
0
0
0
0
0
0
0
0
0
0
0
0
0
0
0
0
0
0
0
0
0
0
0
0
0
0
0
0
0
0
0
0
0
0
0
0
0
0
0
0
0
0
0
0
0
0
0
0
0
0
0
0
0
0
0
0
0
0
0
0
0
0
0
0
0
0
0
0
0
0
0
0
0
0
0
0
0
0
0
0
0
0
0
0
0
0
0
0
0
0
0
0
0
0
0
0
0
0
0
0
0
0
0
0
0
0
0
0
0
0
0
0
0
0
0
0
0
0
0
0
0
0
0
0
0
0
0
0
0
0
0
0
0
0
0
0
0
0
0
0
0
0
0
0
0
0
0
0
0
0
0
0
0
0
0
0
0
0
0
0
0
0
0
0
0
0
0
0
0
0
0
0
0
0
0
0
0
0
0
0
0
0
0
0
0
0
0
0
0
0
0
0
0
0
0
0
0
0
0
0
0
0
0
0
0
0
0
0
0
0
0
0
0
0
0
0
0
0
0
0
0
0
0
0
0
0
0
0
0
0
0
0
0
0
0
0
0
0
0
0
0
0
0
0
0
0
0
0
0
0
0
0
0
0
0
0
0
0
0
0
0
0
0
0
0
0
0
0
0
0
0
0
0
0
0
0
0
0
0
0
0
0
0
0
0
0
0
0
0
0
0
0
0
0
0
0
0
0
0
0
0
0
0
0
0
0
0
0
0
0
0
0
0
0
0
0
0
0
0
0
0
0
0
0
0
0
0
0
0
0
0
0
0
0
0
0
0
0
0
0
0
0
0
0
0
0
0
0
0
0
0
0
0
0
0
0
0
0
0
0
0
0
0
0
0
0
0
0
0
0
0
0
0
0
0
0
0
0
0
0
0
0
0
0
0
0
0
0
0
0
0
0
0
0
0
0
0
0
0
0
0
0
0
0
0
0
0
0
0
0
0
0
0
0
0
0
0
0
0
0
0
0
0
0
0
0
0
0
0
0
0
0
0
0
0
0
0
0
0
0
0
0
0
0
0
0
0
0
0
0
0
0
0
0
0
0
0
0
0
0
0
0
0
0
0
0
0
0
0
0
0
0
0
0
0
0
0
0
0
0
0.222222
0
0
0
0
0.444444
0
0.444444
0.888889
0.444444
0
0
0.888889
0
1.33333
0
0
0
0
0
1.33333
1.33333
0
0
0.888889
1.33333
0
0
0.888889
2.22222
0.888889
0
0.888889
1.33333
0.444444
0
0
0.888889
0
0
0
0.888889
0.888889
1.77778
0.888889
0
0.444444
2.66667
0.222222
1.33333
0
1.77778
0.888889
0
1.33333
0.888889
1.11111
2.66667
0
1.33333
1.33333
0.444444
0
0
1.33333
0
0.888889
0.444444
3.11111
0.888889
0.888889
0.888889
0.888889
1.33333
3.11111
0.444444
1.33333
0.444444
1.77778
0.888889
1.33333
0.888889
1.77778
0.888889
2.22222
0.888889
1.33333
0.888889
1.77778
1.33333
0.888889
0.444444
0.888889
1.33333
3.11111
0.888889
1.33333
2.66667
1.33333
1.77778
1.33333
2.22222
1.77778
0
1.33333
3.55556
3.11111
0.666667
1.33333
3.77778
1.77778
0.888889
2.88889
2.22222
1.77778
4.88889
2.22222
1.33333
0.444444
1.33333
1.33333
2.66667
2.22222
4.44444
1.77778
2.22222
2.66667
8.22222
4.44444
4.44444
2.22222
1.77778
4
3.11111
4.44444
8
2.66667
8.66667
5.11111
6
7.55556
8
7.11111
10.2222
5.77778
4.88889
9.33333
8
8
8.22222
12.4444
10.2222
9.11111
16.8889
12
8
19.7778
12
14
9.77778
10.6667
14.2222
11.1111
10.8889
14.6667
13.3333
5.77778
12
9.77778
5.77778
10.4444
7.77778
7.77778
9.11111
11.1111
8.88889
10.6667
12.4444
17.3333
14.6667
14.6667
13.5556
19.3333
11.7778
18.2222
14.6667
14
9.11111
11.3333
13.7778
12.4444
12.4444
20.8889
18
13.5556
8.88889
6.44444
5.33333
3.77778
8.66667
11.1111
6.66667
7.33333
4.88889
2.22222
4
4.88889
5.33333
2.22222
1.33333
1.33333
2.66667
2.22222
1.33333
1.33333
6.22222
2.66667
0.888889
7.11111
4.44444
2
0.888889
2.66667
0
6
0.888889
0.888889
4.88889
2.22222
3.11111
0
2.66667
0.444444
3.11111
1.33333
1.33333
0.888889
4
1.77778
2.22222
1.77778
1.33333
2.66667
1.33333
2.22222
0.888889
2
2.66667
1.33333
1.77778
1.11111
0.888889
0.444444
0
3.55556
0
0.888889
0.444444
1.33333
1.33333
0
0
2.22222
0.888889
1.33333
0
0.888889
0
0
0.888889
1.11111
3.55556
4
3.11111
1.33333
0.888889
1.33333
2.22222
3.55556
1.77778
2.22222
2.66667
2.22222
4
2.88889
0.444444
1.33333
3.55556
1.33333
1.77778
1.11111
4.44444
1.33333
3.11111
3.11111
1.33333
0.444444
0.888889
1.33333
2.22222
0
4.88889
2.44444
0.888889
3.55556
0.888889
4.44444
1.33333
2.88889
0.888889
2.66667
0.444444
1.33333
2.22222
1.11111
2.22222
3.55556
0.444444
1.33333
0.444444
2.66667
1.33333
1.33333
2.66667
0.888889
1.33333
2.66667
1.33333
2.22222
4.44444
1.33333
2.66667
4.44444
0
1.77778
1.77778
1.33333
2.22222
3.11111
0
0.444444
1.33333
5.77778
2.22222
0.888889
1.77778
3.11111
3.11111
2.22222
2.66667
1.55556
0
6.22222
0.444444
2
3.11111
3.11111
2
3.33333
2.66667
2.22222
3.11111
1.11111
3.11111
1.33333
3.55556
2.22222
0.888889
2.66667
0
3.55556
0.888889
3.11111
2.22222
2.22222
4.44444
0.888889
1.77778
1.33333
2.22222
1.33333
0.888889
2.22222
3.55556
3.77778
0.888889
1.77778
2.22222
0
3.11111
4.44444
2
0.888889
1.55556
4.22222
2.66667
0.888889
5.33333
2.66667
3.55556
1.33333
1.77778
1.77778
3.11111
1.11111
2.66667
1.77778
2.66667
4.44444
4
3.11111
0.888889
1.77778
1.77778
3.77778
1.33333
0.888889
1.33333
0
2.66667
7.11111
1.33333
3.11111
2.88889
2.22222
3.11111
0
1.77778
4
0.888889
4.22222
1.33333
1.77778
2.66667
3.11111
1.33333
0
2.22222
3.11111
0.888889
1.33333
2.66667
2.22222
1.77778
0.888889
1.33333
0.444444
4
1.77778
4.44444
0
1.77778
0.888889
0.222222
0.888889
0
0.888889
0
2.66667
0.888889
0.222222
0
0.888889
1.33333
1.33333
0
0
0
0.888889
0
0
0
0
0
0
0
0
0.444444
0.888889
0
0.888889
0.888889
0.888889
0
0
0
0
0
0.444444
0
0
0
0
0.888889
0
