115.0000 0.05 1
49.1156
22.8571
95.6463
119.048
94.8299
38.5034
0
0
0
0
28.7075
109.524
75.9184
111.701
74.1497
20
0
0
0
0
0
0
0
0
0
0
0
0
0
0
0
0
0
0
0
0
0
0
0
0
0
0
0
0
0
0
0
0
0
0
0
0
0
0
0
0
0
0
0
0
0
0
0
0
0
0
0
0
0
0
0
0
0
0
0
0
0
0
0
0
0
0
0
0
0
0
0
0
0
0
0
0
0
0
0
0
0
0
0
0
0
0
0
0
0
0
0
0
0
0
0
0
0
0
0
0
0
0
0
0
0
0
0
0
0
0
0
0
0
0
0
0
0
0
0
0
0
0
0
0
0
0
0
0
0
0
0
0
0
0
0
0
0
0
0
0
0
0
0
0
0
0
0
0
0
0
0
0
0
0
0
0
0
0
0
0
0
0
0
0
0
0
0
0
0
0
0
0
0
0
0
0
0
0
0
0
0
0
0
0
0
0
0
0
0
0
0
0
0
0
0
0
0
0
0
0
0
0
0
0
0
0
0
0
0
0
0
0
0
0
0
0
0
0
0
0
0
0
0
0
0
0
0
0
0
0
0
0
0
0
0
0
0
0
0
0
0
0
0
0
0
0
0
0
0
0
0
0
0
0
0
0
0
0
0
0
0
0
0
0
0
0
0
0
0
0
0
0
0
0
0
0
0
0
0
0
0
0
0
0
0
0
0
0
0
0
0
0
0
0
0
0
0
0
0
0
0
0
0
0
0
0
0
0
0
0
0
0
0
0
0
0
0
0
0
0
0
0
0
0
0
0
0
0
0
0
0
0
0
0
0
0
0
0
0
0
0
0
0
0
0
0
0
0
0
0
0
0
0
0
0
0
0
0
0
0
0
0
0
0
0
0
0
0
0
0
0
0
0
0
0
0
0
0
0
0
0
0
0
0
0
0
0
0
0
0
0
0
0
0
0
0
0
0
0
0
0
0
0
0
0
0
0
0
0
0
0
0
0
0
0
0
0
0
0
0
0
0
0
0
0
0
0
0
0
0
0
0
0
0
0
0
0
0
0
0
0
0
0
0
0
0
0
0
0
0
0
0
0
0
0
0
0
0
0
0
0
0
0
0
0
0
0
0
0
0
0
0
0
0
0
0
0
0
0
0
0
0
0
0
0
0
0
0
0
0
0
0
0
0
0
0
0
0
0
0
0
0
0
0
0
0
0
0
0
0
0
0
0
0
0
0
0
0
0
0
0
0
0
0
0
0
0
0
0
0
0
0
0
0
0
0
0
0
0
0
0
0
0
0
0
0
0
0
0
0
0
0
0
0
0
0
0
0
0
0
0
0
0
0
0
0
0
0
0
0
0
0
0
0
0
0
0
0
0
0
0
0
0
0
0
0
0
0
0
0
0
0
0
0
0
0
0
0
0
0
0
0
0
0
0
0
0
0
0
0
0
0
0
0
0
0
0
0
0
0
0
0
0
0
0
0
0
0
0
0
0
0
0
0
0
0
0
0
0
0
0
0
0
0
0
0
0
0
0
0
0
0
0
0
0
0
0
0
0
0
0
0
0
0
0
0
0
0
0
0
0
0
0
0
0
0
0
0
0
0
0
0
0
0
0
0
0
0
0
0
0
0
0
0
0
0
0
0
0
0
0
0
0
0
0
0
0
0
0
0
0
0
0
0
0
0
0
0
0
0
0
0
0
0
0
0
0
0
0
0
0
0
0
0
0
0
0
0
0
0
0
0
0
0
0
0
0
0
0
0
0
0
0
0
0
0
0
0
0
0
0
0
0
0
0
0
0
0
0
0
0
0
0
0
0
0
0
0
0
0
0
0
0
0
0
0
0
0
0
0
0
0
0
0
0
0
0
0
0
0
0
0
0
0
0
0
0
0
0
0
0
0
0
0
0
0
0
0
0
0
0
0
0
0
0
0
0
0
0
0
0
0
0
0
0
0
0
0
0
0
0
0
0
0
0
0
0
0
0
0
0
0
0
0
0
0
0
0
0
0
0
0
0
0
0
0
0
0
0
0
0
0
0
0
0
0
0
0
0
0
0
0
0
0
0
0
0
0
0
0
0
0
0
0
0
0
0
0
0
0
0
0
0
0
0
0
0
0
0
0
0
0
0
0
0
0
0
0
0
0
0
0
0
0
0
0
0
0
0
0
0
0
0
0
0
0
0
0
0
0
0
0
0
0
0
0
0
0
0
0
0
0
0
0
0
0
0
0
0
0
0
0
0
0
0
0
0
0
0
0
0
0
0
0
0
0
0
0
0
0
0
0
0
0
0
0
0
0
0
0
0
0
0
0
0
0
0
0
0
0
0
0
0
0
0
0
0
0
0
0
0
0
0
0
0
0
0
0
0
0
0
0
0
0
0
0
0
0
0
0
0
0
0
0
0
0
0
0
0
0
0
0
0
0
0
0
0
0
0
0
0
0
0
0
0
0
0
0
0
0
0
0
0
0
0
0.272109
0
0
0
0
1.36054
0.272109
0
0
0
3.26531
0
0
0
1.08844
1.08844
0
0
0
0.544218
0.544218
0
0
0
2.17687
2.17687
0
0
2.17687
2.17687
0
0
0
0
0.544218
0
0
0
1.08844
2.17687
0
1.08844
1.63265
0.544218
2.17687
0
3.26531
1.08844
0
0
4.35374
0
0
2.17687
0
0
0
2.17687
3.26531
1.08844
0.136054
4.4898
0
0
0.544218
0.816327
0
0
0.544218
1.08844
2.72109
0
0
1.08844
6.53061
0
2.17687
5.44218
2.17687
2.17687
0
4.89796
0.544218
0
1.08844
1.08844
7.07483
0.544218
0
0
2.17687
2.17687
0.544218
0.272109
2.44898
2.72109
2.17687
3.80952
3.26531
3.80952
7.61905
2.72109
6.53061
2.72109
6.53061
1.4966
3.80952
3.80952
5.57823
6.39456
5.98639
8.29932
7.07483
4.4898
8.70748
8.57143
3.53741
9.79592
12.1088
6.2585
10.8844
11.5646
9.2517
11.1565
7.07483
7.07483
12.517
13.8776
16.3265
13.0612
9.2517
19.0476
18.6395
18.7755
12.381
18.5034
10.8844
14.4218
11.9728
14.5578
14.6939
16.4626
16.8707
11.2925
16.8707
17.1429
16.3265
5.98639
19.5918
21.2245
16.4626
20.4082
17.415
22.8571
14.4218
19.3197
21.7687
21.7687
17.0068
17.9592
15.5102
19.1837
18.5034
13.6054
22.0408
15.6463
20.5442
19.4558
15.7823
15.5102
19.8639
21.3605
21.3605
13.0612
24.7619
17.1429
34.2857
18.5034
27.8912
14.1497
15.9184
15.6463
25.1701
26.5306
20.4082
22.1769
13.7415
15.2381
10.7483
8.97959
8.29932
9.11565
22.3129
13.7415
14.966
12.6531
9.2517
9.2517
7.07483
3.26531
10.7483
4.62585
7.07483
3.53741
1.08844
2.72109
2.72109
2.17687
2.17687
1.63265
3.26531
2.72109
1.63265
1.08844
2.17687
3.26531
4.89796
1.08844
2.72109
4.89796
1.08844
2.17687
4.08163
6.80272
2.72109
2.17687
1.08844
5.98639
3.53741
4.35374
0
0
2.17687
2.72109
2.17687
0
0
3.80952
1.08844
2.72109
1.63265
1.63265
0.544218
0.544218
6.53061
2.72109
3.80952
1.08844
2.17687
3.26531
4.35374
1.08844
4.35374
0
2.72109
2.17687
2.72109
1.08844
0
3.26531
1.08844
0
1.08844
0
1.08844
0.544218
1.63265
3.26531
0
1.08844
6.53061
1.08844
0.544218
4.35374
1.63265
0
1.08844
0
0
0
1.08844
0.544218
0.544218
1.63265
1.63265
1.63265
1.08844
1.63265
0.544218
4.35374
2.72109
1.08844
3.80952
0.544218
0
1.08844
0.544218
4.35374
2.17687
2.17687
6.53061
3.26531
5.44218
2.17687
4.89796
2.17687
3.80952
3.26531
0.544218
0.544218
3.80952
1.08844
3.26531
5.44218
2.17687
4.35374
1.08844
2.17687
2.17687
0
4.35374
0
1.4966
0
1.4966
0.544218
2.44898
0.272109
0
1.08844
1.08844
0.544218
2.17687
1.08844
1.63265
2.31293
1.36054
5.57823
2.44898
3.26531
8.16327
3.80952
3.26531
4.35374
4.35374
1.08844
7.61905
1.63265
0.544218
0
1.63265
1.08844
1.08844
1.76871
2.17687
1.22449
0.544218
2.17687
2.72109
0.544218
2.72109
0
1.08844
3.80952
5.44218
2.72109
2.72109
0
2.17687
2.72109
2.17687
0
0.272109
3.26531
0.816327
3.80952
2.85714
3.80952
3.94558
2.17687
1.90476
5.44218
6.53061
4.08163
2.85714
4.35374
1.22449
2.17687
2.17687
7.61905
1.63265
4.89796
1.36054
1.90476
4.35374
4.35374
3.26531
2.31293
0
1.76871
1.08844
1.08844
3.26531
2.72109
0.544218
2.17687
2.31293
2.17687
2.31293
2.17687
4.89796
2.72109
1.36054
2.44898
2.72109
5.44218
3.80952
3.26531
3.26531
1.63265
0
2.72109
2.44898
6.2585
4.89796
2.72109
1.63265
3.26531
6.53061
4.35374
2.72109
2.17687
5.98639
5.44218
4.35374
0
5.98639
0.544218
3.26531
3.26531
5.44218
3.26531
4.89796
0.544218
0.544218
0.544218
1.63265
2.17687
0.544218
2.72109
4.35374
5.44218
1.63265
2.17687
8.16327
5.98639
0.544218
0
1.08844
1.08844
1.63265
0.544218
1.63265
0
2.44898
2.17687
3.26531
1.08844
0
2.17687
2.17687
5.44218
4.35374
0
0
0
0
0
0
1.08844
1.08844
0
0
0
0
0
0
0
0
1.08844
1.08844
0
0
0
0
0
1.08844
2.17687
1.08844
0
0
0
0
0
0
0
0
0
0
4.35374
1.08844
1.08844
0
