70.0000 0.05 1
70.8571
106.743
72.9143
87.0857
22.4
0
80
0
40
0
0
0
0
0
0
0
0
0
0
0
0
0
0
0
0
0
0
0
0
0
0
0
0
0
0
0
0
0
0
0
0
0
0
0
0
0
0
0
0
0
0
0
0
0
0
0
0
0
0
0
0
0
0
0
0
0
0
0
0
0
0
0
0
0
0
0
0
0
0
0
0
0
0
0
0
0
0
0
0
0
0
0
0
0
0
0
0
0
0
0
0
0
0
0
0
0
0
0
0
0
0
0
0
0
0
0
0
0
0
0
0
0
0
0
0
0
0
0
0
0
0
0
0
0
0
0
0
0
0
0
0
0
0
0
0
0
0
0
0
0
0
0
0
0
0
0
0
0
0
0
0
0
0
0
0
0
0
0
0
0
0
0
0
0
0
0
0
0
0
0
0
0
0
0
0
0
0
0
0
0
0
0
0
0
0
0
0
0
0
0
0
0
0
0
0
0
0
0
0
0
0
0
0
0
0
0
0
0
0
0
0
0
0
0
0
0
0
0
0
0
0
0
0
0
0
0
0
0
0
0
0
0
0
0
0
0
0
0
0
0
0
0
0
0
0
0
0
0
0
0
0
0
0
0
0
0
0
0
0
0
0
0
0
0
0
0
0
0
0
0
0
0
0
0
0
0
0
0
0
0
0
0
0
0
0
0
0
0
0
0
0
0
0
0
0
0
0
0
0
0
0
0
0
0
0
0
0
0
0
0
0
0
0
0
0
0
0
0
0
0
0
0
0
0
0
0
0
0
0
0
0
0
0
0
0
0
0
0
0
0
0
0
0
0
0
0
0
0
0
0
0
0
0
0
0
0
0
0
0
0
0
0
0
0
0
0
0
0
0
0
0
0
0
0
0
0
0
0
0
0
0
0
0
0
0
0
0
0
0
0
0
0
0
0
0
0
0
0
0
0
0
0
0
0
0
0
0
0
0
0
0
0
0
0
0
0
0
0
0
0
0
0
0
0
0
0
0
0
0
0
0
0
0
0
0
0
0
0
0
0
0
0
0
0
0
0
0
0
0
0
0
0
0
0
0
0
0
0
0
0
0
0
0
0
0
0
0
0
0
0
0
0
0
0
0
0
0
0
0
0
0
0
0
0
0
0
0
0
0
0
0
0
0
0
0
0
0
0
0
0
0
0
0
0
0
0
0
0
0
0
0
0
0
0
0
0
0
0
0
0
0
0
0
0
0
0
0
0
0
0
0
0
0
0
0
0
0
0
0
0
0
0
0
0
0
0
0
0
0
0
0
0
0
0
0
0
0
0
0
0
0
0
0
0
0
0
0
0
0
0
0
0
0
0
0
0
0
0
0
0
0
0
0
0
0
0
0
0
0
0
0
0
0
0
0
0
0
0
0
0
0
0
0
0
0
0
0
0
0
0
0
0
0
0
0
0
0
0
0
0
0
0
0
0
0
0
0
0
0
0
0
0
0
0
0
0
0
0
0
0
0
0
0
0
0
0
0
0
0
0
0
0
0
0
0
0
0
0
0
0
0
0
0
0
0
0
0
0
0
0
0
0
0
0
0
0
0
0
0
0
0
0
0
0
0
0
0
0
0
0
0
0
0
0
0
0
0
0
0
0
0
0
0
0
0
0
0
0
0
0
0
0
0
0
0
0
0
0
0
0
0
0
0
0
0
0
0
0
0
0
0
0
0
0
0
0
0
0
0
0
0
0
0
0
0
0
0
0
0
0
0
0
0
0
0
0
0
0
0
0
0
0
0
0
0
0
0
0
0
0
0
0
0
0
0
0
0
0
0
0
0
0
0
0
0
0
0
0
0
0
0
0
0
0
0
0
0
0
0
0
0
0
0
0
0
0
0
0
0
0
0
0
0
0
0
0
0
0
0
0
0
0
0
0
0
0
0
0
0
0
0
0
0
0
0
0
0
0
0
0
0
0
0
0
0
0
0
0
0
0
0
0
0
0
0
0
0
0
0
0
0
0
0
0
0
0
0
0
0
0
0
0
0
0
0
0
0
0
0
0
0
0
0
0
0
0
0
0
0
0
0
0
0
0
0
0
0
0
0
0
0
0
0
0
0
0
0
0
0
0
0
0
0
0
0
0
0
0
0
0
0
0
0
0
0
0
0
0
0
0
0
0
0
0
0
0
0
0
0
0
0
0
0
0
0
0
0
0
0
0
0
0
0
0
0
0
0
0
0
0
0
0
0
0
0
0
0
0
0
0
0
0
0
0
0
0
0
0
0
0
0
0
0
0
0
0
0
0
0
0
0
0
0
0
0
0
0
0
0
0
0
0
0
0
0
0
0
0
0
0
0
0
0
0
0
0
0
0
0
0
0
0
0
0
0
0
0
0
0
0
0
0
0
0
0
0
0
0
0
0
0
0
0
0
0
0
0
0
0
0
0
0.228571
0
0
0
0.457143
0
0.457143
0
0
0
1.82857
0
0
0
0
0.457143
1.82857
0
0.914286
0
0.914286
0.457143
0
1.82857
0
0.914286
0
0.457143
0
0
0
1.82857
0.914286
0
0
0.914286
0.457143
0
2.28571
0.914286
0
1.37143
0
0.914286
1.82857
0.457143
1.82857
0
0
1.82857
0
0
0
1.82857
1.82857
0.914286
0
1.82857
2.74286
0
1.82857
0.914286
2.28571
0
0
0
2.74286
1.82857
0
0
0
1.82857
0
0
0
2.74286
0
1.82857
0
0.914286
1.82857
0.914286
4.11429
1.82857
1.82857
0.914286
0
3.65714
0.228571
0.457143
0
1.82857
5.02857
0.228571
0.914286
0.914286
1.82857
5.94286
0
1.82857
4.11429
0.914286
0.457143
0.914286
0
0.914286
0
0
2.28571
0.914286
0.914286
1.82857
1.82857
3.2
4.57143
0
5.02857
0
4.57143
0.914286
0
7.31429
0.914286
5.48571
1.82857
5.02857
2.74286
5.48571
3.65714
0.914286
1.82857
6.62857
2.74286
4.57143
2.74286
9.6
2.28571
2.74286
1.82857
4.57143
5.02857
5.48571
9.6
10.0571
8.68571
9.6
4.57143
10.7429
13.2571
14.4
6.4
12.5714
13.7143
11.8857
12.3429
8.68571
8.68571
10.9714
16.9143
9.14286
14.1714
10.0571
11.8857
17.1429
12.8
9.37143
9.37143
8.68571
5.48571
12.3429
1.82857
5.25714
10.5143
13.2571
5.94286
8.68571
10.5143
12.5714
10.2857
10.5143
25.6
14.4
14.4
23.7714
11.4286
13.2571
6.85714
11.8857
10.0571
20.5714
15.7714
15.0857
20.3429
8.68571
17.8286
5.48571
20.5714
7.08571
9.6
11.8857
3.65714
6.17143
9.37143
5.94286
4.11429
2.74286
0
3.2
3.2
1.82857
4.11429
1.6
3.65714
2.28571
2.74286
0.914286
1.82857
6.4
4.57143
2.28571
2.74286
0.457143
1.82857
1.82857
3.65714
1.82857
6.4
4.57143
1.82857
0.457143
0.457143
1.82857
3.65714
0.914286
0.914286
2.05714
1.82857
0
4.57143
1.82857
2.28571
2.74286
2.28571
2.74286
0.914286
0.457143
1.82857
1.82857
0
0
1.14286
0
0.914286
0.914286
3.65714
1.82857
1.37143
0.228571
0
0.914286
0.914286
4.57143
0
0.914286
1.82857
0
2.28571
1.37143
0
2.74286
0.457143
0.914286
2.28571
0.457143
2.74286
1.82857
2.28571
1.82857
1.82857
2.74286
2.28571
4.11429
2.74286
2.74286
0
3.65714
1.82857
1.82857
3.2
1.82857
3.2
3.65714
0
0.914286
0.914286
0.457143
3.65714
0
1.82857
2.74286
3.2
4.11429
0.914286
0
1.14286
3.2
4.11429
0.914286
0.914286
0.914286
4.57143
2.28571
3.65714
2.28571
1.37143
0
2.74286
2.74286
1.82857
4.57143
0
2.28571
2.74286
1.82857
0.457143
3.2
0
0
0.914286
0.914286
0
1.82857
3.88571
4.57143
0.914286
2.28571
1.37143
2.74286
0
1.82857
3.65714
0
0
1.82857
1.37143
2.74286
0
0.914286
0
0
5.02857
0.914286
4.8
5.48571
1.82857
3.2
0.914286
4.8
1.37143
3.65714
3.65714
1.82857
0
1.14286
3.2
2.74286
4.57143
0
1.37143
5.48571
1.82857
4.11429
4.57143
2.74286
0.457143
0
1.82857
7.31429
2.28571
3.2
1.37143
0
3.2
1.14286
0.914286
2.74286
0.914286
1.82857
4.57143
2.28571
0.914286
2.28571
4.11429
0.457143
3.65714
0.914286
6.4
0
2.28571
0
5.94286
0.228571
1.82857
1.82857
2.74286
0.914286
0.914286
3.65714
2.28571
2.74286
1.82857
4.57143
3.65714
1.37143
1.82857
7.31429
0
0.914286
0.914286
1.14286
2.28571
2.28571
3.65714
3.42857
1.82857
0.457143
1.82857
7.31429
2.28571
3.2
0.914286
2.74286
0
4.57143
1.37143
2.28571
0
1.82857
1.37143
0
4.34286
1.82857
1.37143
0.914286
0.914286
0
0.914286
0
3.65714
0.914286
2.28571
0
0.457143
0
2.74286
0
2.74286
2.74286
0
0.914286
5.94286
0
0
0
0.914286
0
0.914286
0
0
1.82857
0
1.82857
0
0
0
0
0
0
1.82857
0
0
0
0.914286
0
1.82857
0
