38.0000 0.05 1
109.136
130.864
0
0
0
0
0
0
0
0
0
0
0
0
0
0
0
0
0
0
0
0
0
0
0
0
0
0
0
0
0
0
0
0
0
0
0
0
0
0
0
0
0
0
0
0
0
0
0
0
0
0
0
0
0
0
0
0
0
0
0
0
0
0
0
0
0
0
0
0
0
0
0
0
0
0
0
0
0
0
0
0
0
0
0
0
0
0
0
0
0
0
0
0
0
0
0
0
0
0
0
0
0
0
0
0
0
0
0
0
0
0
0
0
0
0
0
0
0
0
0
0
0
0
0
0
0
0
0
0
0
0
0
0
0
0
0
0
0
0
0
0
0
0
0
0
0
0
0
0
0
0
0
0
0
0
0
0
0
0
0
0
0
0
0
0
0
0
0
0
0
0
0
0
0
0
0
0
0
0
0
0
0
0
0
0
0
0
0
0
0
0
0
0
0
0
0
0
0
0
0
0
0
0
0
0
0
0
0
0
0
0
0
0
0
0
0
0
0
0
0
0
0
0
0
0
0
0
0
0
0
0
0
0
0
0
0
0
0
0
0
0
0
0
0
0
0
0
0
0
0
0
0
0
0
0
0
0
0
0
0
0
0
0
0
0
0
0
0
0
0
0
0
0
0
0
0
0
0
0
0
0
0
0
0
0
0
0
0
0
0
0
0
0
0
0
0
0
0
0
0
0
0
0
0
0
0
0
0
0
0
0
0
0
0
0
0
0
0
0
0
0
0
0
0
0
0
0
0
0
0
0
0
0
0
0
0
0
0
0
0
0
0
0
0
0
0
0
0
0
0
0
0
0
0
0
0
0
0
0
0
0
0
0
0
0
0
0
0
0
0
0
0
0
0
0
0
0
0
0
0
0
0
0
0
0
0
0
0
0
0
0
0
0
0
0
0
0
0
0
0
0
0
0
0
0
0
0
0
0
0
0
0
0
0
0
0
0
0
0
0
0
0
0
0
0
0
0
0
0
0
0
0
0
0
0
0
0
0
0
0
0
0
0
0
0
0
0
0
0
0
0
0
0
0
0
0
0
0
0
0
0
0
0
0
0
0
0
0
0
0
0
0
0
0
0
0
0
0
0
0
0
0
0
0
0
0
0
0
0
0
0
0
0
0
0
0
0
0
0
0
0
0
0
0
0
0
0
0
0
0
0
0
0
0
0
0
0
0
0
0
0
0
0
0
0
0
0
0
0
0
0
0
0
0
0
0
0
0
0
0
0
0
0
0
0
0
0
0
0
0
0
0
0
0
0
0
0
0
0
0
0
0
0
0
0
0
0
0
0
0
0
0
0
0
0
0
0
0
0
0
0
0
0
0
0
0
0
0
0
0
0
0
0
0
0
0
0
0
0
0
0
0
0
0
0
0
0
0
0
0
0
0
0
0
0
0
0
0
0
0
0
0
0
0
0
0
0
0
0
0
0
0
0
0
0
0
0
0
0
0
0
0
0
0
0
0
0
0
0
0
0
0
0
0
0
0
0
0
0
0
0
0
0
0
0
0
0
0
0
0
0
0
0
0
0
0
0
0
0
0
0
0
0
0
0
0
0
0
0
0
0
0
0
0
0
0
0
0
0
0
0
0
0
0
0
0
0
0
0
0
0
0
0
0
0
0
0
0
0
0
0
0
0
0
0
0
0
0
0
0
0
0
0
0
0
0
0
0
0
0
0
0
0
0
0
0
0
0
0
0
0
0
0
0
0
0
0
0
0
0
0
0
0
0
0
0
0
0
0
0
0
0
0
0
0
0
0
0
0
0
0
0
0
0
0
0
0
0
0
0
0
0
0
0
0
0
0
0
0
0
0
0
0
0
0
0
0
0
0
0
0
0
0
0
0
0
0
0
0
0
0
0
0
0
0
0
0
0
0
0
0
0
0
0
0
0
0
0
0
0
0
0
0
0
0
0
0
0
0
0
0
0
0
0
0
0
0
0
0
0
0
0
0
0
0
0
0
0
0
0
0
0
0
0
0
0
0
0
0
0
0
0
0
0
0
0
0
0
0
0
0
0
0
0
0
0
0
0
0
0
0
0
0
0
0
0
0
0
0
0
0
0
0
0
0
0
0
0
0
0
0
0
0
0
0
0
0
0
0
0
0
0
0
0
0
0
0
0
0
0
0
0
0
0
0
0
0
0
0
0
0
0
0
0
0
0
0
0
0
0
0
0
0
0
0
0
0
0
0
0
0
0
0
0
0
0
0
0
0
0
0
0
0
0
0
0
0
0
0
0
0
0
0
0
0
0
0
0
0
0
0
0
0
0
0
0
0
0
0
0
0
0
0
0
0
0
0
0
0
0
0
0
0
0
0
0
0
0
0
0
0
0
0
0
0
0
0
0
0
0
0
0
0
0
0
0
0
0.123457
0
0
0.246914
0.493827
0
0
0
0.987654
0.617284
0
0
0.987654
0.493827
0
0
0
0
0.987654
0
0
0
0.987654
0.987654
0
0
2.46914
0
0
0
0
0.987654
0
0.123457
0
0
0.493827
0.493827
0
0
0.987654
0.493827
0.493827
0
1.48148
0.987654
0.246914
0
2.46914
0
0
0.987654
0.493827
0.987654
0
0.987654
0.987654
0
0
0.987654
0
1.97531
0
0
0.987654
0.123457
0.987654
0
0
1.97531
0.987654
0
0.493827
0
1.48148
0.493827
0.987654
0
2.46914
0.987654
0.493827
0.987654
2.46914
0
0
0
2.59259
0
0.987654
0
1.97531
3.45679
0
0
0.987654
0.493827
0
0.493827
0
0
0.493827
1.97531
0
0
1.97531
0
0.987654
0
2.46914
2.71605
0.987654
0.987654
1.48148
3.95062
0.987654
0
2.96296
1.97531
0.987654
0
1.48148
0.493827
1.97531
0.493827
0.987654
0.987654
0.617284
6.91358
1.48148
0
0.493827
2.96296
0
0.987654
0.987654
1.97531
2.96296
2.96296
2.46914
2.96296
1.97531
1.97531
2.46914
0.987654
0
3.95062
2.96296
2.96296
1.48148
3.45679
2.96296
4.44444
1.97531
0.987654
1.48148
2.46914
6.04938
8.64198
11.358
8.88889
7.03704
2.96296
10.3704
5.4321
3.45679
5.92593
0.493827
4.93827
1.48148
3.95062
2.96296
4.44444
7.40741
11.358
9.87654
2.96296
9.38272
14.321
8.2716
11.9753
9.87654
11.1111
4.69136
13.3333
4.44444
2.96296
3.45679
5.92593
7.40741
1.97531
5.92593
2.46914
6.91358
0
1.48148
2.46914
1.97531
0.987654
0.987654
1.97531
11.8519
12.4691
11.6049
8.39506
13.8272
9.87654
3.45679
6.04938
7.90123
1.97531
4.93827
4.93827
4.44444
2.09877
1.48148
0.987654
2.96296
4.93827
1.48148
1.97531
0
1.48148
4.93827
1.97531
1.97531
0.987654
0.987654
0.493827
0.987654
5.4321
1.48148
0
0.493827
2.46914
1.97531
0.493827
0.987654
1.97531
0.987654
1.97531
0
0
0.987654
0
1.23457
1.48148
1.48148
0.987654
2.46914
3.95062
2.96296
0
4.44444
0.493827
0
0.493827
6.41975
2.46914
1.97531
0
0.987654
2.96296
1.97531
0
1.48148
1.97531
2.46914
2.46914
0
1.48148
3.95062
0
0
1.97531
0.987654
0.123457
0
0
3.95062
0.987654
0
0
0
1.48148
3.95062
0.493827
0.987654
0
2.96296
0.493827
1.48148
0.987654
1.48148
2.96296
1.97531
0.987654
0.987654
0
0.493827
1.48148
1.97531
0.987654
3.95062
0
1.97531
2.96296
0.493827
0.987654
0.987654
0.493827
0
0
1.48148
0
2.96296
1.97531
0
0.493827
0
1.48148
0.493827
0.493827
1.97531
1.48148
0
0.987654
2.96296
0.987654
0.493827
2.96296
0.493827
4.93827
1.48148
0.987654
0
0
0.987654
1.48148
1.97531
4.93827
0.987654
0.493827
0.987654
4.93827
1.60494
0.987654
2.96296
0.987654
1.97531
3.95062
3.95062
1.48148
0
1.7284
0.987654
1.97531
0.493827
0
1.97531
1.97531
0
0.987654
1.48148
1.97531
0.987654
0
0
5.18519
2.96296
1.97531
3.45679
2.46914
0.493827
4.93827
1.48148
0.987654
3.45679
1.97531
1.97531
0.987654
0
0.987654
0.740741
1.97531
0.493827
0.987654
0.987654
0.246914
2.96296
0.493827
0.493827
0
2.46914
2.46914
2.46914
1.48148
1.97531
2.46914
5.4321
0
2.46914
0.987654
0.987654
0.987654
0.987654
2.46914
2.96296
1.97531
1.97531
2.46914
3.95062
0.987654
1.97531
0
0
0.987654
0.493827
0.493827
0.987654
0
1.97531
1.97531
0.987654
0.987654
2.09877
3.95062
1.97531
1.48148
0.987654
1.23457
4.44444
0
2.46914
0.493827
0
0.493827
0.493827
0
0.987654
0.987654
0.740741
1.11111
0.987654
1.48148
2.59259
0
0.493827
0.987654
1.97531
0.987654
1.97531
1.97531
0.987654
0
0.987654
2.46914
1.97531
0.987654
0
1.48148
0
1.97531
0.493827
0.493827
0
1.97531
1.48148
0
0
0.987654
0
0
0.987654
0
0
0.493827
0
0.493827
0
