35.0000 0.05 1
80.5831
110.204
49.2128
0
0
0
0
0
0
0
0
0
0
0
0
0
0
0
0
0
0
0
0
0
0
0
0
0
0
0
0
0
0
0
0
0
0
0
0
0
0
0
0
0
0
0
0
0
0
0
0
0
0
0
0
0
0
0
0
0
0
0
0
0
0
0
0
0
0
0
0
0
0
0
0
0
0
0
0
0
0
0
0
0
0
0
0
0
0
0
0
0
0
0
0
0
0
0
0
0
0
0
0
0
0
0
0
0
0
0
0
0
0
0
0
0
0
0
0
0
0
0
0
0
0
0
0
0
0
0
0
0
0
0
0
0
0
0
0
0
0
0
0
0
0
0
0
0
0
0
0
0
0
0
0
0
0
0
0
0
0
0
0
0
0
0
0
0
0
0
0
0
0
0
0
0
0
0
0
0
0
0
0
0
0
0
0
0
0
0
0
0
0
0
0
0
0
0
0
0
0
0
0
0
0
0
0
0
0
0
0
0
0
0
0
0
0
0
0
0
0
0
0
0
0
0
0
0
0
0
0
0
0
0
0
0
0
0
0
0
0
0
0
0
0
0
0
0
0
0
0
0
0
0
0
0
0
0
0
0
0
0
0
0
0
0
0
0
0
0
0
0
0
0
0
0
0
0
0
0
0
0
0
0
0
0
0
0
0
0
0
0
0
0
0
0
0
0
0
0
0
0
0
0
0
0
0
0
0
0
0
0
0
0
0
0
0
0
0
0
0
0
0
0
0
0
0
0
0
0
0
0
0
0
0
0
0
0
0
0
0
0
0
0
0
0
0
0
0
0
0
0
0
0
0
0
0
0
0
0
0
0
0
0
0
0
0
0
0
0
0
0
0
0
0
0
0
0
0
0
0
0
0
0
0
0
0
0
0
0
0
0
0
0
0
0
0
0
0
0
0
0
0
0
0
0
0
0
0
0
0
0
0
0
0
0
0
0
0
0
0
0
0
0
0
0
0
0
0
0
0
0
0
0
0
0
0
0
0
0
0
0
0
0
0
0
0
0
0
0
0
0
0
0
0
0
0
0
0
0
0
0
0
0
0
0
0
0
0
0
0
0
0
0
0
0
0
0
0
0
0
0
0
0
0
0
0
0
0
0
0
0
0
0
0
0
0
0
0
0
0
0
0
0
0
0
0
0
0
0
0
0
0
0
0
0
0
0
0
0
0
0
0
0
0
0
0
0
0
0
0
0
0
0
0
0
0
0
0
0
0
0
0
0
0
0
0
0
0
0
0
0
0
0
0
0
0
0
0
0
0
0
0
0
0
0
0
0
0
0
0
0
0
0
0
0
0
0
0
0
0
0
0
0
0
0
0
0
0
0
0
0
0
0
0
0
0
0
0
0
0
0
0
0
0
0
0
0
0
0
0
0
0
0
0
0
0
0
0
0
0
0
0
0
0
0
0
0
0
0
0
0
0
0
0
0
0
0
0
0
0
0
0
0
0
0
0
0
0
0
0
0
0
0
0
0
0
0
0
0
0
0
0
0
0
0
0
0
0
0
0
0
0
0
0
0
0
0
0
0
0
0
0
0
0
0
0
0
0
0
0
0
0
0
0
0
0
0
0
0
0
0
0
0
0
0
0
0
0
0
0
0
0
0
0
0
0
0
0
0
0
0
0
0
0
0
0
0
0
0
0
0
0
0
0
0
0
0
0
0
0
0
0
0
0
0
0
0
0
0
0
0
0
0
0
0
0
0
0
0
0
0
0
0
0
0
0
0
0
0
0
0
0
0
0
0
0
0
0
0
0
0
0
0
0
0
0
0
0
0
0
0
0
0
0
0
0
0
0
0
0
0
0
0
0
0
0
0
0
0
0
0
0
0
0
0
0
0
0
0
0
0
0
0
0
0
0
0
0
0
0
0
0
0
0
0
0
0
0
0
0
0
0
0
0
0
0
0
0
0
0
0
0
0
0
0
0
0
0
0
0
0
0
0
0
0
0
0
0
0
0
0
0
0
0
0
0
0
0
0
0
0
0
0
0
0
0
0
0
0
0
0
0
0
0
0
0
0
0
0
0
0
0
0
0
0
0
0
0
0
0
0
0
0
0
0
0
0
0
0
0
0
0
0
0
0
0
0
0
0
0
0
0
0
0
0
0
0
0
0
0
0
0
0
0
0
0
0
0
0
0
0
0
0
0
0
0
0
0
0
0
0
0
0
0
0
0
0
0
0
0
0
0
0
0
0
0
0
0
0
0
0
0
0
0
0
0
0
0
0
0
0
0
0
0
0
0
0
0
0
0
0
0
0
0
0
0
0
0
0
0
0
0
0
0
0
0
0
0
0
0
0
0
0
0
0
0
0
0
0
0
0
0
0
0
0
0
0
0
0
0
0
0
0
0
0
0
0
0
0
0
0
0
0
0
0
0.116618
0
0.233236
0
0
0
0
0
0
0.932945
0.233236
0
0
0
0.932945
0
0.466472
0
0.932945
0.233236
0
0
0.932945
0
0
0.932945
0
0
0.466472
0
0
0
0.466472
0.932945
0.932945
0
0
0
0
0
2.79883
0
0
0
1.86589
0
0
0
0.932945
0
0
1.86589
0
0
0
0
0.932945
0
0
0
0
0.699708
0
0.932945
0
0
0
0.466472
0
1.86589
0
0
0
0.932945
0
1.86589
0
2.79883
1.86589
0.233236
0.466472
0
1.86589
0
0
0
1.86589
0
0
0
0
0
0
2.79883
0.932945
0
0
2.79883
0.932945
0
0
2.09913
0
0
0.932945
0
2.79883
0
0
0
0
0
1.39942
1.04956
2.33236
0
1.86589
3.73178
0
3.73178
2.79883
0
0.932945
1.39942
0
0.466472
0
2.79883
1.86589
0
3.73178
0
0
4.19825
1.86589
0.932945
0.932945
3.26531
0.932945
2.44898
3.73178
2.09913
3.73178
2.33236
4.19825
5.8309
5.59767
5.36443
4.43149
4.78134
3.73178
2.79883
5.1312
4.19825
5.59767
8.86297
2.33236
2.79883
1.39942
5.1312
7.46356
6.53061
1.86589
2.79883
4.19825
6.06414
4.66472
8.86297
4.31487
3.03207
3.26531
3.96501
8.3965
13.7609
16.793
17.2595
9.79592
12.3615
6.53061
4.66472
6.06414
4.19825
1.86589
4.19825
5.1312
1.39942
4.66472
0.58309
3.26531
1.86589
1.86589
0.466472
3.73178
10.7289
4.66472
12.1283
15.3936
7.93003
13.7609
3.73178
2.21574
1.86589
5.59767
5.71429
4.66472
1.86589
3.73178
1.86589
4.66472
0.932945
0.116618
0
0.932945
0
0.932945
3.73178
0.466472
0.932945
2.79883
1.39942
0
4.19825
4.19825
0.932945
0.932945
0.932945
0.466472
0
1.86589
3.73178
0.233236
0.932945
0
0.932945
0
0
0
0
1.86589
0
0
1.86589
0
1.86589
0
0.932945
1.86589
0.932945
0
0.932945
0.932945
0
0.932945
0.932945
0.466472
3.73178
0.932945
0.932945
0.466472
1.86589
0.466472
0.932945
0
0
0.233236
0
0.932945
0.466472
0.466472
0
0
0.932945
0
0
0.932945
0
3.73178
0
0
0
0
0
0
0.932945
1.39942
4.19825
2.79883
0
1.86589
0
0.932945
1.86589
0.932945
0.932945
0
0
0
3.96501
0.932945
0.932945
0.932945
0
0
0
0
1.39942
0
0.932945
0.932945
2.33236
0
2.79883
1.86589
0.932945
3.26531
2.33236
3.26531
1.39942
0.932945
0.932945
0.932945
3.73178
1.86589
0
0
1.39942
0
0
0.932945
0.932945
0
0
3.73178
1.86589
0.466472
0.932945
0
0.932945
0.932945
0
0.932945
0
0
0.932945
0.932945
0
0
4.66472
1.86589
0
1.86589
0
1.86589
0.932945
0.932945
0
0
1.86589
3.73178
0.466472
2.79883
1.86589
2.33236
3.73178
0.932945
0
0.932945
0
0.932945
0
0
0
0.932945
0
1.39942
0
0
0
0
0
0
0.932945
0.466472
4.19825
3.26531
0
0
4.78134
2.5656
0
1.86589
0.932945
0.932945
0.932945
1.86589
0
1.39942
2.33236
1.39942
1.86589
0
0.932945
3.73178
1.39942
0.233236
0.932945
0.233236
0
0.932945
0.932945
0.932945
0
0.932945
0
0.932945
0
0
0.932945
1.39942
0.932945
2.79883
0
0
1.86589
0
1.86589
0.932945
0
0.932945
1.86589
0.932945
2.33236
1.39942
1.86589
2.79883
1.86589
0
2.5656
0.233236
0
3.73178
0
0
0
0
0.932945
0
0
0
0.466472
0
1.39942
0.466472
0
1.39942
0.932945
0.932945
0
2.79883
0.932945
1.86589
0
0.932945
0
0
0
1.86589
0
1.86589
0
0
0
0
0
0.932945
0
0
0.932945
0
0
0
0.233236
0
1.86589
0
0
0
0.466472
0
0
0
0
0
0
0
0
0.932945
0
0
0
0.932945
0.466472
0
0
0
0
0
0
0.233236
0
