44.0000 0.05 1
80
0
0
87.7778
72.2222
0
0
0
0
0
0
0
0
0
0
0
0
0
0
0
0
0
0
0
0
0
0
0
0
0
0
0
0
0
0
0
0
0
0
0
0
0
0
0
0
0
0
0
0
0
0
0
0
0
0
0
0
0
0
0
0
0
0
0
0
0
0
0
0
0
0
0
0
0
0
0
0
0
0
0
0
0
0
0
0
0
0
0
0
0
0
0
0
0
0
0
0
0
0
0
0
0
0
0
0
0
0
0
0
0
0
0
0
0
0
0
0
0
0
0
0
0
0
0
0
0
0
0
0
0
0
0
0
0
0
0
0
0
0
0
0
0
0
0
0
0
0
0
0
0
0
0
0
0
0
0
0
0
0
0
0
0
0
0
0
0
0
0
0
0
0
0
0
0
0
0
0
0
0
0
0
0
0
0
0
0
0
0
0
0
0
0
0
0
0
0
0
0
0
0
0
0
0
0
0
0
0
0
0
0
0
0
0
0
0
0
0
0
0
0
0
0
0
0
0
0
0
0
0
0
0
0
0
0
0
0
0
0
0
0
0
0
0
0
0
0
0
0
0
0
0
0
0
0
0
0
0
0
0
0
0
0
0
0
0
0
0
0
0
0
0
0
0
0
0
0
0
0
0
0
0
0
0
0
0
0
0
0
0
0
0
0
0
0
0
0
0
0
0
0
0
0
0
0
0
0
0
0
0
0
0
0
0
0
0
0
0
0
0
0
0
0
0
0
0
0
0
0
0
0
0
0
0
0
0
0
0
0
0
0
0
0
0
0
0
0
0
0
0
0
0
0
0
0
0
0
0
0
0
0
0
0
0
0
0
0
0
0
0
0
0
0
0
0
0
0
0
0
0
0
0
0
0
0
0
0
0
0
0
0
0
0
0
0
0
0
0
0
0
0
0
0
0
0
0
0
0
0
0
0
0
0
0
0
0
0
0
0
0
0
0
0
0
0
0
0
0
0
0
0
0
0
0
0
0
0
0
0
0
0
0
0
0
0
0
0
0
0
0
0
0
0
0
0
0
0
0
0
0
0
0
0
0
0
0
0
0
0
0
0
0
0
0
0
0
0
0
0
0
0
0
0
0
0
0
0
0
0
0
0
0
0
0
0
0
0
0
0
0
0
0
0
0
0
0
0
0
0
0
0
0
0
0
0
0
0
0
0
0
0
0
0
0
0
0
0
0
0
0
0
0
0
0
0
0
0
0
0
0
0
0
0
0
0
0
0
0
0
0
0
0
0
0
0
0
0
0
0
0
0
0
0
0
0
0
0
0
0
0
0
0
0
0
0
0
0
0
0
0
0
0
0
0
0
0
0
0
0
0
0
0
0
0
0
0
0
0
0
0
0
0
0
0
0
0
0
0
0
0
0
0
0
0
0
0
0
0
0
0
0
0
0
0
0
0
0
0
0
0
0
0
0
0
0
0
0
0
0
0
0
0
0
0
0
0
0
0
0
0
0
0
0
0
0
0
0
0
0
0
0
0
0
0
0
0
0
0
0
0
0
0
0
0
0
0
0
0
0
0
0
0
0
0
0
0
0
0
0
0
0
0
0
0
0
0
0
0
0
0
0
0
0
0
0
0
0
0
0
0
0
0
0
0
0
0
0
0
0
0
0
0
0
0
0
0
0
0
0
0
0
0
0
0
0
0
0
0
0
0
0
0
0
0
0
0
0
0
0
0
0
0
0
0
0
0
0
0
0
0
0
0
0
0
0
0
0
0
0
0
0
0
0
0
0
0
0
0
0
0
0
0
0
0
0
0
0
0
0
0
0
0
0
0
0
0
0
0
0
0
0
0
0
0
0
0
0
0
0
0
0
0
0
0
0
0
0
0
0
0
0
0
0
0
0
0
0
0
0
0
0
0
0
0
0
0
0
0
0
0
0
0
0
0
0
0
0
0
0
0
0
0
0
0
0
0
0
0
0
0
0
0
0
0
0
0
0
0
0
0
0
0
0
0
0
0
0
0
0
0
0
0
0
0
0
0
0
0
0
0
0
0
0
0
0
0
0
0
0
0
0
0
0
0
0
0
0
0
0
0
0
0
0
0
0
0
0
0
0
0
0
0
0
0
0
0
0
0
0
0
0
0
0
0
0
0
0
0
0
0
0
0
0
0
0
0
0
0
0
0
0
0
0
0
0
0
0
0
0
0
0
0
0
0
0
0
0
0
0
0
0
0
0
0
0
0
0
0
0
0
0
0
0
0
0
0
0
0
0
0
0
0
0
0
0
0
0
0
0
0
0
0
0
0
0
0
0
0
0
0
0
0
0
0
0
0
0
0
0
0
0
0
0
0
0
0
0
0
0
0
0
0
0
0
0
0
0
0
0
0
0
0
0
0
0
0
0
0
0
0.185185
0
0
0
0
0.740741
0.740741
0.740741
0
0
0.740741
0
0
0.740741
0
1.11111
0.37037
0.740741
1.11111
0
1.11111
0.740741
0
1.85185
0.740741
0
0
0.37037
1.48148
0.740741
0
0.740741
0.185185
0.740741
1.48148
0.740741
1.48148
1.85185
1.85185
0
0
0.185185
2.22222
1.48148
0.740741
1.11111
0.740741
1.48148
0.185185
0.740741
0
1.11111
0.37037
0.740741
0.740741
0
0.925926
1.11111
0.740741
0.740741
0.740741
0.740741
1.11111
2.59259
1.85185
1.85185
0.740741
1.48148
0.740741
0.37037
0.555556
0.740741
3.33333
0.740741
0.740741
1.48148
0
1.66667
1.11111
0.740741
1.48148
1.85185
2.22222
0.37037
0.37037
0.740741
0.740741
1.11111
1.48148
0.925926
2.59259
0.740741
0.740741
1.48148
0.740741
2.96296
0.740741
0.740741
0.740741
3.33333
0.740741
2.59259
1.48148
1.85185
0.37037
2.96296
0
0.740741
1.2963
1.85185
1.48148
1.85185
0
1.11111
4.07407
1.85185
1.11111
0.37037
1.48148
2.59259
2.59259
1.11111
2.22222
4.07407
0.740741
0.740741
1.66667
0.740741
2.22222
1.66667
2.59259
1.11111
0.740741
3.7037
0
0.37037
1.48148
1.85185
2.59259
2.77778
3.7037
1.85185
5.92593
2.59259
1.48148
3.33333
2.96296
1.48148
2.40741
2.22222
4.07407
2.40741
1.85185
5.92593
1.2963
3.33333
1.85185
1.85185
3.33333
5.37037
5
8.7037
5.92593
6.2963
4.25926
6.66667
10.3704
4.07407
4.44444
5
6.48148
7.40741
7.03704
6.2963
10.3704
10.5556
14.2593
11.1111
13.3333
7.03704
15.5556
14.2593
4.62963
2.59259
2.22222
4.62963
5.55556
4.44444
7.03704
8.88889
10.1852
11.8519
13.7037
11.2963
11.4815
7.59259
9.25926
7.59259
8.88889
5.37037
8.88889
7.03704
7.22222
6.2963
12.2222
11.1111
5.92593
4.07407
3.7037
1.48148
2.22222
1.85185
4.62963
1.48148
4.07407
2.59259
1.85185
2.96296
2.59259
2.22222
2.03704
2.22222
4.07407
1.11111
1.66667
2.40741
5
2.22222
2.59259
2.22222
2.22222
1.48148
0.37037
3.88889
2.59259
2.59259
2.96296
0.740741
1.11111
0.740741
0.185185
1.48148
3.88889
1.85185
0.555556
3.14815
1.11111
1.11111
1.66667
3.7037
1.48148
2.96296
3.33333
1.48148
1.85185
0.740741
6.85185
2.22222
2.96296
1.48148
2.22222
3.14815
2.59259
3.7037
1.66667
2.59259
2.03704
0.925926
2.22222
1.48148
1.85185
0
1.11111
1.11111
2.96296
3.33333
1.48148
1.85185
0.740741
2.03704
3.88889
1.48148
3.7037
1.85185
2.59259
3.7037
1.48148
3.33333
2.22222
1.85185
2.96296
2.96296
2.22222
2.40741
1.48148
0.37037
4.44444
0.740741
1.85185
4.81481
1.85185
2.22222
1.48148
3.7037
1.11111
2.40741
2.77778
4.07407
1.48148
1.48148
3.33333
2.22222
2.03704
4.44444
3.51852
3.33333
1.85185
4.25926
1.85185
1.11111
2.59259
2.59259
2.59259
2.59259
3.7037
1.48148
2.22222
2.40741
2.59259
1.48148
4.81481
2.59259
2.59259
2.77778
2.03704
0.37037
2.03704
2.59259
4.44444
0.740741
0.740741
2.40741
2.59259
4.07407
2.22222
2.96296
1.85185
2.40741
3.33333
2.96296
1.48148
6.2963
1.85185
0.740741
0.740741
2.40741
2.59259
5
1.48148
0.37037
1.85185
0.740741
2.59259
2.22222
4.07407
2.77778
3.7037
3.7037
1.85185
5.18519
3.33333
0.37037
2.96296
1.2963
4.07407
1.48148
2.59259
3.51852
1.2963
2.22222
3.33333
1.85185
2.22222
1.48148
3.88889
1.11111
1.85185
1.85185
0.37037
2.59259
1.85185
0.925926
1.11111
0.740741
0.37037
0.740741
1.2963
1.48148
0
0.37037
0
1.11111
0.37037
1.48148
0
0.740741
0
0.185185
0
0
0
0
0
0
0
0
0
0
0
0
0
0
0
0
0.37037
0
