54.0000 0.05 1
52.0816
146.612
121.306
40
0
0
0
0
0
0
0
0
0
0
0
0
0
0
0
0
0
0
0
0
0
0
0
0
0
0
0
0
0
0
0
0
0
0
0
0
0
0
0
0
0
0
0
0
0
0
0
0
0
0
0
0
0
0
0
0
0
0
0
0
0
0
0
0
0
0
0
0
0
0
0
0
0
0
0
0
0
0
0
0
0
0
0
0
0
0
0
0
0
0
0
0
0
0
0
0
0
0
0
0
0
0
0
0
0
0
0
0
0
0
0
0
0
0
0
0
0
0
0
0
0
0
0
0
0
0
0
0
0
0
0
0
0
0
0
0
0
0
0
0
0
0
0
0
0
0
0
0
0
0
0
0
0
0
0
0
0
0
0
0
0
0
0
0
0
0
0
0
0
0
0
0
0
0
0
0
0
0
0
0
0
0
0
0
0
0
0
0
0
0
0
0
0
0
0
0
0
0
0
0
0
0
0
0
0
0
0
0
0
0
0
0
0
0
0
0
0
0
0
0
0
0
0
0
0
0
0
0
0
0
0
0
0
0
0
0
0
0
0
0
0
0
0
0
0
0
0
0
0
0
0
0
0
0
0
0
0
0
0
0
0
0
0
0
0
0
0
0
0
0
0
0
0
0
0
0
0
0
0
0
0
0
0
0
0
0
0
0
0
0
0
0
0
0
0
0
0
0
0
0
0
0
0
0
0
0
0
0
0
0
0
0
0
0
0
0
0
0
0
0
0
0
0
0
0
0
0
0
0
0
0
0
0
0
0
0
0
0
0
0
0
0
0
0
0
0
0
0
0
0
0
0
0
0
0
0
0
0
0
0
0
0
0
0
0
0
0
0
0
0
0
0
0
0
0
0
0
0
0
0
0
0
0
0
0
0
0
0
0
0
0
0
0
0
0
0
0
0
0
0
0
0
0
0
0
0
0
0
0
0
0
0
0
0
0
0
0
0
0
0
0
0
0
0
0
0
0
0
0
0
0
0
0
0
0
0
0
0
0
0
0
0
0
0
0
0
0
0
0
0
0
0
0
0
0
0
0
0
0
0
0
0
0
0
0
0
0
0
0
0
0
0
0
0
0
0
0
0
0
0
0
0
0
0
0
0
0
0
0
0
0
0
0
0
0
0
0
0
0
0
0
0
0
0
0
0
0
0
0
0
0
0
0
0
0
0
0
0
0
0
0
0
0
0
0
0
0
0
0
0
0
0
0
0
0
0
0
0
0
0
0
0
0
0
0
0
0
0
0
0
0
0
0
0
0
0
0
0
0
0
0
0
0
0
0
0
0
0
0
0
0
0
0
0
0
0
0
0
0
0
0
0
0
0
0
0
0
0
0
0
0
0
0
0
0
0
0
0
0
0
0
0
0
0
0
0
0
0
0
0
0
0
0
0
0
0
0
0
0
0
0
0
0
0
0
0
0
0
0
0
0
0
0
0
0
0
0
0
0
0
0
0
0
0
0
0
0
0
0
0
0
0
0
0
0
0
0
0
0
0
0
0
0
0
0
0
0
0
0
0
0
0
0
0
0
0
0
0
0
0
0
0
0
0
0
0
0
0
0
0
0
0
0
0
0
0
0
0
0
0
0
0
0
0
0
0
0
0
0
0
0
0
0
0
0
0
0
0
0
0
0
0
0
0
0
0
0
0
0
0
0
0
0
0
0
0
0
0
0
0
0
0
0
0
0
0
0
0
0
0
0
0
0
0
0
0
0
0
0
0
0
0
0
0
0
0
0
0
0
0
0
0
0
0
0
0
0
0
0
0
0
0
0
0
0
0
0
0
0
0
0
0
0
0
0
0
0
0
0
0
0
0
0
0
0
0
0
0
0
0
0
0
0
0
0
0
0
0
0
0
0
0
0
0
0
0
0
0
0
0
0
0
0
0
0
0
0
0
0
0
0
0
0
0
0
0
0
0
0
0
0
0
0
0
0
0
0
0
0
0
0
0
0
0
0
0
0
0
0
0
0
0
0
0
0
0
0
0
0
0
0
0
0
0
0
0
0
0
0
0
0
0
0
0
0
0
0
0
0
0
0
0
0
0
0
0
0
0
0
0
0
0
0
0
0
0
0
0
0
0
0
0
0
0
0
0
0
0
0
0
0
0
0
0
0
0
0
0
0
0
0
0
0
0
0
0
0
0
0
0
0
0
0
0
0
0
0
0
0
0
0
0
0
0
0
0
0
0
0
0
0
0
0
0
0
0
0
0
0
0
0
0
0
0
0
0
0
0
0
0
0
0
0
0
0
0
0
0
0
0
0
0
0
0
0
0
0
0
0
0
0
0
0
0
0
0
0
0
0
0
0
0
0
0
0
0
0
0
0
0
0
0
0
0
0
0
0
0
0
0
0
0
0
0
0
0
0
0
0
0
0
0
0
0.163265
0
0
0
0.653061
0.326531
0
0
0
0.653061
0
0.979592
0
0
0.326531
0.653061
0.653061
0.653061
0.326531
0
1.63265
0.653061
0
0
0
0
0.326531
0.653061
0
0.653061
0.653061
0.326531
1.95918
0.653061
0.326531
0.326531
1.30612
1.30612
0
0.979592
1.30612
0
0
1.30612
0.326531
0.653061
0
1.95918
0
0.653061
0.653061
0.979592
0.653061
0
0.653061
0
1.95918
1.30612
0.653061
0.653061
1.95918
0.326531
0
0.653061
1.30612
0.979592
0.326531
0.326531
0.326531
0.653061
1.30612
1.95918
0
1.95918
0
0
1.63265
1.63265
0
0.653061
2.93878
0.653061
0.326531
0
1.63265
0.653061
1.95918
1.63265
0.653061
2.61224
1.30612
0.979592
0.979592
2.28571
1.30612
1.79592
1.95918
0.653061
0
0
0.653061
0.816327
0.979592
0.979592
0.653061
1.95918
1.95918
0
0.979592
1.63265
1.30612
0.653061
0.979592
4.2449
2.28571
1.95918
1.30612
2.28571
2.61224
1.63265
2.61224
5.22449
0.326531
0.979592
2.61224
3.26531
2.28571
2.28571
3.59184
1.95918
1.95918
1.30612
3.26531
0
2.28571
1.63265
2.93878
5.55102
3.59184
4.2449
1.95918
3.59184
4.57143
6.20408
5.87755
4.57143
5.55102
5.55102
7.18367
5.55102
6.85714
4.2449
6.69388
14.0408
6.20408
10.7755
8.81633
9.95918
12.4082
6.85714
8.81633
7.83673
12.5714
7.18367
11.4286
10.449
6.53061
8.81633
11.4286
11.4286
11.7551
8.81633
10.7755
7.34694
5.87755
9.95918
7.83673
7.34694
7.34694
8.16327
8
10.2857
12.0816
12.7347
7.18367
6.53061
9.63265
7.83673
9.14286
11.4286
10.449
9.79592
8.4898
15.8367
12.4082
9.46939
10.7755
9.79592
9.14286
4.57143
7.18367
8.32653
7.5102
8.16327
2.44898
2.61224
3.91837
3.26531
5.22449
3.59184
3.59184
1.30612
1.95918
2.28571
4.2449
0.816327
4.57143
1.63265
3.10204
0.326531
3.91837
3.26531
0
3.91837
0.326531
0
0.326531
1.30612
1.63265
0.653061
2.61224
1.30612
2.61224
0.653061
1.30612
1.95918
0.326531
0.979592
1.95918
1.95918
0
0.979592
1.30612
2.93878
0.326531
1.95918
2.93878
0.653061
0.653061
0
0
1.30612
1.30612
2.61224
2.93878
0.653061
0.653061
1.30612
0
1.95918
1.30612
0.979592
1.95918
1.30612
0
3.26531
1.95918
0
0.979592
2.28571
0.979592
2.61224
1.63265
1.95918
3.91837
0
1.30612
2.61224
1.95918
3.26531
1.30612
0.653061
0.326531
2.61224
0.653061
1.30612
1.95918
2.61224
0.653061
0
0.653061
1.79592
1.95918
1.95918
1.30612
3.26531
3.26531
1.95918
1.30612
1.46939
1.95918
1.30612
0.979592
1.95918
0.653061
1.95918
1.95918
2.61224
2.28571
3.26531
0.816327
4.2449
1.63265
0.979592
2.28571
3.59184
1.30612
0.979592
0.653061
2.28571
0.653061
3.26531
1.30612
2.61224
1.30612
2.28571
0.979592
1.95918
0.653061
1.95918
1.95918
1.30612
1.63265
1.95918
2.28571
1.30612
1.30612
2.28571
2.61224
1.95918
1.30612
2.28571
2.93878
0.653061
1.30612
3.26531
1.95918
1.95918
2.93878
1.30612
1.63265
1.30612
2.61224
0.653061
0.979592
1.30612
3.42857
0.653061
3.26531
0.653061
3.26531
1.30612
2.28571
0.653061
2.28571
2.61224
2.61224
0.653061
2.28571
1.63265
0.653061
1.63265
1.30612
0
3.26531
2.28571
1.30612
0.326531
2.93878
0.653061
2.61224
2.28571
1.95918
0.979592
1.63265
3.59184
1.30612
0.979592
2.28571
1.95918
2.28571
1.30612
2.28571
1.30612
0.653061
1.95918
0
1.95918
0
1.30612
1.63265
0.979592
1.63265
0.653061
0.979592
2.28571
2.28571
1.63265
0
0.979592
0.653061
0.653061
1.63265
0.326531
1.95918
0
0.979592
0.326531
1.30612
0
0
0.653061
1.95918
1.30612
1.30612
0
0.653061
1.46939
0
0
0.653061
0.653061
0.979592
0.653061
0.489796
0.979592
0
0.163265
0.653061
0.653061
0.979592
0.326531
0.979592
0.653061
0.326531
0
0.653061
0
0.979592
0
