57.0000 0.05 1
80
0
0
40
80
0
77.7778
82.2222
0
0
0
0
0
0
0
0
0
0
0
0
0
0
0
0
0
0
0
0
0
0
0
0
0
0
0
0
0
0
0
0
0
0
0
0
0
0
0
0
0
0
0
0
0
0
0
0
0
0
0
0
0
0
0
0
0
0
0
0
0
0
0
0
0
0
0
0
0
0
0
0
0
0
0
0
0
0
0
0
0
0
0
0
0
0
0
0
0
0
0
0
0
0
0
0
0
0
0
0
0
0
0
0
0
0
0
0
0
0
0
0
0
0
0
0
0
0
0
0
0
0
0
0
0
0
0
0
0
0
0
0
0
0
0
0
0
0
0
0
0
0
0
0
0
0
0
0
0
0
0
0
0
0
0
0
0
0
0
0
0
0
0
0
0
0
0
0
0
0
0
0
0
0
0
0
0
0
0
0
0
0
0
0
0
0
0
0
0
0
0
0
0
0
0
0
0
0
0
0
0
0
0
0
0
0
0
0
0
0
0
0
0
0
0
0
0
0
0
0
0
0
0
0
0
0
0
0
0
0
0
0
0
0
0
0
0
0
0
0
0
0
0
0
0
0
0
0
0
0
0
0
0
0
0
0
0
0
0
0
0
0
0
0
0
0
0
0
0
0
0
0
0
0
0
0
0
0
0
0
0
0
0
0
0
0
0
0
0
0
0
0
0
0
0
0
0
0
0
0
0
0
0
0
0
0
0
0
0
0
0
0
0
0
0
0
0
0
0
0
0
0
0
0
0
0
0
0
0
0
0
0
0
0
0
0
0
0
0
0
0
0
0
0
0
0
0
0
0
0
0
0
0
0
0
0
0
0
0
0
0
0
0
0
0
0
0
0
0
0
0
0
0
0
0
0
0
0
0
0
0
0
0
0
0
0
0
0
0
0
0
0
0
0
0
0
0
0
0
0
0
0
0
0
0
0
0
0
0
0
0
0
0
0
0
0
0
0
0
0
0
0
0
0
0
0
0
0
0
0
0
0
0
0
0
0
0
0
0
0
0
0
0
0
0
0
0
0
0
0
0
0
0
0
0
0
0
0
0
0
0
0
0
0
0
0
0
0
0
0
0
0
0
0
0
0
0
0
0
0
0
0
0
0
0
0
0
0
0
0
0
0
0
0
0
0
0
0
0
0
0
0
0
0
0
0
0
0
0
0
0
0
0
0
0
0
0
0
0
0
0
0
0
0
0
0
0
0
0
0
0
0
0
0
0
0
0
0
0
0
0
0
0
0
0
0
0
0
0
0
0
0
0
0
0
0
0
0
0
0
0
0
0
0
0
0
0
0
0
0
0
0
0
0
0
0
0
0
0
0
0
0
0
0
0
0
0
0
0
0
0
0
0
0
0
0
0
0
0
0
0
0
0
0
0
0
0
0
0
0
0
0
0
0
0
0
0
0
0
0
0
0
0
0
0
0
0
0
0
0
0
0
0
0
0
0
0
0
0
0
0
0
0
0
0
0
0
0
0
0
0
0
0
0
0
0
0
0
0
0
0
0
0
0
0
0
0
0
0
0
0
0
0
0
0
0
0
0
0
0
0
0
0
0
0
0
0
0
0
0
0
0
0
0
0
0
0
0
0
0
0
0
0
0
0
0
0
0
0
0
0
0
0
0
0
0
0
0
0
0
0
0
0
0
0
0
0
0
0
0
0
0
0
0
0
0
0
0
0
0
0
0
0
0
0
0
0
0
0
0
0
0
0
0
0
0
0
0
0
0
0
0
0
0
0
0
0
0
0
0
0
0
0
0
0
0
0
0
0
0
0
0
0
0
0
0
0
0
0
0
0
0
0
0
0
0
0
0
0
0
0
0
0
0
0
0
0
0
0
0
0
0
0
0
0
0
0
0
0
0
0
0
0
0
0
0
0
0
0
0
0
0
0
0
0
0
0
0
0
0
0
0
0
0
0
0
0
0
0
0
0
0
0
0
0
0
0
0
0
0
0
0
0
0
0
0
0
0
0
0
0
0
0
0
0
0
0
0
0
0
0
0
0
0
0
0
0
0
0
0
0
0
0
0
0
0
0
0
0
0
0
0
0
0
0
0
0
0
0
0
0
0
0
0
0
0
0
0
0
0
0
0
0
0
0
0
0
0
0
0
0
0
0
0
0
0
0
0
0
0
0
0
0
0
0
0
0
0
0
0
0
0
0
0
0
0
0
0
0
0
0
0
0
0
0
0
0
0
0
0
0
0
0
0
0
0
0
0
0
0
0
0
0
0
0
0
0
0
0
0
0
0
0
0
0
0
0
0
0
0
0
0
0
0
0
0
0
0
0
0
0
0
0
0
0
0
0
0
0
0
0
0
0
0
0
0
0
0
0
0
0
0
0
0
0
0
0
0
0
0
0
0
0
0
0
0
0.185185
0
0
0
0.37037
0.37037
0.740741
0.740741
0
0
0.740741
0
0
0
0.740741
0.37037
0
1.48148
1.11111
0.37037
0
1.11111
0.37037
0
1.48148
0.740741
0
1.48148
0.740741
0
0.37037
0.740741
0
0
0.925926
1.48148
0.37037
0.740741
0.740741
1.85185
1.48148
2.22222
0
0.740741
0
1.48148
1.11111
0.37037
1.66667
1.48148
0.37037
0.740741
0.37037
0.740741
0.37037
0.740741
0
1.11111
1.11111
0.37037
1.48148
1.11111
1.48148
0
0
2.59259
0.740741
0.37037
1.11111
1.48148
2.59259
1.48148
0.740741
1.11111
0.740741
1.48148
1.85185
0.740741
2.77778
0
0.925926
0
0.37037
2.59259
0.740741
1.48148
1.48148
0.37037
0.740741
1.85185
0.555556
1.85185
0.740741
1.11111
0.740741
0.740741
4.44444
0.925926
2.22222
0.740741
1.11111
1.85185
0
2.96296
1.48148
2.59259
1.85185
0.740741
2.59259
2.59259
1.11111
0.37037
1.85185
0
0.740741
4.07407
1.48148
0.740741
1.85185
1.48148
0.740741
3.33333
0.740741
3.33333
4.25926
1.11111
4.07407
1.85185
1.85185
0
4.44444
3.51852
0.925926
1.85185
3.14815
1.48148
1.11111
3.33333
3.88889
0.185185
1.85185
2.59259
2.59259
3.33333
4.62963
2.96296
5.18519
2.96296
4.44444
6.85185
1.85185
6.2963
5.37037
5.18519
1.85185
6.66667
7.96296
8.51852
7.77778
11.6667
7.22222
10.7407
7.59259
9.07407
7.77778
14.4444
10.1852
9.25926
16.6667
9.25926
14.0741
15.3704
13.7037
11.2963
10.1852
9.81481
8.14815
8.88889
6.11111
11.1111
10
5
9.07407
9.81481
11.8519
8.51852
6.66667
7.77778
5.37037
14.2593
15.1852
16.1111
10.5556
11.6667
16.4815
13.3333
9.25926
14.4444
9.25926
5.18519
3.7037
7.59259
6.85185
11.2963
10.7407
12.2222
6.2963
4.44444
5.18519
5
3.33333
3.33333
1.48148
3.51852
2.59259
1.85185
3.14815
4.44444
2.96296
1.48148
2.22222
2.59259
1.48148
0.740741
2.59259
2.59259
3.7037
0
1.85185
1.2963
3.14815
1.48148
2.22222
3.33333
0
1.85185
1.48148
0.555556
1.11111
1.48148
2.40741
0
1.85185
0.740741
1.48148
2.22222
2.03704
0.925926
2.59259
0.740741
2.03704
2.22222
2.96296
1.48148
1.85185
4.07407
3.33333
2.59259
1.48148
4.81481
3.33333
1.11111
2.59259
1.85185
1.66667
0
3.7037
3.14815
1.66667
4.81481
2.96296
0.37037
1.11111
2.77778
2.03704
1.11111
4.07407
1.11111
1.48148
1.85185
2.03704
2.22222
0.740741
1.11111
0.555556
2.96296
1.85185
0.740741
4.07407
2.96296
1.11111
0.740741
2.59259
0.925926
1.11111
2.22222
3.33333
1.85185
2.22222
4.44444
2.96296
1.48148
0.185185
2.96296
2.22222
5.37037
2.03704
3.7037
2.22222
4.44444
2.22222
2.22222
2.59259
1.11111
0
2.96296
3.33333
0
0.37037
3.7037
1.66667
1.48148
1.48148
2.59259
2.59259
0.37037
1.11111
2.59259
1.85185
1.48148
3.7037
3.51852
3.33333
2.22222
2.40741
1.85185
1.85185
2.22222
0.740741
2.40741
2.77778
1.85185
1.48148
2.77778
1.11111
1.48148
2.59259
3.7037
1.85185
0.740741
1.11111
7.03704
1.85185
2.96296
0
3.7037
3.33333
1.85185
2.22222
1.48148
4.81481
2.22222
3.51852
1.85185
1.11111
3.88889
2.40741
1.85185
3.33333
1.48148
2.40741
2.22222
2.22222
4.62963
3.33333
2.59259
1.11111
3.7037
3.88889
0.740741
1.11111
2.40741
2.96296
2.22222
1.85185
1.48148
1.85185
2.22222
0.925926
2.22222
3.33333
5
1.11111
3.33333
0
1.66667
1.11111
5.18519
3.51852
3.51852
1.66667
4.81481
3.7037
1.11111
0.740741
2.22222
1.85185
2.22222
2.03704
2.22222
3.7037
1.85185
2.96296
3.33333
2.59259
0.37037
1.48148
1.11111
1.2963
1.85185
1.11111
1.85185
4.07407
2.22222
1.48148
0
0
2.59259
1.11111
0.740741
0.37037
0
0.185185
0
0.37037
0.37037
0
0
1.11111
0
0
0.37037
0
