76.0000 0.05 1
320
0
18.88
52.48
88.64
0
0
0
0
0
0
0
0
0
0
0
0
0
0
0
0
0
0
0
0
0
0
0
0
0
0
0
0
0
0
0
0
0
0
0
0
0
0
0
0
0
0
0
0
0
0
0
0
0
0
0
0
0
0
0
0
0
0
0
0
0
0
0
0
0
0
0
0
0
0
0
0
0
0
0
0
0
0
0
0
0
0
0
0
0
0
0
0
0
0
0
0
0
0
0
0
0
0
0
0
0
0
0
0
0
0
0
0
0
0
0
0
0
0
0
0
0
0
0
0
0
0
0
0
0
0
0
0
0
0
0
0
0
0
0
0
0
0
0
0
0
0
0
0
0
0
0
0
0
0
0
0
0
0
0
0
0
0
0
0
0
0
0
0
0
0
0
0
0
0
0
0
0
0
0
0
0
0
0
0
0
0
0
0
0
0
0
0
0
0
0
0
0
0
0
0
0
0
0
0
0
0
0
0
0
0
0
0
0
0
0
0
0
0
0
0
0
0
0
0
0
0
0
0
0
0
0
0
0
0
0
0
0
0
0
0
0
0
0
0
0
0
0
0
0
0
0
0
0
0
0
0
0
0
0
0
0
0
0
0
0
0
0
0
0
0
0
0
0
0
0
0
0
0
0
0
0
0
0
0
0
0
0
0
0
0
0
0
0
0
0
0
0
0
0
0
0
0
0
0
0
0
0
0
0
0
0
0
0
0
0
0
0
0
0
0
0
0
0
0
0
0
0
0
0
0
0
0
0
0
0
0
0
0
0
0
0
0
0
0
0
0
0
0
0
0
0
0
0
0
0
0
0
0
0
0
0
0
0
0
0
0
0
0
0
0
0
0
0
0
0
0
0
0
0
0
0
0
0
0
0
0
0
0
0
0
0
0
0
0
0
0
0
0
0
0
0
0
0
0
0
0
0
0
0
0
0
0
0
0
0
0
0
0
0
0
0
0
0
0
0
0
0
0
0
0
0
0
0
0
0
0
0
0
0
0
0
0
0
0
0
0
0
0
0
0
0
0
0
0
0
0
0
0
0
0
0
0
0
0
0
0
0
0
0
0
0
0
0
0
0
0
0
0
0
0
0
0
0
0
0
0
0
0
0
0
0
0
0
0
0
0
0
0
0
0
0
0
0
0
0
0
0
0
0
0
0
0
0
0
0
0
0
0
0
0
0
0
0
0
0
0
0
0
0
0
0
0
0
0
0
0
0
0
0
0
0
0
0
0
0
0
0
0
0
0
0
0
0
0
0
0
0
0
0
0
0
0
0
0
0
0
0
0
0
0
0
0
0
0
0
0
0
0
0
0
0
0
0
0
0
0
0
0
0
0
0
0
0
0
0
0
0
0
0
0
0
0
0
0
0
0
0
0
0
0
0
0
0
0
0
0
0
0
0
0
0
0
0
0
0
0
0
0
0
0
0
0
0
0
0
0
0
0
0
0
0
0
0
0
0
0
0
0
0
0
0
0
0
0
0
0
0
0
0
0
0
0
0
0
0
0
0
0
0
0
0
0
0
0
0
0
0
0
0
0
0
0
0
0
0
0
0
0
0
0
0
0
0
0
0
0
0
0
0
0
0
0
0
0
0
0
0
0
0
0
0
0
0
0
0
0
0
0
0
0
0
0
0
0
0
0
0
0
0
0
0
0
0
0
0
0
0
0
0
0
0
0
0
0
0
0
0
0
0
0
0
0
0
0
0
0
0
0
0
0
0
0
0
0
0
0
0
0
0
0
0
0
0
0
0
0
0
0
0
0
0
0
0
0
0
0
0
0
0
0
0
0
0
0
0
0
0
0
0
0
0
0
0
0
0
0
0
0
0
0
0
0
0
0
0
0
0
0
0
0
0
0
0
0
0
0
0
0
0
0
0
0
0
0
0
0
0
0
0
0
0
0
0
0
0
0
0
0
0
0
0
0
0
0
0
0
0
0
0
0
0
0
0
0
0
0
0
0
0
0
0
0
0
0
0
0
0
0
0
0
0
0
0
0
0
0
0
0
0
0
0
0
0
0
0
0
0
0
0
0
0
0
0
0
0
0
0
0
0
0
0
0
0
0
0
0
0
0
0
0
0
0
0
0
0
0
0
0
0
0
0
0
0
0
0
0
0
0
0
0
0
0
0
0
0
0
0
0
0
0
0
0
0
0
0
0
0
0
0
0
0
0
0
0
0
0
0
0
0
0
0
0
0
0
0
0
0
0
0
0
0
0
0
0
0
0
0
0
0
0
0
0
0
0
0
0
0
0
0
0
0
0
0
0
0
0
0
0
0
0
0
0
0
0
0
0
0
0
0
0
0
0
0
0
0
0
0
0
0
0
0
0
0
0
0
0
0
0
0
0
0
0
0
0
0
0
0.32
0
0
0
0
0
2.56
0
1.92
0
0
0
0
0
0
0
3.84
0
0
0
0
0
7.68
2.56
0
0
0
0
0
0
0
0
1.92
0
7.68
0
0
0
7.68
0
0
0
0
0
0
0
0
0
3.84
0
0
0
3.84
0
0
0
7.68
0
0
0
2.56
0
7.68
0
0
0
1.92
0
0
0
0
0
0
7.68
0
0
0
0
0
0
0
0
7.68
0
7.68
0
0
0
0
0
0
7.68
0
0
0
0
6.4
7.68
0
1.92
7.68
0
0
0
0
0
0
0
3.84
0
3.84
0
0
0
1.92
2.56
11.52
0
1.92
3.84
0
7.68
0
0
0
7.68
0
12.16
0
0
6.4
0
8.96
3.84
0
0
0
0
0
0
0.32
11.52
5.12
1.92
7.68
7.68
3.84
0
2.56
8.96
0
0
0
26.88
7.68
11.52
3.84
6.4
0
15.36
12.8
20.48
7.68
12.16
3.84
1.92
10.24
7.68
0.64
5.76
15.36
6.4
16.64
23.04
15.36
19.2
35.84
11.52
30.72
5.12
7.68
21.76
13.44
7.68
11.52
14.72
3.84
0
7.68
0
29.44
15.36
7.68
9.6
21.44
15.36
30.08
12.48
14.08
19.84
17.92
34.56
30.72
8.96
21.12
11.52
0
0
7.68
0
7.68
0
0
0.32
0
13.76
25.6
7.68
0
10.88
3.84
15.36
0
0
0
7.68
0
0
5.12
1.92
2.56
3.84
0
7.68
1.92
7.68
3.84
7.68
0
2.24
0
7.68
0
2.56
3.84
0.96
0
0
7.68
7.68
3.84
0
0
0
5.12
0
3.84
7.68
0
0
9.6
0
0
0
2.56
0
0
7.68
7.68
0
0
8.96
1.92
7.68
1.92
0
0
0
0
7.68
0
7.68
0
0
3.84
0
3.84
3.84
0
0
0
0
3.84
0
0
7.68
0
0
8.64
0
0
0
13.44
7.68
0
0
3.84
0
5.12
0
0
7.68
8.96
11.52
0
7.68
2.56
7.68
7.68
0
0
0
2.56
5.76
3.84
0
0
0
12.16
0
11.52
0
0
0
0
0
0
0
0
0
0
7.68
0
0
7.68
3.84
3.84
0
3.84
0
0
0
1.92
0
1.92
0
23.04
5.76
5.12
7.68
7.68
0
3.84
5.12
3.84
0
0
7.68
0
3.84
0
3.84
2.56
7.68
7.68
0
3.84
0
0
0
7.68
0
0
5.76
7.68
0
2.56
7.68
7.68
0
0
15.36
0
0
3.84
1.92
0
3.84
7.68
0
7.68
0
0
2.56
0
0
0
0
0
0
0
0
0.96
0
0
0
0
0
0
0.64
2.56
0
0
0
0
5.12
1.92
0
