51.0000 0.05 1
123.457
116.543
0
0
0
0
80
40
0
0
0
0
0
0
0
0
0
0
0
0
0
0
0
0
0
0
0
0
0
0
0
0
0
0
0
0
0
0
0
0
0
0
0
0
0
0
0
0
0
0
0
0
0
0
0
0
0
0
0
0
0
0
0
0
0
0
0
0
0
0
0
0
0
0
0
0
0
0
0
0
0
0
0
0
0
0
0
0
0
0
0
0
0
0
0
0
0
0
0
0
0
0
0
0
0
0
0
0
0
0
0
0
0
0
0
0
0
0
0
0
0
0
0
0
0
0
0
0
0
0
0
0
0
0
0
0
0
0
0
0
0
0
0
0
0
0
0
0
0
0
0
0
0
0
0
0
0
0
0
0
0
0
0
0
0
0
0
0
0
0
0
0
0
0
0
0
0
0
0
0
0
0
0
0
0
0
0
0
0
0
0
0
0
0
0
0
0
0
0
0
0
0
0
0
0
0
0
0
0
0
0
0
0
0
0
0
0
0
0
0
0
0
0
0
0
0
0
0
0
0
0
0
0
0
0
0
0
0
0
0
0
0
0
0
0
0
0
0
0
0
0
0
0
0
0
0
0
0
0
0
0
0
0
0
0
0
0
0
0
0
0
0
0
0
0
0
0
0
0
0
0
0
0
0
0
0
0
0
0
0
0
0
0
0
0
0
0
0
0
0
0
0
0
0
0
0
0
0
0
0
0
0
0
0
0
0
0
0
0
0
0
0
0
0
0
0
0
0
0
0
0
0
0
0
0
0
0
0
0
0
0
0
0
0
0
0
0
0
0
0
0
0
0
0
0
0
0
0
0
0
0
0
0
0
0
0
0
0
0
0
0
0
0
0
0
0
0
0
0
0
0
0
0
0
0
0
0
0
0
0
0
0
0
0
0
0
0
0
0
0
0
0
0
0
0
0
0
0
0
0
0
0
0
0
0
0
0
0
0
0
0
0
0
0
0
0
0
0
0
0
0
0
0
0
0
0
0
0
0
0
0
0
0
0
0
0
0
0
0
0
0
0
0
0
0
0
0
0
0
0
0
0
0
0
0
0
0
0
0
0
0
0
0
0
0
0
0
0
0
0
0
0
0
0
0
0
0
0
0
0
0
0
0
0
0
0
0
0
0
0
0
0
0
0
0
0
0
0
0
0
0
0
0
0
0
0
0
0
0
0
0
0
0
0
0
0
0
0
0
0
0
0
0
0
0
0
0
0
0
0
0
0
0
0
0
0
0
0
0
0
0
0
0
0
0
0
0
0
0
0
0
0
0
0
0
0
0
0
0
0
0
0
0
0
0
0
0
0
0
0
0
0
0
0
0
0
0
0
0
0
0
0
0
0
0
0
0
0
0
0
0
0
0
0
0
0
0
0
0
0
0
0
0
0
0
0
0
0
0
0
0
0
0
0
0
0
0
0
0
0
0
0
0
0
0
0
0
0
0
0
0
0
0
0
0
0
0
0
0
0
0
0
0
0
0
0
0
0
0
0
0
0
0
0
0
0
0
0
0
0
0
0
0
0
0
0
0
0
0
0
0
0
0
0
0
0
0
0
0
0
0
0
0
0
0
0
0
0
0
0
0
0
0
0
0
0
0
0
0
0
0
0
0
0
0
0
0
0
0
0
0
0
0
0
0
0
0
0
0
0
0
0
0
0
0
0
0
0
0
0
0
0
0
0
0
0
0
0
0
0
0
0
0
0
0
0
0
0
0
0
0
0
0
0
0
0
0
0
0
0
0
0
0
0
0
0
0
0
0
0
0
0
0
0
0
0
0
0
0
0
0
0
0
0
0
0
0
0
0
0
0
0
0
0
0
0
0
0
0
0
0
0
0
0
0
0
0
0
0
0
0
0
0
0
0
0
0
0
0
0
0
0
0
0
0
0
0
0
0
0
0
0
0
0
0
0
0
0
0
0
0
0
0
0
0
0
0
0
0
0
0
0
0
0
0
0
0
0
0
0
0
0
0
0
0
0
0
0
0
0
0
0
0
0
0
0
0
0
0
0
0
0
0
0
0
0
0
0
0
0
0
0
0
0
0
0
0
0
0
0
0
0
0
0
0
0
0
0
0
0
0
0
0
0
0
0
0
0
0
0
0
0
0
0
0
0
0
0
0
0
0
0
0
0
0
0
0
0
0
0
0
0
0
0
0
0
0
0
0
0
0
0
0
0
0
0
0
0
0
0
0
0
0
0
0
0
0
0
0
0
0
0
0
0
0
0
0
0
0
0
0
0
0
0
0
0
0
0
0
0
0
0
0
0
0
0
0
0
0
0
0
0
0
0
0
0
0
0
0
0
0
0
0
0
0
0
0
0
0
0
0
0
0
0
0
0
0
0
0
0
0
0
0
0
0
0
0
0
0
0
0
0
0
0
0
0
0
0
0
0.123457
0
0
0.246914
0
0.493827
0
0.123457
0.987654
0
0.493827
0.493827
0
0.987654
0
0
0.493827
0
0
0
0.493827
0
0.987654
0
0.987654
0
0.493827
1.97531
0
0
0.987654
0
0
0
0
0
0
0
0
0.493827
0
0.987654
0
0.493827
0.493827
0.987654
0
0.123457
1.48148
0
1.97531
0
1.48148
0
0
0
0
0
0.493827
0
0.246914
0.987654
0
1.97531
0
1.97531
0
0
0.493827
0
0.987654
0
0
0.987654
0.493827
0.987654
0
0.493827
0.987654
2.96296
0
1.48148
0
0.987654
2.09877
0.493827
0
0.493827
0
1.48148
2.09877
0.493827
0.987654
0.493827
0.493827
0
0.987654
1.48148
0
0
0.987654
0
0.493827
1.48148
1.97531
1.97531
1.48148
2.96296
1.48148
0.987654
1.97531
0
0.987654
0
0.493827
2.22222
0.493827
2.96296
2.96296
1.97531
1.97531
2.46914
0
1.48148
1.97531
1.60494
1.97531
3.45679
4.44444
1.97531
2.96296
3.45679
0
6.91358
0.987654
1.48148
3.08642
5.92593
6.17284
1.48148
5.67901
3.7037
7.53086
5.4321
5.92593
10.8642
2.46914
4.93827
5.92593
5.4321
6.91358
4.93827
8.88889
10.9877
6.91358
6.66667
3.45679
6.04938
9.38272
7.90123
5.4321
2.46914
15.8025
5.92593
7.40741
3.45679
9.87654
9.87654
7.90123
11.8519
14.0741
12.3457
12.3457
9.1358
9.38272
7.90123
7.40741
11.1111
13.2099
3.58025
3.95062
6.91358
9.62963
8.88889
6.41975
7.40741
6.41975
4.93827
8.39506
3.45679
4.44444
10.3704
5.55556
6.91358
8.39506
4.44444
3.7037
8.88889
10.9877
12.716
13.8272
17.5309
11.1111
10.8642
2.96296
8.39506
5.4321
2.96296
5.4321
4.44444
5.92593
2.96296
0.493827
1.97531
0.493827
0.493827
3.95062
4.93827
0
0
1.97531
2.96296
1.48148
0.987654
0.123457
0
6.91358
0
1.97531
1.48148
1.60494
0
1.97531
0
0.987654
1.48148
0
2.46914
0
0.987654
2.46914
0.493827
0.987654
3.95062
0.493827
2.46914
0.493827
0
0.493827
2.96296
1.97531
1.97531
0.987654
0.987654
0.987654
0.987654
0
1.48148
1.97531
0
0
0
1.97531
0.987654
0
0.987654
0
0.493827
0
2.96296
0
0
0.246914
0.493827
0
0.493827
1.48148
0
1.48148
1.48148
1.97531
0.987654
0
4.93827
1.97531
0
0
0.493827
1.48148
1.97531
0
0.493827
0.987654
1.97531
0
1.48148
1.48148
0.987654
1.48148
2.46914
0
2.96296
3.08642
0.987654
3.45679
0.987654
1.97531
0
0
0
2.96296
2.96296
1.48148
1.48148
1.97531
1.97531
0
0.493827
0.987654
1.48148
0.493827
0.493827
0.987654
0
0
1.48148
2.96296
0
3.95062
0.493827
0
3.45679
0.987654
0.987654
0
4.93827
0.493827
0.493827
0.987654
0.987654
2.96296
0.987654
0
2.96296
0.493827
0
0
1.48148
0
0
2.96296
0
1.97531
1.97531
2.96296
0.493827
1.48148
0.987654
0
1.97531
0.493827
0.987654
1.48148
0.987654
0
3.45679
0.493827
0.987654
0
0
2.46914
0
0
1.97531
0.987654
0.987654
0
3.95062
0
0.493827
1.48148
1.97531
2.96296
0
0.493827
4.93827
0.740741
0.987654
0.987654
0
0.987654
0.493827
0.493827
0.493827
0
0.987654
0
0.987654
0.987654
0.246914
0.987654
0
1.11111
0.493827
0
0.987654
0.987654
0.987654
0
2.46914
0
0
0.987654
2.46914
1.97531
0
0
0.493827
0.493827
0
0
0
1.48148
1.97531
0.493827
0.493827
1.97531
0
0.987654
0
0
0
0.493827
0.740741
0.493827
0
0
0.987654
0
0
0
0.123457
0
