50.0000 0.05 1
160
41.1111
38.8889
0
0
0
0
0
0
0
0
0
0
0
0
0
0
0
0
0
0
0
0
0
0
0
0
0
0
0
0
0
0
0
0
0
0
0
0
0
0
0
0
0
0
0
0
0
0
0
0
0
0
0
0
0
0
0
0
0
0
0
0
0
0
0
0
0
0
0
0
0
0
0
0
0
0
0
0
0
0
0
0
0
0
0
0
0
0
0
0
0
0
0
0
0
0
0
0
0
0
0
0
0
0
0
0
0
0
0
0
0
0
0
0
0
0
0
0
0
0
0
0
0
0
0
0
0
0
0
0
0
0
0
0
0
0
0
0
0
0
0
0
0
0
0
0
0
0
0
0
0
0
0
0
0
0
0
0
0
0
0
0
0
0
0
0
0
0
0
0
0
0
0
0
0
0
0
0
0
0
0
0
0
0
0
0
0
0
0
0
0
0
0
0
0
0
0
0
0
0
0
0
0
0
0
0
0
0
0
0
0
0
0
0
0
0
0
0
0
0
0
0
0
0
0
0
0
0
0
0
0
0
0
0
0
0
0
0
0
0
0
0
0
0
0
0
0
0
0
0
0
0
0
0
0
0
0
0
0
0
0
0
0
0
0
0
0
0
0
0
0
0
0
0
0
0
0
0
0
0
0
0
0
0
0
0
0
0
0
0
0
0
0
0
0
0
0
0
0
0
0
0
0
0
0
0
0
0
0
0
0
0
0
0
0
0
0
0
0
0
0
0
0
0
0
0
0
0
0
0
0
0
0
0
0
0
0
0
0
0
0
0
0
0
0
0
0
0
0
0
0
0
0
0
0
0
0
0
0
0
0
0
0
0
0
0
0
0
0
0
0
0
0
0
0
0
0
0
0
0
0
0
0
0
0
0
0
0
0
0
0
0
0
0
0
0
0
0
0
0
0
0
0
0
0
0
0
0
0
0
0
0
0
0
0
0
0
0
0
0
0
0
0
0
0
0
0
0
0
0
0
0
0
0
0
0
0
0
0
0
0
0
0
0
0
0
0
0
0
0
0
0
0
0
0
0
0
0
0
0
0
0
0
0
0
0
0
0
0
0
0
0
0
0
0
0
0
0
0
0
0
0
0
0
0
0
0
0
0
0
0
0
0
0
0
0
0
0
0
0
0
0
0
0
0
0
0
0
0
0
0
0
0
0
0
0
0
0
0
0
0
0
0
0
0
0
0
0
0
0
0
0
0
0
0
0
0
0
0
0
0
0
0
0
0
0
0
0
0
0
0
0
0
0
0
0
0
0
0
0
0
0
0
0
0
0
0
0
0
0
0
0
0
0
0
0
0
0
0
0
0
0
0
0
0
0
0
0
0
0
0
0
0
0
0
0
0
0
0
0
0
0
0
0
0
0
0
0
0
0
0
0
0
0
0
0
0
0
0
0
0
0
0
0
0
0
0
0
0
0
0
0
0
0
0
0
0
0
0
0
0
0
0
0
0
0
0
0
0
0
0
0
0
0
0
0
0
0
0
0
0
0
0
0
0
0
0
0
0
0
0
0
0
0
0
0
0
0
0
0
0
0
0
0
0
0
0
0
0
0
0
0
0
0
0
0
0
0
0
0
0
0
0
0
0
0
0
0
0
0
0
0
0
0
0
0
0
0
0
0
0
0
0
0
0
0
0
0
0
0
0
0
0
0
0
0
0
0
0
0
0
0
0
0
0
0
0
0
0
0
0
0
0
0
0
0
0
0
0
0
0
0
0
0
0
0
0
0
0
0
0
0
0
0
0
0
0
0
0
0
0
0
0
0
0
0
0
0
0
0
0
0
0
0
0
0
0
0
0
0
0
0
0
0
0
0
0
0
0
0
0
0
0
0
0
0
0
0
0
0
0
0
0
0
0
0
0
0
0
0
0
0
0
0
0
0
0
0
0
0
0
0
0
0
0
0
0
0
0
0
0
0
0
0
0
0
0
0
0
0
0
0
0
0
0
0
0
0
0
0
0
0
0
0
0
0
0
0
0
0
0
0
0
0
0
0
0
0
0
0
0
0
0
0
0
0
0
0
0
0
0
0
0
0
0
0
0
0
0
0
0
0
0
0
0
0
0
0
0
0
0
0
0
0
0
0
0
0
0
0
0
0
0
0
0
0
0
0
0
0
0
0
0
0
0
0
0
0
0
0
0
0
0
0
0
0
0
0
0
0
0
0
0
0
0
0
0
0
0
0
0
0
0
0
0
0
0
0
0
0
0
0
0
0
0
0
0
0
0
0
0
0
0
0
0
0
0
0
0
0
0
0
0
0
0
0
0
0
0
0
0
0
0
0
0
0
0
0
0
0
0
0
0
0
0
0
0
0
0
0
0
0
0
0
0
0
0
0
0
0
0
0
0
0
0
0
0
0
0.277778
0
0
0
0.555556
0
1.11111
1.11111
0
1.11111
0
0
0
1.66667
0.833333
0
1.11111
0.555556
1.11111
1.11111
0.277778
2.22222
0
0.555556
0
0
0
2.22222
2.22222
1.11111
0.555556
1.11111
0
1.11111
1.11111
1.11111
1.66667
2.5
1.11111
2.77778
0
0.277778
0.555556
3.33333
0
0
0.277778
1.66667
0
0.277778
1.11111
1.11111
2.22222
2.77778
2.77778
0
0
2.22222
1.66667
3.88889
2.22222
1.38889
1.38889
3.88889
0.555556
0
0.833333
1.11111
1.11111
1.66667
3.05556
1.66667
0
0
3.33333
3.33333
0
0.555556
1.11111
1.11111
2.22222
2.77778
1.11111
1.11111
2.22222
0
3.05556
3.05556
0.555556
4.44444
1.11111
1.66667
2.22222
1.11111
0
2.22222
2.22222
2.77778
1.66667
3.33333
3.88889
0.555556
3.88889
2.22222
4.44444
1.11111
3.33333
0.555556
1.11111
3.33333
1.11111
1.11111
0
1.66667
3.33333
3.33333
1.94444
0.833333
2.22222
3.33333
0.555556
5
1.11111
1.11111
1.66667
5.55556
3.33333
3.88889
3.33333
2.22222
1.11111
2.22222
2.77778
4.44444
3.33333
2.77778
1.11111
3.33333
5
2.22222
2.77778
6.38889
3.88889
0
2.77778
1.66667
3.33333
2.77778
3.88889
6.66667
4.44444
2.77778
3.61111
3.61111
4.44444
3.88889
7.5
3.61111
3.88889
6.38889
5.27778
6.66667
11.3889
5
7.22222
6.66667
8.88889
5.27778
16.9444
10.5556
15.2778
7.77778
11.1111
10.2778
7.77778
3.33333
14.4444
13.3333
7.5
5.27778
4.44444
10.5556
7.5
7.5
16.1111
7.77778
15
13.6111
8.61111
5.55556
10.5556
11.3889
2.77778
9.72222
13.8889
9.44444
10.2778
3.88889
10.8333
3.88889
5
3.61111
6.38889
7.77778
2.22222
6.38889
6.66667
1.11111
0.555556
5
1.66667
3.05556
3.88889
2.77778
2.77778
4.44444
3.88889
1.11111
3.33333
8.33333
2.22222
2.77778
5
5
0
2.77778
1.66667
0
3.61111
2.77778
1.94444
3.61111
3.33333
5
2.77778
2.22222
3.61111
4.44444
4.72222
0.833333
1.66667
5
0
0
5
3.88889
5.55556
2.77778
1.38889
5.27778
4.44444
2.77778
5.55556
4.16667
1.66667
4.44444
4.72222
0.833333
2.77778
6.11111
0.277778
3.05556
3.33333
0.555556
4.44444
0
2.22222
1.66667
3.61111
2.77778
3.33333
3.88889
2.22222
3.88889
2.5
6.11111
0.833333
3.33333
4.44444
2.77778
2.77778
3.88889
3.88889
2.5
4.44444
1.66667
4.16667
2.77778
3.88889
3.61111
4.44444
3.33333
4.44444
2.22222
3.88889
3.33333
5.27778
3.88889
2.77778
4.44444
2.22222
0.555556
3.33333
2.77778
4.44444
3.61111
2.77778
3.88889
4.72222
3.33333
3.33333
3.88889
0
3.33333
1.38889
4.44444
4.16667
3.61111
6.11111
1.94444
3.33333
3.88889
3.61111
4.72222
6.11111
3.05556
3.88889
1.66667
0.555556
5.55556
4.44444
1.66667
5.83333
5
1.94444
1.38889
5.83333
2.22222
1.11111
2.77778
1.38889
2.5
5.55556
3.88889
2.22222
4.44444
1.66667
2.22222
3.05556
2.22222
1.11111
3.33333
2.22222
5
0.833333
1.11111
3.88889
2.22222
2.22222
5
0.555556
0
1.94444
1.11111
2.22222
0
0
1.11111
2.5
1.66667
1.11111
0
0
0
0.555556
0
0
0
0
0.555556
0
