25.0000 0.05 1
120
0
0
0
0
0
0
0
0
0
0
0
0
0
0
0
0
0
0
0
0
0
0
0
0
0
0
0
0
0
0
0
0
0
0
0
0
0
0
0
0
0
0
0
0
0
0
0
0
0
0
0
0
0
0
0
0
0
0
0
0
0
0
0
0
0
0
0
0
0
0
0
0
0
0
0
0
0
0
0
0
0
0
0
0
0
0
0
0
0
0
0
0
0
0
0
0
0
0
0
0
0
0
0
0
0
0
0
0
0
0
0
0
0
0
0
0
0
0
0
0
0
0
0
0
0
0
0
0
0
0
0
0
0
0
0
0
0
0
0
0
0
0
0
0
0
0
0
0
0
0
0
0
0
0
0
0
0
0
0
0
0
0
0
0
0
0
0
0
0
0
0
0
0
0
0
0
0
0
0
0
0
0
0
0
0
0
0
0
0
0
0
0
0
0
0
0
0
0
0
0
0
0
0
0
0
0
0
0
0
0
0
0
0
0
0
0
0
0
0
0
0
0
0
0
0
0
0
0
0
0
0
0
0
0
0
0
0
0
0
0
0
0
0
0
0
0
0
0
0
0
0
0
0
0
0
0
0
0
0
0
0
0
0
0
0
0
0
0
0
0
0
0
0
0
0
0
0
0
0
0
0
0
0
0
0
0
0
0
0
0
0
0
0
0
0
0
0
0
0
0
0
0
0
0
0
0
0
0
0
0
0
0
0
0
0
0
0
0
0
0
0
0
0
0
0
0
0
0
0
0
0
0
0
0
0
0
0
0
0
0
0
0
0
0
0
0
0
0
0
0
0
0
0
0
0
0
0
0
0
0
0
0
0
0
0
0
0
0
0
0
0
0
0
0
0
0
0
0
0
0
0
0
0
0
0
0
0
0
0
0
0
0
0
0
0
0
0
0
0
0
0
0
0
0
0
0
0
0
0
0
0
0
0
0
0
0
0
0
0
0
0
0
0
0
0
0
0
0
0
0
0
0
0
0
0
0
0
0
0
0
0
0
0
0
0
0
0
0
0
0
0
0
0
0
0
0
0
0
0
0
0
0
0
0
0
0
0
0
0
0
0
0
0
0
0
0
0
0
0
0
0
0
0
0
0
0
0
0
0
0
0
0
0
0
0
0
0
0
0
0
0
0
0
0
0
0
0
0
0
0
0
0
0
0
0
0
0
0
0
0
0
0
0
0
0
0
0
0
0
0
0
0
0
0
0
0
0
0
0
0
0
0
0
0
0
0
0
0
0
0
0
0
0
0
0
0
0
0
0
0
0
0
0
0
0
0
0
0
0
0
0
0
0
0
0
0
0
0
0
0
0
0
0
0
0
0
0
0
0
0
0
0
0
0
0
0
0
0
0
0
0
0
0
0
0
0
0
0
0
0
0
0
0
0
0
0
0
0
0
0
0
0
0
0
0
0
0
0
0
0
0
0
0
0
0
0
0
0
0
0
0
0
0
0
0
0
0
0
0
0
0
0
0
0
0
0
0
0
0
0
0
0
0
0
0
0
0
0
0
0
0
0
0
0
0
0
0
0
0
0
0
0
0
0
0
0
0
0
0
0
0
0
0
0
0
0
0
0
0
0
0
0
0
0
0
0
0
0
0
0
0
0
0
0
0
0
0
0
0
0
0
0
0
0
0
0
0
0
0
0
0
0
0
0
0
0
0
0
0
0
0
0
0
0
0
0
0
0
0
0
0
0
0
0
0
0
0
0
0
0
0
0
0
0
0
0
0
0
0
0
0
0
0
0
0
0
0
0
0
0
0
0
0
0
0
0
0
0
0
0
0
0
0
0
0
0
0
0
0
0
0
0
0
0
0
0
0
0
0
0
0
0
0
0
0
0
0
0
0
0
0
0
0
0
0
0
0
0
0
0
0
0
0
0
0
0
0
0
0
0
0
0
0
0
0
0
0
0
0
0
0
0
0
0
0
0
0
0
0
0
0
0
0
0
0
0
0
0
0
0
0
0
0
0
0
0
0
0
0
0
0
0
0
0
0
0
0
0
0
0
0
0
0
0
0
0
0
0
0
0
0
0
0
0
0
0
0
0
0
0
0
0
0
0
0
0
0
0
0
0
0
0
0
0
0
0
0
0
0
0
0
0
0
0
0
0
0
0
0
0
0
0
0
0
0
0
0
0
0
0
0
0
0
0
0
0
0
0
0
0
0
0
0
0
0
0
0
0
0
0
0
0
0
0
0
0
0
0
0
0
0
0
0
0
0
0
0
0
0
0
0
0
0
0
0
0
0
0
0
0
0
0
0
0
0
0
0
0
0
0
0
0
0
0
0
0
0
0
0
0
0
0
0
0
0
0
0
0
0
0
0
0
0
0
0
0
0
0
0
0
0
0
0
0
0.116618
0
0
0
0.233236
0
0.932945
0
0
0.466472
0
0
0
0.932945
0.932945
0
0.233236
0.466472
0
0
0
0.932945
1.86589
0
0.932945
0
0
0
0
0.932945
1.86589
0
0
1.39942
0
0.233236
0
0.932945
0.932945
0
0
0.932945
0
0.932945
0
3.73178
1.39942
0
0.932945
0
0
0.932945
0
0
1.86589
0
1.86589
0
0
0
0.932945
2.33236
0.932945
0
0.466472
0
1.16618
0
1.86589
0
0.932945
0
0.466472
0.932945
0
1.86589
3.73178
0.466472
1.86589
0.932945
1.86589
0
0
0
0
1.86589
1.86589
0
0
0
0
0.932945
1.86589
1.86589
0
1.86589
3.26531
0
0.233236
0
0
0
0
0.932945
1.86589
1.86589
1.86589
2.79883
0
0.932945
0.932945
1.86589
1.86589
0
0
2.79883
0.932945
1.86589
0
2.79883
0.932945
0.466472
0.932945
0.932945
0
2.79883
0
0.932945
0
0
2.79883
0
1.86589
0.932945
1.86589
0.233236
3.26531
1.86589
1.86589
1.86589
2.33236
2.79883
3.26531
0.932945
0
0.466472
0.932945
0
0.932945
0.932945
0.466472
3.26531
4.66472
0
0.932945
4.66472
0.466472
0
0.932945
1.86589
2.33236
1.16618
6.53061
3.26531
2.09913
2.91545
4.19825
0
3.49854
1.04956
2.09913
5.1312
5.59767
6.99708
6.06414
7.46356
7.58017
4.19825
4.19825
7.93003
4.19825
12.3615
3.73178
6.53061
15.8601
9.09621
0.349854
2.5656
1.86589
0.932945
0.466472
0
2.79883
13.5277
13.5277
0.932945
3.73178
2.79883
0
6.53061
4.66472
0.932945
3.26531
1.39942
0
1.86589
0
0.932945
2.79883
0.466472
3.73178
3.73178
0.932945
1.86589
1.39942
0.932945
1.86589
0.932945
0.932945
4.19825
2.33236
1.86589
2.33236
1.86589
2.33236
0
6.06414
0
1.86589
3.73178
2.79883
1.39942
1.39942
0.932945
2.79883
0.932945
1.86589
1.16618
3.26531
0.233236
0.932945
1.86589
3.73178
0.932945
0
1.86589
1.86589
2.79883
0
1.86589
0.932945
0
0.932945
1.86589
0
2.79883
2.79883
2.79883
2.79883
0
1.86589
0.233236
2.33236
3.03207
2.79883
0.932945
0.932945
1.39942
0.932945
0.932945
2.09913
0.932945
0.932945
4.19825
0
2.79883
5.71429
0.932945
0.932945
0
0.233236
2.33236
1.86589
0.932945
0.466472
1.86589
0.466472
0.932945
2.79883
0.932945
0
0.932945
2.79883
5.24781
0
1.86589
2.79883
2.79883
0
2.79883
1.86589
4.66472
0
0.932945
3.73178
0.932945
2.33236
1.39942
2.09913
0
0.932945
0.932945
4.66472
0.932945
0.116618
0
0.932945
2.79883
0.932945
1.86589
2.79883
4.19825
0
0
0.932945
2.33236
0.699708
0.233236
1.86589
2.79883
2.79883
1.86589
0.932945
0
1.63265
2.79883
2.79883
2.79883
0.932945
0
2.79883
3.73178
0.932945
5.1312
0
2.79883
1.39942
3.26531
2.79883
0
3.73178
0.932945
1.39942
3.73178
0
1.39942
0
0
2.79883
1.86589
1.39942
4.66472
0
0
2.79883
0
1.86589
4.66472
2.33236
1.86589
2.79883
4.19825
0.233236
3.73178
4.19825
0
1.39942
2.79883
0.116618
1.86589
0
2.79883
0
0.466472
3.49854
0.932945
0
0.932945
0
0.233236
1.16618
3.26531
1.63265
0
0
1.86589
0.932945
0
3.73178
0
0.932945
3.73178
0
0.932945
0
0.466472
1.86589
1.86589
0
0
0
0
0
0
0
0
0.932945
0
0
0.932945
0
0
0
0
0
0
0
0
0
0
0
0.932945
0.932945
0
0
0.932945
0
0.466472
0
0
0.932945
0.932945
0
0
0
0
0
0
0
0
0
0
0
0
0
0
0
0.466472
0
