89.0000 0.05 1
318.4
1.6
80.32
79.68
0
0
0
0
80
40
0
0
0
0
0
0
0
0
0
0
0
0
0
0
0
0
0
0
0
0
0
0
0
0
0
0
0
0
0
0
0
0
0
0
0
0
0
0
0
0
0
0
0
0
0
0
0
0
0
0
0
0
0
0
0
0
0
0
0
0
0
0
0
0
0
0
0
0
0
0
0
0
0
0
0
0
0
0
0
0
0
0
0
0
0
0
0
0
0
0
0
0
0
0
0
0
0
0
0
0
0
0
0
0
0
0
0
0
0
0
0
0
0
0
0
0
0
0
0
0
0
0
0
0
0
0
0
0
0
0
0
0
0
0
0
0
0
0
0
0
0
0
0
0
0
0
0
0
0
0
0
0
0
0
0
0
0
0
0
0
0
0
0
0
0
0
0
0
0
0
0
0
0
0
0
0
0
0
0
0
0
0
0
0
0
0
0
0
0
0
0
0
0
0
0
0
0
0
0
0
0
0
0
0
0
0
0
0
0
0
0
0
0
0
0
0
0
0
0
0
0
0
0
0
0
0
0
0
0
0
0
0
0
0
0
0
0
0
0
0
0
0
0
0
0
0
0
0
0
0
0
0
0
0
0
0
0
0
0
0
0
0
0
0
0
0
0
0
0
0
0
0
0
0
0
0
0
0
0
0
0
0
0
0
0
0
0
0
0
0
0
0
0
0
0
0
0
0
0
0
0
0
0
0
0
0
0
0
0
0
0
0
0
0
0
0
0
0
0
0
0
0
0
0
0
0
0
0
0
0
0
0
0
0
0
0
0
0
0
0
0
0
0
0
0
0
0
0
0
0
0
0
0
0
0
0
0
0
0
0
0
0
0
0
0
0
0
0
0
0
0
0
0
0
0
0
0
0
0
0
0
0
0
0
0
0
0
0
0
0
0
0
0
0
0
0
0
0
0
0
0
0
0
0
0
0
0
0
0
0
0
0
0
0
0
0
0
0
0
0
0
0
0
0
0
0
0
0
0
0
0
0
0
0
0
0
0
0
0
0
0
0
0
0
0
0
0
0
0
0
0
0
0
0
0
0
0
0
0
0
0
0
0
0
0
0
0
0
0
0
0
0
0
0
0
0
0
0
0
0
0
0
0
0
0
0
0
0
0
0
0
0
0
0
0
0
0
0
0
0
0
0
0
0
0
0
0
0
0
0
0
0
0
0
0
0
0
0
0
0
0
0
0
0
0
0
0
0
0
0
0
0
0
0
0
0
0
0
0
0
0
0
0
0
0
0
0
0
0
0
0
0
0
0
0
0
0
0
0
0
0
0
0
0
0
0
0
0
0
0
0
0
0
0
0
0
0
0
0
0
0
0
0
0
0
0
0
0
0
0
0
0
0
0
0
0
0
0
0
0
0
0
0
0
0
0
0
0
0
0
0
0
0
0
0
0
0
0
0
0
0
0
0
0
0
0
0
0
0
0
0
0
0
0
0
0
0
0
0
0
0
0
0
0
0
0
0
0
0
0
0
0
0
0
0
0
0
0
0
0
0
0
0
0
0
0
0
0
0
0
0
0
0
0
0
0
0
0
0
0
0
0
0
0
0
0
0
0
0
0
0
0
0
0
0
0
0
0
0
0
0
0
0
0
0
0
0
0
0
0
0
0
0
0
0
0
0
0
0
0
0
0
0
0
0
0
0
0
0
0
0
0
0
0
0
0
0
0
0
0
0
0
0
0
0
0
0
0
0
0
0
0
0
0
0
0
0
0
0
0
0
0
0
0
0
0
0
0
0
0
0
0
0
0
0
0
0
0
0
0
0
0
0
0
0
0
0
0
0
0
0
0
0
0
0
0
0
0
0
0
0
0
0
0
0
0
0
0
0
0
0
0
0
0
0
0
0
0
0
0
0
0
0
0
0
0
0
0
0
0
0
0
0
0
0
0
0
0
0
0
0
0
0
0
0
0
0
0
0
0
0
0
0
0
0
0
0
0
0
0
0
0
0
0
0
0
0
0
0
0
0
0
0
0
0
0
0
0
0
0
0
0
0
0
0
0
0
0
0
0
0
0
0
0
0
0
0
0
0
0
0
0
0
0
0
0
0
0
0
0
0
0
0
0
0
0
0
0
0
0
0
0
0
0
0
0
0
0
0
0
0
0
0
0
0
0
0
0
0
0
0
0
0
0
0
0
0
0
0
0
0
0
0
0
0
0
0
0
0
0
0
0
0
0
0
0
0
0
0
0
0
0
0
0
0
0
0
0
0
0
0
0
0
0
0
0
0
0
0
0
0
0
0
0
0
0
0
0
0
0
0
0
0
0
0
0
0
0
0
0
0
0
0
0
0
0
0
0
0
0
0
0
0
0
0
0
0
0
0
0
0
0
0
0
0
0
0
0
0
0
0
0
0
0
0
0
0
0.32
0
0
0
0
0
0
2.56
0
1.28
0
0
0.64
0
0
0
0
1.28
0
0
2.56
0
0
5.12
0
0
0
0
2.56
0
2.56
0
1.28
0
0
0
0
0
2.56
0
2.56
0
0
7.68
0
0.64
0
0
0
0
0
5.12
0
0
5.12
2.56
0
0
1.28
0
0
5.12
0
0
0
0
2.56
0
0
1.28
1.28
5.12
2.56
2.56
0
0
0
2.56
2.56
5.12
0
0
0
3.84
0
0
0
6.4
2.56
0.64
0
0
2.56
0
2.56
9.6
1.28
1.92
2.56
0
1.28
0
1.28
0.32
3.84
5.12
2.56
0
2.56
0
2.56
2.56
2.56
2.88
1.92
0
14.08
1.28
0
0
0
7.04
2.56
5.12
2.56
0
8.96
2.56
1.28
1.28
8.32
7.68
1.6
6.4
0
2.56
0
16
5.12
2.56
3.84
10.24
7.68
5.12
13.44
17.92
11.52
2.56
14.08
9.28
11.52
7.68
7.04
14.08
8.96
7.68
7.04
6.4
30.72
15.36
17.92
20.16
12.8
21.76
11.52
26.88
10.88
12.8
6.4
7.68
16.64
5.76
18.56
15.36
14.08
22.08
24.96
11.52
19.2
22.4
14.4
17.92
37.44
13.44
12.16
19.2
21.76
15.36
8.96
5.12
7.68
10.88
9.92
1.92
8.96
15.36
20.48
32.32
16.64
29.44
5.76
6.72
10.24
6.72
8.96
6.4
13.44
2.56
0.64
2.56
0.32
8.96
0
2.56
8.96
6.4
3.84
7.68
1.28
0
8.96
5.12
6.4
2.56
8.96
3.2
0
0
2.56
2.56
0
2.56
7.68
5.12
10.24
2.56
2.56
2.56
0
2.56
0
0
0
2.56
7.68
0
0
2.56
0
2.56
1.28
0
0
2.56
0
5.12
2.56
0
2.56
0
0
0
3.84
0
1.28
0.32
4.48
0
1.28
2.56
5.12
2.56
2.88
2.56
1.6
1.28
2.56
3.84
8.96
2.56
6.4
0
3.84
2.56
0
5.12
3.2
0
0.64
2.24
1.28
0
0
8.96
5.12
2.56
0
0.64
0
16.64
5.12
2.56
5.12
2.56
0
3.84
0
2.56
5.44
0
2.56
2.56
6.4
0
0
0
0.64
2.56
0
8.32
1.28
2.56
2.56
7.68
3.84
0
1.28
0
6.4
5.12
5.12
0
2.56
0
0
5.12
5.12
2.56
2.56
2.56
2.56
5.12
2.56
2.56
0
2.56
5.12
5.76
3.84
0
0
2.56
3.2
7.68
0
5.12
0
7.68
0
5.12
0
1.28
2.56
0
1.28
6.4
2.56
8.96
10.24
0
5.12
0.32
2.56
5.12
0
0
5.12
12.8
1.28
0
5.12
1.28
10.24
5.12
0.64
1.28
1.28
0.64
1.28
2.56
0
5.12
0
5.12
5.12
0
9.6
7.68
0
5.12
0
0
0
1.28
0
4.48
1.28
1.28
2.56
2.56
6.4
2.56
8.32
0
5.12
5.12
0
3.84
0
5.12
1.28
2.56
0
3.2
0
2.88
3.84
0
0
5.12
5.12
0
3.84
0
5.12
0
0
1.28
0
0
2.56
0
0
0
0
0.64
0
0
0
0.32
0
2.56
0
0
1.28
0
0
0
1.28
0
0
0
0
0
0
0
0
0
0
0
0
0
0
0
0
0
0
0
0
0
0
0
0
0
0
0
0.32
0
