51.0000 0.05 1
87.7037
128.296
24
26.6667
53.3333
40
0
0
0
0
0
0
0
0
0
0
0
0
0
0
0
0
0
0
0
0
0
0
0
0
0
0
0
0
0
0
0
0
0
0
0
0
0
0
0
0
0
0
0
0
0
0
0
0
0
0
0
0
0
0
0
0
0
0
0
0
0
0
0
0
0
0
0
0
0
0
0
0
0
0
0
0
0
0
0
0
0
0
0
0
0
0
0
0
0
0
0
0
0
0
0
0
0
0
0
0
0
0
0
0
0
0
0
0
0
0
0
0
0
0
0
0
0
0
0
0
0
0
0
0
0
0
0
0
0
0
0
0
0
0
0
0
0
0
0
0
0
0
0
0
0
0
0
0
0
0
0
0
0
0
0
0
0
0
0
0
0
0
0
0
0
0
0
0
0
0
0
0
0
0
0
0
0
0
0
0
0
0
0
0
0
0
0
0
0
0
0
0
0
0
0
0
0
0
0
0
0
0
0
0
0
0
0
0
0
0
0
0
0
0
0
0
0
0
0
0
0
0
0
0
0
0
0
0
0
0
0
0
0
0
0
0
0
0
0
0
0
0
0
0
0
0
0
0
0
0
0
0
0
0
0
0
0
0
0
0
0
0
0
0
0
0
0
0
0
0
0
0
0
0
0
0
0
0
0
0
0
0
0
0
0
0
0
0
0
0
0
0
0
0
0
0
0
0
0
0
0
0
0
0
0
0
0
0
0
0
0
0
0
0
0
0
0
0
0
0
0
0
0
0
0
0
0
0
0
0
0
0
0
0
0
0
0
0
0
0
0
0
0
0
0
0
0
0
0
0
0
0
0
0
0
0
0
0
0
0
0
0
0
0
0
0
0
0
0
0
0
0
0
0
0
0
0
0
0
0
0
0
0
0
0
0
0
0
0
0
0
0
0
0
0
0
0
0
0
0
0
0
0
0
0
0
0
0
0
0
0
0
0
0
0
0
0
0
0
0
0
0
0
0
0
0
0
0
0
0
0
0
0
0
0
0
0
0
0
0
0
0
0
0
0
0
0
0
0
0
0
0
0
0
0
0
0
0
0
0
0
0
0
0
0
0
0
0
0
0
0
0
0
0
0
0
0
0
0
0
0
0
0
0
0
0
0
0
0
0
0
0
0
0
0
0
0
0
0
0
0
0
0
0
0
0
0
0
0
0
0
0
0
0
0
0
0
0
0
0
0
0
0
0
0
0
0
0
0
0
0
0
0
0
0
0
0
0
0
0
0
0
0
0
0
0
0
0
0
0
0
0
0
0
0
0
0
0
0
0
0
0
0
0
0
0
0
0
0
0
0
0
0
0
0
0
0
0
0
0
0
0
0
0
0
0
0
0
0
0
0
0
0
0
0
0
0
0
0
0
0
0
0
0
0
0
0
0
0
0
0
0
0
0
0
0
0
0
0
0
0
0
0
0
0
0
0
0
0
0
0
0
0
0
0
0
0
0
0
0
0
0
0
0
0
0
0
0
0
0
0
0
0
0
0
0
0
0
0
0
0
0
0
0
0
0
0
0
0
0
0
0
0
0
0
0
0
0
0
0
0
0
0
0
0
0
0
0
0
0
0
0
0
0
0
0
0
0
0
0
0
0
0
0
0
0
0
0
0
0
0
0
0
0
0
0
0
0
0
0
0
0
0
0
0
0
0
0
0
0
0
0
0
0
0
0
0
0
0
0
0
0
0
0
0
0
0
0
0
0
0
0
0
0
0
0
0
0
0
0
0
0
0
0
0
0
0
0
0
0
0
0
0
0
0
0
0
0
0
0
0
0
0
0
0
0
0
0
0
0
0
0
0
0
0
0
0
0
0
0
0
0
0
0
0
0
0
0
0
0
0
0
0
0
0
0
0
0
0
0
0
0
0
0
0
0
0
0
0
0
0
0
0
0
0
0
0
0
0
0
0
0
0
0
0
0
0
0
0
0
0
0
0
0
0
0
0
0
0
0
0
0
0
0
0
0
0
0
0
0
0
0
0
0
0
0
0
0
0
0
0
0
0
0
0
0
0
0
0
0
0
0
0
0
0
0
0
0
0
0
0
0
0
0
0
0
0
0
0
0
0
0
0
0
0
0
0
0
0
0
0
0
0
0
0
0
0
0
0
0
0
0
0
0
0
0
0
0
0
0
0
0
0
0
0
0
0
0
0
0
0
0
0
0
0
0
0
0
0
0
0
0
0
0
0
0
0
0
0
0
0
0
0
0
0
0
0
0
0
0
0
0
0
0
0
0
0
0
0
0
0
0
0
0
0
0
0
0
0
0
0
0
0
0
0
0
0
0
0
0
0
0
0
0
0
0
0
0
0
0
0
0
0
0
0
0
0
0
0
0
0
0
0
0
0
0
0
0
0
0
0
0
0
0
0
0
0
0
0
0
0
0
0
0
0
0
0
0.148148
0
0
0
0
0.296296
0.296296
0
0.296296
0
0.592593
0
0.592593
0.592593
0.296296
0
0
1.18519
0
0.592593
0
0.592593
0.296296
0
0
0
1.77778
0
0
0.888889
0
0
0
1.77778
0.592593
0.592593
0
0
1.18519
0
0
1.77778
0
0
0
1.18519
0
0
0.296296
0.592593
0
0.592593
1.18519
0.296296
0.740741
0
0
1.48148
1.18519
1.48148
0.592593
0.592593
0
0.296296
1.18519
1.18519
0
0.592593
0
0
0.296296
0.592593
0.148148
0.592593
1.77778
0
0.296296
0.592593
0
0.592593
3.25926
0.592593
1.18519
0.888889
0
1.77778
0
2.07407
1.77778
0
0.592593
0.296296
1.18519
0
0
1.77778
0.592593
1.18519
1.18519
1.48148
1.18519
1.92593
1.48148
0.888889
0
1.48148
1.77778
0.296296
0
0
2.07407
1.48148
0.444444
3.25926
2.37037
2.66667
2.22222
2.07407
0.296296
1.77778
3.25926
1.48148
5.33333
1.48148
2.37037
2.96296
4.74074
1.03704
2.37037
1.48148
3.40741
4.14815
7.11111
2.96296
2.96296
3.85185
3.85185
2.66667
6.51852
5.92593
4.74074
5.18519
8
9.77778
3.85185
8.59259
12.1481
6.81481
7.40741
3.11111
5.62963
8.14815
8
11.5556
7.40741
5.33333
6.22222
4.88889
10.963
8.59259
7.7037
6.96296
3.55556
7.7037
10.5185
4.88889
8.59259
15.7037
7.55556
9.62963
5.48148
6.81481
7.55556
5.03704
12.5926
8.74074
6.07407
11.7037
4.74074
8.2963
9.18519
7.7037
10.0741
10.6667
9.92593
12.5926
5.18519
10.6667
10.3704
6.51852
4.88889
8.44444
12.1481
8.59259
6.81481
10.5185
8.14815
9.62963
8.44444
14.2222
6.51852
7.7037
3.55556
2.37037
1.77778
2.96296
1.77778
2.66667
2.07407
2.96296
1.18519
2.07407
1.48148
0.592593
3.25926
3.85185
2.07407
2.96296
1.62963
0.592593
0.592593
0.592593
2.37037
1.18519
0.592593
3.55556
0.592593
2.96296
1.77778
0.592593
0.296296
0
2.37037
2.37037
0.592593
0
0
2.37037
1.77778
1.77778
0
0.592593
2.66667
1.77778
3.55556
0.740741
2.37037
0.592593
0
2.37037
0
1.48148
3.55556
0
0.296296
0
0.296296
0
0.296296
0
1.48148
2.96296
1.77778
0
1.18519
0.592593
0.296296
1.18519
1.18519
0.592593
1.18519
0
0.888889
0
0.296296
1.18519
0
0.740741
1.33333
0.296296
2.07407
0.296296
2.37037
0.592593
0
2.07407
1.77778
0
1.77778
1.77778
0.592593
0.888889
0
2.37037
1.48148
1.18519
0.296296
0.592593
2.37037
0.888889
0.592593
1.18519
2.66667
0.592593
1.77778
0.592593
0.592593
2.37037
0.592593
0.592593
2.66667
0.592593
2.37037
2.96296
0.592593
0.296296
0
0.296296
1.18519
1.18519
2.37037
0.592593
0.592593
1.18519
5.03704
0.296296
1.18519
1.18519
0.888889
2.07407
1.77778
0.888889
0.888889
2.66667
1.33333
0.592593
0.592593
1.77778
3.25926
0.296296
0.888889
0
0
0
0.296296
1.77778
0.592593
1.18519
0.592593
1.48148
1.77778
0.592593
5.62963
2.96296
1.18519
1.18519
1.77778
0.592593
2.96296
2.66667
1.77778
2.37037
0
0.592593
0.592593
1.18519
1.48148
0
0
0.592593
0
0.888889
0
1.18519
1.77778
1.18519
0.888889
1.18519
1.18519
0
0.592593
1.18519
0.592593
0.148148
0
1.18519
2.07407
0.888889
0.592593
1.18519
1.77778
0
1.18519
0.888889
0.592593
1.18519
0
2.37037
1.48148
0.592593
1.18519
1.18519
1.18519
0.592593
0
0
0.592593
2.07407
2.66667
0.592593
0
1.48148
0
0
0.148148
0.148148
0
0
0
0.296296
0.592593
0
0.296296
0.592593
0.888889
0
0
0
0
0
0
0
0
0
1.18519
0
0
0
0
0
0.296296
0
1.18519
0
0
0.296296
0
0.592593
0
0.296296
0.296296
0
0
0.592593
0
0
0
0
0
0
0
0
0.148148
0
0
0
0
0.592593
0
0
0
0
0
0
0
0
0
0
0
0.148148
0.296296
0
