51.0000 0.05 1
80
78.7654
79.5062
1.7284
4.07407
35.9259
43.3333
36.6667
0
0
0
0
0
0
0
0
0
0
0
0
0
0
0
0
0
0
0
0
0
0
0
0
0
0
0
0
0
0
0
0
0
0
0
0
0
0
0
0
0
0
0
0
0
0
0
0
0
0
0
0
0
0
0
0
0
0
0
0
0
0
0
0
0
0
0
0
0
0
0
0
0
0
0
0
0
0
0
0
0
0
0
0
0
0
0
0
0
0
0
0
0
0
0
0
0
0
0
0
0
0
0
0
0
0
0
0
0
0
0
0
0
0
0
0
0
0
0
0
0
0
0
0
0
0
0
0
0
0
0
0
0
0
0
0
0
0
0
0
0
0
0
0
0
0
0
0
0
0
0
0
0
0
0
0
0
0
0
0
0
0
0
0
0
0
0
0
0
0
0
0
0
0
0
0
0
0
0
0
0
0
0
0
0
0
0
0
0
0
0
0
0
0
0
0
0
0
0
0
0
0
0
0
0
0
0
0
0
0
0
0
0
0
0
0
0
0
0
0
0
0
0
0
0
0
0
0
0
0
0
0
0
0
0
0
0
0
0
0
0
0
0
0
0
0
0
0
0
0
0
0
0
0
0
0
0
0
0
0
0
0
0
0
0
0
0
0
0
0
0
0
0
0
0
0
0
0
0
0
0
0
0
0
0
0
0
0
0
0
0
0
0
0
0
0
0
0
0
0
0
0
0
0
0
0
0
0
0
0
0
0
0
0
0
0
0
0
0
0
0
0
0
0
0
0
0
0
0
0
0
0
0
0
0
0
0
0
0
0
0
0
0
0
0
0
0
0
0
0
0
0
0
0
0
0
0
0
0
0
0
0
0
0
0
0
0
0
0
0
0
0
0
0
0
0
0
0
0
0
0
0
0
0
0
0
0
0
0
0
0
0
0
0
0
0
0
0
0
0
0
0
0
0
0
0
0
0
0
0
0
0
0
0
0
0
0
0
0
0
0
0
0
0
0
0
0
0
0
0
0
0
0
0
0
0
0
0
0
0
0
0
0
0
0
0
0
0
0
0
0
0
0
0
0
0
0
0
0
0
0
0
0
0
0
0
0
0
0
0
0
0
0
0
0
0
0
0
0
0
0
0
0
0
0
0
0
0
0
0
0
0
0
0
0
0
0
0
0
0
0
0
0
0
0
0
0
0
0
0
0
0
0
0
0
0
0
0
0
0
0
0
0
0
0
0
0
0
0
0
0
0
0
0
0
0
0
0
0
0
0
0
0
0
0
0
0
0
0
0
0
0
0
0
0
0
0
0
0
0
0
0
0
0
0
0
0
0
0
0
0
0
0
0
0
0
0
0
0
0
0
0
0
0
0
0
0
0
0
0
0
0
0
0
0
0
0
0
0
0
0
0
0
0
0
0
0
0
0
0
0
0
0
0
0
0
0
0
0
0
0
0
0
0
0
0
0
0
0
0
0
0
0
0
0
0
0
0
0
0
0
0
0
0
0
0
0
0
0
0
0
0
0
0
0
0
0
0
0
0
0
0
0
0
0
0
0
0
0
0
0
0
0
0
0
0
0
0
0
0
0
0
0
0
0
0
0
0
0
0
0
0
0
0
0
0
0
0
0
0
0
0
0
0
0
0
0
0
0
0
0
0
0
0
0
0
0
0
0
0
0
0
0
0
0
0
0
0
0
0
0
0
0
0
0
0
0
0
0
0
0
0
0
0
0
0
0
0
0
0
0
0
0
0
0
0
0
0
0
0
0
0
0
0
0
0
0
0
0
0
0
0
0
0
0
0
0
0
0
0
0
0
0
0
0
0
0
0
0
0
0
0
0
0
0
0
0
0
0
0
0
0
0
0
0
0
0
0
0
0
0
0
0
0
0
0
0
0
0
0
0
0
0
0
0
0
0
0
0
0
0
0
0
0
0
0
0
0
0
0
0
0
0
0
0
0
0
0
0
0
0
0
0
0
0
0
0
0
0
0
0
0
0
0
0
0
0
0
0
0
0
0
0
0
0
0
0
0
0
0
0
0
0
0
0
0
0
0
0
0
0
0
0
0
0
0
0
0
0
0
0
0
0
0
0
0
0
0
0
0
0
0
0
0
0
0
0
0
0
0
0
0
0
0
0
0
0
0
0
0
0
0
0
0
0
0
0
0
0
0
0
0
0
0
0
0
0
0
0
0
0
0
0
0
0
0
0
0
0
0
0
0
0
0
0
0
0
0
0
0
0
0
0
0
0
0
0
0
0
0
0
0
0
0
0
0
0
0
0
0
0
0
0
0
0
0
0
0
0
0
0
0
0
0
0
0
0
0
0
0
0
0
0
0
0
0
0
0
0
0
0
0
0
0
0
0
0
0
0
0
0
0
0
0
0
0
0
0
0
0
0
0
0
0
0
0
0
0
0
0
0
0
0
0
0
0
0
0.123457
0
0
0
0
0.740741
0
0
0.246914
0
0
0.987654
0
0.740741
0
0
0
0
0.493827
0
0.493827
0.740741
0
0
0
1.97531
0.987654
0
0.493827
0.493827
0
0.246914
0.493827
0.987654
0
0.246914
0.493827
0
0.493827
1.48148
0.987654
0
0.987654
0
0.246914
0.246914
0
1.48148
0.493827
1.48148
0
1.48148
0.493827
0
0
1.48148
0
0.123457
0
0
0.987654
0.987654
0.987654
0.987654
0
0.493827
0.493827
0
0.987654
0
0.740741
0.987654
0.493827
0
0.987654
0.246914
0.123457
0
0
2.46914
1.48148
1.23457
0
0.987654
2.96296
0.987654
0
0.246914
0.493827
1.97531
0
0.493827
0.987654
0
1.23457
1.97531
1.23457
3.95062
0.493827
0.740741
0.617284
1.48148
0.246914
0.987654
0.740741
1.48148
0.740741
0
0.246914
0.493827
1.48148
5.67901
0.37037
1.7284
2.22222
2.22222
1.97531
1.48148
2.46914
1.97531
4.69136
1.11111
2.22222
3.20988
2.96296
2.46914
1.85185
2.71605
3.7037
3.58025
3.95062
2.46914
2.96296
5.18519
5.4321
3.7037
4.44444
6.17284
5.55556
5.18519
4.93827
5.18519
5.92593
8.14815
6.41975
4.44444
4.93827
6.17284
8.39506
8.2716
6.41975
9.87654
7.90123
8.64198
6.41975
11.4815
10.1235
9.87654
6.41975
11.8519
13.5802
10.2469
6.66667
8.88889
3.95062
4.69136
7.16049
7.16049
9.38272
3.7037
4.44444
13.0864
8.39506
9.1358
4.5679
11.6049
7.28395
5.30864
8.39506
5.67901
11.1111
9.25926
10.1235
10.1235
9.75309
13.2099
11.1111
10.9877
7.53086
6.41975
11.358
12.2222
4.44444
6.41975
8.64198
4.93827
9.87654
5.92593
5.4321
4.93827
3.82716
5.4321
11.1111
2.46914
2.59259
1.48148
5.18519
1.85185
1.23457
0.246914
2.96296
1.7284
3.45679
4.19753
1.23457
1.7284
3.20988
1.60494
2.46914
0.987654
0.493827
0
2.46914
0.987654
0.987654
1.97531
2.71605
0.987654
2.96296
2.46914
1.23457
1.48148
0.987654
1.7284
3.45679
0
0.493827
0
0.987654
1.97531
0
0
1.23457
1.97531
0.493827
0
2.46914
0.493827
0.493827
1.48148
0.987654
0.493827
0
1.97531
1.97531
1.48148
0.493827
0.740741
0.987654
2.46914
0
1.48148
0.987654
0
0
0
0
3.45679
0
0
0.987654
0
0.987654
0.493827
0.987654
0.246914
0.37037
0.987654
1.23457
0.740741
0.493827
0.123457
0.246914
0.987654
3.20988
0.987654
0
1.35802
0
1.23457
1.97531
2.46914
2.96296
0.740741
1.97531
0.987654
0.493827
0.246914
3.7037
1.97531
3.20988
1.97531
0.493827
2.46914
1.48148
1.7284
0.493827
0.987654
0.493827
0.246914
0.493827
1.7284
0.493827
1.7284
1.97531
3.45679
0.246914
0.740741
1.23457
0.987654
0.987654
0.987654
0.987654
0.987654
0.987654
0.493827
0
1.97531
2.96296
1.48148
1.97531
0
0.246914
0.246914
0.493827
1.23457
1.48148
0.740741
1.23457
1.23457
1.48148
1.48148
0.987654
0.493827
2.46914
0
3.7037
2.46914
1.23457
0.987654
0.493827
1.48148
1.23457
2.46914
1.23457
1.23457
0
0.493827
1.48148
2.46914
0.987654
1.97531
1.97531
0
0.987654
2.22222
0.987654
0.493827
3.20988
0.987654
1.97531
0.987654
0.987654
4.44444
1.48148
0.493827
0.493827
0.987654
1.97531
1.23457
0.246914
0.987654
0.864198
1.60494
0.987654
0.493827
0.987654
0
0.246914
2.46914
0.493827
0.123457
1.48148
1.48148
0.246914
0.493827
1.23457
0
0.740741
0.987654
0.123457
0
0.493827
0.246914
0.987654
0
0.987654
0
0.493827
0.493827
0
0
0.493827
0.493827
0
0
0
0
2.71605
0
0
0.493827
0.246914
0
0.246914
0.987654
0.37037
0
0.246914
0
0.246914
0.987654
0.740741
0
0
0.987654
0.246914
0.493827
0
0.493827
0
0
0
0.740741
0
0
0
0.493827
0
0
0
0
0
0
0
0
0.123457
0
