89.0000 0.05 1
291.429
31.8367
150.204
6.53061
0
0
0
0
80
0
40
0
0
0
0
0
0
0
0
0
0
0
0
0
0
0
0
0
0
0
0
0
0
0
0
0
0
0
0
0
0
0
0
0
0
0
0
0
0
0
0
0
0
0
0
0
0
0
0
0
0
0
0
0
0
0
0
0
0
0
0
0
0
0
0
0
0
0
0
0
0
0
0
0
0
0
0
0
0
0
0
0
0
0
0
0
0
0
0
0
0
0
0
0
0
0
0
0
0
0
0
0
0
0
0
0
0
0
0
0
0
0
0
0
0
0
0
0
0
0
0
0
0
0
0
0
0
0
0
0
0
0
0
0
0
0
0
0
0
0
0
0
0
0
0
0
0
0
0
0
0
0
0
0
0
0
0
0
0
0
0
0
0
0
0
0
0
0
0
0
0
0
0
0
0
0
0
0
0
0
0
0
0
0
0
0
0
0
0
0
0
0
0
0
0
0
0
0
0
0
0
0
0
0
0
0
0
0
0
0
0
0
0
0
0
0
0
0
0
0
0
0
0
0
0
0
0
0
0
0
0
0
0
0
0
0
0
0
0
0
0
0
0
0
0
0
0
0
0
0
0
0
0
0
0
0
0
0
0
0
0
0
0
0
0
0
0
0
0
0
0
0
0
0
0
0
0
0
0
0
0
0
0
0
0
0
0
0
0
0
0
0
0
0
0
0
0
0
0
0
0
0
0
0
0
0
0
0
0
0
0
0
0
0
0
0
0
0
0
0
0
0
0
0
0
0
0
0
0
0
0
0
0
0
0
0
0
0
0
0
0
0
0
0
0
0
0
0
0
0
0
0
0
0
0
0
0
0
0
0
0
0
0
0
0
0
0
0
0
0
0
0
0
0
0
0
0
0
0
0
0
0
0
0
0
0
0
0
0
0
0
0
0
0
0
0
0
0
0
0
0
0
0
0
0
0
0
0
0
0
0
0
0
0
0
0
0
0
0
0
0
0
0
0
0
0
0
0
0
0
0
0
0
0
0
0
0
0
0
0
0
0
0
0
0
0
0
0
0
0
0
0
0
0
0
0
0
0
0
0
0
0
0
0
0
0
0
0
0
0
0
0
0
0
0
0
0
0
0
0
0
0
0
0
0
0
0
0
0
0
0
0
0
0
0
0
0
0
0
0
0
0
0
0
0
0
0
0
0
0
0
0
0
0
0
0
0
0
0
0
0
0
0
0
0
0
0
0
0
0
0
0
0
0
0
0
0
0
0
0
0
0
0
0
0
0
0
0
0
0
0
0
0
0
0
0
0
0
0
0
0
0
0
0
0
0
0
0
0
0
0
0
0
0
0
0
0
0
0
0
0
0
0
0
0
0
0
0
0
0
0
0
0
0
0
0
0
0
0
0
0
0
0
0
0
0
0
0
0
0
0
0
0
0
0
0
0
0
0
0
0
0
0
0
0
0
0
0
0
0
0
0
0
0
0
0
0
0
0
0
0
0
0
0
0
0
0
0
0
0
0
0
0
0
0
0
0
0
0
0
0
0
0
0
0
0
0
0
0
0
0
0
0
0
0
0
0
0
0
0
0
0
0
0
0
0
0
0
0
0
0
0
0
0
0
0
0
0
0
0
0
0
0
0
0
0
0
0
0
0
0
0
0
0
0
0
0
0
0
0
0
0
0
0
0
0
0
0
0
0
0
0
0
0
0
0
0
0
0
0
0
0
0
0
0
0
0
0
0
0
0
0
0
0
0
0
0
0
0
0
0
0
0
0
0
0
0
0
0
0
0
0
0
0
0
0
0
0
0
0
0
0
0
0
0
0
0
0
0
0
0
0
0
0
0
0
0
0
0
0
0
0
0
0
0
0
0
0
0
0
0
0
0
0
0
0
0
0
0
0
0
0
0
0
0
0
0
0
0
0
0
0
0
0
0
0
0
0
0
0
0
0
0
0
0
0
0
0
0
0
0
0
0
0
0
0
0
0
0
0
0
0
0
0
0
0
0
0
0
0
0
0
0
0
0
0
0
0
0
0
0
0
0
0
0
0
0
0
0
0
0
0
0
0
0
0
0
0
0
0
0
0
0
0
0
0
0
0
0
0
0
0
0
0
0
0
0
0
0
0
0
0
0
0
0
0
0
0
0
0
0
0
0
0
0
0
0
0
0
0
0
0
0
0
0
0
0
0
0
0
0
0
0
0
0
0
0
0
0
0
0
0
0
0
0
0
0
0
0
0
0
0
0
0
0
0
0
0
0
0
0
0
0
0
0
0
0
0
0
0
0
0
0
0
0
0
0
0
0
0
0
0
0
0
0
0
0
0
0
0
0
0
0
0
0
0
0
0
0
0
0
0
0
0
0
0
0
0
0
0
0
0
0
0
0
0
0
0
0
0
0
0
0
0
0
0
0.272109
0
0
0
1.08844
0
0
0.544218
0
1.08844
0
2.17687
0
0
0
2.17687
0
1.08844
0
0
0
2.17687
0
2.17687
0
0
0
4.35374
0
0
0
0
0
1.08844
0
0
0
1.08844
0
2.72109
0
2.17687
0
4.35374
0
0
4.35374
2.17687
0
0
0
0
2.17687
0
0
2.17687
0
0
4.35374
4.35374
0
0
0
0
1.08844
0
0
0
4.35374
0
2.44898
1.08844
4.35374
1.08844
2.17687
2.17687
1.08844
4.35374
2.17687
0
0.272109
5.44218
0
0
3.26531
0
4.35374
0
1.08844
0
1.08844
0
0
0
4.35374
0
3.26531
2.17687
2.17687
8.70748
2.17687
4.35374
2.17687
0
1.08844
4.35374
0
3.26531
0
1.08844
1.08844
0
5.44218
3.26531
0
0.544218
8.70748
3.26531
2.17687
2.17687
0
0
2.17687
0
13.0612
8.97959
0
0
3.26531
6.53061
3.26531
1.63265
0
2.72109
10.8844
0
18.5034
3.26531
1.08844
2.17687
0.816327
7.61905
8.70748
16.3265
2.72109
5.71429
10.068
9.79592
14.1497
7.61905
8.97959
13.6054
10.3401
5.44218
8.70748
13.0612
17.415
10.3401
18.5034
14.966
20.6803
27.2109
16.3265
2.17687
11.9728
13.0612
22.8571
5.44218
21.7687
0
19.5918
5.44218
11.9728
19.5918
15.7823
27.2109
18.5034
23.9456
9.79592
10.8844
17.9592
22.8571
25.5782
27.2109
20.6803
14.1497
16.5986
9.79592
18.5034
5.44218
12.2449
12.2449
11.9728
7.61905
6.2585
5.17007
19.8639
15.2381
16.3265
13.0612
23.9456
8.70748
22.3129
13.0612
23.6735
7.07483
5.44218
5.44218
2.17687
4.35374
2.17687
6.53061
5.44218
0
2.17687
2.17687
2.17687
3.26531
6.53061
10.8844
7.61905
5.44218
2.17687
2.17687
0
0
2.17687
8.70748
2.17687
6.53061
0
0
2.17687
6.53061
0
0.544218
9.79592
4.35374
4.35374
0
0
0
2.17687
0
0
2.17687
4.35374
2.17687
6.53061
0
0
2.17687
1.08844
0
2.17687
1.08844
2.17687
2.17687
1.08844
4.35374
6.53061
1.08844
0
1.36054
3.80952
0
0
0
1.08844
0
1.08844
6.53061
1.36054
2.17687
0
2.17687
2.17687
2.17687
13.0612
0
1.08844
5.44218
4.35374
0
1.08844
0
0
9.79592
4.35374
1.63265
1.08844
0
6.53061
2.17687
5.44218
0.816327
7.61905
0
4.35374
0
9.79592
2.17687
1.08844
0
2.17687
2.17687
4.35374
0
2.17687
2.17687
0
5.98639
1.08844
5.44218
1.08844
0
2.17687
2.17687
7.07483
1.36054
1.08844
1.08844
8.70748
4.89796
2.17687
2.17687
0
3.26531
8.70748
7.61905
0
2.17687
3.26531
1.36054
4.35374
2.17687
1.08844
1.08844
2.17687
0
2.17687
4.35374
0
0
6.80272
4.35374
0
0
3.26531
3.26531
6.53061
0
0
11.9728
5.44218
0
0
2.17687
2.17687
6.53061
1.08844
2.17687
2.17687
4.35374
5.44218
4.35374
1.08844
4.35374
5.44218
1.08844
1.63265
4.35374
1.36054
10.8844
2.17687
6.53061
0
2.17687
0
0
6.53061
4.35374
4.35374
4.35374
0
4.35374
7.61905
6.53061
0.816327
2.17687
3.26531
1.90476
0
6.53061
1.08844
0
5.44218
5.44218
0
6.53061
0
3.26531
0
0
2.17687
0
2.17687
6.53061
1.08844
1.08844
2.17687
5.44218
2.17687
13.6054
2.17687
4.89796
5.44218
0
0
0
2.17687
5.44218
6.53061
0
2.17687
0
0
0
0
2.17687
0
8.70748
0
0
0
2.17687
1.08844
0
0
0
4.35374
0
0
0
0
3.26531
0
0
2.17687
1.08844
0
0
0
0
0
0
0
0
2.17687
0
0
0
0
0
0
2.17687
1.08844
2.17687
0
