51.0000 0.05 1
46.1224
60.1166
64.0233
9.73761
0
0
37.6093
64.6647
31.2536
25.7143
20.758
0
0
0
0
0
0
0
0
0
0
0
0
0
0
0
0
0
0
0
0
0
0
0
0
0
0
0
0
0
0
0
0
0
0
0
0
0
0
0
0
0
0
0
0
0
0
0
0
0
0
0
0
0
0
0
0
0
0
0
0
0
0
0
0
0
0
0
0
0
0
0
0
0
0
0
0
0
0
0
0
0
0
0
0
0
0
0
0
0
0
0
0
0
0
0
0
0
0
0
0
0
0
0
0
0
0
0
0
0
0
0
0
0
0
0
0
0
0
0
0
0
0
0
0
0
0
0
0
0
0
0
0
0
0
0
0
0
0
0
0
0
0
0
0
0
0
0
0
0
0
0
0
0
0
0
0
0
0
0
0
0
0
0
0
0
0
0
0
0
0
0
0
0
0
0
0
0
0
0
0
0
0
0
0
0
0
0
0
0
0
0
0
0
0
0
0
0
0
0
0
0
0
0
0
0
0
0
0
0
0
0
0
0
0
0
0
0
0
0
0
0
0
0
0
0
0
0
0
0
0
0
0
0
0
0
0
0
0
0
0
0
0
0
0
0
0
0
0
0
0
0
0
0
0
0
0
0
0
0
0
0
0
0
0
0
0
0
0
0
0
0
0
0
0
0
0
0
0
0
0
0
0
0
0
0
0
0
0
0
0
0
0
0
0
0
0
0
0
0
0
0
0
0
0
0
0
0
0
0
0
0
0
0
0
0
0
0
0
0
0
0
0
0
0
0
0
0
0
0
0
0
0
0
0
0
0
0
0
0
0
0
0
0
0
0
0
0
0
0
0
0
0
0
0
0
0
0
0
0
0
0
0
0
0
0
0
0
0
0
0
0
0
0
0
0
0
0
0
0
0
0
0
0
0
0
0
0
0
0
0
0
0
0
0
0
0
0
0
0
0
0
0
0
0
0
0
0
0
0
0
0
0
0
0
0
0
0
0
0
0
0
0
0
0
0
0
0
0
0
0
0
0
0
0
0
0
0
0
0
0
0
0
0
0
0
0
0
0
0
0
0
0
0
0
0
0
0
0
0
0
0
0
0
0
0
0
0
0
0
0
0
0
0
0
0
0
0
0
0
0
0
0
0
0
0
0
0
0
0
0
0
0
0
0
0
0
0
0
0
0
0
0
0
0
0
0
0
0
0
0
0
0
0
0
0
0
0
0
0
0
0
0
0
0
0
0
0
0
0
0
0
0
0
0
0
0
0
0
0
0
0
0
0
0
0
0
0
0
0
0
0
0
0
0
0
0
0
0
0
0
0
0
0
0
0
0
0
0
0
0
0
0
0
0
0
0
0
0
0
0
0
0
0
0
0
0
0
0
0
0
0
0
0
0
0
0
0
0
0
0
0
0
0
0
0
0
0
0
0
0
0
0
0
0
0
0
0
0
0
0
0
0
0
0
0
0
0
0
0
0
0
0
0
0
0
0
0
0
0
0
0
0
0
0
0
0
0
0
0
0
0
0
0
0
0
0
0
0
0
0
0
0
0
0
0
0
0
0
0
0
0
0
0
0
0
0
0
0
0
0
0
0
0
0
0
0
0
0
0
0
0
0
0
0
0
0
0
0
0
0
0
0
0
0
0
0
0
0
0
0
0
0
0
0
0
0
0
0
0
0
0
0
0
0
0
0
0
0
0
0
0
0
0
0
0
0
0
0
0
0
0
0
0
0
0
0
0
0
0
0
0
0
0
0
0
0
0
0
0
0
0
0
0
0
0
0
0
0
0
0
0
0
0
0
0
0
0
0
0
0
0
0
0
0
0
0
0
0
0
0
0
0
0
0
0
0
0
0
0
0
0
0
0
0
0
0
0
0
0
0
0
0
0
0
0
0
0
0
0
0
0
0
0
0
0
0
0
0
0
0
0
0
0
0
0
0
0
0
0
0
0
0
0
0
0
0
0
0
0
0
0
0
0
0
0
0
0
0
0
0
0
0
0
0
0
0
0
0
0
0
0
0
0
0
0
0
0
0
0
0
0
0
0
0
0
0
0
0
0
0
0
0
0
0
0
0
0
0
0
0
0
0
0
0
0
0
0
0
0
0
0
0
0
0
0
0
0
0
0
0
0
0
0
0
0
0
0
0
0
0
0
0
0
0
0
0
0
0
0
0
0
0
0
0
0
0
0
0
0
0
0
0
0
0
0
0
0
0
0
0
0
0
0
0
0
0
0
0
0
0
0
0
0
0
0
0
0
0
0
0
0
0
0
0
0
0
0
0
0
0
0
0
0
0
0
0
0
0
0
0
0
0
0
0
0
0
0
0
0
0
0
0
0
0
0
0
0
0
0
0
0
0
0
0
0
0
0
0
0
0
0
0
0
0
0
0
0
0
0
0
0
0
0
0
0
0
0
0
0
0
0
0
0
0
0
0
0
0
0
0.116618
0
0
0
0
0.699708
0
0
0
0
1.39942
0
0
0
0.466472
0.466472
0
0
0
0.349854
0.349854
0
0
0
2.79883
0
0
0
0
2.79883
0
0
0
0
0
0
0
0
1.39942
0
0
0.349854
3.14869
0
0
0
2.79883
0
0
0
2.79883
0
0
0
0.466472
0.466472
0
0
1.39942
1.39942
0
0
5.59767
0
0
0
0
0
0
0
0
0
2.79883
0
0
0.699708
1.39942
0
1.39942
4.19825
0
0
0
4.19825
1.39942
0
0.466472
0.466472
0
0
1.39942
1.39942
0
0
5.59767
0
0
0
0
0
0
1.39942
2.09913
1.04956
0.349854
2.79883
4.19825
2.79883
1.39942
1.39942
2.79883
0
0.466472
0
4.02332
2.21574
4.60641
1.86589
3.96501
0
4.66472
0.932945
4.19825
0
2.79883
3.73178
1.63265
4.08163
2.79883
1.2828
2.5656
2.79883
1.74927
4.31487
5.07289
9.44606
5.59767
8.86297
13.5277
4.37318
13.9942
7.1137
8.3965
8.3965
3.14869
5.8309
4.89796
15.3936
4.89796
6.99708
3.38192
7.69679
15.6268
2.33236
5.59767
4.89796
13.2945
7.69679
7.69679
4.89796
6.06414
11.1953
7.93003
5.36443
10.7289
8.51312
2.44898
6.29738
5.59767
5.8309
1.74927
2.91545
11.0204
9.21283
7.23032
8.04665
9.6793
17.0845
11.4286
16.3265
14.8105
11.0787
10.4956
14.9271
12.4781
10.2624
9.44606
8.51312
6.76385
8.74636
9.32945
5.94752
9.21283
10.2624
4.02332
7.69679
5.36443
0.699708
5.30612
2.44898
4.60641
3.26531
4.66472
1.39942
2.09913
0
1.22449
2.09913
1.16618
0.466472
0
0
1.39942
1.39942
1.86589
0.641399
0.874636
1.39942
2.09913
2.09913
0
0.932945
2.09913
4.19825
0.699708
0.932945
2.33236
2.79883
4.19825
2.09913
0.932945
0.699708
4.89796
0
0
0
1.39942
0
0
1.39942
1.39942
0
2.09913
2.09913
0
1.39942
0
2.79883
0
2.79883
1.39942
0
1.39942
1.39942
1.39942
0
0
0
0.699708
0.699708
2.79883
0
1.39942
1.39942
0
1.39942
1.39942
2.79883
0
0
0
0.466472
0
0.466472
0
0
0
0
1.39942
0
0
3.73178
0
1.39942
0.699708
1.63265
0.699708
2.09913
2.79883
1.39942
2.79883
2.09913
2.09913
0
0
0
1.39942
2.79883
1.39942
1.86589
2.79883
1.39942
4.66472
0
1.39942
1.39942
1.39942
0
0
0
1.39942
0.466472
0.932945
1.39942
0
1.39942
2.79883
2.79883
0
0
0
0
0
0
1.39942
1.39942
0
0.349854
0.349854
1.51603
1.04956
1.86589
1.39942
2.09913
4.89796
4.19825
1.39942
2.09913
3.8484
1.74927
0
0
0
1.80758
1.80758
2.79883
0.699708
0.699708
0
0
1.39942
4.89796
2.79883
2.79883
0
0
0
0
0
0.932945
2.33236
0
0
1.39942
0.699708
1.04956
0.349854
0
1.39942
1.39942
0
2.79883
8.3965
0
2.79883
0.466472
0.466472
2.09913
3.49854
4.19825
2.79883
2.79883
1.39942
0.932945
0
2.79883
0
1.39942
0
0
0
2.79883
0
0
0
0
1.39942
5.59767
0
0
0
1.39942
1.39942
0.466472
0.466472
0
0
0
0
0
0
0
0
0
0
0
0
0
0.699708
0
0
0
0
0
0
0
0
0
0
0
0
0
0
0
0
0
0
0
0
0
0
0
0.116618
0
