57.0000 0.05 1
40
40
60
26.6667
73.3333
40
0
24.4444
18.8889
36.6667
0
0
0
0
0
0
0
0
0
0
0
0
0
0
0
0
0
0
0
0
0
0
0
0
0
0
0
0
0
0
0
0
0
0
0
0
0
0
0
0
0
0
0
0
0
0
0
0
0
0
0
0
0
0
0
0
0
0
0
0
0
0
0
0
0
0
0
0
0
0
0
0
0
0
0
0
0
0
0
0
0
0
0
0
0
0
0
0
0
0
0
0
0
0
0
0
0
0
0
0
0
0
0
0
0
0
0
0
0
0
0
0
0
0
0
0
0
0
0
0
0
0
0
0
0
0
0
0
0
0
0
0
0
0
0
0
0
0
0
0
0
0
0
0
0
0
0
0
0
0
0
0
0
0
0
0
0
0
0
0
0
0
0
0
0
0
0
0
0
0
0
0
0
0
0
0
0
0
0
0
0
0
0
0
0
0
0
0
0
0
0
0
0
0
0
0
0
0
0
0
0
0
0
0
0
0
0
0
0
0
0
0
0
0
0
0
0
0
0
0
0
0
0
0
0
0
0
0
0
0
0
0
0
0
0
0
0
0
0
0
0
0
0
0
0
0
0
0
0
0
0
0
0
0
0
0
0
0
0
0
0
0
0
0
0
0
0
0
0
0
0
0
0
0
0
0
0
0
0
0
0
0
0
0
0
0
0
0
0
0
0
0
0
0
0
0
0
0
0
0
0
0
0
0
0
0
0
0
0
0
0
0
0
0
0
0
0
0
0
0
0
0
0
0
0
0
0
0
0
0
0
0
0
0
0
0
0
0
0
0
0
0
0
0
0
0
0
0
0
0
0
0
0
0
0
0
0
0
0
0
0
0
0
0
0
0
0
0
0
0
0
0
0
0
0
0
0
0
0
0
0
0
0
0
0
0
0
0
0
0
0
0
0
0
0
0
0
0
0
0
0
0
0
0
0
0
0
0
0
0
0
0
0
0
0
0
0
0
0
0
0
0
0
0
0
0
0
0
0
0
0
0
0
0
0
0
0
0
0
0
0
0
0
0
0
0
0
0
0
0
0
0
0
0
0
0
0
0
0
0
0
0
0
0
0
0
0
0
0
0
0
0
0
0
0
0
0
0
0
0
0
0
0
0
0
0
0
0
0
0
0
0
0
0
0
0
0
0
0
0
0
0
0
0
0
0
0
0
0
0
0
0
0
0
0
0
0
0
0
0
0
0
0
0
0
0
0
0
0
0
0
0
0
0
0
0
0
0
0
0
0
0
0
0
0
0
0
0
0
0
0
0
0
0
0
0
0
0
0
0
0
0
0
0
0
0
0
0
0
0
0
0
0
0
0
0
0
0
0
0
0
0
0
0
0
0
0
0
0
0
0
0
0
0
0
0
0
0
0
0
0
0
0
0
0
0
0
0
0
0
0
0
0
0
0
0
0
0
0
0
0
0
0
0
0
0
0
0
0
0
0
0
0
0
0
0
0
0
0
0
0
0
0
0
0
0
0
0
0
0
0
0
0
0
0
0
0
0
0
0
0
0
0
0
0
0
0
0
0
0
0
0
0
0
0
0
0
0
0
0
0
0
0
0
0
0
0
0
0
0
0
0
0
0
0
0
0
0
0
0
0
0
0
0
0
0
0
0
0
0
0
0
0
0
0
0
0
0
0
0
0
0
0
0
0
0
0
0
0
0
0
0
0
0
0
0
0
0
0
0
0
0
0
0
0
0
0
0
0
0
0
0
0
0
0
0
0
0
0
0
0
0
0
0
0
0
0
0
0
0
0
0
0
0
0
0
0
0
0
0
0
0
0
0
0
0
0
0
0
0
0
0
0
0
0
0
0
0
0
0
0
0
0
0
0
0
0
0
0
0
0
0
0
0
0
0
0
0
0
0
0
0
0
0
0
0
0
0
0
0
0
0
0
0
0
0
0
0
0
0
0
0
0
0
0
0
0
0
0
0
0
0
0
0
0
0
0
0
0
0
0
0
0
0
0
0
0
0
0
0
0
0
0
0
0
0
0
0
0
0
0
0
0
0
0
0
0
0
0
0
0
0
0
0
0
0
0
0
0
0
0
0
0
0
0
0
0
0
0
0
0
0
0
0
0
0
0
0
0
0
0
0
0
0
0
0
0
0
0
0
0
0
0
0
0
0
0
0
0
0
0
0
0
0
0
0
0
0
0
0
0
0
0
0
0
0
0
0
0
0
0
0
0
0
0
0
0
0
0
0
0
0
0
0
0
0
0
0
0
0
0
0
0
0
0
0
0
0
0
0
0
0
0
0
0
0
0
0
0
0
0
0
0
0
0
0
0
0
0
0
0
0
0
0
0
0
0
0
0
0
0
0
0
0
0
0
0
0
0
0
0
0
0
0
0
0
0
0
0
0
0
0.185185
0
0.37037
0
0
0.740741
0.37037
0
0.740741
0
0.185185
0
1.11111
0.37037
0
1.48148
0.37037
1.48148
0.740741
0.740741
0
1.48148
0.740741
0
0.740741
0.37037
0
1.48148
0
0
0.740741
0.740741
0
0
1.2963
1.11111
0.185185
0
0
0.185185
0
0
0.185185
0.185185
0.37037
3.7037
1.11111
0
1.48148
0.740741
0.740741
1.11111
1.11111
0
3.7037
0.740741
0
1.11111
1.11111
0
2.22222
0.740741
0.37037
2.22222
1.48148
0.37037
1.11111
0.37037
0
0.37037
0.740741
0.740741
0.740741
0.37037
0.37037
2.96296
1.11111
1.2963
2.59259
0.185185
0.37037
0.740741
0.37037
1.2963
1.85185
1.48148
0.37037
2.22222
1.48148
0
0.740741
0
1.48148
0.185185
1.48148
0.740741
2.22222
2.22222
1.85185
2.22222
0
2.22222
1.48148
1.11111
0
1.85185
2.96296
2.59259
1.85185
5.18519
0.740741
2.59259
2.96296
0.740741
2.22222
0.740741
0.740741
0.740741
1.11111
0
0.37037
2.22222
2.96296
0.925926
0
0
1.85185
2.22222
2.40741
1.48148
3.33333
2.96296
3.7037
2.22222
1.66667
0.740741
2.03704
2.59259
4.25926
5.18519
3.7037
1.11111
2.77778
6.11111
2.22222
1.11111
2.22222
2.59259
1.48148
3.7037
3.88889
5.92593
4.07407
3.7037
5
1.48148
7.03704
4.62963
14.4444
8.51852
4.62963
5.55556
12.7778
6.66667
9.62963
9.81481
11.2963
10
13.8889
9.44444
11.1111
9.07407
11.4815
9.62963
7.59259
3.88889
7.40741
9.62963
17.2222
13.3333
10.7407
7.40741
7.40741
10
11.2963
17.2222
12.5926
9.07407
9.81481
17.037
9.25926
15.5556
12.4074
11.6667
11.8519
11.8519
7.22222
11.2963
18.3333
12.2222
6.66667
1.48148
5.74074
10.5556
5.18519
4.25926
8.88889
10.3704
2.96296
5.18519
8.88889
2.59259
3.7037
6.85185
5.18519
5.55556
5.55556
3.33333
4.25926
3.51852
8.51852
1.85185
3.33333
1.2963
2.03704
2.96296
0.740741
4.07407
2.96296
0.740741
1.48148
2.96296
1.85185
2.96296
0.740741
2.96296
5.18519
2.59259
2.22222
3.7037
1.85185
1.48148
0.555556
2.22222
2.96296
0.740741
0.740741
2.59259
2.96296
1.48148
0.185185
1.85185
0.37037
2.22222
1.2963
2.22222
2.59259
2.96296
1.48148
4.07407
1.11111
0.740741
1.11111
0.740741
0.740741
0
0.740741
2.59259
1.85185
2.22222
3.33333
2.22222
1.85185
2.96296
2.59259
3.33333
0.37037
0.37037
1.48148
2.96296
1.11111
1.85185
2.96296
0
2.22222
0.37037
1.85185
3.14815
1.48148
1.85185
5.18519
1.48148
4.62963
1.85185
2.40741
4.07407
2.96296
2.22222
1.11111
0.740741
0.740741
0.740741
1.48148
1.2963
1.85185
2.22222
1.85185
2.96296
0
2.22222
2.40741
4.62963
5.55556
3.33333
0.925926
4.44444
4.81481
0.37037
3.33333
2.96296
2.96296
0.740741
2.96296
2.59259
2.40741
0.37037
0.740741
1.48148
2.59259
0
3.14815
5.55556
1.48148
0.740741
2.22222
1.11111
0.555556
4.07407
1.2963
2.22222
4.44444
1.85185
2.96296
2.59259
2.40741
3.7037
2.22222
1.48148
2.59259
2.22222
0
2.96296
0.740741
0.925926
2.59259
2.22222
2.96296
2.96296
1.85185
3.33333
3.51852
1.48148
3.14815
2.22222
1.48148
2.22222
1.48148
4.07407
2.22222
1.48148
2.22222
1.66667
2.96296
2.59259
2.22222
2.59259
1.85185
0.740741
2.22222
6.11111
2.96296
2.22222
0.37037
1.66667
2.96296
0.740741
3.33333
1.11111
2.22222
3.33333
1.85185
3.88889
2.96296
2.77778
1.11111
3.33333
2.22222
1.48148
3.33333
1.48148
1.11111
1.85185
3.7037
1.11111
2.77778
1.85185
2.59259
3.14815
2.22222
2.59259
1.11111
0.185185
0.555556
0.740741
3.7037
1.11111
2.22222
0.740741
2.77778
1.11111
0.37037
2.59259
0.37037
0.37037
0
0.37037
1.85185
0
0.740741
1.85185
1.11111
1.85185
0.740741
2.03704
0.37037
0.740741
0.37037
0.740741
1.11111
1.11111
0.740741
0.740741
0.740741
1.2963
0
0.740741
0.740741
0
0
0.740741
0.37037
0
0
0
0.185185
0
0.37037
0.37037
0
0
0
0
0.37037
0
0
0
0.37037
0
0
0.185185
0
