25.0000 0.05 1
40
0
0
0
0
0
0
80
0
0
0
0
0
0
0
0
0
0
0
0
0
0
0
0
0
0
0
0
0
0
0
0
0
0
0
0
0
0
0
0
0
0
0
0
0
0
0
0
0
0
0
0
0
0
0
0
0
0
0
0
0
0
0
0
0
0
0
0
0
0
0
0
0
0
0
0
0
0
0
0
0
0
0
0
0
0
0
0
0
0
0
0
0
0
0
0
0
0
0
0
0
0
0
0
0
0
0
0
0
0
0
0
0
0
0
0
0
0
0
0
0
0
0
0
0
0
0
0
0
0
0
0
0
0
0
0
0
0
0
0
0
0
0
0
0
0
0
0
0
0
0
0
0
0
0
0
0
0
0
0
0
0
0
0
0
0
0
0
0
0
0
0
0
0
0
0
0
0
0
0
0
0
0
0
0
0
0
0
0
0
0
0
0
0
0
0
0
0
0
0
0
0
0
0
0
0
0
0
0
0
0
0
0
0
0
0
0
0
0
0
0
0
0
0
0
0
0
0
0
0
0
0
0
0
0
0
0
0
0
0
0
0
0
0
0
0
0
0
0
0
0
0
0
0
0
0
0
0
0
0
0
0
0
0
0
0
0
0
0
0
0
0
0
0
0
0
0
0
0
0
0
0
0
0
0
0
0
0
0
0
0
0
0
0
0
0
0
0
0
0
0
0
0
0
0
0
0
0
0
0
0
0
0
0
0
0
0
0
0
0
0
0
0
0
0
0
0
0
0
0
0
0
0
0
0
0
0
0
0
0
0
0
0
0
0
0
0
0
0
0
0
0
0
0
0
0
0
0
0
0
0
0
0
0
0
0
0
0
0
0
0
0
0
0
0
0
0
0
0
0
0
0
0
0
0
0
0
0
0
0
0
0
0
0
0
0
0
0
0
0
0
0
0
0
0
0
0
0
0
0
0
0
0
0
0
0
0
0
0
0
0
0
0
0
0
0
0
0
0
0
0
0
0
0
0
0
0
0
0
0
0
0
0
0
0
0
0
0
0
0
0
0
0
0
0
0
0
0
0
0
0
0
0
0
0
0
0
0
0
0
0
0
0
0
0
0
0
0
0
0
0
0
0
0
0
0
0
0
0
0
0
0
0
0
0
0
0
0
0
0
0
0
0
0
0
0
0
0
0
0
0
0
0
0
0
0
0
0
0
0
0
0
0
0
0
0
0
0
0
0
0
0
0
0
0
0
0
0
0
0
0
0
0
0
0
0
0
0
0
0
0
0
0
0
0
0
0
0
0
0
0
0
0
0
0
0
0
0
0
0
0
0
0
0
0
0
0
0
0
0
0
0
0
0
0
0
0
0
0
0
0
0
0
0
0
0
0
0
0
0
0
0
0
0
0
0
0
0
0
0
0
0
0
0
0
0
0
0
0
0
0
0
0
0
0
0
0
0
0
0
0
0
0
0
0
0
0
0
0
0
0
0
0
0
0
0
0
0
0
0
0
0
0
0
0
0
0
0
0
0
0
0
0
0
0
0
0
0
0
0
0
0
0
0
0
0
0
0
0
0
0
0
0
0
0
0
0
0
0
0
0
0
0
0
0
0
0
0
0
0
0
0
0
0
0
0
0
0
0
0
0
0
0
0
0
0
0
0
0
0
0
0
0
0
0
0
0
0
0
0
0
0
0
0
0
0
0
0
0
0
0
0
0
0
0
0
0
0
0
0
0
0
0
0
0
0
0
0
0
0
0
0
0
0
0
0
0
0
0
0
0
0
0
0
0
0
0
0
0
0
0
0
0
0
0
0
0
0
0
0
0
0
0
0
0
0
0
0
0
0
0
0
0
0
0
0
0
0
0
0
0
0
0
0
0
0
0
0
0
0
0
0
0
0
0
0
0
0
0
0
0
0
0
0
0
0
0
0
0
0
0
0
0
0
0
0
0
0
0
0
0
0
0
0
0
0
0
0
0
0
0
0
0
0
0
0
0
0
0
0
0
0
0
0
0
0
0
0
0
0
0
0
0
0
0
0
0
0
0
0
0
0
0
0
0
0
0
0
0
0
0
0
0
0
0
0
0
0
0
0
0
0
0
0
0
0
0
0
0
0
0
0
0
0
0
0
0
0
0
0
0
0
0
0
0
0
0
0
0
0
0
0
0
0
0
0
0
0
0
0
0
0
0
0
0
0
0
0
0
0
0
0
0
0
0
0
0
0
0
0
0
0
0
0
0
0
0
0
0
0
0
0
0
0
0
0
0
0
0
0
0
0
0
0
0
0
0
0
0
0
0
0
0
0
0
0
0
0
0
0
0
0
0
0
0
0
0
0
0
0
0
0
0
0
0
0
0
0
0
0
0
0
0
0
0
0
0
0
0
0
0
0
0
0
0
0
0
0
0
0
0
0.116618
0.233236
0
0.233236
0
0
0.233236
0
0
0
1.39942
0.699708
0.699708
0
0.699708
0.699708
0.699708
0
0
0
0.233236
0
0
0
0
0.233236
0
0
0
0.699708
0.699708
2.09913
0
2.09913
0.233236
1.39942
0
0
0.699708
0.116618
1.39942
1.39942
0.699708
0.699708
0.699708
0.699708
0.699708
0
0.699708
1.39942
0
0
0
0
0
1.51603
0
0
0.699708
0
0.699708
0
2.09913
0.233236
0
0
0
2.09913
0
4.19825
1.39942
1.39942
1.39942
1.39942
2.09913
0
0.932945
0.699708
0
0
0
0.699708
0
0
0
0.699708
0
1.39942
2.09913
1.39942
2.79883
0.932945
2.79883
0
1.39942
0
1.39942
1.39942
0.699708
0
0
1.39942
1.39942
0
2.09913
2.09913
0
0
0.699708
0.699708
0.699708
0.233236
0
0
0
2.09913
2.09913
2.09913
2.09913
0
2.09913
0
1.39942
2.79883
2.09913
2.09913
0.699708
0
3.03207
2.79883
2.09913
0.699708
0
1.39942
1.39942
0.699708
0.699708
1.39942
6.29738
2.09913
0.699708
2.09913
0.699708
2.79883
2.33236
1.39942
2.09913
0
0
0
3.49854
0.699708
2.09913
2.21574
1.39942
0
0
0
1.39942
2.79883
4.19825
1.39942
2.79883
0.699708
8.3965
2.21574
9.79592
3.49854
8.62974
4.89796
3.03207
5.8309
3.49854
7.69679
5.59767
3.49854
2.79883
5.59767
5.59767
6.29738
4.19825
1.39942
4.89796
6.99708
5.59767
0.699708
1.39942
8.62974
6.29738
11.1953
1.39942
4.89796
1.39942
11.4286
4.19825
0
1.39942
1.39942
6.29738
4.19825
9.09621
1.39942
1.39942
3.49854
0.699708
1.39942
2.79883
1.39942
6.29738
1.39942
3.49854
7.69679
0
0
3.49854
2.09913
0
3.49854
1.51603
1.39942
2.79883
0
2.09913
0.699708
0.699708
0.233236
1.39942
2.09913
2.09913
0
1.39942
0.699708
0.699708
0
0.699708
2.79883
0
6.99708
0
0.699708
2.09913
2.79883
0
0.233236
2.79883
0
4.19825
0
2.79883
3.49854
0
0.699708
0
1.39942
2.79883
0.699708
0.699708
2.09913
0
2.79883
0
4.43149
0.699708
1.39942
3.49854
2.09913
0
1.39942
1.39942
0.699708
2.79883
6.99708
4.19825
0.699708
0.699708
0.699708
0
0
0
3.49854
2.79883
0.699708
1.39942
1.39942
2.79883
2.09913
0
0
2.79883
0
0.699708
1.39942
0.699708
0.699708
0.699708
2.09913
0
4.19825
2.09913
2.09913
1.39942
0
1.39942
0
2.79883
1.39942
1.39942
2.09913
2.79883
4.43149
2.09913
0.699708
6.99708
2.09913
0.699708
1.39942
0.699708
2.79883
0
2.79883
0
1.39942
0.699708
0.699708
1.39942
4.19825
2.79883
0.699708
0.699708
0
0.699708
1.63265
0.699708
0
3.49854
1.39942
1.39942
0
4.19825
4.19825
1.39942
0.699708
0
4.19825
2.09913
0.699708
1.39942
4.89796
2.09913
4.19825
0.699708
3.49854
2.79883
0.699708
0.699708
2.09913
2.79883
1.39942
0.233236
0
0.699708
3.49854
2.79883
2.09913
3.49854
2.79883
0.699708
0
1.39942
0
0.699708
1.39942
2.09913
1.39942
5.59767
2.79883
2.21574
0.699708
0
0
1.39942
0.699708
2.79883
0
3.49854
0
1.39942
1.39942
0
1.39942
0.699708
0
0
1.39942
1.39942
2.09913
2.09913
0.699708
1.39942
1.39942
0
0
0
0
0
0
0
1.39942
0.116618
0
0.699708
0
0.699708
0
0.699708
0.699708
0.699708
1.39942
0
0.699708
0.699708
0
1.39942
0
1.39942
0.233236
1.39942
0.699708
0
0
0.699708
0.699708
0
0.699708
0.699708
0
0
0.699708
0
0
0
0
0.699708
0
0
0
0.932945
0.699708
0
1.39942
0.466472
0
0
0
0
0
0
0
0
0
0
0
0
0
0
0
0.466472
0.233236
0.233236
0
0.116618
0
