25.0000 0.05 1
80
8.88889
31.1111
0
0
0
0
0
0
0
0
0
0
0
0
0
0
0
0
0
0
0
0
0
0
0
0
0
0
0
0
0
0
0
0
0
0
0
0
0
0
0
0
0
0
0
0
0
0
0
0
0
0
0
0
0
0
0
0
0
0
0
0
0
0
0
0
0
0
0
0
0
0
0
0
0
0
0
0
0
0
0
0
0
0
0
0
0
0
0
0
0
0
0
0
0
0
0
0
0
0
0
0
0
0
0
0
0
0
0
0
0
0
0
0
0
0
0
0
0
0
0
0
0
0
0
0
0
0
0
0
0
0
0
0
0
0
0
0
0
0
0
0
0
0
0
0
0
0
0
0
0
0
0
0
0
0
0
0
0
0
0
0
0
0
0
0
0
0
0
0
0
0
0
0
0
0
0
0
0
0
0
0
0
0
0
0
0
0
0
0
0
0
0
0
0
0
0
0
0
0
0
0
0
0
0
0
0
0
0
0
0
0
0
0
0
0
0
0
0
0
0
0
0
0
0
0
0
0
0
0
0
0
0
0
0
0
0
0
0
0
0
0
0
0
0
0
0
0
0
0
0
0
0
0
0
0
0
0
0
0
0
0
0
0
0
0
0
0
0
0
0
0
0
0
0
0
0
0
0
0
0
0
0
0
0
0
0
0
0
0
0
0
0
0
0
0
0
0
0
0
0
0
0
0
0
0
0
0
0
0
0
0
0
0
0
0
0
0
0
0
0
0
0
0
0
0
0
0
0
0
0
0
0
0
0
0
0
0
0
0
0
0
0
0
0
0
0
0
0
0
0
0
0
0
0
0
0
0
0
0
0
0
0
0
0
0
0
0
0
0
0
0
0
0
0
0
0
0
0
0
0
0
0
0
0
0
0
0
0
0
0
0
0
0
0
0
0
0
0
0
0
0
0
0
0
0
0
0
0
0
0
0
0
0
0
0
0
0
0
0
0
0
0
0
0
0
0
0
0
0
0
0
0
0
0
0
0
0
0
0
0
0
0
0
0
0
0
0
0
0
0
0
0
0
0
0
0
0
0
0
0
0
0
0
0
0
0
0
0
0
0
0
0
0
0
0
0
0
0
0
0
0
0
0
0
0
0
0
0
0
0
0
0
0
0
0
0
0
0
0
0
0
0
0
0
0
0
0
0
0
0
0
0
0
0
0
0
0
0
0
0
0
0
0
0
0
0
0
0
0
0
0
0
0
0
0
0
0
0
0
0
0
0
0
0
0
0
0
0
0
0
0
0
0
0
0
0
0
0
0
0
0
0
0
0
0
0
0
0
0
0
0
0
0
0
0
0
0
0
0
0
0
0
0
0
0
0
0
0
0
0
0
0
0
0
0
0
0
0
0
0
0
0
0
0
0
0
0
0
0
0
0
0
0
0
0
0
0
0
0
0
0
0
0
0
0
0
0
0
0
0
0
0
0
0
0
0
0
0
0
0
0
0
0
0
0
0
0
0
0
0
0
0
0
0
0
0
0
0
0
0
0
0
0
0
0
0
0
0
0
0
0
0
0
0
0
0
0
0
0
0
0
0
0
0
0
0
0
0
0
0
0
0
0
0
0
0
0
0
0
0
0
0
0
0
0
0
0
0
0
0
0
0
0
0
0
0
0
0
0
0
0
0
0
0
0
0
0
0
0
0
0
0
0
0
0
0
0
0
0
0
0
0
0
0
0
0
0
0
0
0
0
0
0
0
0
0
0
0
0
0
0
0
0
0
0
0
0
0
0
0
0
0
0
0
0
0
0
0
0
0
0
0
0
0
0
0
0
0
0
0
0
0
0
0
0
0
0
0
0
0
0
0
0
0
0
0
0
0
0
0
0
0
0
0
0
0
0
0
0
0
0
0
0
0
0
0
0
0
0
0
0
0
0
0
0
0
0
0
0
0
0
0
0
0
0
0
0
0
0
0
0
0
0
0
0
0
0
0
0
0
0
0
0
0
0
0
0
0
0
0
0
0
0
0
0
0
0
0
0
0
0
0
0
0
0
0
0
0
0
0
0
0
0
0
0
0
0
0
0
0
0
0
0
0
0
0
0
0
0
0
0
0
0
0
0
0
0
0
0
0
0
0
0
0
0
0
0
0
0
0
0
0
0
0
0
0
0
0
0
0
0
0
0
0
0
0
0
0
0
0
0
0
0
0
0
0
0
0
0
0
0
0
0
0
0
0
0
0
0
0
0
0
0
0
0
0
0
0
0
0
0
0
0
0
0
0
0
0
0
0
0
0
0
0
0
0
0
0
0
0
0
0
0
0
0
0
0
0
0
0
0
0
0
0
0
0
0
0
0
0
0
0
0
0
0
0
0
0
0
0
0
0
0
0
0
0
0
0
0
0
0
0
0
0
0.148148
0
0
0
0.296296
0.296296
0.296296
0
0
0.592593
0.592593
0.592593
0
0
0.296296
1.18519
0
0
0
0.592593
0.888889
0
0
0.592593
0.296296
1.18519
0.592593
0
0.592593
1.77778
0
0
1.18519
0.592593
0
0
0
0.296296
0.592593
1.18519
0
0
1.77778
1.48148
0
0
0
1.77778
1.18519
0.740741
0
0
0.296296
1.48148
0
0
1.18519
1.77778
0
0.148148
0
0.592593
2.96296
0.296296
0.296296
1.18519
0.592593
2.07407
0.592593
0
1.77778
0.296296
1.18519
0
0
0
0.888889
0
0.296296
2.96296
1.18519
0.888889
1.18519
0.592593
0
2.96296
1.18519
0
2.07407
0.592593
0
0.592593
0
0.444444
1.18519
0.148148
0
1.48148
0.888889
0.888889
2.66667
1.77778
0.888889
0.888889
2.66667
0
0.592593
0
2.37037
1.77778
0.592593
2.37037
0
0.296296
0
1.48148
2.07407
1.77778
0.592593
2.37037
0.296296
0.592593
0.592593
1.18519
1.18519
1.48148
1.33333
0
1.48148
1.18519
1.77778
0
0.888889
2.07407
4.14815
0
3.55556
0.740741
2.37037
0
0.296296
0.888889
2.37037
0.592593
2.96296
2.66667
0.296296
1.18519
1.48148
2.51852
1.77778
1.48148
1.48148
1.48148
2.22222
0.296296
2.37037
2.37037
2.96296
2.66667
2.96296
2.37037
1.48148
2.96296
5.03704
0.888889
4.44444
2.66667
2.07407
2.81481
3.55556
4.44444
2.96296
5.62963
2.66667
8.2963
3.85185
6.96296
6.22222
6.22222
3.55556
5.33333
5.33333
2.96296
8
5.03704
6.81481
3.7037
4.74074
3.25926
5.18519
8
5.92593
4.14815
4.59259
6.22222
7.25926
4.2963
9.77778
0.296296
2.96296
2.51852
2.37037
3.25926
1.18519
2.96296
3.25926
2.66667
0.592593
0.296296
0.592593
1.18519
3.55556
1.18519
0.888889
1.77778
3.11111
2.66667
1.77778
1.77778
2.66667
0.888889
1.18519
2.37037
2.96296
0.592593
0.592593
0.296296
0.296296
3.55556
1.77778
0
3.25926
1.18519
1.77778
2.66667
0.592593
1.77778
1.77778
0.296296
2.96296
0
1.77778
1.18519
0.592593
1.77778
1.77778
2.96296
3.55556
2.07407
1.48148
3.85185
3.11111
1.48148
0.296296
0.296296
1.77778
0.592593
2.37037
0.592593
2.07407
1.48148
0.592593
0.592593
1.77778
2.37037
2.66667
0
0.592593
0.592593
1.18519
4.14815
4.14815
2.37037
2.07407
1.77778
0
1.18519
4.44444
0
0
1.48148
0.888889
0.592593
0.296296
2.37037
0.592593
1.77778
1.48148
3.55556
1.18519
1.77778
0.148148
1.77778
2.37037
1.48148
1.18519
0
1.18519
1.18519
4.14815
3.55556
0.888889
2.37037
2.07407
2.37037
0.296296
0.740741
0.592593
1.77778
2.66667
1.18519
2.96296
2.96296
1.48148
2.07407
1.18519
0.592593
0.888889
2.37037
1.03704
2.37037
0.888889
1.48148
0.592593
5.03704
0
4.14815
1.77778
3.25926
0
0.592593
1.77778
3.55556
1.18519
3.55556
1.18519
2.96296
0.296296
1.18519
2.37037
0.296296
2.37037
0.592593
1.92593
1.77778
2.37037
2.96296
1.18519
0.592593
1.77778
1.77778
1.18519
2.96296
1.18519
0
2.07407
0.296296
1.18519
0
2.37037
0.592593
1.18519
1.92593
2.66667
4
0.592593
2.37037
2.66667
3.85185
1.77778
2.66667
1.18519
3.55556
2.07407
0.296296
0
1.18519
1.77778
1.77778
1.48148
0
2.96296
5.18519
1.33333
0
0.592593
1.77778
1.18519
0.592593
2.96296
0.592593
1.18519
1.18519
1.48148
0.592593
1.18519
1.18519
1.18519
0
0
2.07407
0.592593
0
0.888889
1.77778
0
0.592593
0
0.444444
0.592593
0.296296
0.444444
0.592593
0.888889
1.18519
0.888889
0.148148
0.148148
0.296296
1.48148
0
1.77778
0.296296
0
0
0.888889
0.592593
0
0.296296
0.296296
0
0
0.888889
0
0
0
0
0.740741
0
0.296296
0
0
0
0
0
0
0.296296
0.592593
0
0.296296
0
