41.0000 0.05 1
160
80
0
0
0
0
0
0
0
0
0
0
0
0
0
0
0
0
0
0
0
0
0
0
0
0
0
0
0
0
0
0
0
0
0
0
0
0
0
0
0
0
0
0
0
0
0
0
0
0
0
0
0
0
0
0
0
0
0
0
0
0
0
0
0
0
0
0
0
0
0
0
0
0
0
0
0
0
0
0
0
0
0
0
0
0
0
0
0
0
0
0
0
0
0
0
0
0
0
0
0
0
0
0
0
0
0
0
0
0
0
0
0
0
0
0
0
0
0
0
0
0
0
0
0
0
0
0
0
0
0
0
0
0
0
0
0
0
0
0
0
0
0
0
0
0
0
0
0
0
0
0
0
0
0
0
0
0
0
0
0
0
0
0
0
0
0
0
0
0
0
0
0
0
0
0
0
0
0
0
0
0
0
0
0
0
0
0
0
0
0
0
0
0
0
0
0
0
0
0
0
0
0
0
0
0
0
0
0
0
0
0
0
0
0
0
0
0
0
0
0
0
0
0
0
0
0
0
0
0
0
0
0
0
0
0
0
0
0
0
0
0
0
0
0
0
0
0
0
0
0
0
0
0
0
0
0
0
0
0
0
0
0
0
0
0
0
0
0
0
0
0
0
0
0
0
0
0
0
0
0
0
0
0
0
0
0
0
0
0
0
0
0
0
0
0
0
0
0
0
0
0
0
0
0
0
0
0
0
0
0
0
0
0
0
0
0
0
0
0
0
0
0
0
0
0
0
0
0
0
0
0
0
0
0
0
0
0
0
0
0
0
0
0
0
0
0
0
0
0
0
0
0
0
0
0
0
0
0
0
0
0
0
0
0
0
0
0
0
0
0
0
0
0
0
0
0
0
0
0
0
0
0
0
0
0
0
0
0
0
0
0
0
0
0
0
0
0
0
0
0
0
0
0
0
0
0
0
0
0
0
0
0
0
0
0
0
0
0
0
0
0
0
0
0
0
0
0
0
0
0
0
0
0
0
0
0
0
0
0
0
0
0
0
0
0
0
0
0
0
0
0
0
0
0
0
0
0
0
0
0
0
0
0
0
0
0
0
0
0
0
0
0
0
0
0
0
0
0
0
0
0
0
0
0
0
0
0
0
0
0
0
0
0
0
0
0
0
0
0
0
0
0
0
0
0
0
0
0
0
0
0
0
0
0
0
0
0
0
0
0
0
0
0
0
0
0
0
0
0
0
0
0
0
0
0
0
0
0
0
0
0
0
0
0
0
0
0
0
0
0
0
0
0
0
0
0
0
0
0
0
0
0
0
0
0
0
0
0
0
0
0
0
0
0
0
0
0
0
0
0
0
0
0
0
0
0
0
0
0
0
0
0
0
0
0
0
0
0
0
0
0
0
0
0
0
0
0
0
0
0
0
0
0
0
0
0
0
0
0
0
0
0
0
0
0
0
0
0
0
0
0
0
0
0
0
0
0
0
0
0
0
0
0
0
0
0
0
0
0
0
0
0
0
0
0
0
0
0
0
0
0
0
0
0
0
0
0
0
0
0
0
0
0
0
0
0
0
0
0
0
0
0
0
0
0
0
0
0
0
0
0
0
0
0
0
0
0
0
0
0
0
0
0
0
0
0
0
0
0
0
0
0
0
0
0
0
0
0
0
0
0
0
0
0
0
0
0
0
0
0
0
0
0
0
0
0
0
0
0
0
0
0
0
0
0
0
0
0
0
0
0
0
0
0
0
0
0
0
0
0
0
0
0
0
0
0
0
0
0
0
0
0
0
0
0
0
0
0
0
0
0
0
0
0
0
0
0
0
0
0
0
0
0
0
0
0
0
0
0
0
0
0
0
0
0
0
0
0
0
0
0
0
0
0
0
0
0
0
0
0
0
0
0
0
0
0
0
0
0
0
0
0
0
0
0
0
0
0
0
0
0
0
0
0
0
0
0
0
0
0
0
0
0
0
0
0
0
0
0
0
0
0
0
0
0
0
0
0
0
0
0
0
0
0
0
0
0
0
0
0
0
0
0
0
0
0
0
0
0
0
0
0
0
0
0
0
0
0
0
0
0
0
0
0
0
0
0
0
0
0
0
0
0
0
0
0
0
0
0
0
0
0
0
0
0
0
0
0
0
0
0
0
0
0
0
0
0
0
0
0
0
0
0
0
0
0
0
0
0
0
0
0
0
0
0
0
0
0
0
0
0
0
0
0
0
0
0
0
0
0
0
0
0
0
0
0
0
0
0
0
0
0
0
0
0
0
0
0
0
0
0
0
0
0
0
0
0
0
0
0
0
0
0
0
0
0
0
0
0
0
0
0
0
0
0
0
0
0
0
0
0
0
0
0
0
0
0
0
0
0
0
0
0
0
0
0
0
0
0
0
0
0
0
0
0
0
0
0
0.185185
0
0
0
0.37037
0.37037
0
0
1.48148
0.37037
0.37037
0
0
0
0
0
0.740741
0
1.85185
0.740741
0.37037
0.37037
0
0.740741
0.37037
0.740741
0.37037
0
1.48148
0.740741
0
0
0.740741
1.48148
0.37037
0.740741
0.740741
0.185185
0.925926
0
0
2.22222
0.555556
1.48148
0.740741
0.740741
0
1.48148
1.11111
0.740741
0
0
0
0.740741
1.48148
0.185185
0.740741
0
0.740741
1.48148
0.37037
0.740741
3.7037
1.48148
0.37037
1.11111
0.740741
0.37037
0
0.37037
2.22222
0.185185
0.185185
1.85185
2.59259
0.37037
0.740741
1.48148
0
0
0.740741
1.85185
1.48148
0
1.48148
1.11111
0.740741
0
1.48148
1.85185
2.96296
0.925926
0.37037
1.48148
0.740741
1.11111
1.48148
0.37037
0.740741
2.22222
1.48148
0.740741
0.925926
2.96296
1.11111
0.740741
1.11111
2.22222
1.48148
1.11111
1.48148
0
1.11111
1.11111
1.48148
1.48148
1.85185
2.22222
1.48148
2.22222
2.59259
0
1.85185
2.59259
1.48148
2.59259
2.40741
0.740741
1.11111
2.59259
0.740741
0.740741
0.37037
1.48148
1.11111
2.22222
0
1.11111
3.33333
2.59259
3.33333
3.7037
2.03704
2.59259
1.11111
3.33333
2.22222
2.96296
2.96296
3.7037
1.11111
4.07407
2.22222
3.33333
3.88889
4.81481
2.59259
4.07407
3.88889
4.07407
3.14815
7.03704
4.62963
7.40741
6.85185
10.9259
5.37037
6.2963
6.66667
6.48148
9.62963
6.48148
10.7407
16.2963
10.1852
6.11111
13.5185
6.66667
11.4815
5.74074
7.40741
7.03704
4.81481
8.14815
10.5556
6.85185
15.7407
6.66667
8.33333
11.1111
5.92593
11.4815
6.11111
5.74074
11.2963
10
10.3704
7.77778
6.2963
1.85185
3.33333
3.33333
4.07407
1.66667
1.85185
2.59259
2.59259
3.33333
1.11111
2.96296
3.7037
0.740741
0.925926
1.48148
1.85185
2.03704
1.11111
1.85185
2.59259
4.81481
1.11111
0.925926
2.22222
2.40741
2.96296
1.48148
1.48148
2.22222
0.740741
1.11111
1.11111
1.11111
0
1.11111
1.11111
1.85185
0.740741
2.03704
2.59259
0.740741
4.81481
0.740741
1.66667
3.7037
0.740741
4.07407
2.03704
1.48148
3.14815
2.22222
0
2.59259
0.740741
2.40741
1.85185
0
3.14815
3.14815
3.7037
0
2.22222
5.18519
0.37037
2.40741
2.59259
0.37037
1.48148
1.66667
2.22222
2.22222
1.48148
2.59259
1.66667
2.59259
3.14815
0.740741
2.22222
1.11111
1.11111
1.48148
1.66667
3.14815
0.740741
0.740741
0
0
2.22222
2.96296
3.7037
3.14815
1.48148
2.59259
2.96296
2.22222
1.85185
2.59259
1.48148
2.96296
2.59259
1.85185
0.555556
1.11111
2.96296
0
0.925926
1.2963
1.11111
0.37037
2.59259
2.96296
2.03704
2.96296
2.03704
4.44444
1.48148
1.11111
0.740741
1.48148
2.22222
1.48148
2.03704
1.48148
1.85185
1.66667
1.48148
3.33333
1.85185
1.85185
0.740741
1.48148
0.740741
3.33333
2.96296
1.48148
2.96296
3.14815
3.14815
2.59259
2.96296
2.96296
2.22222
2.22222
1.85185
1.85185
1.85185
0.740741
0.740741
0.740741
4.44444
0.740741
2.96296
3.33333
1.11111
0
1.48148
1.11111
1.85185
2.96296
3.33333
0.37037
0.740741
0.740741
0.740741
1.11111
2.22222
0.925926
0.740741
1.85185
2.22222
3.51852
1.85185
0.37037
1.11111
0.740741
1.66667
1.85185
2.59259
1.11111
0
0
2.22222
2.22222
2.22222
0.925926
1.48148
3.33333
1.48148
0
1.2963
0.925926
0.37037
0
0
0
0
0
0.740741
0.925926
0
0
0.37037
0
0.740741
0
0
0
0
0
0
0
0.37037
0
0
0
0.740741
0
