38.0000 0.05 1
182.222
57.7778
0
0
0
0
0
0
0
0
0
0
0
0
0
0
0
0
0
0
0
0
0
0
0
0
0
0
0
0
0
0
0
0
0
0
0
0
0
0
0
0
0
0
0
0
0
0
0
0
0
0
0
0
0
0
0
0
0
0
0
0
0
0
0
0
0
0
0
0
0
0
0
0
0
0
0
0
0
0
0
0
0
0
0
0
0
0
0
0
0
0
0
0
0
0
0
0
0
0
0
0
0
0
0
0
0
0
0
0
0
0
0
0
0
0
0
0
0
0
0
0
0
0
0
0
0
0
0
0
0
0
0
0
0
0
0
0
0
0
0
0
0
0
0
0
0
0
0
0
0
0
0
0
0
0
0
0
0
0
0
0
0
0
0
0
0
0
0
0
0
0
0
0
0
0
0
0
0
0
0
0
0
0
0
0
0
0
0
0
0
0
0
0
0
0
0
0
0
0
0
0
0
0
0
0
0
0
0
0
0
0
0
0
0
0
0
0
0
0
0
0
0
0
0
0
0
0
0
0
0
0
0
0
0
0
0
0
0
0
0
0
0
0
0
0
0
0
0
0
0
0
0
0
0
0
0
0
0
0
0
0
0
0
0
0
0
0
0
0
0
0
0
0
0
0
0
0
0
0
0
0
0
0
0
0
0
0
0
0
0
0
0
0
0
0
0
0
0
0
0
0
0
0
0
0
0
0
0
0
0
0
0
0
0
0
0
0
0
0
0
0
0
0
0
0
0
0
0
0
0
0
0
0
0
0
0
0
0
0
0
0
0
0
0
0
0
0
0
0
0
0
0
0
0
0
0
0
0
0
0
0
0
0
0
0
0
0
0
0
0
0
0
0
0
0
0
0
0
0
0
0
0
0
0
0
0
0
0
0
0
0
0
0
0
0
0
0
0
0
0
0
0
0
0
0
0
0
0
0
0
0
0
0
0
0
0
0
0
0
0
0
0
0
0
0
0
0
0
0
0
0
0
0
0
0
0
0
0
0
0
0
0
0
0
0
0
0
0
0
0
0
0
0
0
0
0
0
0
0
0
0
0
0
0
0
0
0
0
0
0
0
0
0
0
0
0
0
0
0
0
0
0
0
0
0
0
0
0
0
0
0
0
0
0
0
0
0
0
0
0
0
0
0
0
0
0
0
0
0
0
0
0
0
0
0
0
0
0
0
0
0
0
0
0
0
0
0
0
0
0
0
0
0
0
0
0
0
0
0
0
0
0
0
0
0
0
0
0
0
0
0
0
0
0
0
0
0
0
0
0
0
0
0
0
0
0
0
0
0
0
0
0
0
0
0
0
0
0
0
0
0
0
0
0
0
0
0
0
0
0
0
0
0
0
0
0
0
0
0
0
0
0
0
0
0
0
0
0
0
0
0
0
0
0
0
0
0
0
0
0
0
0
0
0
0
0
0
0
0
0
0
0
0
0
0
0
0
0
0
0
0
0
0
0
0
0
0
0
0
0
0
0
0
0
0
0
0
0
0
0
0
0
0
0
0
0
0
0
0
0
0
0
0
0
0
0
0
0
0
0
0
0
0
0
0
0
0
0
0
0
0
0
0
0
0
0
0
0
0
0
0
0
0
0
0
0
0
0
0
0
0
0
0
0
0
0
0
0
0
0
0
0
0
0
0
0
0
0
0
0
0
0
0
0
0
0
0
0
0
0
0
0
0
0
0
0
0
0
0
0
0
0
0
0
0
0
0
0
0
0
0
0
0
0
0
0
0
0
0
0
0
0
0
0
0
0
0
0
0
0
0
0
0
0
0
0
0
0
0
0
0
0
0
0
0
0
0
0
0
0
0
0
0
0
0
0
0
0
0
0
0
0
0
0
0
0
0
0
0
0
0
0
0
0
0
0
0
0
0
0
0
0
0
0
0
0
0
0
0
0
0
0
0
0
0
0
0
0
0
0
0
0
0
0
0
0
0
0
0
0
0
0
0
0
0
0
0
0
0
0
0
0
0
0
0
0
0
0
0
0
0
0
0
0
0
0
0
0
0
0
0
0
0
0
0
0
0
0
0
0
0
0
0
0
0
0
0
0
0
0
0
0
0
0
0
0
0
0
0
0
0
0
0
0
0
0
0
0
0
0
0
0
0
0
0
0
0
0
0
0
0
0
0
0
0
0
0
0
0
0
0
0
0
0
0
0
0
0
0
0
0
0
0
0
0
0
0
0
0
0
0
0
0
0
0
0
0
0
0
0
0
0
0
0
0
0
0
0
0
0
0
0
0
0
0
0
0
0
0
0
0
0
0
0
0
0
0
0
0
0
0
0
0
0
0
0
0
0
0
0
0
0
0
0
0
0
0
0
0
0
0
0
0
0
0
0
0
0
0
0
0
0
0
0
0
0
0
0
0
0
0
0
0.148148
0
0
0
0.296296
0.296296
0
0.296296
0
0.592593
0
1.18519
0
0
0
0.296296
1.18519
0
0
0
0.888889
0.592593
0
0
0.592593
0.296296
1.77778
0
0
0.592593
1.77778
0
0
0
1.77778
0
0
0
0
0.592593
1.18519
0
0
1.18519
0.888889
0
0
0
1.77778
0.296296
0.592593
0
0
1.18519
0.592593
0.296296
0.592593
1.77778
0
0.592593
0.592593
1.18519
1.18519
1.18519
0
0
0
1.18519
0
0.592593
1.18519
0
1.18519
0.592593
0.592593
1.48148
1.48148
0
0
2.96296
0.592593
1.18519
0
0
2.37037
1.18519
0
0.592593
0
0
0
0.592593
3.25926
1.18519
0
1.77778
1.77778
1.18519
1.18519
1.33333
0
0
0.296296
1.48148
0
2.96296
2.37037
0
0
2.37037
2.37037
0
0.592593
0.888889
0.296296
0.592593
1.33333
1.77778
1.18519
2.37037
3.85185
0.888889
1.18519
0
2.37037
0.592593
0
1.48148
2.37037
0.888889
0.888889
2.66667
1.48148
1.18519
2.37037
1.18519
0.592593
8
0
1.48148
2.96296
4.14815
1.48148
1.77778
1.77778
5.33333
4.14815
1.18519
2.96296
3.55556
4.14815
2.51852
2.96296
3.55556
2.66667
2.96296
4.74074
7.40741
8
3.85185
6.51852
7.11111
8
6.07407
4.74074
6.51852
8.59259
5.62963
5.33333
5.33333
5.62963
7.7037
4.14815
5.03704
6.07407
12.7407
4.14815
9.77778
10.5185
7.40741
14.0741
12.4444
7.11111
12.2963
15.4074
6.51852
6.81481
5.18519
7.7037
13.9259
7.11111
12.1481
5.92593
6.51852
4.59259
4.74074
6.07407
6.37037
2.07407
3.85185
3.25926
3.25926
2.96296
1.77778
2.66667
0
3.55556
0.296296
1.77778
2.66667
3.55556
1.92593
0.592593
4.14815
0.592593
5.03704
3.55556
0.592593
1.77778
4.14815
1.77778
1.48148
0
1.77778
2.07407
2.96296
3.55556
1.18519
0.592593
2.66667
0.592593
1.77778
0
0.592593
0
0
0
1.18519
2.37037
0
0
0
2.07407
0
0
1.48148
0
0.592593
1.77778
0
1.77778
1.18519
1.77778
0.592593
0
2.37037
3.55556
0.592593
0
3.55556
0.296296
2.66667
0.888889
1.77778
2.37037
0.592593
2.96296
2.37037
1.18519
1.18519
2.37037
1.18519
0.592593
0
1.18519
1.18519
1.18519
1.18519
0.888889
1.77778
0.296296
2.51852
2.37037
3.85185
1.18519
0
0
0
1.18519
1.77778
2.07407
0
0.296296
4.14815
0.592593
2.37037
1.48148
1.77778
1.18519
0
2.07407
1.18519
2.37037
1.48148
0.888889
2.66667
0.592593
0
0.592593
5.33333
2.96296
0
1.18519
0.592593
0.592593
1.18519
3.25926
0.592593
1.18519
2.07407
3.25926
2.37037
0
2.37037
0.592593
1.77778
1.18519
1.48148
0.888889
1.77778
1.18519
2.96296
1.18519
0.592593
1.48148
0.148148
1.77778
0
2.96296
0
0.888889
0.592593
0.296296
3.55556
3.55556
2.96296
1.18519
3.55556
0.296296
2.96296
2.96296
2.96296
1.18519
1.77778
2.96296
4.2963
0
1.77778
0
1.77778
1.77778
0.296296
0
1.18519
0
1.18519
1.77778
1.77778
1.18519
0.592593
4.14815
1.77778
3.55556
0.592593
2.51852
2.37037
2.66667
0.148148
1.18519
0.296296
2.96296
2.66667
2.66667
0.296296
0.740741
0.296296
1.18519
1.18519
0
3.25926
0.296296
1.18519
0
0.296296
3.25926
3.55556
0.592593
0
4.14815
2.37037
2.37037
1.48148
0.296296
1.77778
1.48148
3.55556
1.18519
3.55556
2.37037
2.66667
3.55556
1.18519
1.77778
1.77778
1.18519
1.77778
3.55556
0.296296
1.77778
2.37037
1.77778
2.07407
0
1.77778
0
2.07407
0
1.48148
0.296296
0.148148
3.55556
1.18519
1.48148
0.888889
1.77778
2.66667
1.77778
0.592593
0
0.592593
1.18519
0
3.55556
0.296296
0.592593
0.296296
0.444444
0.296296
0
0.888889
0.592593
0.296296
1.18519
0.592593
1.77778
0.592593
0.592593
1.18519
2.66667
1.18519
0.592593
0
0
0.592593
0
1.18519
0
0
0.592593
0
0.296296
0.592593
1.18519
0.592593
0
0
0
0
1.18519
0
0
0
0
0.296296
0
0
0
0
0
0
0
0
0
0.296296
0
0.592593
0
