63.0000 0.05 1
120
0
0
40
106.667
53.3333
8.88889
31.1111
0
0
0
0
0
0
0
0
0
0
0
0
0
0
0
0
0
0
0
0
0
0
0
0
0
0
0
0
0
0
0
0
0
0
0
0
0
0
0
0
0
0
0
0
0
0
0
0
0
0
0
0
0
0
0
0
0
0
0
0
0
0
0
0
0
0
0
0
0
0
0
0
0
0
0
0
0
0
0
0
0
0
0
0
0
0
0
0
0
0
0
0
0
0
0
0
0
0
0
0
0
0
0
0
0
0
0
0
0
0
0
0
0
0
0
0
0
0
0
0
0
0
0
0
0
0
0
0
0
0
0
0
0
0
0
0
0
0
0
0
0
0
0
0
0
0
0
0
0
0
0
0
0
0
0
0
0
0
0
0
0
0
0
0
0
0
0
0
0
0
0
0
0
0
0
0
0
0
0
0
0
0
0
0
0
0
0
0
0
0
0
0
0
0
0
0
0
0
0
0
0
0
0
0
0
0
0
0
0
0
0
0
0
0
0
0
0
0
0
0
0
0
0
0
0
0
0
0
0
0
0
0
0
0
0
0
0
0
0
0
0
0
0
0
0
0
0
0
0
0
0
0
0
0
0
0
0
0
0
0
0
0
0
0
0
0
0
0
0
0
0
0
0
0
0
0
0
0
0
0
0
0
0
0
0
0
0
0
0
0
0
0
0
0
0
0
0
0
0
0
0
0
0
0
0
0
0
0
0
0
0
0
0
0
0
0
0
0
0
0
0
0
0
0
0
0
0
0
0
0
0
0
0
0
0
0
0
0
0
0
0
0
0
0
0
0
0
0
0
0
0
0
0
0
0
0
0
0
0
0
0
0
0
0
0
0
0
0
0
0
0
0
0
0
0
0
0
0
0
0
0
0
0
0
0
0
0
0
0
0
0
0
0
0
0
0
0
0
0
0
0
0
0
0
0
0
0
0
0
0
0
0
0
0
0
0
0
0
0
0
0
0
0
0
0
0
0
0
0
0
0
0
0
0
0
0
0
0
0
0
0
0
0
0
0
0
0
0
0
0
0
0
0
0
0
0
0
0
0
0
0
0
0
0
0
0
0
0
0
0
0
0
0
0
0
0
0
0
0
0
0
0
0
0
0
0
0
0
0
0
0
0
0
0
0
0
0
0
0
0
0
0
0
0
0
0
0
0
0
0
0
0
0
0
0
0
0
0
0
0
0
0
0
0
0
0
0
0
0
0
0
0
0
0
0
0
0
0
0
0
0
0
0
0
0
0
0
0
0
0
0
0
0
0
0
0
0
0
0
0
0
0
0
0
0
0
0
0
0
0
0
0
0
0
0
0
0
0
0
0
0
0
0
0
0
0
0
0
0
0
0
0
0
0
0
0
0
0
0
0
0
0
0
0
0
0
0
0
0
0
0
0
0
0
0
0
0
0
0
0
0
0
0
0
0
0
0
0
0
0
0
0
0
0
0
0
0
0
0
0
0
0
0
0
0
0
0
0
0
0
0
0
0
0
0
0
0
0
0
0
0
0
0
0
0
0
0
0
0
0
0
0
0
0
0
0
0
0
0
0
0
0
0
0
0
0
0
0
0
0
0
0
0
0
0
0
0
0
0
0
0
0
0
0
0
0
0
0
0
0
0
0
0
0
0
0
0
0
0
0
0
0
0
0
0
0
0
0
0
0
0
0
0
0
0
0
0
0
0
0
0
0
0
0
0
0
0
0
0
0
0
0
0
0
0
0
0
0
0
0
0
0
0
0
0
0
0
0
0
0
0
0
0
0
0
0
0
0
0
0
0
0
0
0
0
0
0
0
0
0
0
0
0
0
0
0
0
0
0
0
0
0
0
0
0
0
0
0
0
0
0
0
0
0
0
0
0
0
0
0
0
0
0
0
0
0
0
0
0
0
0
0
0
0
0
0
0
0
0
0
0
0
0
0
0
0
0
0
0
0
0
0
0
0
0
0
0
0
0
0
0
0
0
0
0
0
0
0
0
0
0
0
0
0
0
0
0
0
0
0
0
0
0
0
0
0
0
0
0
0
0
0
0
0
0
0
0
0
0
0
0
0
0
0
0
0
0
0
0
0
0
0
0
0
0
0
0
0
0
0
0
0
0
0
0
0
0
0
0
0
0
0
0
0
0
0
0
0
0
0
0
0
0
0
0
0
0
0
0
0
0
0
0
0
0
0
0
0
0
0
0
0
0
0
0
0
0
0
0
0
0
0
0
0
0
0
0
0
0
0
0
0
0
0
0
0
0
0
0
0
0
0
0
0
0
0
0
0
0
0
0
0
0
0
0
0
0
0
0
0
0
0
0
0
0
0
0
0
0
0
0
0
0
0
0
0
0
0
0
0
0
0
0
0
0
0
0
0
0
0
0
0
0.296296
0
0
0
0.592593
0.592593
0
0.592593
0
1.18519
0
1.18519
1.18519
0
0
0
2.96296
0
0
0.592593
0
1.18519
1.18519
1.18519
0
0
1.18519
2.37037
0.592593
0
2.37037
1.18519
1.18519
0
1.18519
0
2.37037
0
0.592593
0
1.18519
2.37037
1.77778
0
2.37037
0
2.37037
0
1.18519
3.55556
0
0
0
4.74074
0.296296
0
1.18519
1.18519
3.55556
0
0
0.592593
1.18519
2.37037
0
2.37037
2.66667
0
1.77778
2.37037
0.592593
4.14815
1.18519
0
1.77778
0
2.37037
1.18519
1.77778
3.55556
1.18519
2.37037
0
4.74074
0
0.592593
1.18519
3.55556
2.37037
1.77778
1.18519
1.18519
1.18519
4.74074
0
0
2.37037
0.592593
0
3.55556
1.18519
4.14815
1.18519
0
1.18519
4.14815
1.18519
3.55556
3.55556
0.592593
2.37037
1.18519
0
5.33333
5.33333
0
2.96296
2.37037
1.18519
6.51852
0
2.37037
1.77778
5.03704
5.92593
0
3.55556
1.18519
2.37037
4.74074
2.37037
0
4.14815
2.37037
2.37037
1.77778
2.96296
1.18519
5.92593
7.11111
2.96296
3.55556
2.37037
2.37037
2.96296
3.55556
0.296296
8.2963
4.14815
3.55556
1.77778
1.77778
13.6296
5.33333
3.55556
5.62963
3.55556
5.33333
8.88889
7.11111
5.92593
9.18519
13.037
10.0741
15.7037
14.5185
4.14815
4.14815
13.037
7.7037
11.2593
6.51852
13.037
7.11111
3.85185
10.0741
14.8148
11.2593
15.1111
15.4074
13.037
13.6296
15.4074
14.2222
4.44444
9.48148
14.5185
18.3704
14.8148
21.9259
11.8519
21.037
11.2593
23.7037
7.11111
10.6667
19.2593
10.0741
13.3333
7.11111
5.62963
7.11111
3.25926
5.33333
0
3.55556
5.92593
1.77778
1.77778
4.14815
10.0741
6.51852
2.37037
5.33333
1.18519
8.2963
3.55556
0.592593
7.11111
2.96296
0
5.92593
5.92593
4.74074
2.37037
0.592593
2.37037
0.296296
0
5.33333
2.96296
3.55556
1.77778
1.48148
3.55556
4.14815
5.03704
5.33333
2.37037
0
2.37037
4.74074
1.77778
0.592593
4.14815
0.592593
4.74074
1.77778
4.14815
5.33333
4.14815
4.14815
1.18519
4.74074
2.96296
2.37037
2.37037
1.18519
9.48148
4.74074
3.55556
2.96296
0
2.96296
2.96296
0
8.2963
0
2.37037
1.18519
4.74074
2.37037
3.55556
1.77778
2.37037
1.18519
2.37037
0
1.18519
0
2.37037
2.37037
4.14815
2.96296
1.18519
6.51852
3.55556
6.51852
5.33333
1.18519
4.74074
2.37037
2.37037
1.18519
0.592593
2.37037
2.96296
5.33333
4.74074
1.18519
6.22222
2.37037
4.74074
1.77778
2.37037
1.18519
2.37037
6.51852
5.33333
5.92593
3.55556
4.74074
2.96296
0
0
0
3.55556
5.92593
0
4.74074
2.37037
0
4.14815
4.14815
2.96296
5.03704
5.33333
3.55556
11.2593
0
4.74074
0
3.55556
5.92593
2.96296
3.55556
2.37037
1.77778
0
1.18519
0
2.96296
1.18519
1.18519
7.11111
2.37037
4.74074
3.55556
4.14815
2.66667
4.74074
1.18519
11.2593
1.18519
9.77778
4.44444
0
2.37037
3.55556
0
2.37037
2.37037
1.77778
1.18519
4.14815
1.77778
7.11111
2.37037
1.77778
2.37037
1.77778
5.92593
0
0
0.296296
2.37037
1.77778
8.2963
0.592593
0.592593
3.55556
0
2.37037
1.18519
1.18519
1.77778
0.296296
1.18519
0
2.66667
1.18519
1.77778
3.55556
0.592593
1.18519
2.37037
1.18519
0
0
0
0.592593
0
2.37037
1.77778
0
0
0
1.48148
0
2.37037
0.592593
0.592593
0.592593
0
0.888889
0.592593
2.37037
1.18519
0
0.592593
0
0
0
0
0
0
0.592593
0
