88.0000 0.05 1
120
120
120
80
40
0
0
0
0
0
0
0
0
0
0
0
0
0
0
0
0
0
0
0
0
0
0
0
0
0
0
0
0
0
0
0
0
0
0
0
0
0
0
0
0
0
0
0
0
0
0
0
0
0
0
0
0
0
0
0
0
0
0
0
0
0
0
0
0
0
0
0
0
0
0
0
0
0
0
0
0
0
0
0
0
0
0
0
0
0
0
0
0
0
0
0
0
0
0
0
0
0
0
0
0
0
0
0
0
0
0
0
0
0
0
0
0
0
0
0
0
0
0
0
0
0
0
0
0
0
0
0
0
0
0
0
0
0
0
0
0
0
0
0
0
0
0
0
0
0
0
0
0
0
0
0
0
0
0
0
0
0
0
0
0
0
0
0
0
0
0
0
0
0
0
0
0
0
0
0
0
0
0
0
0
0
0
0
0
0
0
0
0
0
0
0
0
0
0
0
0
0
0
0
0
0
0
0
0
0
0
0
0
0
0
0
0
0
0
0
0
0
0
0
0
0
0
0
0
0
0
0
0
0
0
0
0
0
0
0
0
0
0
0
0
0
0
0
0
0
0
0
0
0
0
0
0
0
0
0
0
0
0
0
0
0
0
0
0
0
0
0
0
0
0
0
0
0
0
0
0
0
0
0
0
0
0
0
0
0
0
0
0
0
0
0
0
0
0
0
0
0
0
0
0
0
0
0
0
0
0
0
0
0
0
0
0
0
0
0
0
0
0
0
0
0
0
0
0
0
0
0
0
0
0
0
0
0
0
0
0
0
0
0
0
0
0
0
0
0
0
0
0
0
0
0
0
0
0
0
0
0
0
0
0
0
0
0
0
0
0
0
0
0
0
0
0
0
0
0
0
0
0
0
0
0
0
0
0
0
0
0
0
0
0
0
0
0
0
0
0
0
0
0
0
0
0
0
0
0
0
0
0
0
0
0
0
0
0
0
0
0
0
0
0
0
0
0
0
0
0
0
0
0
0
0
0
0
0
0
0
0
0
0
0
0
0
0
0
0
0
0
0
0
0
0
0
0
0
0
0
0
0
0
0
0
0
0
0
0
0
0
0
0
0
0
0
0
0
0
0
0
0
0
0
0
0
0
0
0
0
0
0
0
0
0
0
0
0
0
0
0
0
0
0
0
0
0
0
0
0
0
0
0
0
0
0
0
0
0
0
0
0
0
0
0
0
0
0
0
0
0
0
0
0
0
0
0
0
0
0
0
0
0
0
0
0
0
0
0
0
0
0
0
0
0
0
0
0
0
0
0
0
0
0
0
0
0
0
0
0
0
0
0
0
0
0
0
0
0
0
0
0
0
0
0
0
0
0
0
0
0
0
0
0
0
0
0
0
0
0
0
0
0
0
0
0
0
0
0
0
0
0
0
0
0
0
0
0
0
0
0
0
0
0
0
0
0
0
0
0
0
0
0
0
0
0
0
0
0
0
0
0
0
0
0
0
0
0
0
0
0
0
0
0
0
0
0
0
0
0
0
0
0
0
0
0
0
0
0
0
0
0
0
0
0
0
0
0
0
0
0
0
0
0
0
0
0
0
0
0
0
0
0
0
0
0
0
0
0
0
0
0
0
0
0
0
0
0
0
0
0
0
0
0
0
0
0
0
0
0
0
0
0
0
0
0
0
0
0
0
0
0
0
0
0
0
0
0
0
0
0
0
0
0
0
0
0
0
0
0
0
0
0
0
0
0
0
0
0
0
0
0
0
0
0
0
0
0
0
0
0
0
0
0
0
0
0
0
0
0
0
0
0
0
0
0
0
0
0
0
0
0
0
0
0
0
0
0
0
0
0
0
0
0
0
0
0
0
0
0
0
0
0
0
0
0
0
0
0
0
0
0
0
0
0
0
0
0
0
0
0
0
0
0
0
0
0
0
0
0
0
0
0
0
0
0
0
0
0
0
0
0
0
0
0
0
0
0
0
0
0
0
0
0
0
0
0
0
0
0
0
0
0
0
0
0
0
0
0
0
0
0
0
0
0
0
0
0
0
0
0
0
0
0
0
0
0
0
0
0
0
0
0
0
0
0
0
0
0
0
0
0
0
0
0
0
0
0
0
0
0
0
0
0
0
0
0
0
0
0
0
0
0
0
0
0
0
0
0
0
0
0
0
0
0
0
0
0
0
0
0
0
0
0
0
0
0
0
0
0
0
0
0
0
0
0
0
0
0
0
0
0
0
0
0
0
0
0
0
0
0
0
0
0
0
0
0
0
0
0
0
0
0
0
0
0
0
0
0
0
0
0
0
0
0
0
0
0
0
0
0
0
0
0
0
0
0
0
0
0
0
0
0
0
0
0
0
0
0
0
0
0
0
0
0
0
0
0
0
0
0
0
0
0
0
0
0
0
0
0
0.416667
0
0
0
0.833333
0.833333
0
0.833333
1.66667
0.833333
1.66667
0
0
0.833333
0.833333
0
2.5
0.833333
0.416667
2.5
0
1.66667
1.66667
1.66667
2.5
0.833333
0.416667
2.08333
0.833333
1.66667
0.833333
1.66667
1.25
0.833333
0
0.833333
5.41667
1.66667
1.25
0.833333
0.833333
2.5
0.833333
2.08333
2.5
1.25
0
2.91667
1.66667
1.25
1.25
0.833333
2.5
1.66667
3.75
2.5
2.5
1.66667
2.5
1.66667
1.25
2.91667
1.25
3.33333
3.33333
2.5
2.91667
0.833333
0
4.16667
0
0.833333
2.5
2.5
2.91667
2.5
5
2.08333
2.5
2.08333
0.416667
2.91667
3.33333
1.25
2.5
4.16667
3.33333
0
3.33333
2.91667
2.08333
3.33333
0
5
3.33333
4.16667
3.33333
2.91667
5
2.08333
1.66667
1.25
5
5.83333
1.66667
0
6.25
3.33333
4.16667
1.25
2.5
5
5.41667
0
1.66667
2.91667
3.75
1.66667
4.16667
1.66667
6.66667
2.08333
3.75
5
6.66667
4.16667
1.66667
3.33333
4.58333
2.5
6.25
5.41667
4.16667
5
7.08333
4.58333
4.16667
2.5
4.58333
4.58333
7.91667
5
4.16667
4.58333
6.66667
3.75
4.58333
2.5
7.5
3.33333
10
3.33333
8.75
9.58333
5.41667
14.1667
9.58333
8.75
10
10.8333
3.75
12.9167
12.5
7.5
14.5833
18.75
14.5833
18.3333
13.75
17.9167
21.6667
20.4167
18.75
27.5
14.5833
20
15
14.5833
13.3333
11.25
21.6667
20.8333
20
19.1667
20.4167
15.4167
19.1667
22.9167
18.3333
14.1667
15.8333
14.1667
26.25
24.1667
22.0833
10
12.9167
11.25
12.5
12.0833
9.16667
6.25
8.75
7.91667
5.83333
7.91667
8.75
4.58333
7.5
8.33333
7.5
1.66667
6.66667
3.75
9.58333
2.5
4.58333
1.66667
4.58333
3.75
6.25
8.75
4.58333
5.83333
2.08333
7.08333
7.91667
5.41667
5
5.41667
7.5
3.33333
1.25
2.08333
2.5
4.16667
4.16667
1.66667
2.5
6.25
7.08333
1.66667
4.58333
3.75
3.75
3.33333
2.5
4.16667
5
2.5
3.33333
6.25
4.16667
4.58333
2.5
6.66667
5.83333
4.16667
7.5
3.33333
5
3.33333
2.5
7.08333
6.66667
2.08333
3.75
2.08333
5
5
7.08333
4.58333
6.66667
5.83333
5
6.25
4.58333
4.16667
5
3.33333
2.5
3.33333
2.91667
5.83333
5.41667
2.5
5.83333
4.16667
4.58333
2.91667
2.91667
4.58333
5
4.16667
2.91667
6.66667
5.83333
1.66667
5
5.83333
6.66667
3.33333
6.25
5.41667
5.83333
3.33333
3.33333
6.25
9.16667
3.75
6.25
7.91667
4.58333
5.41667
4.16667
4.16667
8.33333
5
6.25
5.41667
4.58333
2.91667
3.33333
2.08333
7.5
5.41667
4.16667
2.91667
5.83333
3.33333
2.91667
5.83333
2.08333
2.5
8.33333
5
2.5
8.33333
6.66667
4.16667
4.16667
5
2.91667
1.66667
5.41667
7.91667
3.33333
3.75
3.33333
1.66667
6.66667
7.91667
4.16667
4.58333
3.33333
4.16667
5.83333
5.83333
2.5
0.833333
5.41667
4.16667
0
1.25
0
2.5
0.833333
0
2.08333
1.66667
0
0.833333
0
