83.0000 0.05 1
34.1667
48.4259
114.907
106.574
90
122.685
81.9444
1.2963
0
0
0
0
0
0
0
0
0
0
0
0
0
0
0
0
0
0
0
0
0
0
0
0
0
0
0
0
0
0
0
0
0
0
0
0
0
0
0
0
0
0
0
0
0
0
0
0
0
0
0
0
0
0
0
0
0
0
0
0
0
0
0
0
0
0
0
0
0
0
0
0
0
0
0
0
0
0
0
0
0
0
0
0
0
0
0
0
0
0
0
0
0
0
0
0
0
0
0
0
0
0
0
0
0
0
0
0
0
0
0
0
0
0
0
0
0
0
0
0
0
0
0
0
0
0
0
0
0
0
0
0
0
0
0
0
0
0
0
0
0
0
0
0
0
0
0
0
0
0
0
0
0
0
0
0
0
0
0
0
0
0
0
0
0
0
0
0
0
0
0
0
0
0
0
0
0
0
0
0
0
0
0
0
0
0
0
0
0
0
0
0
0
0
0
0
0
0
0
0
0
0
0
0
0
0
0
0
0
0
0
0
0
0
0
0
0
0
0
0
0
0
0
0
0
0
0
0
0
0
0
0
0
0
0
0
0
0
0
0
0
0
0
0
0
0
0
0
0
0
0
0
0
0
0
0
0
0
0
0
0
0
0
0
0
0
0
0
0
0
0
0
0
0
0
0
0
0
0
0
0
0
0
0
0
0
0
0
0
0
0
0
0
0
0
0
0
0
0
0
0
0
0
0
0
0
0
0
0
0
0
0
0
0
0
0
0
0
0
0
0
0
0
0
0
0
0
0
0
0
0
0
0
0
0
0
0
0
0
0
0
0
0
0
0
0
0
0
0
0
0
0
0
0
0
0
0
0
0
0
0
0
0
0
0
0
0
0
0
0
0
0
0
0
0
0
0
0
0
0
0
0
0
0
0
0
0
0
0
0
0
0
0
0
0
0
0
0
0
0
0
0
0
0
0
0
0
0
0
0
0
0
0
0
0
0
0
0
0
0
0
0
0
0
0
0
0
0
0
0
0
0
0
0
0
0
0
0
0
0
0
0
0
0
0
0
0
0
0
0
0
0
0
0
0
0
0
0
0
0
0
0
0
0
0
0
0
0
0
0
0
0
0
0
0
0
0
0
0
0
0
0
0
0
0
0
0
0
0
0
0
0
0
0
0
0
0
0
0
0
0
0
0
0
0
0
0
0
0
0
0
0
0
0
0
0
0
0
0
0
0
0
0
0
0
0
0
0
0
0
0
0
0
0
0
0
0
0
0
0
0
0
0
0
0
0
0
0
0
0
0
0
0
0
0
0
0
0
0
0
0
0
0
0
0
0
0
0
0
0
0
0
0
0
0
0
0
0
0
0
0
0
0
0
0
0
0
0
0
0
0
0
0
0
0
0
0
0
0
0
0
0
0
0
0
0
0
0
0
0
0
0
0
0
0
0
0
0
0
0
0
0
0
0
0
0
0
0
0
0
0
0
0
0
0
0
0
0
0
0
0
0
0
0
0
0
0
0
0
0
0
0
0
0
0
0
0
0
0
0
0
0
0
0
0
0
0
0
0
0
0
0
0
0
0
0
0
0
0
0
0
0
0
0
0
0
0
0
0
0
0
0
0
0
0
0
0
0
0
0
0
0
0
0
0
0
0
0
0
0
0
0
0
0
0
0
0
0
0
0
0
0
0
0
0
0
0
0
0
0
0
0
0
0
0
0
0
0
0
0
0
0
0
0
0
0
0
0
0
0
0
0
0
0
0
0
0
0
0
0
0
0
0
0
0
0
0
0
0
0
0
0
0
0
0
0
0
0
0
0
0
0
0
0
0
0
0
0
0
0
0
0
0
0
0
0
0
0
0
0
0
0
0
0
0
0
0
0
0
0
0
0
0
0
0
0
0
0
0
0
0
0
0
0
0
0
0
0
0
0
0
0
0
0
0
0
0
0
0
0
0
0
0
0
0
0
0
0
0
0
0
0
0
0
0
0
0
0
0
0
0
0
0
0
0
0
0
0
0
0
0
0
0
0
0
0
0
0
0
0
0
0
0
0
0
0
0
0
0
0
0
0
0
0
0
0
0
0
0
0
0
0
0
0
0
0
0
0
0
0
0
0
0
0
0
0
0
0
0
0
0
0
0
0
0
0
0
0
0
0
0
0
0
0
0
0
0
0
0
0
0
0
0
0
0
0
0
0
0
0
0
0
0
0
0
0
0
0
0
0
0
0
0
0
0
0
0
0
0
0
0
0
0
0
0
0
0
0
0
0
0
0
0
0
0
0
0
0
0
0
0
0
0
0
0
0
0
0
0
0
0
0
0
0
0
0
0
0
0
0
0
0
0
0
0
0
0
0
0
0
0
0
0
0
0
0
0
0
0
0
0
0
0
0
0
0
0
0
0
0
0
0
0
0
0
0
0
0
0
0
0
0
0
0
0
0
0
0
0
0
0
0
0
0
0
0
0.185185
0
0
0
0
0.37037
0.37037
0.740741
0.740741
0
0
0.740741
0
0
0
0.740741
0
0
0.740741
0.37037
2.22222
0
0
0.37037
0.740741
0
2.22222
0.37037
0.740741
0
0
1.11111
1.48148
0
0
0
0.37037
0.555556
0.37037
0.37037
2.22222
1.11111
1.48148
1.11111
0.925926
0.740741
0
1.48148
1.48148
1.85185
0.37037
1.11111
0
0.925926
1.48148
0
1.66667
0.185185
0
1.11111
1.85185
0.555556
0.740741
2.22222
0.37037
0.740741
0
0.37037
0
0
0.185185
1.48148
0
1.85185
2.96296
0.740741
1.11111
0.37037
2.22222
0.740741
2.59259
0
3.33333
1.48148
0.37037
1.85185
1.11111
0.740741
4.81481
0.37037
1.11111
1.48148
1.2963
0.185185
1.48148
1.85185
2.22222
3.33333
2.96296
1.11111
1.11111
3.7037
2.59259
3.7037
2.96296
2.31481
4.16667
2.68519
1.94444
2.03704
1.48148
2.22222
6.11111
2.96296
6.57407
7.12963
6.2963
5.92593
4.25926
7.03704
3.24074
4.72222
6.11111
3.88889
4.44444
6.75926
8.42593
6.94444
6.66667
9.44444
10.463
12.5926
10.463
13.1481
8.05556
9.44444
11.6667
15.463
7.68519
10.1852
11.5741
7.77778
9.81481
10.2778
14.3519
12.1296
15.9259
10
11.2037
12.8704
11.1111
13.4259
15.5556
12.3148
8.98148
13.0556
14.537
16.4815
15.7407
15.463
12.4074
11.3889
13.0556
12.5926
13.8889
12.4074
10.5556
11.2963
15.463
12.2222
11.4815
11.0185
10.1852
15.1852
17.4074
16.7593
16.9444
18.3333
13.2407
12.963
13.7037
14.7222
16.2037
8.98148
11.0185
16.8519
19.2593
14.7222
11.8519
17.037
16.4815
14.537
13.0556
13.5185
6.94444
7.12963
2.77778
3.7037
4.25926
5.09259
5.55556
3.98148
2.96296
2.59259
2.77778
2.96296
2.96296
3.14815
2.96296
3.33333
1.85185
2.96296
1.85185
1.2963
2.03704
2.59259
2.59259
2.59259
1.11111
1.11111
0.37037
0.37037
2.77778
3.7037
2.22222
1.85185
3.51852
2.96296
1.11111
0.925926
1.85185
1.66667
3.51852
3.33333
2.59259
1.85185
2.96296
0.185185
0.555556
2.96296
2.59259
2.77778
0.925926
0.740741
1.11111
1.2963
1.85185
1.11111
0.555556
0.740741
0.37037
0
2.22222
0.925926
1.2963
0.740741
2.03704
1.11111
1.94444
0.648148
0.925926
0.0925926
0.0925926
2.22222
0.555556
2.40741
2.59259
1.2963
1.2963
2.77778
1.48148
2.77778
0
0.37037
0.185185
0
1.11111
2.96296
0
0
0
0.740741
1.2963
1.38889
2.5
0.925926
0.555556
1.11111
0.925926
1.85185
2.22222
2.40741
1.48148
2.03704
3.14815
2.40741
0.37037
2.40741
0.925926
3.7037
0
1.85185
2.96296
3.7037
1.85185
5.18519
3.51852
2.03704
0.555556
0
1.11111
0
1.2963
0.185185
4.07407
3.24074
2.31481
2.68519
0.648148
0.185185
0.925926
1.01852
0.277778
2.40741
0.925926
1.85185
1.85185
1.48148
2.03704
0.740741
0.925926
3.14815
1.2963
0.740741
1.85185
1.2963
1.85185
0.925926
1.11111
2.59259
0.37037
0.740741
1.85185
3.33333
1.2037
0.833333
1.48148
6.11111
0.37037
2.59259
1.48148
1.48148
1.11111
1.66667
2.40741
3.14815
2.22222
1.11111
1.48148
0.740741
1.2963
4.25926
2.59259
2.59259
1.11111
2.59259
4.81481
1.11111
3.14815
0.925926
3.14815
2.96296
4.07407
2.22222
1.85185
2.59259
3.33333
2.59259
1.11111
0.37037
1.2963
0.555556
0
1.11111
1.48148
0.740741
3.33333
2.31481
0.833333
0
0.740741
2.77778
1.11111
0
2.96296
0.740741
2.59259
1.11111
0.925926
2.03704
2.59259
2.22222
2.40741
2.22222
1.85185
0.740741
1.66667
0
4.81481
0.740741
0
2.22222
1.11111
0
2.59259
0.740741
0
1.48148
0.740741
1.48148
0
0.185185
2.96296
0
0
0.555556
0.555556
1.2963
0.740741
0.740741
0.37037
0
0
0
0.740741
0.0925926
0.833333
0.37037
0
0
0
0
0
0
0.37037
0
