108.0000 0.05 1
275.556
75.5556
48.8889
80
0
0
110
50
30
50
0
0
0
0
0
0
0
0
0
0
0
0
0
0
0
0
0
0
0
0
0
0
0
0
0
0
0
0
0
0
0
0
0
0
0
0
0
0
0
0
0
0
0
0
0
0
0
0
0
0
0
0
0
0
0
0
0
0
0
0
0
0
0
0
0
0
0
0
0
0
0
0
0
0
0
0
0
0
0
0
0
0
0
0
0
0
0
0
0
0
0
0
0
0
0
0
0
0
0
0
0
0
0
0
0
0
0
0
0
0
0
0
0
0
0
0
0
0
0
0
0
0
0
0
0
0
0
0
0
0
0
0
0
0
0
0
0
0
0
0
0
0
0
0
0
0
0
0
0
0
0
0
0
0
0
0
0
0
0
0
0
0
0
0
0
0
0
0
0
0
0
0
0
0
0
0
0
0
0
0
0
0
0
0
0
0
0
0
0
0
0
0
0
0
0
0
0
0
0
0
0
0
0
0
0
0
0
0
0
0
0
0
0
0
0
0
0
0
0
0
0
0
0
0
0
0
0
0
0
0
0
0
0
0
0
0
0
0
0
0
0
0
0
0
0
0
0
0
0
0
0
0
0
0
0
0
0
0
0
0
0
0
0
0
0
0
0
0
0
0
0
0
0
0
0
0
0
0
0
0
0
0
0
0
0
0
0
0
0
0
0
0
0
0
0
0
0
0
0
0
0
0
0
0
0
0
0
0
0
0
0
0
0
0
0
0
0
0
0
0
0
0
0
0
0
0
0
0
0
0
0
0
0
0
0
0
0
0
0
0
0
0
0
0
0
0
0
0
0
0
0
0
0
0
0
0
0
0
0
0
0
0
0
0
0
0
0
0
0
0
0
0
0
0
0
0
0
0
0
0
0
0
0
0
0
0
0
0
0
0
0
0
0
0
0
0
0
0
0
0
0
0
0
0
0
0
0
0
0
0
0
0
0
0
0
0
0
0
0
0
0
0
0
0
0
0
0
0
0
0
0
0
0
0
0
0
0
0
0
0
0
0
0
0
0
0
0
0
0
0
0
0
0
0
0
0
0
0
0
0
0
0
0
0
0
0
0
0
0
0
0
0
0
0
0
0
0
0
0
0
0
0
0
0
0
0
0
0
0
0
0
0
0
0
0
0
0
0
0
0
0
0
0
0
0
0
0
0
0
0
0
0
0
0
0
0
0
0
0
0
0
0
0
0
0
0
0
0
0
0
0
0
0
0
0
0
0
0
0
0
0
0
0
0
0
0
0
0
0
0
0
0
0
0
0
0
0
0
0
0
0
0
0
0
0
0
0
0
0
0
0
0
0
0
0
0
0
0
0
0
0
0
0
0
0
0
0
0
0
0
0
0
0
0
0
0
0
0
0
0
0
0
0
0
0
0
0
0
0
0
0
0
0
0
0
0
0
0
0
0
0
0
0
0
0
0
0
0
0
0
0
0
0
0
0
0
0
0
0
0
0
0
0
0
0
0
0
0
0
0
0
0
0
0
0
0
0
0
0
0
0
0
0
0
0
0
0
0
0
0
0
0
0
0
0
0
0
0
0
0
0
0
0
0
0
0
0
0
0
0
0
0
0
0
0
0
0
0
0
0
0
0
0
0
0
0
0
0
0
0
0
0
0
0
0
0
0
0
0
0
0
0
0
0
0
0
0
0
0
0
0
0
0
0
0
0
0
0
0
0
0
0
0
0
0
0
0
0
0
0
0
0
0
0
0
0
0
0
0
0
0
0
0
0
0
0
0
0
0
0
0
0
0
0
0
0
0
0
0
0
0
0
0
0
0
0
0
0
0
0
0
0
0
0
0
0
0
0
0
0
0
0
0
0
0
0
0
0
0
0
0
0
0
0
0
0
0
0
0
0
0
0
0
0
0
0
0
0
0
0
0
0
0
0
0
0
0
0
0
0
0
0
0
0
0
0
0
0
0
0
0
0
0
0
0
0
0
0
0
0
0
0
0
0
0
0
0
0
0
0
0
0
0
0
0
0
0
0
0
0
0
0
0
0
0
0
0
0
0
0
0
0
0
0
0
0
0
0
0
0
0
0
0
0
0
0
0
0
0
0
0
0
0
0
0
0
0
0
0
0
0
0
0
0
0
0
0
0
0
0
0
0
0
0
0
0
0
0
0
0
0
0
0
0
0
0
0
0
0
0
0
0
0
0
0
0
0
0
0
0
0
0
0
0
0
0
0
0
0
0
0
0
0
0
0
0
0
0
0
0
0
0
0
0
0
0
0
0
0
0
0
0
0
0
0
0
0
0
0
0
0
0
0
0
0
0
0
0
0
0
0
0
0
0
0
0
0
0
0
0
0
0
0
0
0
0
0
0
0
0
0
0
0
0
0
0
0
0
0
0
0
0
0
0
0
0
0.277778
0.555556
0.555556
0
1.38889
0
0
0.555556
0
0
0.555556
0
1.11111
1.11111
0
0.555556
3.33333
0
0
2.22222
0.277778
0
0
1.11111
2.22222
1.11111
2.22222
0.555556
0.555556
0
1.11111
0.555556
0
0
0
1.11111
2.22222
0.277778
3.33333
2.22222
0.555556
0.555556
0
1.66667
0
2.77778
1.11111
0.555556
2.22222
1.11111
1.11111
1.11111
1.11111
2.77778
0.833333
2.22222
3.33333
3.88889
1.66667
1.66667
0
0
0
2.77778
1.11111
0.555556
2.22222
1.66667
0
1.11111
1.11111
5.55556
1.11111
1.11111
5.55556
2.22222
0
0.555556
5
0
1.11111
5.55556
0.555556
0
1.11111
0
3.33333
2.22222
1.11111
3.88889
2.22222
2.22222
4.44444
1.11111
1.66667
1.66667
1.11111
0
3.88889
5.55556
1.66667
0.555556
3.33333
3.88889
1.11111
5.55556
2.22222
3.33333
4.44444
0
2.77778
2.22222
3.88889
3.33333
2.22222
0.555556
4.44444
3.88889
3.33333
2.22222
2.77778
4.44444
10
0
3.33333
0.555556
6.66667
9.16667
3.61111
6.66667
0.555556
3.05556
5.55556
4.44444
3.88889
3.61111
15.2778
2.22222
7.22222
5
6.38889
13.3333
4.44444
6.94444
3.33333
10
7.22222
10
10.5556
7.77778
16.1111
9.44444
16.1111
20.2778
19.4444
21.6667
20
16.6667
8.88889
22.5
23.3333
16.1111
20.5556
9.44444
13.8889
13.3333
20.2778
20
17.7778
10.2778
7.5
24.1667
13.8889
23.8889
18.8889
30
15
10.2778
14.1667
20.5556
28.3333
18.3333
18.8889
15.8333
27.5
30.2778
25
22.7778
20.8333
18.6111
17.2222
13.3333
24.1667
19.7222
28.0556
19.1667
19.4444
15.2778
23.0556
18.3333
26.3889
11.6667
12.2222
9.44444
3.61111
8.05556
6.11111
12.7778
5
7.77778
5.27778
3.88889
0.555556
3.88889
1.66667
1.11111
7.77778
11.6667
3.88889
2.5
6.11111
10
8.88889
2.77778
1.11111
5
8.33333
3.88889
6.11111
3.88889
4.72222
0.555556
5
1.11111
4.44444
2.22222
3.33333
3.33333
1.11111
2.77778
1.66667
0
3.61111
6.66667
0.555556
0
1.11111
5
3.33333
3.33333
0
0.555556
4.44444
0.555556
2.22222
0
0
0
1.11111
2.77778
2.22222
6.11111
1.38889
2.22222
5.55556
2.22222
7.5
2.22222
7.5
1.11111
1.11111
0.555556
8.33333
3.33333
2.22222
3.88889
10.5556
2.22222
3.33333
1.94444
0.555556
2.22222
7.22222
1.66667
10.5556
1.11111
0.555556
8.33333
0.555556
2.22222
2.77778
1.11111
1.66667
6.11111
2.77778
1.11111
2.77778
6.11111
5.55556
5.55556
6.11111
4.44444
0.833333
0.833333
3.33333
1.11111
4.16667
3.88889
3.33333
6.66667
5
3.88889
3.88889
4.44444
0.555556
4.44444
4.44444
5
0
3.33333
5.55556
4.16667
0.555556
2.22222
1.66667
1.11111
2.22222
1.38889
0.555556
3.88889
6.11111
2.22222
6.11111
0.555556
1.38889
9.44444
5.55556
2.77778
5.55556
0
1.94444
1.11111
1.94444
1.66667
3.33333
4.72222
5
4.44444
2.22222
3.88889
2.77778
4.44444
4.44444
6.11111
1.66667
1.38889
3.88889
1.11111
4.44444
10
5.55556
2.77778
1.66667
5.55556
1.38889
2.22222
3.33333
6.11111
5.55556
7.77778
1.66667
3.88889
2.77778
6.94444
1.66667
6.11111
4.44444
3.33333
6.66667
4.44444
4.72222
4.72222
2.77778
2.77778
4.72222
7.5
0
4.44444
6.66667
2.22222
0
6.11111
10
3.88889
5.83333
5
1.66667
1.66667
6.66667
7.22222
0
2.5
4.72222
5.55556
0.555556
0.555556
2.5
3.33333
5
3.33333
1.11111
3.88889
0
0
0.555556
1.11111
2.22222
0
5.55556
1.11111
1.11111
0
3.33333
2.22222
1.11111
0
0
0
0
0
0
1.11111
0
0
0
0
0
0
2.22222
0
0
0
1.11111
0
1.11111
0
1.11111
0
0
1.11111
0
0
1.11111
0
0
0
0
0
0
0
0
0
0
0
0
0
0
1.11111
0
0
0
0
0
0
0
1.11111
0
0
0
1.11111
0
