54.0000 0.05 1
80
0
104.63
95.7407
79.6296
0
0
0
0
0
0
0
0
0
0
0
0
0
0
0
0
0
0
0
0
0
0
0
0
0
0
0
0
0
0
0
0
0
0
0
0
0
0
0
0
0
0
0
0
0
0
0
0
0
0
0
0
0
0
0
0
0
0
0
0
0
0
0
0
0
0
0
0
0
0
0
0
0
0
0
0
0
0
0
0
0
0
0
0
0
0
0
0
0
0
0
0
0
0
0
0
0
0
0
0
0
0
0
0
0
0
0
0
0
0
0
0
0
0
0
0
0
0
0
0
0
0
0
0
0
0
0
0
0
0
0
0
0
0
0
0
0
0
0
0
0
0
0
0
0
0
0
0
0
0
0
0
0
0
0
0
0
0
0
0
0
0
0
0
0
0
0
0
0
0
0
0
0
0
0
0
0
0
0
0
0
0
0
0
0
0
0
0
0
0
0
0
0
0
0
0
0
0
0
0
0
0
0
0
0
0
0
0
0
0
0
0
0
0
0
0
0
0
0
0
0
0
0
0
0
0
0
0
0
0
0
0
0
0
0
0
0
0
0
0
0
0
0
0
0
0
0
0
0
0
0
0
0
0
0
0
0
0
0
0
0
0
0
0
0
0
0
0
0
0
0
0
0
0
0
0
0
0
0
0
0
0
0
0
0
0
0
0
0
0
0
0
0
0
0
0
0
0
0
0
0
0
0
0
0
0
0
0
0
0
0
0
0
0
0
0
0
0
0
0
0
0
0
0
0
0
0
0
0
0
0
0
0
0
0
0
0
0
0
0
0
0
0
0
0
0
0
0
0
0
0
0
0
0
0
0
0
0
0
0
0
0
0
0
0
0
0
0
0
0
0
0
0
0
0
0
0
0
0
0
0
0
0
0
0
0
0
0
0
0
0
0
0
0
0
0
0
0
0
0
0
0
0
0
0
0
0
0
0
0
0
0
0
0
0
0
0
0
0
0
0
0
0
0
0
0
0
0
0
0
0
0
0
0
0
0
0
0
0
0
0
0
0
0
0
0
0
0
0
0
0
0
0
0
0
0
0
0
0
0
0
0
0
0
0
0
0
0
0
0
0
0
0
0
0
0
0
0
0
0
0
0
0
0
0
0
0
0
0
0
0
0
0
0
0
0
0
0
0
0
0
0
0
0
0
0
0
0
0
0
0
0
0
0
0
0
0
0
0
0
0
0
0
0
0
0
0
0
0
0
0
0
0
0
0
0
0
0
0
0
0
0
0
0
0
0
0
0
0
0
0
0
0
0
0
0
0
0
0
0
0
0
0
0
0
0
0
0
0
0
0
0
0
0
0
0
0
0
0
0
0
0
0
0
0
0
0
0
0
0
0
0
0
0
0
0
0
0
0
0
0
0
0
0
0
0
0
0
0
0
0
0
0
0
0
0
0
0
0
0
0
0
0
0
0
0
0
0
0
0
0
0
0
0
0
0
0
0
0
0
0
0
0
0
0
0
0
0
0
0
0
0
0
0
0
0
0
0
0
0
0
0
0
0
0
0
0
0
0
0
0
0
0
0
0
0
0
0
0
0
0
0
0
0
0
0
0
0
0
0
0
0
0
0
0
0
0
0
0
0
0
0
0
0
0
0
0
0
0
0
0
0
0
0
0
0
0
0
0
0
0
0
0
0
0
0
0
0
0
0
0
0
0
0
0
0
0
0
0
0
0
0
0
0
0
0
0
0
0
0
0
0
0
0
0
0
0
0
0
0
0
0
0
0
0
0
0
0
0
0
0
0
0
0
0
0
0
0
0
0
0
0
0
0
0
0
0
0
0
0
0
0
0
0
0
0
0
0
0
0
0
0
0
0
0
0
0
0
0
0
0
0
0
0
0
0
0
0
0
0
0
0
0
0
0
0
0
0
0
0
0
0
0
0
0
0
0
0
0
0
0
0
0
0
0
0
0
0
0
0
0
0
0
0
0
0
0
0
0
0
0
0
0
0
0
0
0
0
0
0
0
0
0
0
0
0
0
0
0
0
0
0
0
0
0
0
0
0
0
0
0
0
0
0
0
0
0
0
0
0
0
0
0
0
0
0
0
0
0
0
0
0
0
0
0
0
0
0
0
0
0
0
0
0
0
0
0
0
0
0
0
0
0
0
0
0
0
0
0
0
0
0
0
0
0
0
0
0
0
0
0
0
0
0
0
0
0
0
0
0
0
0
0
0
0
0
0
0
0
0
0
0
0
0
0
0
0
0
0
0
0
0
0
0
0
0
0
0
0
0
0
0
0
0
0
0
0
0
0
0
0
0
0
0
0
0
0
0
0
0
0
0
0
0
0
0
0
0
0
0
0
0
0
0
0
0
0
0
0
0
0
0
0
0
0
0
0
0
0
0
0
0
0
0
0
0
0
0
0
0
0
0
0.185185
0
0
0
0.37037
0
0.37037
0
0.740741
1.11111
0
0
0.37037
0
0
0
0.740741
0
0.37037
0.740741
0.740741
0.37037
0.740741
0.37037
0.37037
0
1.11111
0.37037
0.740741
0.740741
0
0.37037
0.740741
1.48148
0
0.925926
1.11111
0
0
0.37037
0.740741
0.740741
0.740741
0.740741
0
0.740741
0.925926
1.85185
0.185185
1.11111
0.740741
0
0
2.59259
0
1.11111
0.37037
0.740741
0
1.11111
1.48148
0.740741
1.48148
0.185185
1.48148
0.740741
0
2.22222
0.37037
0.37037
0
1.48148
2.22222
0
1.85185
0.740741
0.740741
0
0.740741
1.85185
0.37037
2.22222
0
1.48148
0.740741
1.11111
0
2.22222
1.48148
0.740741
2.59259
0.37037
1.11111
1.48148
0.740741
1.48148
0.740741
0
2.59259
0.925926
0.37037
0.37037
2.22222
0.37037
2.59259
2.22222
0.740741
2.96296
1.11111
2.22222
1.11111
1.11111
0.37037
0
3.33333
2.22222
0.740741
0.740741
2.22222
3.88889
1.85185
1.11111
3.33333
1.48148
3.14815
2.22222
0
0.740741
1.48148
4.07407
2.59259
1.2963
3.33333
2.59259
1.85185
2.59259
2.40741
1.85185
3.7037
3.51852
2.77778
4.07407
5.37037
5
5.37037
5.18519
7.40741
5.18519
4.81481
4.62963
5.55556
7.03704
8.14815
8.88889
9.07407
6.85185
9.62963
7.59259
4.81481
12.037
9.81481
11.2963
12.7778
14.0741
11.8519
8.14815
8.51852
8.14815
8.51852
6.66667
7.59259
9.81481
10
10.9259
4.44444
10
8.88889
10.1852
11.1111
13.8889
7.03704
13.7037
6.48148
8.7037
7.59259
10.1852
3.7037
8.51852
9.25926
13.3333
10
7.40741
9.25926
13.8889
17.4074
6.2963
14.4444
10.1852
5.55556
6.2963
12.4074
6.2963
4.81481
8.88889
3.7037
4.81481
2.77778
4.07407
2.22222
4.44444
3.33333
2.96296
0.37037
2.22222
4.44444
0.740741
0.37037
3.33333
1.48148
2.22222
1.85185
0.740741
1.11111
0.740741
1.11111
1.48148
1.48148
1.48148
2.96296
4.44444
0.740741
1.11111
0
0
2.03704
2.59259
2.96296
0.740741
0.740741
1.48148
1.11111
1.48148
2.59259
1.85185
1.85185
2.22222
1.11111
0
1.85185
0.740741
1.48148
0
0
0
0.925926
0.185185
0
0.740741
1.85185
0
0.740741
0.740741
0.925926
1.85185
1.11111
2.77778
2.22222
0.740741
3.88889
0
1.2963
3.7037
2.59259
2.22222
1.85185
3.33333
1.11111
0.37037
1.85185
1.85185
0
0
0
2.22222
0
2.40741
3.7037
1.11111
1.48148
2.96296
3.88889
1.11111
2.59259
5.74074
3.7037
0.740741
3.51852
0.37037
2.59259
2.40741
1.11111
1.85185
1.48148
2.22222
0.740741
1.85185
3.7037
2.40741
1.2963
0.740741
0.37037
2.96296
0.740741
1.48148
2.22222
1.85185
0
1.11111
0.740741
1.85185
2.59259
1.48148
1.11111
2.59259
0.37037
0.37037
1.85185
2.96296
1.48148
2.22222
1.85185
0.740741
1.85185
0.740741
2.77778
1.85185
1.2963
2.40741
1.48148
2.22222
2.59259
1.11111
1.85185
1.85185
3.7037
1.85185
1.85185
5.18519
1.85185
2.22222
2.59259
1.85185
0.740741
0
2.59259
1.48148
0.740741
1.85185
2.22222
1.85185
1.11111
2.59259
0.740741
3.7037
3.33333
3.14815
2.77778
0.740741
2.40741
2.22222
0
1.48148
2.96296
0.740741
0
2.22222
1.85185
2.96296
1.48148
2.77778
1.11111
0.740741
0.37037
2.96296
0.555556
1.85185
0.740741
1.48148
1.66667
1.11111
0.925926
1.85185
2.59259
4.44444
2.22222
0.740741
0.740741
2.22222
1.11111
0.740741
1.11111
2.96296
2.59259
0.37037
0.740741
1.48148
3.7037
2.22222
1.48148
1.11111
1.48148
2.59259
0
0.740741
1.48148
1.85185
0.37037
1.11111
0.740741
1.48148
1.2963
0
0.37037
0.740741
0.740741
1.11111
0.925926
1.11111
1.48148
0
0.740741
0.740741
0
0.185185
0
0
0.740741
0
0
0
0.37037
0
0
0
0
0
0
0
0
0
0.37037
0
0
0.740741
0.185185
0
