76.0000 0.05 1
203.2
36.8
0
80
88
72
0
0
0
0
0
0
0
0
0
0
0
0
0
0
0
0
0
0
0
0
0
0
0
0
0
0
0
0
0
0
0
0
0
0
0
0
0
0
0
0
0
0
0
0
0
0
0
0
0
0
0
0
0
0
0
0
0
0
0
0
0
0
0
0
0
0
0
0
0
0
0
0
0
0
0
0
0
0
0
0
0
0
0
0
0
0
0
0
0
0
0
0
0
0
0
0
0
0
0
0
0
0
0
0
0
0
0
0
0
0
0
0
0
0
0
0
0
0
0
0
0
0
0
0
0
0
0
0
0
0
0
0
0
0
0
0
0
0
0
0
0
0
0
0
0
0
0
0
0
0
0
0
0
0
0
0
0
0
0
0
0
0
0
0
0
0
0
0
0
0
0
0
0
0
0
0
0
0
0
0
0
0
0
0
0
0
0
0
0
0
0
0
0
0
0
0
0
0
0
0
0
0
0
0
0
0
0
0
0
0
0
0
0
0
0
0
0
0
0
0
0
0
0
0
0
0
0
0
0
0
0
0
0
0
0
0
0
0
0
0
0
0
0
0
0
0
0
0
0
0
0
0
0
0
0
0
0
0
0
0
0
0
0
0
0
0
0
0
0
0
0
0
0
0
0
0
0
0
0
0
0
0
0
0
0
0
0
0
0
0
0
0
0
0
0
0
0
0
0
0
0
0
0
0
0
0
0
0
0
0
0
0
0
0
0
0
0
0
0
0
0
0
0
0
0
0
0
0
0
0
0
0
0
0
0
0
0
0
0
0
0
0
0
0
0
0
0
0
0
0
0
0
0
0
0
0
0
0
0
0
0
0
0
0
0
0
0
0
0
0
0
0
0
0
0
0
0
0
0
0
0
0
0
0
0
0
0
0
0
0
0
0
0
0
0
0
0
0
0
0
0
0
0
0
0
0
0
0
0
0
0
0
0
0
0
0
0
0
0
0
0
0
0
0
0
0
0
0
0
0
0
0
0
0
0
0
0
0
0
0
0
0
0
0
0
0
0
0
0
0
0
0
0
0
0
0
0
0
0
0
0
0
0
0
0
0
0
0
0
0
0
0
0
0
0
0
0
0
0
0
0
0
0
0
0
0
0
0
0
0
0
0
0
0
0
0
0
0
0
0
0
0
0
0
0
0
0
0
0
0
0
0
0
0
0
0
0
0
0
0
0
0
0
0
0
0
0
0
0
0
0
0
0
0
0
0
0
0
0
0
0
0
0
0
0
0
0
0
0
0
0
0
0
0
0
0
0
0
0
0
0
0
0
0
0
0
0
0
0
0
0
0
0
0
0
0
0
0
0
0
0
0
0
0
0
0
0
0
0
0
0
0
0
0
0
0
0
0
0
0
0
0
0
0
0
0
0
0
0
0
0
0
0
0
0
0
0
0
0
0
0
0
0
0
0
0
0
0
0
0
0
0
0
0
0
0
0
0
0
0
0
0
0
0
0
0
0
0
0
0
0
0
0
0
0
0
0
0
0
0
0
0
0
0
0
0
0
0
0
0
0
0
0
0
0
0
0
0
0
0
0
0
0
0
0
0
0
0
0
0
0
0
0
0
0
0
0
0
0
0
0
0
0
0
0
0
0
0
0
0
0
0
0
0
0
0
0
0
0
0
0
0
0
0
0
0
0
0
0
0
0
0
0
0
0
0
0
0
0
0
0
0
0
0
0
0
0
0
0
0
0
0
0
0
0
0
0
0
0
0
0
0
0
0
0
0
0
0
0
0
0
0
0
0
0
0
0
0
0
0
0
0
0
0
0
0
0
0
0
0
0
0
0
0
0
0
0
0
0
0
0
0
0
0
0
0
0
0
0
0
0
0
0
0
0
0
0
0
0
0
0
0
0
0
0
0
0
0
0
0
0
0
0
0
0
0
0
0
0
0
0
0
0
0
0
0
0
0
0
0
0
0
0
0
0
0
0
0
0
0
0
0
0
0
0
0
0
0
0
0
0
0
0
0
0
0
0
0
0
0
0
0
0
0
0
0
0
0
0
0
0
0
0
0
0
0
0
0
0
0
0
0
0
0
0
0
0
0
0
0
0
0
0
0
0
0
0
0
0
0
0
0
0
0
0
0
0
0
0
0
0
0
0
0
0
0
0
0
0
0
0
0
0
0
0
0
0
0
0
0
0
0
0
0
0
0
0
0
0
0
0
0
0
0
0
0
0
0
0
0
0
0
0
0
0
0
0
0
0
0
0
0
0
0
0
0
0
0
0
0
0
0
0
0
0
0
0
0
0
0
0
0
0
0
0
0
0
0
0
0
0
0
0
0
0
0
0
0
0
0
0
0
0
0
0
0
0
0
0
0
0
0
0
0
0
0
0
0
0
0
0
0
0
0
0
0.32
0
0.64
0
0
0
0
0.64
1.28
0
0
0
1.28
1.28
0
0
0
1.92
0.64
0
1.28
0.64
3.2
0
0
0
0.64
2.56
0
0
0.64
1.92
0
1.28
0
1.28
0
2.56
1.28
0
0
0
0
2.56
0.32
1.28
0
3.84
0.32
4.48
0
1.28
1.28
0
1.28
0
1.28
2.56
1.28
0
2.56
0
1.28
3.84
0
3.2
2.56
0
1.28
1.28
0.64
0
0
1.92
0
2.56
5.12
3.2
0
0
1.28
3.84
5.12
0
2.56
1.92
1.28
3.2
3.2
2.56
0
0.64
0
0
0
0
0
4.48
0
1.28
2.56
2.56
2.56
5.12
1.28
3.84
5.12
0
0
2.56
0
2.56
1.28
6.4
0.64
5.12
6.4
3.2
0
0
1.92
5.12
3.2
1.28
1.28
2.56
1.28
2.56
1.6
3.84
2.56
8.96
2.56
3.84
5.12
3.84
2.56
6.4
2.56
0
1.28
1.28
13.44
5.12
2.56
5.76
11.52
0
1.28
9.28
5.76
6.4
9.6
5.76
5.12
6.4
5.76
9.28
5.44
13.76
4.48
12.8
16.32
8.64
23.68
10.24
24.32
7.04
17.92
12.8
16.96
9.28
10.88
10.88
10.88
15.36
18.56
13.44
8.96
10.88
16.64
17.28
10.24
22.4
16.96
26.56
12.48
9.6
21.76
30.72
23.68
24.96
16.32
12.16
10.56
10.88
4.48
3.84
6.72
3.2
5.12
6.4
0.64
12.8
14.08
13.44
7.04
5.12
7.04
8.96
2.56
5.76
0.64
3.84
3.84
0
1.28
5.12
5.44
3.84
8.96
2.56
4.16
0
2.56
1.28
5.76
8.96
0
1.92
5.12
0
1.28
0
1.92
1.92
3.84
0
0
2.56
5.12
0
0
4.48
0
5.76
1.28
2.56
1.28
1.28
1.28
0
3.84
0
2.56
0
0
6.4
0
3.84
3.84
1.28
2.56
2.56
3.2
0.32
1.92
2.56
2.56
2.56
5.76
7.04
1.92
0.64
4.48
7.04
5.12
1.28
0
6.4
0.32
3.84
3.2
7.04
4.48
4.16
0
3.2
1.28
5.76
1.92
3.84
2.56
3.84
1.92
1.28
1.28
0
8.32
1.28
2.88
2.56
1.28
0
0.32
5.44
7.04
2.24
0
8.32
7.04
3.2
1.92
2.56
0
3.2
0.64
2.56
2.56
3.2
2.56
6.4
2.56
1.28
1.28
1.92
5.76
10.24
10.24
1.28
0.64
3.84
1.28
1.28
5.12
4.48
1.92
2.56
0
1.28
3.84
6.4
1.92
3.84
1.92
0
2.56
2.56
1.28
2.56
5.76
3.84
4.48
3.84
2.56
6.4
3.84
1.92
3.84
3.84
0
1.28
1.28
0
6.4
6.4
3.84
1.92
10.24
1.92
1.28
7.04
2.56
0
3.84
3.84
7.36
3.84
5.12
1.28
2.56
0
0.64
1.92
6.72
3.2
1.28
1.28
3.2
3.84
0
7.04
3.84
0
1.92
3.2
2.56
4.8
0
0.64
2.56
2.56
2.56
5.76
1.28
1.6
0
0.64
3.2
2.56
0
2.56
7.68
1.28
0
0
0
2.56
3.2
2.56
0.32
3.84
1.28
0.64
0
1.28
1.28
0
