54.0000 0.05 1
160
80
0
0
0
0
0
0
40
80
0
0
0
0
0
0
0
0
0
0
0
0
0
0
0
0
0
0
0
0
0
0
0
0
0
0
0
0
0
0
0
0
0
0
0
0
0
0
0
0
0
0
0
0
0
0
0
0
0
0
0
0
0
0
0
0
0
0
0
0
0
0
0
0
0
0
0
0
0
0
0
0
0
0
0
0
0
0
0
0
0
0
0
0
0
0
0
0
0
0
0
0
0
0
0
0
0
0
0
0
0
0
0
0
0
0
0
0
0
0
0
0
0
0
0
0
0
0
0
0
0
0
0
0
0
0
0
0
0
0
0
0
0
0
0
0
0
0
0
0
0
0
0
0
0
0
0
0
0
0
0
0
0
0
0
0
0
0
0
0
0
0
0
0
0
0
0
0
0
0
0
0
0
0
0
0
0
0
0
0
0
0
0
0
0
0
0
0
0
0
0
0
0
0
0
0
0
0
0
0
0
0
0
0
0
0
0
0
0
0
0
0
0
0
0
0
0
0
0
0
0
0
0
0
0
0
0
0
0
0
0
0
0
0
0
0
0
0
0
0
0
0
0
0
0
0
0
0
0
0
0
0
0
0
0
0
0
0
0
0
0
0
0
0
0
0
0
0
0
0
0
0
0
0
0
0
0
0
0
0
0
0
0
0
0
0
0
0
0
0
0
0
0
0
0
0
0
0
0
0
0
0
0
0
0
0
0
0
0
0
0
0
0
0
0
0
0
0
0
0
0
0
0
0
0
0
0
0
0
0
0
0
0
0
0
0
0
0
0
0
0
0
0
0
0
0
0
0
0
0
0
0
0
0
0
0
0
0
0
0
0
0
0
0
0
0
0
0
0
0
0
0
0
0
0
0
0
0
0
0
0
0
0
0
0
0
0
0
0
0
0
0
0
0
0
0
0
0
0
0
0
0
0
0
0
0
0
0
0
0
0
0
0
0
0
0
0
0
0
0
0
0
0
0
0
0
0
0
0
0
0
0
0
0
0
0
0
0
0
0
0
0
0
0
0
0
0
0
0
0
0
0
0
0
0
0
0
0
0
0
0
0
0
0
0
0
0
0
0
0
0
0
0
0
0
0
0
0
0
0
0
0
0
0
0
0
0
0
0
0
0
0
0
0
0
0
0
0
0
0
0
0
0
0
0
0
0
0
0
0
0
0
0
0
0
0
0
0
0
0
0
0
0
0
0
0
0
0
0
0
0
0
0
0
0
0
0
0
0
0
0
0
0
0
0
0
0
0
0
0
0
0
0
0
0
0
0
0
0
0
0
0
0
0
0
0
0
0
0
0
0
0
0
0
0
0
0
0
0
0
0
0
0
0
0
0
0
0
0
0
0
0
0
0
0
0
0
0
0
0
0
0
0
0
0
0
0
0
0
0
0
0
0
0
0
0
0
0
0
0
0
0
0
0
0
0
0
0
0
0
0
0
0
0
0
0
0
0
0
0
0
0
0
0
0
0
0
0
0
0
0
0
0
0
0
0
0
0
0
0
0
0
0
0
0
0
0
0
0
0
0
0
0
0
0
0
0
0
0
0
0
0
0
0
0
0
0
0
0
0
0
0
0
0
0
0
0
0
0
0
0
0
0
0
0
0
0
0
0
0
0
0
0
0
0
0
0
0
0
0
0
0
0
0
0
0
0
0
0
0
0
0
0
0
0
0
0
0
0
0
0
0
0
0
0
0
0
0
0
0
0
0
0
0
0
0
0
0
0
0
0
0
0
0
0
0
0
0
0
0
0
0
0
0
0
0
0
0
0
0
0
0
0
0
0
0
0
0
0
0
0
0
0
0
0
0
0
0
0
0
0
0
0
0
0
0
0
0
0
0
0
0
0
0
0
0
0
0
0
0
0
0
0
0
0
0
0
0
0
0
0
0
0
0
0
0
0
0
0
0
0
0
0
0
0
0
0
0
0
0
0
0
0
0
0
0
0
0
0
0
0
0
0
0
0
0
0
0
0
0
0
0
0
0
0
0
0
0
0
0
0
0
0
0
0
0
0
0
0
0
0
0
0
0
0
0
0
0
0
0
0
0
0
0
0
0
0
0
0
0
0
0
0
0
0
0
0
0
0
0
0
0
0
0
0
0
0
0
0
0
0
0
0
0
0
0
0
0
0
0
0
0
0
0
0
0
0
0
0
0
0
0
0
0
0
0
0
0
0
0
0
0
0
0
0
0
0
0
0
0
0
0
0
0
0
0
0
0
0
0
0
0
0
0
0
0
0
0
0
0
0
0
0
0
0
0
0
0
0
0
0
0
0
0
0
0
0
0
0
0
0
0
0
0
0
0
0
0
0
0
0
0
0
0
0
0
0
0
0
0
0
0
0
0
0
0
0
0
0
0
0.185185
0.37037
0.37037
0.185185
0
0
0
0
0
0
0
0
1.48148
1.48148
1.48148
0
0
0
0
0
0
0
0
2.22222
1.48148
0.740741
0
0
0
0
0
0
0.185185
0
0.37037
0
0
0
0
0
0.37037
0
0
0
2.40741
1.48148
2.22222
0
1.48148
0
0
0
0
1.48148
0
3.7037
5.92593
1.48148
0
0
0
0
1.48148
0
0
0.740741
0
0
0
0.185185
0
0
0
0
0
0.37037
0.740741
0
1.48148
0
0
0
2.96296
0
0
1.48148
2.96296
3.7037
0
0.37037
2.96296
0.740741
1.48148
0
2.96296
1.48148
2.96296
1.48148
0
0
0
0
0.185185
0
1.48148
5.92593
2.96296
0.185185
0
1.48148
0
0.740741
0.740741
0
1.48148
1.48148
0
1.48148
0
0
1.11111
4.44444
1.48148
2.96296
1.48148
4.44444
1.48148
2.96296
1.48148
5.18519
2.96296
0.37037
4.07407
2.96296
0
6.85185
0.740741
0
0.740741
0
5.92593
2.96296
5.55556
2.96296
0
4.44444
2.22222
4.25926
4.07407
2.22222
3.88889
8.88889
5.92593
1.48148
13.7037
4.44444
6.66667
6.66667
16.6667
11.1111
8.88889
2.96296
7.40741
3.33333
8.88889
8.14815
9.62963
0
0.740741
8.88889
3.7037
15.1852
6.66667
5.18519
4.44444
7.40741
14.8148
24.4444
9.62963
11.8519
7.77778
10.3704
11.8519
9.62963
5.18519
14.4444
10.3704
4.81481
3.7037
5.18519
7.59259
7.77778
11.1111
10.3704
11.4815
8.14815
3.14815
0
2.59259
17.7778
10
4.44444
2.96296
6.66667
0
2.96296
2.22222
10.3704
19.4444
11.8519
28.1481
9.07407
16.2963
7.77778
4.44444
7.77778
3.7037
0
2.59259
2.22222
1.85185
3.7037
5.18519
2.96296
4.44444
4.44444
6.2963
2.22222
1.66667
0.740741
0
1.48148
2.96296
0
8.14815
0
5.18519
1.48148
4.07407
0
4.44444
0
3.7037
0
0.740741
1.48148
0
2.96296
0
0
1.48148
3.7037
2.96296
3.7037
1.48148
0.740741
0.37037
0
1.48148
2.22222
0.740741
4.44444
2.22222
0
2.96296
3.7037
1.85185
0.185185
4.44444
2.59259
0
0
1.48148
0
0
0
1.48148
0
4.44444
0
0.740741
2.96296
6.66667
0.740741
0
2.22222
1.48148
4.44444
0.740741
0
2.96296
0
0.740741
5.92593
0
0
0
2.96296
0
2.96296
0
0
0.740741
0.740741
0
2.96296
0
0
0.740741
0
1.48148
1.85185
1.11111
0
0
0
1.48148
1.85185
4.44444
0.740741
2.22222
0
1.48148
2.96296
1.66667
0
3.7037
0
5.18519
0.740741
1.48148
4.44444
2.96296
2.96296
1.48148
2.59259
3.33333
4.44444
1.48148
0
2.96296
0.740741
0
4.44444
0
0.740741
0
0
2.96296
0
1.48148
2.96296
2.96296
8.88889
4.44444
0
0.37037
0.740741
0.740741
1.85185
5.92593
0
0
0
0
0
3.7037
0
4.07407
0
0
0.185185
0.740741
2.96296
1.48148
0
1.48148
5.18519
1.48148
0
4.44444
1.48148
0
2.59259
0
5.18519
3.33333
6.66667
2.96296
1.48148
0
1.48148
2.96296
1.48148
1.48148
1.48148
1.48148
0
0
1.48148
0
0
0
1.48148
0
2.96296
1.48148
3.7037
0
0
0
0
1.48148
0
1.48148
1.48148
1.11111
0
1.11111
5.18519
0
0
2.22222
0
5.92593
0.740741
0.740741
0
2.96296
0
0
0.37037
0
0
2.22222
1.48148
0
0
0
0
0
1.48148
0
0
0
0
0
0.740741
0
0
0
0
0
0
0
0.740741
0
0
0
0
0
0
0
0
0
0
0
0
0
0
0
1.48148
0
