76.0000 0.05 1
200
40
56
104
0
0
0
80
0
0
0
0
0
0
0
0
0
0
0
0
0
0
0
0
0
0
0
0
0
0
0
0
0
0
0
0
0
0
0
0
0
0
0
0
0
0
0
0
0
0
0
0
0
0
0
0
0
0
0
0
0
0
0
0
0
0
0
0
0
0
0
0
0
0
0
0
0
0
0
0
0
0
0
0
0
0
0
0
0
0
0
0
0
0
0
0
0
0
0
0
0
0
0
0
0
0
0
0
0
0
0
0
0
0
0
0
0
0
0
0
0
0
0
0
0
0
0
0
0
0
0
0
0
0
0
0
0
0
0
0
0
0
0
0
0
0
0
0
0
0
0
0
0
0
0
0
0
0
0
0
0
0
0
0
0
0
0
0
0
0
0
0
0
0
0
0
0
0
0
0
0
0
0
0
0
0
0
0
0
0
0
0
0
0
0
0
0
0
0
0
0
0
0
0
0
0
0
0
0
0
0
0
0
0
0
0
0
0
0
0
0
0
0
0
0
0
0
0
0
0
0
0
0
0
0
0
0
0
0
0
0
0
0
0
0
0
0
0
0
0
0
0
0
0
0
0
0
0
0
0
0
0
0
0
0
0
0
0
0
0
0
0
0
0
0
0
0
0
0
0
0
0
0
0
0
0
0
0
0
0
0
0
0
0
0
0
0
0
0
0
0
0
0
0
0
0
0
0
0
0
0
0
0
0
0
0
0
0
0
0
0
0
0
0
0
0
0
0
0
0
0
0
0
0
0
0
0
0
0
0
0
0
0
0
0
0
0
0
0
0
0
0
0
0
0
0
0
0
0
0
0
0
0
0
0
0
0
0
0
0
0
0
0
0
0
0
0
0
0
0
0
0
0
0
0
0
0
0
0
0
0
0
0
0
0
0
0
0
0
0
0
0
0
0
0
0
0
0
0
0
0
0
0
0
0
0
0
0
0
0
0
0
0
0
0
0
0
0
0
0
0
0
0
0
0
0
0
0
0
0
0
0
0
0
0
0
0
0
0
0
0
0
0
0
0
0
0
0
0
0
0
0
0
0
0
0
0
0
0
0
0
0
0
0
0
0
0
0
0
0
0
0
0
0
0
0
0
0
0
0
0
0
0
0
0
0
0
0
0
0
0
0
0
0
0
0
0
0
0
0
0
0
0
0
0
0
0
0
0
0
0
0
0
0
0
0
0
0
0
0
0
0
0
0
0
0
0
0
0
0
0
0
0
0
0
0
0
0
0
0
0
0
0
0
0
0
0
0
0
0
0
0
0
0
0
0
0
0
0
0
0
0
0
0
0
0
0
0
0
0
0
0
0
0
0
0
0
0
0
0
0
0
0
0
0
0
0
0
0
0
0
0
0
0
0
0
0
0
0
0
0
0
0
0
0
0
0
0
0
0
0
0
0
0
0
0
0
0
0
0
0
0
0
0
0
0
0
0
0
0
0
0
0
0
0
0
0
0
0
0
0
0
0
0
0
0
0
0
0
0
0
0
0
0
0
0
0
0
0
0
0
0
0
0
0
0
0
0
0
0
0
0
0
0
0
0
0
0
0
0
0
0
0
0
0
0
0
0
0
0
0
0
0
0
0
0
0
0
0
0
0
0
0
0
0
0
0
0
0
0
0
0
0
0
0
0
0
0
0
0
0
0
0
0
0
0
0
0
0
0
0
0
0
0
0
0
0
0
0
0
0
0
0
0
0
0
0
0
0
0
0
0
0
0
0
0
0
0
0
0
0
0
0
0
0
0
0
0
0
0
0
0
0
0
0
0
0
0
0
0
0
0
0
0
0
0
0
0
0
0
0
0
0
0
0
0
0
0
0
0
0
0
0
0
0
0
0
0
0
0
0
0
0
0
0
0
0
0
0
0
0
0
0
0
0
0
0
0
0
0
0
0
0
0
0
0
0
0
0
0
0
0
0
0
0
0
0
0
0
0
0
0
0
0
0
0
0
0
0
0
0
0
0
0
0
0
0
0
0
0
0
0
0
0
0
0
0
0
0
0
0
0
0
0
0
0
0
0
0
0
0
0
0
0
0
0
0
0
0
0
0
0
0
0
0
0
0
0
0
0
0
0
0
0
0
0
0
0
0
0
0
0
0
0
0
0
0
0
0
0
0
0
0
0
0
0
0
0
0
0
0
0
0
0
0
0
0
0
0
0
0
0
0
0
0
0
0
0
0
0
0
0
0
0
0
0
0
0
0
0
0
0
0
0
0
0
0
0
0
0
0
0
0
0
0
0
0
0
0
0
0
0
0
0
0
0
0
0
0
0
0
0
0
0
0
0
0
0
0
0
0
0
0
0
0
0
0
0
0
0
0
0
0
0
0
0
0
0
0
0
0
0
0
0
0
0
0
0
0
0
0.32
0
0
0
0.64
0
0
2.56
0.64
0
0
0
1.28
0
0.64
2.56
0
0.64
0
0
0
1.28
1.28
1.28
2.56
1.28
0
0
0
2.56
0
3.84
0
0.64
0
0
0
1.28
2.56
0
3.84
0
0
0
0
0
3.84
1.92
1.28
0
0
0
0
0
2.56
3.84
3.84
0
0
1.28
2.56
0
1.92
7.68
0
0
0
0
0.64
0
2.56
1.28
2.56
0.64
1.28
1.28
0
3.84
1.28
1.28
0
1.28
1.28
2.56
0
5.12
0
0
0
2.56
0
3.84
0
1.28
0
7.04
2.56
0
1.28
1.92
4.48
0.64
2.56
0.96
1.6
1.28
3.84
2.56
4.48
1.28
0
1.28
0
6.4
0
1.28
3.84
0
1.28
0
7.68
0.64
0
1.28
3.84
2.56
0
2.56
1.28
1.28
8.96
1.92
4.48
5.12
2.56
3.52
1.92
4.48
4.48
7.04
2.56
3.84
5.76
0
5.12
6.4
2.24
3.52
3.2
7.04
7.04
1.6
11.84
3.84
3.84
2.56
8
5.12
10.24
7.04
3.2
12.16
7.36
4.48
7.04
14.08
13.44
9.6
21.12
16.32
17.92
15.68
29.76
16.32
15.36
15.36
21.44
19.84
12.16
19.2
12.48
15.36
12.16
4.48
22.4
6.4
7.04
21.12
15.04
12.16
20.48
11.84
9.6
14.08
11.52
15.04
29.44
13.12
22.72
10.88
13.44
17.28
5.12
6.4
9.6
7.68
6.4
14.72
0
7.04
15.04
0
3.2
7.36
8.96
3.2
1.28
5.12
8.96
7.04
2.56
1.92
7.68
2.56
3.52
3.2
0
1.28
7.68
5.12
1.28
0
4.16
1.92
0
0
2.56
5.44
7.68
2.56
1.28
5.76
2.56
0
0
2.56
1.92
3.84
2.56
0
2.56
2.56
1.92
2.56
4.48
6.4
3.2
5.12
0
8.96
0
0
6.4
3.84
1.28
3.2
1.28
1.28
2.56
0.32
7.68
0.64
1.28
0.96
2.56
0
0
2.56
1.28
7.68
1.28
1.28
3.2
3.84
5.12
3.84
2.24
3.2
2.56
1.28
3.84
7.04
2.56
3.2
7.04
1.28
1.28
1.28
8.32
3.2
1.28
5.12
0.64
3.2
0
1.28
1.92
2.56
3.84
2.56
1.28
1.28
5.12
0
5.76
1.28
1.28
11.52
0
2.56
0
2.56
0.64
5.12
2.56
3.2
3.2
3.2
3.84
3.52
3.84
0
0.96
3.84
5.12
2.56
4.48
1.28
3.2
3.2
3.84
2.56
2.56
2.56
2.56
6.4
1.28
6.4
3.84
1.28
2.56
3.84
2.56
0.64
5.12
3.84
0.64
4.48
0.64
5.12
4.48
0
1.28
2.56
3.2
4.16
0
2.88
1.28
5.12
4.48
3.84
0.64
6.4
0
3.84
2.56
1.28
0.64
3.2
4.48
1.92
0.64
5.12
8.32
1.28
7.04
3.84
3.2
0.96
6.4
3.84
7.04
3.84
0
5.12
6.4
1.28
5.76
0
3.84
5.12
2.56
0
2.56
0
2.56
0
0
0
2.56
2.56
0.64
0.32
0
0
0.64
0.64
0
1.6
0
0
1.28
1.28
0
