89.0000 0.05 1
174.933
221.067
4.26667
79.7333
0
80
0
8.53333
31.4667
0
0
0
0
0
0
0
0
0
0
0
0
0
0
0
0
0
0
0
0
0
0
0
0
0
0
0
0
0
0
0
0
0
0
0
0
0
0
0
0
0
0
0
0
0
0
0
0
0
0
0
0
0
0
0
0
0
0
0
0
0
0
0
0
0
0
0
0
0
0
0
0
0
0
0
0
0
0
0
0
0
0
0
0
0
0
0
0
0
0
0
0
0
0
0
0
0
0
0
0
0
0
0
0
0
0
0
0
0
0
0
0
0
0
0
0
0
0
0
0
0
0
0
0
0
0
0
0
0
0
0
0
0
0
0
0
0
0
0
0
0
0
0
0
0
0
0
0
0
0
0
0
0
0
0
0
0
0
0
0
0
0
0
0
0
0
0
0
0
0
0
0
0
0
0
0
0
0
0
0
0
0
0
0
0
0
0
0
0
0
0
0
0
0
0
0
0
0
0
0
0
0
0
0
0
0
0
0
0
0
0
0
0
0
0
0
0
0
0
0
0
0
0
0
0
0
0
0
0
0
0
0
0
0
0
0
0
0
0
0
0
0
0
0
0
0
0
0
0
0
0
0
0
0
0
0
0
0
0
0
0
0
0
0
0
0
0
0
0
0
0
0
0
0
0
0
0
0
0
0
0
0
0
0
0
0
0
0
0
0
0
0
0
0
0
0
0
0
0
0
0
0
0
0
0
0
0
0
0
0
0
0
0
0
0
0
0
0
0
0
0
0
0
0
0
0
0
0
0
0
0
0
0
0
0
0
0
0
0
0
0
0
0
0
0
0
0
0
0
0
0
0
0
0
0
0
0
0
0
0
0
0
0
0
0
0
0
0
0
0
0
0
0
0
0
0
0
0
0
0
0
0
0
0
0
0
0
0
0
0
0
0
0
0
0
0
0
0
0
0
0
0
0
0
0
0
0
0
0
0
0
0
0
0
0
0
0
0
0
0
0
0
0
0
0
0
0
0
0
0
0
0
0
0
0
0
0
0
0
0
0
0
0
0
0
0
0
0
0
0
0
0
0
0
0
0
0
0
0
0
0
0
0
0
0
0
0
0
0
0
0
0
0
0
0
0
0
0
0
0
0
0
0
0
0
0
0
0
0
0
0
0
0
0
0
0
0
0
0
0
0
0
0
0
0
0
0
0
0
0
0
0
0
0
0
0
0
0
0
0
0
0
0
0
0
0
0
0
0
0
0
0
0
0
0
0
0
0
0
0
0
0
0
0
0
0
0
0
0
0
0
0
0
0
0
0
0
0
0
0
0
0
0
0
0
0
0
0
0
0
0
0
0
0
0
0
0
0
0
0
0
0
0
0
0
0
0
0
0
0
0
0
0
0
0
0
0
0
0
0
0
0
0
0
0
0
0
0
0
0
0
0
0
0
0
0
0
0
0
0
0
0
0
0
0
0
0
0
0
0
0
0
0
0
0
0
0
0
0
0
0
0
0
0
0
0
0
0
0
0
0
0
0
0
0
0
0
0
0
0
0
0
0
0
0
0
0
0
0
0
0
0
0
0
0
0
0
0
0
0
0
0
0
0
0
0
0
0
0
0
0
0
0
0
0
0
0
0
0
0
0
0
0
0
0
0
0
0
0
0
0
0
0
0
0
0
0
0
0
0
0
0
0
0
0
0
0
0
0
0
0
0
0
0
0
0
0
0
0
0
0
0
0
0
0
0
0
0
0
0
0
0
0
0
0
0
0
0
0
0
0
0
0
0
0
0
0
0
0
0
0
0
0
0
0
0
0
0
0
0
0
0
0
0
0
0
0
0
0
0
0
0
0
0
0
0
0
0
0
0
0
0
0
0
0
0
0
0
0
0
0
0
0
0
0
0
0
0
0
0
0
0
0
0
0
0
0
0
0
0
0
0
0
0
0
0
0
0
0
0
0
0
0
0
0
0
0
0
0
0
0
0
0
0
0
0
0
0
0
0
0
0
0
0
0
0
0
0
0
0
0
0
0
0
0
0
0
0
0
0
0
0
0
0
0
0
0
0
0
0
0
0
0
0
0
0
0
0
0
0
0
0
0
0
0
0
0
0
0
0
0
0
0
0
0
0
0
0
0
0
0
0
0
0
0
0
0
0
0
0
0
0
0
0
0
0
0
0
0
0
0
0
0
0
0
0
0
0
0
0
0
0
0
0
0
0
0
0
0
0
0
0
0
0
0
0
0
0
0
0
0
0
0
0
0
0
0
0
0
0
0
0
0
0
0
0
0
0
0
0
0
0
0
0
0
0
0
0
0
0
0
0
0
0
0
0
0
0
0
0
0
0
0
0
0
0
0
0
0
0
0
0
0
0
0
0
0
0
0
0
0
0
0
0
0
0
0
0
0
0
0
0
0
0
0
0
0
0
0
0
0.266667
0
0
0
0
1.06667
0.533333
0
0
0.533333
0
2.66667
0
0
0
1.06667
0
1.06667
0
1.06667
0
0
1.06667
0
0.533333
3.2
0
2.13333
2.13333
0
0
2.13333
1.06667
0.533333
1.06667
0
0
0
0
1.6
0
2.13333
0
0
3.2
1.06667
1.06667
2.13333
0
2.4
1.06667
2.13333
0.533333
1.06667
0
3.46667
0.533333
0
2.13333
0
2.13333
0.533333
1.06667
0.533333
0.533333
3.2
0
3.2
1.06667
0
3.73333
1.06667
1.6
2.13333
0
2.13333
4.26667
1.06667
1.06667
0
0
0
4.26667
2.13333
1.06667
0.533333
4.8
1.06667
3.2
0
1.06667
0
2.13333
2.4
0
3.73333
1.33333
0
7.46667
6.93333
2.13333
0.266667
3.2
2.13333
2.13333
0
0
4.26667
0
1.06667
2.13333
1.06667
5.33333
1.06667
1.06667
4
9.6
0
1.06667
8.26667
1.06667
3.2
2.66667
3.2
1.6
3.2
3.2
5.33333
5.06667
8.8
1.06667
3.2
2.66667
2.13333
5.33333
1.06667
8
9.86667
3.46667
5.86667
11.2
10.1333
9.6
9.6
5.86667
14.9333
8.26667
12.5333
3.2
10.9333
12.8
10.6667
14.1333
10.6667
22.9333
11.4667
18.6667
12.2667
12.5333
17.6
17.0667
8
18.9333
14.4
15.4667
20.8
21.8667
15.4667
10.1333
15.2
12.2667
16.5333
10.6667
13.0667
9.6
8.8
6.4
13.6
17.8667
18.9333
19.2
29.6
27.4667
19.4667
16.2667
22.6667
20.8
20.2667
12.2667
13.3333
19.4667
16.5333
28.5333
21.0667
16.5333
11.4667
9.06667
6.13333
10.6667
8.26667
13.0667
8.53333
3.73333
6.66667
2.66667
4.8
1.06667
0.8
2.66667
2.66667
1.06667
2.13333
8
2.66667
1.06667
6.66667
8.53333
4.26667
1.6
4.26667
3.2
4.26667
4.53333
2.13333
5.86667
0
2.66667
2.13333
3.73333
3.73333
4.26667
2.13333
0
3.2
2.13333
2.13333
2.13333
3.73333
4.26667
2.66667
5.33333
2.66667
1.06667
2.13333
2.66667
2.66667
0
1.06667
0
4.26667
1.33333
0
4.26667
1.06667
1.33333
1.06667
0
1.6
0
0
1.06667
0.8
1.6
2.13333
0
0.533333
3.46667
4.26667
0.533333
1.06667
4
7.46667
2.13333
2.13333
0
5.33333
4.26667
3.73333
3.73333
2.93333
3.73333
5.86667
2.13333
3.73333
4.8
2.13333
3.2
3.2
1.06667
1.6
0
0
5.06667
0
1.6
4
0.533333
0.533333
3.73333
3.73333
2.66667
3.2
7.46667
1.06667
3.46667
3.73333
2.13333
0.533333
2.13333
2.66667
5.06667
6.4
2.13333
0
3.2
6.93333
1.6
3.73333
2.66667
3.2
3.2
0.533333
3.73333
1.06667
1.86667
2.66667
3.46667
2.66667
1.6
0
1.06667
1.6
2.66667
1.33333
1.33333
3.73333
4.53333
0
2.13333
5.33333
3.2
3.2
4.8
3.73333
1.06667
1.6
4.8
4.8
2.66667
1.6
7.2
1.06667
2.66667
7.46667
1.6
2.13333
4.26667
2.13333
3.73333
1.06667
6.93333
2.13333
2.13333
1.06667
4.53333
2.13333
4.8
2.66667
2.13333
6.4
3.73333
2.66667
3.73333
5.6
1.6
1.06667
0.533333
2.13333
2.13333
1.06667
1.6
3.2
2.66667
4.26667
5.86667
4.8
0.533333
2.4
1.6
2.13333
6.4
3.73333
3.46667
1.06667
3.2
3.46667
8.53333
1.06667
1.06667
4.53333
1.6
1.06667
8
1.6
0
4.8
2.66667
0.266667
6.4
3.73333
1.06667
5.33333
4.8
4.26667
0.533333
2.13333
3.73333
1.06667
4.26667
1.06667
0
4.26667
1.06667
3.2
3.2
3.2
3.2
0
0
2.13333
4.26667
0.533333
4.26667
0
0
0
0.533333
1.06667
0
0.533333
0
0
0
0
0
0.533333
0
0
1.06667
1.06667
0
3.2
0
0
1.06667
0
0
0.533333
1.06667
0
0
0
0
0
0
0
1.06667
0
0
0
0
0
0.533333
0
0
0.266667
0
0
0
0
0
0
0
0
0
0
0
0
0
0
0
0.266667
0
